---------------------------------------------------------------
[ 2018-10-01T03:56:23+08:00 ] 183.60.210.62 GET /relaxed/public/index.php/admin/index/login
[ info ] wsapps.cn/relaxed/public/index.php/admin/index/login [è¿è¡Œæ—¶é—´ï¼š0.043769s][åžåçŽ‡ï¼š22.85req/s] [å†…å­˜æ¶ˆè€—ï¼š2,221.12kb] [æ–‡ä»¶åŠ è½½ï¼š72]
[ info ] [ BEHAVIOR ] Run Closure @app_init [ RunTime:0.000182s ]
[ info ] [ CACHE ] INIT File
[ info ] [ BEHAVIOR ] Run Closure @app_init [ RunTime:0.004001s ]
[ info ] [ LANG ] C:\phpStudy\PHPTutorial\WWW\relaxed\thinkphp\lang\zh-cn.php
[ info ] [ ROUTE ] array (
  'type' => 'module',
  'module' => 
  array (
    0 => 'admin',
    1 => 'index',
    2 => 'login',
  ),
)
[ info ] [ HEADER ] array (
  'host' => 'wsapps.cn',
  'user-agent' => 'Mozilla/4.0 (compatible; MSIE 9.0; Windows NT 6.1)',
  'referer' => 'https://118.25.39.147',
  'accept-language' => 'zh-cn',
  'accept' => '*/*',
  'connection' => 'close',
)
[ info ] [ PARAM ] array (
)
[ info ] [ LANG ] C:\phpStudy\PHPTutorial\WWW\relaxed\public/../application/admin\lang\zh-cn.php
[ info ] [ BEHAVIOR ] Run app\common\behavior\Common @module_init [ RunTime:0.000551s ]
[ info ] [ SESSION ] INIT array (
  'id' => '',
  'var_session_id' => '',
  'prefix' => 'think',
  'type' => '',
  'auto_start' => true,
)
[ info ] [ LANG ] C:\phpStudy\PHPTutorial\WWW\relaxed\public/../application/admin/lang/zh-cn/index.php
[ info ] [ RUN ] app\admin\controller\Index->login[ C:\phpStudy\PHPTutorial\WWW\relaxed\application\admin\controller\Index.php ]
[ info ] [ BEHAVIOR ] Run \addons\loginbg\Loginbg @admin_login_init [ RunTime:0.000299s ]
[ info ] [ VIEW ] C:\phpStudy\PHPTutorial\WWW\relaxed\public/../application/admin\view\index\login.html [ array (
  0 => 'breadcrumb',
  1 => 'site',
  2 => 'config',
  3 => 'auth',
  4 => 'admin',
  5 => 'background',
  6 => 'title',
) ]
[ info ] [ BEHAVIOR ] Run app\admin\behavior\AdminLog @app_end [ RunTime:0.000373s ]
[ info ] [ LOG ] INIT File
---------------------------------------------------------------
[ 2018-10-01T05:32:00+08:00 ] 183.57.53.222 GET /relaxed/public/index.php/admin/index/login
[ info ] wsapps.cn/relaxed/public/index.php/admin/index/login [è¿è¡Œæ—¶é—´ï¼š0.039932s][åžåçŽ‡ï¼š25.04req/s] [å†…å­˜æ¶ˆè€—ï¼š2,221.99kb] [æ–‡ä»¶åŠ è½½ï¼š72]
[ info ] [ BEHAVIOR ] Run Closure @app_init [ RunTime:0.000153s ]
[ info ] [ CACHE ] INIT File
[ info ] [ BEHAVIOR ] Run Closure @app_init [ RunTime:0.003676s ]
[ info ] [ LANG ] C:\phpStudy\PHPTutorial\WWW\relaxed\thinkphp\lang\zh-cn.php
[ info ] [ ROUTE ] array (
  'type' => 'module',
  'module' => 
  array (
    0 => 'admin',
    1 => 'index',
    2 => 'login',
  ),
)
[ info ] [ HEADER ] array (
  'connection' => 'close',
  'user-agent' => 'Mozilla/5.0 (iPhone; CPU iPhone OS 9_3_4 like Mac OS X) AppleWebKit/601.1.46 (KHTML, like Gecko) Mobile/13G35 QQ/6.5.3.410 V1_IPH_SQ_6.5.3_1_APP_A Pixel/750 Core/UIWebView NetType/2G Mem/117',
  'accept-language' => 'zh-cn',
  'accept' => '*/*',
  'referer' => 'http://118.25.39.147/',
  'accept-encoding' => 'deflate, gzip',
  'host' => 'wsapps.cn',
)
[ info ] [ PARAM ] array (
)
[ info ] [ LANG ] C:\phpStudy\PHPTutorial\WWW\relaxed\public/../application/admin\lang\zh-cn.php
[ info ] [ BEHAVIOR ] Run app\common\behavior\Common @module_init [ RunTime:0.000501s ]
[ info ] [ SESSION ] INIT array (
  'id' => '',
  'var_session_id' => '',
  'prefix' => 'think',
  'type' => '',
  'auto_start' => true,
)
[ info ] [ LANG ] C:\phpStudy\PHPTutorial\WWW\relaxed\public/../application/admin/lang/zh-cn/index.php
[ info ] [ RUN ] app\admin\controller\Index->login[ C:\phpStudy\PHPTutorial\WWW\relaxed\application\admin\controller\Index.php ]
[ info ] [ BEHAVIOR ] Run \addons\loginbg\Loginbg @admin_login_init [ RunTime:0.000299s ]
[ info ] [ VIEW ] C:\phpStudy\PHPTutorial\WWW\relaxed\public/../application/admin\view\index\login.html [ array (
  0 => 'breadcrumb',
  1 => 'site',
  2 => 'config',
  3 => 'auth',
  4 => 'admin',
  5 => 'background',
  6 => 'title',
) ]
[ info ] [ BEHAVIOR ] Run app\admin\behavior\AdminLog @app_end [ RunTime:0.000329s ]
[ info ] [ LOG ] INIT File
---------------------------------------------------------------
[ 2018-10-01T05:34:12+08:00 ] 14.17.21.58 GET /relaxed/public/index.php/admin/index/login
[ info ] wsapps.cn/relaxed/public/index.php/admin/index/login [è¿è¡Œæ—¶é—´ï¼š0.040984s][åžåçŽ‡ï¼š24.40req/s] [å†…å­˜æ¶ˆè€—ï¼š2,221.98kb] [æ–‡ä»¶åŠ è½½ï¼š72]
[ info ] [ BEHAVIOR ] Run Closure @app_init [ RunTime:0.000024s ]
[ info ] [ CACHE ] INIT File
[ info ] [ BEHAVIOR ] Run Closure @app_init [ RunTime:0.003634s ]
[ info ] [ LANG ] C:\phpStudy\PHPTutorial\WWW\relaxed\thinkphp\lang\zh-cn.php
[ info ] [ ROUTE ] array (
  'type' => 'module',
  'module' => 
  array (
    0 => 'admin',
    1 => 'index',
    2 => 'login',
  ),
)
[ info ] [ HEADER ] array (
  'connection' => 'close',
  'user-agent' => 'Mozilla/5.0 (iPhone; CPU iPhone OS 9_3_4 like Mac OS X) AppleWebKit/601.1.46 (KHTML, like Gecko) Mobile/13G35 QQ/6.5.3.410 V1_IPH_SQ_6.5.3_1_APP_A Pixel/750 Core/UIWebView NetType/2G Mem/117',
  'accept-language' => 'zh-cn',
  'accept' => '*/*',
  'referer' => 'http://118.25.39.147:80/',
  'accept-encoding' => 'deflate, gzip',
  'host' => 'wsapps.cn',
)
[ info ] [ PARAM ] array (
)
[ info ] [ LANG ] C:\phpStudy\PHPTutorial\WWW\relaxed\public/../application/admin\lang\zh-cn.php
[ info ] [ BEHAVIOR ] Run app\common\behavior\Common @module_init [ RunTime:0.000459s ]
[ info ] [ SESSION ] INIT array (
  'id' => '',
  'var_session_id' => '',
  'prefix' => 'think',
  'type' => '',
  'auto_start' => true,
)
[ info ] [ LANG ] C:\phpStudy\PHPTutorial\WWW\relaxed\public/../application/admin/lang/zh-cn/index.php
[ info ] [ RUN ] app\admin\controller\Index->login[ C:\phpStudy\PHPTutorial\WWW\relaxed\application\admin\controller\Index.php ]
[ info ] [ BEHAVIOR ] Run \addons\loginbg\Loginbg @admin_login_init [ RunTime:0.000270s ]
[ info ] [ VIEW ] C:\phpStudy\PHPTutorial\WWW\relaxed\public/../application/admin\view\index\login.html [ array (
  0 => 'breadcrumb',
  1 => 'site',
  2 => 'config',
  3 => 'auth',
  4 => 'admin',
  5 => 'background',
  6 => 'title',
) ]
[ info ] [ BEHAVIOR ] Run app\admin\behavior\AdminLog @app_end [ RunTime:0.000358s ]
[ info ] [ LOG ] INIT File
---------------------------------------------------------------
[ 2018-10-01T09:09:59+08:00 ] 183.60.210.46 GET /relaxed/public/index.php/admin/index/login
[ info ] wsapps.cn/relaxed/public/index.php/admin/index/login [è¿è¡Œæ—¶é—´ï¼š0.041391s][åžåçŽ‡ï¼š24.16req/s] [å†…å­˜æ¶ˆè€—ï¼š2,221.10kb] [æ–‡ä»¶åŠ è½½ï¼š72]
[ info ] [ BEHAVIOR ] Run Closure @app_init [ RunTime:0.000149s ]
[ info ] [ CACHE ] INIT File
[ info ] [ BEHAVIOR ] Run Closure @app_init [ RunTime:0.003986s ]
[ info ] [ LANG ] C:\phpStudy\PHPTutorial\WWW\relaxed\thinkphp\lang\zh-cn.php
[ info ] [ ROUTE ] array (
  'type' => 'module',
  'module' => 
  array (
    0 => 'admin',
    1 => 'index',
    2 => 'login',
  ),
)
[ info ] [ HEADER ] array (
  'host' => 'wsapps.cn',
  'user-agent' => 'Mozilla/4.0 (compatible; MSIE 9.0; Windows NT 6.1)',
  'referer' => 'https://118.25.39.147',
  'accept-language' => 'zh-cn',
  'accept' => '*/*',
  'connection' => 'close',
)
[ info ] [ PARAM ] array (
)
[ info ] [ LANG ] C:\phpStudy\PHPTutorial\WWW\relaxed\public/../application/admin\lang\zh-cn.php
[ info ] [ BEHAVIOR ] Run app\common\behavior\Common @module_init [ RunTime:0.000526s ]
[ info ] [ SESSION ] INIT array (
  'id' => '',
  'var_session_id' => '',
  'prefix' => 'think',
  'type' => '',
  'auto_start' => true,
)
[ info ] [ LANG ] C:\phpStudy\PHPTutorial\WWW\relaxed\public/../application/admin/lang/zh-cn/index.php
[ info ] [ RUN ] app\admin\controller\Index->login[ C:\phpStudy\PHPTutorial\WWW\relaxed\application\admin\controller\Index.php ]
[ info ] [ BEHAVIOR ] Run \addons\loginbg\Loginbg @admin_login_init [ RunTime:0.000277s ]
[ info ] [ VIEW ] C:\phpStudy\PHPTutorial\WWW\relaxed\public/../application/admin\view\index\login.html [ array (
  0 => 'breadcrumb',
  1 => 'site',
  2 => 'config',
  3 => 'auth',
  4 => 'admin',
  5 => 'background',
  6 => 'title',
) ]
[ info ] [ BEHAVIOR ] Run app\admin\behavior\AdminLog @app_end [ RunTime:0.000347s ]
[ info ] [ LOG ] INIT File
---------------------------------------------------------------
[ 2018-10-01T09:46:40+08:00 ] 223.73.97.203 GET /relaxed/public/index.php/admin/index/login
[ info ] wsapps.cn/relaxed/public/index.php/admin/index/login [è¿è¡Œæ—¶é—´ï¼š0.041581s][åžåçŽ‡ï¼š24.05req/s] [å†…å­˜æ¶ˆè€—ï¼š2,222.09kb] [æ–‡ä»¶åŠ è½½ï¼š72]
[ info ] [ BEHAVIOR ] Run Closure @app_init [ RunTime:0.000153s ]
[ info ] [ CACHE ] INIT File
[ info ] [ BEHAVIOR ] Run Closure @app_init [ RunTime:0.003841s ]
[ info ] [ LANG ] C:\phpStudy\PHPTutorial\WWW\relaxed\thinkphp\lang\zh-cn.php
[ info ] [ ROUTE ] array (
  'type' => 'module',
  'module' => 
  array (
    0 => 'admin',
    1 => 'index',
    2 => 'login',
  ),
)
[ info ] [ HEADER ] array (
  'accept-language' => 'zh-CN,zh;q=0.8',
  'accept-encoding' => 'gzip, deflate, sdch, br',
  'accept' => 'text/html,application/xhtml+xml,application/xml;q=0.9,image/webp,*/*;q=0.8',
  'user-agent' => 'Mozilla/5.0 (Windows NT 6.1) AppleWebKit/537.36 (KHTML, like Gecko) Chrome/58.0.3029.110 Safari/537.36 SE 2.X MetaSr 1.0',
  'upgrade-insecure-requests' => '1',
  'connection' => 'close',
  'host' => 'wsapps.cn',
)
[ info ] [ PARAM ] array (
)
[ info ] [ LANG ] C:\phpStudy\PHPTutorial\WWW\relaxed\public/../application/admin\lang\zh-cn.php
[ info ] [ BEHAVIOR ] Run app\common\behavior\Common @module_init [ RunTime:0.000528s ]
[ info ] [ SESSION ] INIT array (
  'id' => '',
  'var_session_id' => '',
  'prefix' => 'think',
  'type' => '',
  'auto_start' => true,
)
[ info ] [ LANG ] C:\phpStudy\PHPTutorial\WWW\relaxed\public/../application/admin/lang/zh-cn/index.php
[ info ] [ RUN ] app\admin\controller\Index->login[ C:\phpStudy\PHPTutorial\WWW\relaxed\application\admin\controller\Index.php ]
[ info ] [ BEHAVIOR ] Run \addons\loginbg\Loginbg @admin_login_init [ RunTime:0.000287s ]
[ info ] [ VIEW ] C:\phpStudy\PHPTutorial\WWW\relaxed\public/../application/admin\view\index\login.html [ array (
  0 => 'breadcrumb',
  1 => 'site',
  2 => 'config',
  3 => 'auth',
  4 => 'admin',
  5 => 'background',
  6 => 'title',
) ]
[ info ] [ BEHAVIOR ] Run app\admin\behavior\AdminLog @app_end [ RunTime:0.000376s ]
[ info ] [ LOG ] INIT File
---------------------------------------------------------------
[ 2018-10-01T09:46:41+08:00 ] 223.73.97.203 GET /relaxed/public/index.php/admin/ajax/lang?callback=define&controllername=index&v=1538358400
[ info ] wsapps.cn/relaxed/public/index.php/admin/ajax/lang?callback=define&controllername=index&v=1538358400 [è¿è¡Œæ—¶é—´ï¼š0.034466s][åžåçŽ‡ï¼š29.01req/s] [å†…å­˜æ¶ˆè€—ï¼š2,226.64kb] [æ–‡ä»¶åŠ è½½ï¼š71]
[ info ] [ BEHAVIOR ] Run Closure @app_init [ RunTime:0.000031s ]
[ info ] [ CACHE ] INIT File
[ info ] [ BEHAVIOR ] Run Closure @app_init [ RunTime:0.003013s ]
[ info ] [ LANG ] C:\phpStudy\PHPTutorial\WWW\relaxed\thinkphp\lang\zh-cn.php
[ info ] [ ROUTE ] array (
  'type' => 'module',
  'module' => 
  array (
    0 => 'admin',
    1 => 'ajax',
    2 => 'lang',
  ),
)
[ info ] [ HEADER ] array (
  'cookie' => 'PHPSESSID=tqi3oecmneuttd0941ooa3re93',
  'accept-language' => 'zh-CN,zh;q=0.8',
  'accept-encoding' => 'gzip, deflate, sdch, br',
  'referer' => 'https://wsapps.cn/relaxed/public/index.php/admin/index/login',
  'accept' => '*/*',
  'user-agent' => 'Mozilla/5.0 (Windows NT 6.1) AppleWebKit/537.36 (KHTML, like Gecko) Chrome/58.0.3029.110 Safari/537.36 SE 2.X MetaSr 1.0',
  'connection' => 'close',
  'host' => 'wsapps.cn',
)
[ info ] [ PARAM ] array (
  'callback' => 'define',
  'controllername' => 'index',
  'v' => '1538358400',
)
[ info ] [ LANG ] C:\phpStudy\PHPTutorial\WWW\relaxed\public/../application/admin\lang\zh-cn.php
[ info ] [ BEHAVIOR ] Run app\common\behavior\Common @module_init [ RunTime:0.000337s ]
[ info ] [ SESSION ] INIT array (
  'id' => '',
  'var_session_id' => '',
  'prefix' => 'think',
  'type' => '',
  'auto_start' => true,
)
[ info ] [ LANG ] C:\phpStudy\PHPTutorial\WWW\relaxed\public/../application/admin/lang/zh-cn/ajax.php
[ info ] [ RUN ] app\admin\controller\Ajax->lang[ C:\phpStudy\PHPTutorial\WWW\relaxed\application\admin\controller\Ajax.php ]
[ info ] [ LANG ] C:\phpStudy\PHPTutorial\WWW\relaxed\public/../application/admin/lang/zh-cn/index.php
[ info ] [ BEHAVIOR ] Run app\admin\behavior\AdminLog @app_end [ RunTime:0.000327s ]
[ info ] [ LOG ] INIT File
---------------------------------------------------------------
[ 2018-10-01T10:46:04+08:00 ] 163.177.90.152 GET /relaxed/public/index.php/admin/index/login
[ info ] wsapps.cn/relaxed/public/index.php/admin/index/login [è¿è¡Œæ—¶é—´ï¼š0.042611s][åžåçŽ‡ï¼š23.47req/s] [å†…å­˜æ¶ˆè€—ï¼š2,221.99kb] [æ–‡ä»¶åŠ è½½ï¼š72]
[ info ] [ BEHAVIOR ] Run Closure @app_init [ RunTime:0.000132s ]
[ info ] [ CACHE ] INIT File
[ info ] [ BEHAVIOR ] Run Closure @app_init [ RunTime:0.003778s ]
[ info ] [ LANG ] C:\phpStudy\PHPTutorial\WWW\relaxed\thinkphp\lang\zh-cn.php
[ info ] [ ROUTE ] array (
  'type' => 'module',
  'module' => 
  array (
    0 => 'admin',
    1 => 'index',
    2 => 'login',
  ),
)
[ info ] [ HEADER ] array (
  'connection' => 'close',
  'user-agent' => 'Mozilla/5.0 (iPhone; CPU iPhone OS 9_3_4 like Mac OS X) AppleWebKit/601.1.46 (KHTML, like Gecko) Mobile/13G35 QQ/6.5.3.410 V1_IPH_SQ_6.5.3_1_APP_A Pixel/750 Core/UIWebView NetType/2G Mem/117',
  'accept-language' => 'zh-cn',
  'accept' => '*/*',
  'referer' => 'http://118.25.39.147/',
  'accept-encoding' => 'deflate, gzip',
  'host' => 'wsapps.cn',
)
[ info ] [ PARAM ] array (
)
[ info ] [ LANG ] C:\phpStudy\PHPTutorial\WWW\relaxed\public/../application/admin\lang\zh-cn.php
[ info ] [ BEHAVIOR ] Run app\common\behavior\Common @module_init [ RunTime:0.000531s ]
[ info ] [ SESSION ] INIT array (
  'id' => '',
  'var_session_id' => '',
  'prefix' => 'think',
  'type' => '',
  'auto_start' => true,
)
[ info ] [ LANG ] C:\phpStudy\PHPTutorial\WWW\relaxed\public/../application/admin/lang/zh-cn/index.php
[ info ] [ RUN ] app\admin\controller\Index->login[ C:\phpStudy\PHPTutorial\WWW\relaxed\application\admin\controller\Index.php ]
[ info ] [ BEHAVIOR ] Run \addons\loginbg\Loginbg @admin_login_init [ RunTime:0.000287s ]
[ info ] [ VIEW ] C:\phpStudy\PHPTutorial\WWW\relaxed\public/../application/admin\view\index\login.html [ array (
  0 => 'breadcrumb',
  1 => 'site',
  2 => 'config',
  3 => 'auth',
  4 => 'admin',
  5 => 'background',
  6 => 'title',
) ]
[ info ] [ BEHAVIOR ] Run app\admin\behavior\AdminLog @app_end [ RunTime:0.000364s ]
[ info ] [ LOG ] INIT File
---------------------------------------------------------------
[ 2018-10-01T11:35:57+08:00 ] 101.91.62.109 GET /relaxed/public/index.php/admin/index/login
[ info ] wsapps.cn/relaxed/public/index.php/admin/index/login [è¿è¡Œæ—¶é—´ï¼š0.826152s][åžåçŽ‡ï¼š1.21req/s] [å†…å­˜æ¶ˆè€—ï¼š2,222.00kb] [æ–‡ä»¶åŠ è½½ï¼š72]
[ info ] [ BEHAVIOR ] Run Closure @app_init [ RunTime:0.000170s ]
[ info ] [ CACHE ] INIT File
[ info ] [ BEHAVIOR ] Run Closure @app_init [ RunTime:0.071557s ]
[ info ] [ LANG ] C:\phpStudy\PHPTutorial\WWW\relaxed\thinkphp\lang\zh-cn.php
[ info ] [ ROUTE ] array (
  'type' => 'module',
  'module' => 
  array (
    0 => 'admin',
    1 => 'index',
    2 => 'login',
  ),
)
[ info ] [ HEADER ] array (
  'connection' => 'close',
  'user-agent' => 'Mozilla/5.0 (iPhone; CPU iPhone OS 9_3_4 like Mac OS X) AppleWebKit/601.1.46 (KHTML, like Gecko) Mobile/13G35 QQ/6.5.3.410 V1_IPH_SQ_6.5.3_1_APP_A Pixel/750 Core/UIWebView NetType/2G Mem/117',
  'accept-language' => 'zh-cn',
  'accept' => '*/*',
  'referer' => 'http://118.25.39.147/index.php',
  'accept-encoding' => 'deflate, gzip',
  'host' => 'wsapps.cn',
)
[ info ] [ PARAM ] array (
)
[ info ] [ LANG ] C:\phpStudy\PHPTutorial\WWW\relaxed\public/../application/admin\lang\zh-cn.php
[ info ] [ BEHAVIOR ] Run app\common\behavior\Common @module_init [ RunTime:0.010129s ]
[ info ] [ SESSION ] INIT array (
  'id' => '',
  'var_session_id' => '',
  'prefix' => 'think',
  'type' => '',
  'auto_start' => true,
)
[ info ] [ LANG ] C:\phpStudy\PHPTutorial\WWW\relaxed\public/../application/admin/lang/zh-cn/index.php
[ info ] [ RUN ] app\admin\controller\Index->login[ C:\phpStudy\PHPTutorial\WWW\relaxed\application\admin\controller\Index.php ]
[ info ] [ BEHAVIOR ] Run \addons\loginbg\Loginbg @admin_login_init [ RunTime:0.005864s ]
[ info ] [ VIEW ] C:\phpStudy\PHPTutorial\WWW\relaxed\public/../application/admin\view\index\login.html [ array (
  0 => 'breadcrumb',
  1 => 'site',
  2 => 'config',
  3 => 'auth',
  4 => 'admin',
  5 => 'background',
  6 => 'title',
) ]
[ info ] [ BEHAVIOR ] Run app\admin\behavior\AdminLog @app_end [ RunTime:0.005933s ]
[ info ] [ LOG ] INIT File
---------------------------------------------------------------
[ 2018-10-01T11:37:06+08:00 ] 112.65.61.216 GET /relaxed/public/index.php/api/userinfo/index?code=033xkbUt01pmPc1taxVt07bWTt0xkbUE
[ info ] wsapps.cn/relaxed/public/index.php/api/userinfo/index?code=033xkbUt01pmPc1taxVt07bWTt0xkbUE [è¿è¡Œæ—¶é—´ï¼š0.652171s][åžåçŽ‡ï¼š1.53req/s] [å†…å­˜æ¶ˆè€—ï¼š2,408.67kb] [æ–‡ä»¶åŠ è½½ï¼š66]
[ info ] [ BEHAVIOR ] Run Closure @app_init [ RunTime:0.000027s ]
[ info ] [ CACHE ] INIT File
[ info ] [ BEHAVIOR ] Run Closure @app_init [ RunTime:0.003500s ]
[ info ] [ LANG ] C:\phpStudy\PHPTutorial\WWW\relaxed\thinkphp\lang\zh-cn.php
[ info ] [ ROUTE ] array (
  'type' => 'module',
  'module' => 
  array (
    0 => 'api',
    1 => 'userinfo',
    2 => 'index',
  ),
)
[ info ] [ HEADER ] array (
  'accept-encoding' => 'br, gzip, deflate',
  'accept-language' => 'zh-cn',
  'referer' => 'https://servicewechat.com/wxc37e1c65e42af8cc/0/page-frame.html',
  'user-agent' => 'Mozilla/5.0 (iPhone; CPU iPhone OS 11_4_1 like Mac OS X) AppleWebKit/605.1.15 (KHTML, like Gecko) Mobile/15G77 MicroMessenger/6.7.2 NetType/4G Language/zh_CN',
  'accept' => '*/*',
  'connection' => 'close',
  'content-type' => 'application/json',
  'host' => 'wsapps.cn',
)
[ info ] [ PARAM ] array (
  'code' => '033xkbUt01pmPc1taxVt07bWTt0xkbUE',
)
[ info ] [ LANG ] C:\phpStudy\PHPTutorial\WWW\relaxed\public/../application/api\lang\zh-cn.php
[ info ] [ BEHAVIOR ] Run app\common\behavior\Common @module_init [ RunTime:0.000426s ]
[ info ] [ RUN ] app\api\controller\Userinfo->index[ C:\phpStudy\PHPTutorial\WWW\relaxed\application\api\controller\Userinfo.php ]
[ info ] [ DB ] INIT mysql
[ info ] [ LOG ] INIT File
[ sql ] [ DB ] CONNECT:[ UseTime:0.044780s ] mysql:host=sh-cdb-mwf0h7ig.sql.tencentcdb.com;port=62879;dbname=relaxed;charset=utf8
[ sql ] [ SQL ] SHOW COLUMNS FROM `fa_user` [ RunTime:0.004779s ]
[ sql ] [ SQL ] SELECT `uid`,`openid` FROM `fa_user` WHERE  `openid` = 'ognmG5JirUTl2GtkjKR2XPFSrhls' LIMIT 1 [ RunTime:0.004177s ]
---------------------------------------------------------------
[ 2018-10-01T11:37:10+08:00 ] 112.65.61.216 GET /relaxed/public/index.php/api/userinfo/login?nickName=%E6%9D%A8%E5%B0%8F%E5%B1%85&avatarUrl=https%3A%2F%2Fwx.qlogo.cn%2Fmmopen%2Fvi_32%2FfkwUfjticttrAxbnpba5MjYaibUBqibDUgUr4xTLQ3ZoF8TIgTw6Hmicbq0uNXaTWcfIhJzpVY9K6Iia5UFII4DAuWw%2F132&uid=1000001&gender=1
[ info ] wsapps.cn/relaxed/public/index.php/api/userinfo/login?nickName=%E6%9D%A8%E5%B0%8F%E5%B1%85&avatarUrl=https%3A%2F%2Fwx.qlogo.cn%2Fmmopen%2Fvi_32%2FfkwUfjticttrAxbnpba5MjYaibUBqibDUgUr4xTLQ3ZoF8TIgTw6Hmicbq0uNXaTWcfIhJzpVY9K6Iia5UFII4DAuWw%2F132&uid=1000001&gender=1 [è¿è¡Œæ—¶é—´ï¼š0.064017s][åžåçŽ‡ï¼š15.62req/s] [å†…å­˜æ¶ˆè€—ï¼š2,414.90kb] [æ–‡ä»¶åŠ è½½ï¼š66]
[ info ] [ BEHAVIOR ] Run Closure @app_init [ RunTime:0.000026s ]
[ info ] [ CACHE ] INIT File
[ info ] [ BEHAVIOR ] Run Closure @app_init [ RunTime:0.003609s ]
[ info ] [ LANG ] C:\phpStudy\PHPTutorial\WWW\relaxed\thinkphp\lang\zh-cn.php
[ info ] [ ROUTE ] array (
  'type' => 'module',
  'module' => 
  array (
    0 => 'api',
    1 => 'userinfo',
    2 => 'login',
  ),
)
[ info ] [ HEADER ] array (
  'accept-encoding' => 'br, gzip, deflate',
  'accept-language' => 'zh-cn',
  'referer' => 'https://servicewechat.com/wxc37e1c65e42af8cc/0/page-frame.html',
  'user-agent' => 'Mozilla/5.0 (iPhone; CPU iPhone OS 11_4_1 like Mac OS X) AppleWebKit/605.1.15 (KHTML, like Gecko) Mobile/15G77 MicroMessenger/6.7.2 NetType/4G Language/zh_CN',
  'accept' => '*/*',
  'connection' => 'close',
  'content-type' => 'application/json',
  'host' => 'wsapps.cn',
)
[ info ] [ PARAM ] array (
  'nickName' => 'æ¨å°å±…',
  'avatarUrl' => 'https://wx.qlogo.cn/mmopen/vi_32/fkwUfjticttrAxbnpba5MjYaibUBqibDUgUr4xTLQ3ZoF8TIgTw6Hmicbq0uNXaTWcfIhJzpVY9K6Iia5UFII4DAuWw/132',
  'uid' => '1000001',
  'gender' => '1',
)
[ info ] [ LANG ] C:\phpStudy\PHPTutorial\WWW\relaxed\public/../application/api\lang\zh-cn.php
[ info ] [ BEHAVIOR ] Run app\common\behavior\Common @module_init [ RunTime:0.000340s ]
[ info ] [ RUN ] app\api\controller\Userinfo->login[ C:\phpStudy\PHPTutorial\WWW\relaxed\application\api\controller\Userinfo.php ]
[ info ] [ DB ] INIT mysql
[ info ] [ LOG ] INIT File
[ sql ] [ DB ] CONNECT:[ UseTime:0.014585s ] mysql:host=sh-cdb-mwf0h7ig.sql.tencentcdb.com;port=62879;dbname=relaxed;charset=utf8
[ sql ] [ SQL ] SHOW COLUMNS FROM `fa_user` [ RunTime:0.004962s ]
[ sql ] [ SQL ] SELECT `nickname` FROM `fa_user` WHERE  `uid` = 1000001 LIMIT 1 [ RunTime:0.004262s ]
[ sql ] [ SQL ] SELECT `uid`,`nickname`,`avatar`,`sign`,`gender`,`gold`,`score`,`mobile`,`city`,`constellation`,`idnumber` FROM `fa_user` WHERE  `uid` = 1000001 LIMIT 1 [ RunTime:0.004419s ]
---------------------------------------------------------------
[ 2018-10-01T15:36:27+08:00 ] 14.17.3.64 GET /relaxed/public/index.php/admin/index/login
[ info ] wsapps.cn/relaxed/public/index.php/admin/index/login [è¿è¡Œæ—¶é—´ï¼š0.041875s][åžåçŽ‡ï¼š23.88req/s] [å†…å­˜æ¶ˆè€—ï¼š2,221.99kb] [æ–‡ä»¶åŠ è½½ï¼š72]
[ info ] [ BEHAVIOR ] Run Closure @app_init [ RunTime:0.000158s ]
[ info ] [ CACHE ] INIT File
[ info ] [ BEHAVIOR ] Run Closure @app_init [ RunTime:0.004134s ]
[ info ] [ LANG ] C:\phpStudy\PHPTutorial\WWW\relaxed\thinkphp\lang\zh-cn.php
[ info ] [ ROUTE ] array (
  'type' => 'module',
  'module' => 
  array (
    0 => 'admin',
    1 => 'index',
    2 => 'login',
  ),
)
[ info ] [ HEADER ] array (
  'connection' => 'close',
  'user-agent' => 'Mozilla/5.0 (iPhone; CPU iPhone OS 9_3_4 like Mac OS X) AppleWebKit/601.1.46 (KHTML, like Gecko) Mobile/13G35 QQ/6.5.3.410 V1_IPH_SQ_6.5.3_1_APP_A Pixel/750 Core/UIWebView NetType/2G Mem/117',
  'accept-language' => 'zh-cn',
  'accept' => '*/*',
  'referer' => 'http://118.25.39.147/',
  'accept-encoding' => 'deflate, gzip',
  'host' => 'wsapps.cn',
)
[ info ] [ PARAM ] array (
)
[ info ] [ LANG ] C:\phpStudy\PHPTutorial\WWW\relaxed\public/../application/admin\lang\zh-cn.php
[ info ] [ BEHAVIOR ] Run app\common\behavior\Common @module_init [ RunTime:0.000546s ]
[ info ] [ SESSION ] INIT array (
  'id' => '',
  'var_session_id' => '',
  'prefix' => 'think',
  'type' => '',
  'auto_start' => true,
)
[ info ] [ LANG ] C:\phpStudy\PHPTutorial\WWW\relaxed\public/../application/admin/lang/zh-cn/index.php
[ info ] [ RUN ] app\admin\controller\Index->login[ C:\phpStudy\PHPTutorial\WWW\relaxed\application\admin\controller\Index.php ]
[ info ] [ BEHAVIOR ] Run \addons\loginbg\Loginbg @admin_login_init [ RunTime:0.000280s ]
[ info ] [ VIEW ] C:\phpStudy\PHPTutorial\WWW\relaxed\public/../application/admin\view\index\login.html [ array (
  0 => 'breadcrumb',
  1 => 'site',
  2 => 'config',
  3 => 'auth',
  4 => 'admin',
  5 => 'background',
  6 => 'title',
) ]
[ info ] [ BEHAVIOR ] Run app\admin\behavior\AdminLog @app_end [ RunTime:0.000372s ]
[ info ] [ LOG ] INIT File
---------------------------------------------------------------
[ 2018-10-01T16:26:33+08:00 ] 222.186.190.20 GET /relaxed/public/index.php/admin/index/login
[ info ] wsapps.cn/relaxed/public/index.php/admin/index/login [è¿è¡Œæ—¶é—´ï¼š0.044957s][åžåçŽ‡ï¼š22.24req/s] [å†…å­˜æ¶ˆè€—ï¼š2,221.10kb] [æ–‡ä»¶åŠ è½½ï¼š72]
[ info ] [ BEHAVIOR ] Run Closure @app_init [ RunTime:0.000213s ]
[ info ] [ CACHE ] INIT File
[ info ] [ BEHAVIOR ] Run Closure @app_init [ RunTime:0.004670s ]
[ info ] [ LANG ] C:\phpStudy\PHPTutorial\WWW\relaxed\thinkphp\lang\zh-cn.php
[ info ] [ ROUTE ] array (
  'type' => 'module',
  'module' => 
  array (
    0 => 'admin',
    1 => 'index',
    2 => 'login',
  ),
)
[ info ] [ HEADER ] array (
  'host' => 'wsapps.cn',
  'user-agent' => 'Mozilla/4.0 (compatible; MSIE 9.0; Windows NT 6.1)',
  'referer' => 'https://118.25.39.147',
  'accept-language' => 'zh-cn',
  'accept' => '*/*',
  'connection' => 'close',
)
[ info ] [ PARAM ] array (
)
[ info ] [ LANG ] C:\phpStudy\PHPTutorial\WWW\relaxed\public/../application/admin\lang\zh-cn.php
[ info ] [ BEHAVIOR ] Run app\common\behavior\Common @module_init [ RunTime:0.000610s ]
[ info ] [ SESSION ] INIT array (
  'id' => '',
  'var_session_id' => '',
  'prefix' => 'think',
  'type' => '',
  'auto_start' => true,
)
[ info ] [ LANG ] C:\phpStudy\PHPTutorial\WWW\relaxed\public/../application/admin/lang/zh-cn/index.php
[ info ] [ RUN ] app\admin\controller\Index->login[ C:\phpStudy\PHPTutorial\WWW\relaxed\application\admin\controller\Index.php ]
[ info ] [ BEHAVIOR ] Run \addons\loginbg\Loginbg @admin_login_init [ RunTime:0.000288s ]
[ info ] [ VIEW ] C:\phpStudy\PHPTutorial\WWW\relaxed\public/../application/admin\view\index\login.html [ array (
  0 => 'breadcrumb',
  1 => 'site',
  2 => 'config',
  3 => 'auth',
  4 => 'admin',
  5 => 'background',
  6 => 'title',
) ]
[ info ] [ BEHAVIOR ] Run app\admin\behavior\AdminLog @app_end [ RunTime:0.000385s ]
[ info ] [ LOG ] INIT File
---------------------------------------------------------------
[ 2018-10-01T16:52:42+08:00 ] 116.234.214.49 GET /relaxed/public/index.php/api/userinfo/index?code=001t8Oif0WdZxA1mmBhf00wNif0t8OiB
[ info ] wsapps.cn/relaxed/public/index.php/api/userinfo/index?code=001t8Oif0WdZxA1mmBhf00wNif0t8OiB [è¿è¡Œæ—¶é—´ï¼š0.436758s][åžåçŽ‡ï¼š2.29req/s] [å†…å­˜æ¶ˆè€—ï¼š2,408.62kb] [æ–‡ä»¶åŠ è½½ï¼š66]
[ info ] [ BEHAVIOR ] Run Closure @app_init [ RunTime:0.000164s ]
[ info ] [ CACHE ] INIT File
[ info ] [ BEHAVIOR ] Run Closure @app_init [ RunTime:0.003751s ]
[ info ] [ LANG ] C:\phpStudy\PHPTutorial\WWW\relaxed\thinkphp\lang\zh-cn.php
[ info ] [ ROUTE ] array (
  'type' => 'module',
  'module' => 
  array (
    0 => 'api',
    1 => 'userinfo',
    2 => 'index',
  ),
)
[ info ] [ HEADER ] array (
  'connection' => 'close',
  'host' => 'wsapps.cn',
  'user-agent' => 'Mozilla/5.0 (Linux; Android 7.1.1; SM-N9500 Build/NMF26X; wv) AppleWebKit/537.36 (KHTML, like Gecko) Version/4.0 Chrome/63.0.3239.111 Mobile Safari/537.36 MicroMessenger/6.7.2.1340(0x2607023A) NetType/WIFI Language/zh_CN',
  'content-type' => 'application/json',
  'referer' => 'https://servicewechat.com/wxc37e1c65e42af8cc/0/page-frame.html',
  'accept-encoding' => 'gzip',
  'charset' => 'utf-8',
)
[ info ] [ PARAM ] array (
  'code' => '001t8Oif0WdZxA1mmBhf00wNif0t8OiB',
)
[ info ] [ LANG ] C:\phpStudy\PHPTutorial\WWW\relaxed\public/../application/api\lang\zh-cn.php
[ info ] [ BEHAVIOR ] Run app\common\behavior\Common @module_init [ RunTime:0.000534s ]
[ info ] [ RUN ] app\api\controller\Userinfo->index[ C:\phpStudy\PHPTutorial\WWW\relaxed\application\api\controller\Userinfo.php ]
[ info ] [ DB ] INIT mysql
[ info ] [ LOG ] INIT File
[ sql ] [ DB ] CONNECT:[ UseTime:0.051861s ] mysql:host=sh-cdb-mwf0h7ig.sql.tencentcdb.com;port=62879;dbname=relaxed;charset=utf8
[ sql ] [ SQL ] SHOW COLUMNS FROM `fa_user` [ RunTime:0.004799s ]
[ sql ] [ SQL ] SELECT `uid`,`openid` FROM `fa_user` WHERE  `openid` = 'ognmG5HSBXIKQ4B9ZbiEg7G_EfQ8' LIMIT 1 [ RunTime:0.004303s ]
---------------------------------------------------------------
[ 2018-10-01T16:52:43+08:00 ] 116.234.214.49 GET /relaxed/public/index.php/api/userinfo/login?nickName=%F0%9F%8C%9E%E4%B8%87%E4%BB%A3%E5%9D%A4%EE%80%8E&avatarUrl=https%3A%2F%2Fwx.qlogo.cn%2Fmmopen%2Fvi_32%2FQ0j4TwGTfTLibukIXGRo1DhCbTdiaQ1AzYBXway4hs1ukIFFTpdqZPZnj8zOiaycahD5EKmOqnBtlPcdp3356iaQ5w%2F132&uid=1000006&gender=1
[ info ] wsapps.cn/relaxed/public/index.php/api/userinfo/login?nickName=%F0%9F%8C%9E%E4%B8%87%E4%BB%A3%E5%9D%A4%EE%80%8E&avatarUrl=https%3A%2F%2Fwx.qlogo.cn%2Fmmopen%2Fvi_32%2FQ0j4TwGTfTLibukIXGRo1DhCbTdiaQ1AzYBXway4hs1ukIFFTpdqZPZnj8zOiaycahD5EKmOqnBtlPcdp3356iaQ5w%2F132&uid=1000006&gender=1 [è¿è¡Œæ—¶é—´ï¼š0.060484s][åžåçŽ‡ï¼š16.53req/s] [å†…å­˜æ¶ˆè€—ï¼š2,414.93kb] [æ–‡ä»¶åŠ è½½ï¼š66]
[ info ] [ BEHAVIOR ] Run Closure @app_init [ RunTime:0.000025s ]
[ info ] [ CACHE ] INIT File
[ info ] [ BEHAVIOR ] Run Closure @app_init [ RunTime:0.003087s ]
[ info ] [ LANG ] C:\phpStudy\PHPTutorial\WWW\relaxed\thinkphp\lang\zh-cn.php
[ info ] [ ROUTE ] array (
  'type' => 'module',
  'module' => 
  array (
    0 => 'api',
    1 => 'userinfo',
    2 => 'login',
  ),
)
[ info ] [ HEADER ] array (
  'connection' => 'close',
  'host' => 'wsapps.cn',
  'user-agent' => 'Mozilla/5.0 (Linux; Android 7.1.1; SM-N9500 Build/NMF26X; wv) AppleWebKit/537.36 (KHTML, like Gecko) Version/4.0 Chrome/63.0.3239.111 Mobile Safari/537.36 MicroMessenger/6.7.2.1340(0x2607023A) NetType/WIFI Language/zh_CN',
  'content-type' => 'application/json',
  'referer' => 'https://servicewechat.com/wxc37e1c65e42af8cc/0/page-frame.html',
  'accept-encoding' => 'gzip',
  'charset' => 'utf-8',
)
[ info ] [ PARAM ] array (
  'nickName' => 'ðŸŒžä¸‡ä»£å¤î€Ž',
  'avatarUrl' => 'https://wx.qlogo.cn/mmopen/vi_32/Q0j4TwGTfTLibukIXGRo1DhCbTdiaQ1AzYBXway4hs1ukIFFTpdqZPZnj8zOiaycahD5EKmOqnBtlPcdp3356iaQ5w/132',
  'uid' => '1000006',
  'gender' => '1',
)
[ info ] [ LANG ] C:\phpStudy\PHPTutorial\WWW\relaxed\public/../application/api\lang\zh-cn.php
[ info ] [ BEHAVIOR ] Run app\common\behavior\Common @module_init [ RunTime:0.000348s ]
[ info ] [ RUN ] app\api\controller\Userinfo->login[ C:\phpStudy\PHPTutorial\WWW\relaxed\application\api\controller\Userinfo.php ]
[ info ] [ DB ] INIT mysql
[ info ] [ LOG ] INIT File
[ sql ] [ DB ] CONNECT:[ UseTime:0.012263s ] mysql:host=sh-cdb-mwf0h7ig.sql.tencentcdb.com;port=62879;dbname=relaxed;charset=utf8
[ sql ] [ SQL ] SHOW COLUMNS FROM `fa_user` [ RunTime:0.004945s ]
[ sql ] [ SQL ] SELECT `nickname` FROM `fa_user` WHERE  `uid` = 1000006 LIMIT 1 [ RunTime:0.004331s ]
[ sql ] [ SQL ] SELECT `uid`,`nickname`,`avatar`,`sign`,`gender`,`gold`,`score`,`mobile`,`city`,`constellation`,`idnumber` FROM `fa_user` WHERE  `uid` = 1000006 LIMIT 1 [ RunTime:0.004454s ]
---------------------------------------------------------------
[ 2018-10-01T16:53:14+08:00 ] 116.234.214.49 GET /relaxed/public/index.php/api/content/games
[ info ] wsapps.cn/relaxed/public/index.php/api/content/games [è¿è¡Œæ—¶é—´ï¼š0.062338s][åžåçŽ‡ï¼š16.04req/s] [å†…å­˜æ¶ˆè€—ï¼š2,379.31kb] [æ–‡ä»¶åŠ è½½ï¼š66]
[ info ] [ BEHAVIOR ] Run Closure @app_init [ RunTime:0.000029s ]
[ info ] [ CACHE ] INIT File
[ info ] [ BEHAVIOR ] Run Closure @app_init [ RunTime:0.003247s ]
[ info ] [ LANG ] C:\phpStudy\PHPTutorial\WWW\relaxed\thinkphp\lang\zh-cn.php
[ info ] [ ROUTE ] array (
  'type' => 'module',
  'module' => 
  array (
    0 => 'api',
    1 => 'content',
    2 => 'games',
  ),
)
[ info ] [ HEADER ] array (
  'connection' => 'close',
  'host' => 'wsapps.cn',
  'user-agent' => 'Mozilla/5.0 (Linux; Android 7.1.1; SM-N9500 Build/NMF26X; wv) AppleWebKit/537.36 (KHTML, like Gecko) Version/4.0 Chrome/63.0.3239.111 Mobile Safari/537.36 MicroMessenger/6.7.2.1340(0x2607023A) NetType/WIFI Language/zh_CN',
  'content-type' => 'application/json',
  'referer' => 'https://servicewechat.com/wxc37e1c65e42af8cc/0/page-frame.html',
  'accept-encoding' => 'gzip',
  'charset' => 'utf-8',
)
[ info ] [ PARAM ] array (
)
[ info ] [ LANG ] C:\phpStudy\PHPTutorial\WWW\relaxed\public/../application/api\lang\zh-cn.php
[ info ] [ BEHAVIOR ] Run app\common\behavior\Common @module_init [ RunTime:0.000337s ]
[ info ] [ RUN ] app\api\controller\Content->games[ C:\phpStudy\PHPTutorial\WWW\relaxed\application\api\controller\Content.php ]
[ info ] [ DB ] INIT mysql
[ info ] [ LOG ] INIT File
[ sql ] [ DB ] CONNECT:[ UseTime:0.006976s ] mysql:host=sh-cdb-mwf0h7ig.sql.tencentcdb.com;port=62879;dbname=relaxed;charset=utf8
[ sql ] [ SQL ] SHOW COLUMNS FROM `fa_games` [ RunTime:0.004594s ]
[ sql ] [ SQL ] SELECT `image`,`title`,`desc`,`appid` FROM `fa_games` [ RunTime:0.004226s ]
---------------------------------------------------------------
[ 2018-10-01T16:53:15+08:00 ] 116.234.214.49 GET /relaxed/public/index.php/api/content/slideshow
[ info ] wsapps.cn/relaxed/public/index.php/api/content/slideshow [è¿è¡Œæ—¶é—´ï¼š0.060384s][åžåçŽ‡ï¼š16.56req/s] [å†…å­˜æ¶ˆè€—ï¼š2,377.88kb] [æ–‡ä»¶åŠ è½½ï¼š66]
[ info ] [ BEHAVIOR ] Run Closure @app_init [ RunTime:0.000026s ]
[ info ] [ CACHE ] INIT File
[ info ] [ BEHAVIOR ] Run Closure @app_init [ RunTime:0.003194s ]
[ info ] [ LANG ] C:\phpStudy\PHPTutorial\WWW\relaxed\thinkphp\lang\zh-cn.php
[ info ] [ ROUTE ] array (
  'type' => 'module',
  'module' => 
  array (
    0 => 'api',
    1 => 'content',
    2 => 'slideshow',
  ),
)
[ info ] [ HEADER ] array (
  'connection' => 'close',
  'host' => 'wsapps.cn',
  'user-agent' => 'Mozilla/5.0 (Linux; Android 7.1.1; SM-N9500 Build/NMF26X; wv) AppleWebKit/537.36 (KHTML, like Gecko) Version/4.0 Chrome/63.0.3239.111 Mobile Safari/537.36 MicroMessenger/6.7.2.1340(0x2607023A) NetType/WIFI Language/zh_CN',
  'content-type' => 'application/json',
  'referer' => 'https://servicewechat.com/wxc37e1c65e42af8cc/0/page-frame.html',
  'accept-encoding' => 'gzip',
  'charset' => 'utf-8',
)
[ info ] [ PARAM ] array (
)
[ info ] [ LANG ] C:\phpStudy\PHPTutorial\WWW\relaxed\public/../application/api\lang\zh-cn.php
[ info ] [ BEHAVIOR ] Run app\common\behavior\Common @module_init [ RunTime:0.000340s ]
[ info ] [ RUN ] app\api\controller\Content->slideshow[ C:\phpStudy\PHPTutorial\WWW\relaxed\application\api\controller\Content.php ]
[ info ] [ DB ] INIT mysql
[ info ] [ LOG ] INIT File
[ sql ] [ DB ] CONNECT:[ UseTime:0.016447s ] mysql:host=sh-cdb-mwf0h7ig.sql.tencentcdb.com;port=62879;dbname=relaxed;charset=utf8
[ sql ] [ SQL ] SHOW COLUMNS FROM `fa_gslideshow` [ RunTime:0.004605s ]
[ sql ] [ SQL ] SELECT `image`,`url` FROM `fa_gslideshow` [ RunTime:0.004199s ]
---------------------------------------------------------------
[ 2018-10-01T16:53:15+08:00 ] 116.234.214.49 GET /relaxed/public/index.php/api/content/activity
[ info ] wsapps.cn/relaxed/public/index.php/api/content/activity [è¿è¡Œæ—¶é—´ï¼š0.053144s][åžåçŽ‡ï¼š18.82req/s] [å†…å­˜æ¶ˆè€—ï¼š2,379.31kb] [æ–‡ä»¶åŠ è½½ï¼š66]
[ info ] [ BEHAVIOR ] Run Closure @app_init [ RunTime:0.000026s ]
[ info ] [ CACHE ] INIT File
[ info ] [ BEHAVIOR ] Run Closure @app_init [ RunTime:0.003255s ]
[ info ] [ LANG ] C:\phpStudy\PHPTutorial\WWW\relaxed\thinkphp\lang\zh-cn.php
[ info ] [ ROUTE ] array (
  'type' => 'module',
  'module' => 
  array (
    0 => 'api',
    1 => 'content',
    2 => 'activity',
  ),
)
[ info ] [ HEADER ] array (
  'connection' => 'close',
  'host' => 'wsapps.cn',
  'user-agent' => 'Mozilla/5.0 (Linux; Android 7.1.1; SM-N9500 Build/NMF26X; wv) AppleWebKit/537.36 (KHTML, like Gecko) Version/4.0 Chrome/63.0.3239.111 Mobile Safari/537.36 MicroMessenger/6.7.2.1340(0x2607023A) NetType/WIFI Language/zh_CN',
  'content-type' => 'application/json',
  'referer' => 'https://servicewechat.com/wxc37e1c65e42af8cc/0/page-frame.html',
  'accept-encoding' => 'gzip',
  'charset' => 'utf-8',
)
[ info ] [ PARAM ] array (
)
[ info ] [ LANG ] C:\phpStudy\PHPTutorial\WWW\relaxed\public/../application/api\lang\zh-cn.php
[ info ] [ BEHAVIOR ] Run app\common\behavior\Common @module_init [ RunTime:0.000381s ]
[ info ] [ RUN ] app\api\controller\Content->activity[ C:\phpStudy\PHPTutorial\WWW\relaxed\application\api\controller\Content.php ]
[ info ] [ DB ] INIT mysql
[ info ] [ LOG ] INIT File
[ sql ] [ DB ] CONNECT:[ UseTime:0.007079s ] mysql:host=sh-cdb-mwf0h7ig.sql.tencentcdb.com;port=62879;dbname=relaxed;charset=utf8
[ sql ] [ SQL ] SHOW COLUMNS FROM `fa_activity` [ RunTime:0.004756s ]
[ sql ] [ SQL ] SELECT `image`,`title`,`desc`,`url` FROM `fa_activity` [ RunTime:0.004344s ]
---------------------------------------------------------------
[ 2018-10-01T17:03:12+08:00 ] 60.191.38.77 GET /relaxed/public/index.php/admin/index/login
[ info ] wsapps.cn/relaxed/public/index.php/admin/index/login [è¿è¡Œæ—¶é—´ï¼š0.041161s][åžåçŽ‡ï¼š24.29req/s] [å†…å­˜æ¶ˆè€—ï¼š2,220.94kb] [æ–‡ä»¶åŠ è½½ï¼š72]
[ info ] [ BEHAVIOR ] Run Closure @app_init [ RunTime:0.000144s ]
[ info ] [ CACHE ] INIT File
[ info ] [ BEHAVIOR ] Run Closure @app_init [ RunTime:0.003831s ]
[ info ] [ LANG ] C:\phpStudy\PHPTutorial\WWW\relaxed\thinkphp\lang\zh-cn.php
[ info ] [ ROUTE ] array (
  'type' => 'module',
  'module' => 
  array (
    0 => 'admin',
    1 => 'index',
    2 => 'login',
  ),
)
[ info ] [ HEADER ] array (
  'connection' => 'close',
  'accept' => '*/*',
  'user-agent' => 'Mozilla/5.0 (Macintosh; Intel Mac OS X 10.11; rv:47.0) Gecko/20100101 Firefox/47.0',
  'host' => 'wsapps.cn',
)
[ info ] [ PARAM ] array (
)
[ info ] [ LANG ] C:\phpStudy\PHPTutorial\WWW\relaxed\public/../application/admin\lang\zh-cn.php
[ info ] [ BEHAVIOR ] Run app\common\behavior\Common @module_init [ RunTime:0.000558s ]
[ info ] [ SESSION ] INIT array (
  'id' => '',
  'var_session_id' => '',
  'prefix' => 'think',
  'type' => '',
  'auto_start' => true,
)
[ info ] [ LANG ] C:\phpStudy\PHPTutorial\WWW\relaxed\public/../application/admin/lang/zh-cn/index.php
[ info ] [ RUN ] app\admin\controller\Index->login[ C:\phpStudy\PHPTutorial\WWW\relaxed\application\admin\controller\Index.php ]
[ info ] [ BEHAVIOR ] Run \addons\loginbg\Loginbg @admin_login_init [ RunTime:0.000308s ]
[ info ] [ VIEW ] C:\phpStudy\PHPTutorial\WWW\relaxed\public/../application/admin\view\index\login.html [ array (
  0 => 'breadcrumb',
  1 => 'site',
  2 => 'config',
  3 => 'auth',
  4 => 'admin',
  5 => 'background',
  6 => 'title',
) ]
[ info ] [ BEHAVIOR ] Run app\admin\behavior\AdminLog @app_end [ RunTime:0.000352s ]
[ info ] [ LOG ] INIT File
---------------------------------------------------------------
[ 2018-10-01T20:09:22+08:00 ] 222.186.31.27 GET /relaxed/public/index.php/admin/index/login
[ info ] wsapps.cn/relaxed/public/index.php/admin/index/login [è¿è¡Œæ—¶é—´ï¼š0.051139s][åžåçŽ‡ï¼š19.55req/s] [å†…å­˜æ¶ˆè€—ï¼š2,221.10kb] [æ–‡ä»¶åŠ è½½ï¼š72]
[ info ] [ BEHAVIOR ] Run Closure @app_init [ RunTime:0.000155s ]
[ info ] [ CACHE ] INIT File
[ info ] [ BEHAVIOR ] Run Closure @app_init [ RunTime:0.013143s ]
[ info ] [ LANG ] C:\phpStudy\PHPTutorial\WWW\relaxed\thinkphp\lang\zh-cn.php
[ info ] [ ROUTE ] array (
  'type' => 'module',
  'module' => 
  array (
    0 => 'admin',
    1 => 'index',
    2 => 'login',
  ),
)
[ info ] [ HEADER ] array (
  'host' => 'wsapps.cn',
  'user-agent' => 'Mozilla/4.0 (compatible; MSIE 9.0; Windows NT 6.1)',
  'referer' => 'https://118.25.39.147',
  'accept-language' => 'zh-cn',
  'accept' => '*/*',
  'connection' => 'close',
)
[ info ] [ PARAM ] array (
)
[ info ] [ LANG ] C:\phpStudy\PHPTutorial\WWW\relaxed\public/../application/admin\lang\zh-cn.php
[ info ] [ BEHAVIOR ] Run app\common\behavior\Common @module_init [ RunTime:0.000541s ]
[ info ] [ SESSION ] INIT array (
  'id' => '',
  'var_session_id' => '',
  'prefix' => 'think',
  'type' => '',
  'auto_start' => true,
)
[ info ] [ LANG ] C:\phpStudy\PHPTutorial\WWW\relaxed\public/../application/admin/lang/zh-cn/index.php
[ info ] [ RUN ] app\admin\controller\Index->login[ C:\phpStudy\PHPTutorial\WWW\relaxed\application\admin\controller\Index.php ]
[ info ] [ BEHAVIOR ] Run \addons\loginbg\Loginbg @admin_login_init [ RunTime:0.000291s ]
[ info ] [ VIEW ] C:\phpStudy\PHPTutorial\WWW\relaxed\public/../application/admin\view\index\login.html [ array (
  0 => 'breadcrumb',
  1 => 'site',
  2 => 'config',
  3 => 'auth',
  4 => 'admin',
  5 => 'background',
  6 => 'title',
) ]
[ info ] [ BEHAVIOR ] Run app\admin\behavior\AdminLog @app_end [ RunTime:0.000338s ]
[ info ] [ LOG ] INIT File
---------------------------------------------------------------
[ 2018-10-01T21:05:43+08:00 ] 58.251.121.186 GET /relaxed/public/index.php/admin/index/login
[ info ] wsapps.cn/relaxed/public/index.php/admin/index/login [è¿è¡Œæ—¶é—´ï¼š0.042490s][åžåçŽ‡ï¼š23.53req/s] [å†…å­˜æ¶ˆè€—ï¼š2,222.00kb] [æ–‡ä»¶åŠ è½½ï¼š72]
[ info ] [ BEHAVIOR ] Run Closure @app_init [ RunTime:0.000168s ]
[ info ] [ CACHE ] INIT File
[ info ] [ BEHAVIOR ] Run Closure @app_init [ RunTime:0.003788s ]
[ info ] [ LANG ] C:\phpStudy\PHPTutorial\WWW\relaxed\thinkphp\lang\zh-cn.php
[ info ] [ ROUTE ] array (
  'type' => 'module',
  'module' => 
  array (
    0 => 'admin',
    1 => 'index',
    2 => 'login',
  ),
)
[ info ] [ HEADER ] array (
  'connection' => 'close',
  'user-agent' => 'Mozilla/5.0 (iPhone; CPU iPhone OS 9_3_4 like Mac OS X) AppleWebKit/601.1.46 (KHTML, like Gecko) Mobile/13G35 QQ/6.5.3.410 V1_IPH_SQ_6.5.3_1_APP_A Pixel/750 Core/UIWebView NetType/2G Mem/117',
  'accept-language' => 'zh-cn',
  'accept' => '*/*',
  'referer' => 'http://118.25.39.147:80/',
  'accept-encoding' => 'deflate, gzip',
  'host' => 'wsapps.cn',
)
[ info ] [ PARAM ] array (
)
[ info ] [ LANG ] C:\phpStudy\PHPTutorial\WWW\relaxed\public/../application/admin\lang\zh-cn.php
[ info ] [ BEHAVIOR ] Run app\common\behavior\Common @module_init [ RunTime:0.000549s ]
[ info ] [ SESSION ] INIT array (
  'id' => '',
  'var_session_id' => '',
  'prefix' => 'think',
  'type' => '',
  'auto_start' => true,
)
[ info ] [ LANG ] C:\phpStudy\PHPTutorial\WWW\relaxed\public/../application/admin/lang/zh-cn/index.php
[ info ] [ RUN ] app\admin\controller\Index->login[ C:\phpStudy\PHPTutorial\WWW\relaxed\application\admin\controller\Index.php ]
[ info ] [ BEHAVIOR ] Run \addons\loginbg\Loginbg @admin_login_init [ RunTime:0.000293s ]
[ info ] [ VIEW ] C:\phpStudy\PHPTutorial\WWW\relaxed\public/../application/admin\view\index\login.html [ array (
  0 => 'breadcrumb',
  1 => 'site',
  2 => 'config',
  3 => 'auth',
  4 => 'admin',
  5 => 'background',
  6 => 'title',
) ]
[ info ] [ BEHAVIOR ] Run app\admin\behavior\AdminLog @app_end [ RunTime:0.000359s ]
[ info ] [ LOG ] INIT File
---------------------------------------------------------------
[ 2018-10-01T23:12:28+08:00 ] 34.235.155.110 GET /relaxed/public/index.php/admin/index/login
[ info ] wsapps.cn/relaxed/public/index.php/admin/index/login [è¿è¡Œæ—¶é—´ï¼š0.041459s][åžåçŽ‡ï¼š24.12req/s] [å†…å­˜æ¶ˆè€—ï¼š2,221.11kb] [æ–‡ä»¶åŠ è½½ï¼š72]
[ info ] [ BEHAVIOR ] Run Closure @app_init [ RunTime:0.000162s ]
[ info ] [ CACHE ] INIT File
[ info ] [ BEHAVIOR ] Run Closure @app_init [ RunTime:0.003840s ]
[ info ] [ LANG ] C:\phpStudy\PHPTutorial\WWW\relaxed\thinkphp\lang\zh-cn.php
[ info ] [ ROUTE ] array (
  'type' => 'module',
  'module' => 
  array (
    0 => 'admin',
    1 => 'index',
    2 => 'login',
  ),
)
[ info ] [ HEADER ] array (
  'connection' => 'close',
  'accept' => '*/*',
  'accept-encoding' => 'gzip, deflate',
  'user-agent' => 'Mozilla/5.0 (Windows NT 6.2;en-US) AppleWebKit/537.32.36 (KHTML, live Gecko) Chrome/53.0.3037.88 Safari/537.32',
  'host' => 'wsapps.cn',
)
[ info ] [ PARAM ] array (
)
[ info ] [ LANG ] C:\phpStudy\PHPTutorial\WWW\relaxed\public/../application/admin\lang\zh-cn.php
[ info ] [ BEHAVIOR ] Run app\common\behavior\Common @module_init [ RunTime:0.000548s ]
[ info ] [ SESSION ] INIT array (
  'id' => '',
  'var_session_id' => '',
  'prefix' => 'think',
  'type' => '',
  'auto_start' => true,
)
[ info ] [ LANG ] C:\phpStudy\PHPTutorial\WWW\relaxed\public/../application/admin/lang/zh-cn/index.php
[ info ] [ RUN ] app\admin\controller\Index->login[ C:\phpStudy\PHPTutorial\WWW\relaxed\application\admin\controller\Index.php ]
[ info ] [ BEHAVIOR ] Run \addons\loginbg\Loginbg @admin_login_init [ RunTime:0.000304s ]
[ info ] [ VIEW ] C:\phpStudy\PHPTutorial\WWW\relaxed\public/../application/admin\view\index\login.html [ array (
  0 => 'breadcrumb',
  1 => 'site',
  2 => 'config',
  3 => 'auth',
  4 => 'admin',
  5 => 'background',
  6 => 'title',
) ]
[ info ] [ BEHAVIOR ] Run app\admin\behavior\AdminLog @app_end [ RunTime:0.000352s ]
[ info ] [ LOG ] INIT File
---------------------------------------------------------------
[ 2018-10-01T23:47:33+08:00 ] 114.84.109.218 GET /relaxed/public/index.php/api/content/slideshow
[ info ] wsapps.cn/relaxed/public/index.php/api/content/slideshow [è¿è¡Œæ—¶é—´ï¼š0.060153s][åžåçŽ‡ï¼š16.62req/s] [å†…å­˜æ¶ˆè€—ï¼š2,377.88kb] [æ–‡ä»¶åŠ è½½ï¼š66]
[ info ] [ BEHAVIOR ] Run Closure @app_init [ RunTime:0.000164s ]
[ info ] [ CACHE ] INIT File
[ info ] [ BEHAVIOR ] Run Closure @app_init [ RunTime:0.003679s ]
[ info ] [ LANG ] C:\phpStudy\PHPTutorial\WWW\relaxed\thinkphp\lang\zh-cn.php
[ info ] [ ROUTE ] array (
  'type' => 'module',
  'module' => 
  array (
    0 => 'api',
    1 => 'content',
    2 => 'slideshow',
  ),
)
[ info ] [ HEADER ] array (
  'connection' => 'close',
  'host' => 'wsapps.cn',
  'user-agent' => 'Mozilla/5.0 (Linux; Android 7.1.1; SM-N9500 Build/NMF26X; wv) AppleWebKit/537.36 (KHTML, like Gecko) Version/4.0 Chrome/63.0.3239.111 Mobile Safari/537.36 MicroMessenger/6.7.2.1340(0x2607023A) NetType/WIFI Language/zh_CN',
  'content-type' => 'application/json',
  'referer' => 'https://servicewechat.com/wxc37e1c65e42af8cc/0/page-frame.html',
  'accept-encoding' => 'gzip',
  'charset' => 'utf-8',
)
[ info ] [ PARAM ] array (
)
[ info ] [ LANG ] C:\phpStudy\PHPTutorial\WWW\relaxed\public/../application/api\lang\zh-cn.php
[ info ] [ BEHAVIOR ] Run app\common\behavior\Common @module_init [ RunTime:0.000615s ]
[ info ] [ RUN ] app\api\controller\Content->slideshow[ C:\phpStudy\PHPTutorial\WWW\relaxed\application\api\controller\Content.php ]
[ info ] [ DB ] INIT mysql
[ info ] [ LOG ] INIT File
[ sql ] [ DB ] CONNECT:[ UseTime:0.010448s ] mysql:host=sh-cdb-mwf0h7ig.sql.tencentcdb.com;port=62879;dbname=relaxed;charset=utf8
[ sql ] [ SQL ] SHOW COLUMNS FROM `fa_gslideshow` [ RunTime:0.004451s ]
[ sql ] [ SQL ] SELECT `image`,`url` FROM `fa_gslideshow` [ RunTime:0.004159s ]
---------------------------------------------------------------
[ 2018-10-01T23:47:33+08:00 ] 114.84.109.218 GET /relaxed/public/index.php/api/content/games
[ info ] wsapps.cn/relaxed/public/index.php/api/content/games [è¿è¡Œæ—¶é—´ï¼š0.068264s][åžåçŽ‡ï¼š14.65req/s] [å†…å­˜æ¶ˆè€—ï¼š2,379.31kb] [æ–‡ä»¶åŠ è½½ï¼š66]
[ info ] [ BEHAVIOR ] Run Closure @app_init [ RunTime:0.000134s ]
[ info ] [ CACHE ] INIT File
[ info ] [ BEHAVIOR ] Run Closure @app_init [ RunTime:0.013612s ]
[ info ] [ LANG ] C:\phpStudy\PHPTutorial\WWW\relaxed\thinkphp\lang\zh-cn.php
[ info ] [ ROUTE ] array (
  'type' => 'module',
  'module' => 
  array (
    0 => 'api',
    1 => 'content',
    2 => 'games',
  ),
)
[ info ] [ HEADER ] array (
  'connection' => 'close',
  'host' => 'wsapps.cn',
  'user-agent' => 'Mozilla/5.0 (Linux; Android 7.1.1; SM-N9500 Build/NMF26X; wv) AppleWebKit/537.36 (KHTML, like Gecko) Version/4.0 Chrome/63.0.3239.111 Mobile Safari/537.36 MicroMessenger/6.7.2.1340(0x2607023A) NetType/WIFI Language/zh_CN',
  'content-type' => 'application/json',
  'referer' => 'https://servicewechat.com/wxc37e1c65e42af8cc/0/page-frame.html',
  'accept-encoding' => 'gzip',
  'charset' => 'utf-8',
)
[ info ] [ PARAM ] array (
)
[ info ] [ LANG ] C:\phpStudy\PHPTutorial\WWW\relaxed\public/../application/api\lang\zh-cn.php
[ info ] [ BEHAVIOR ] Run app\common\behavior\Common @module_init [ RunTime:0.000552s ]
[ info ] [ RUN ] app\api\controller\Content->games[ C:\phpStudy\PHPTutorial\WWW\relaxed\application\api\controller\Content.php ]
[ info ] [ DB ] INIT mysql
[ info ] [ LOG ] INIT File
[ sql ] [ DB ] CONNECT:[ UseTime:0.009576s ] mysql:host=sh-cdb-mwf0h7ig.sql.tencentcdb.com;port=62879;dbname=relaxed;charset=utf8
[ sql ] [ SQL ] SHOW COLUMNS FROM `fa_games` [ RunTime:0.004419s ]
[ sql ] [ SQL ] SELECT `image`,`title`,`desc`,`appid` FROM `fa_games` [ RunTime:0.004065s ]
---------------------------------------------------------------
[ 2018-10-01T23:47:33+08:00 ] 114.84.109.218 GET /relaxed/public/index.php/api/content/activity
[ info ] wsapps.cn/relaxed/public/index.php/api/content/activity [è¿è¡Œæ—¶é—´ï¼š0.060641s][åžåçŽ‡ï¼š16.49req/s] [å†…å­˜æ¶ˆè€—ï¼š2,379.31kb] [æ–‡ä»¶åŠ è½½ï¼š66]
[ info ] [ BEHAVIOR ] Run Closure @app_init [ RunTime:0.000122s ]
[ info ] [ CACHE ] INIT File
[ info ] [ BEHAVIOR ] Run Closure @app_init [ RunTime:0.003632s ]
[ info ] [ LANG ] C:\phpStudy\PHPTutorial\WWW\relaxed\thinkphp\lang\zh-cn.php
[ info ] [ ROUTE ] array (
  'type' => 'module',
  'module' => 
  array (
    0 => 'api',
    1 => 'content',
    2 => 'activity',
  ),
)
[ info ] [ HEADER ] array (
  'connection' => 'close',
  'host' => 'wsapps.cn',
  'user-agent' => 'Mozilla/5.0 (Linux; Android 7.1.1; SM-N9500 Build/NMF26X; wv) AppleWebKit/537.36 (KHTML, like Gecko) Version/4.0 Chrome/63.0.3239.111 Mobile Safari/537.36 MicroMessenger/6.7.2.1340(0x2607023A) NetType/WIFI Language/zh_CN',
  'content-type' => 'application/json',
  'referer' => 'https://servicewechat.com/wxc37e1c65e42af8cc/0/page-frame.html',
  'accept-encoding' => 'gzip',
  'charset' => 'utf-8',
)
[ info ] [ PARAM ] array (
)
[ info ] [ LANG ] C:\phpStudy\PHPTutorial\WWW\relaxed\public/../application/api\lang\zh-cn.php
[ info ] [ BEHAVIOR ] Run app\common\behavior\Common @module_init [ RunTime:0.000689s ]
[ info ] [ RUN ] app\api\controller\Content->activity[ C:\phpStudy\PHPTutorial\WWW\relaxed\application\api\controller\Content.php ]
[ info ] [ DB ] INIT mysql
[ info ] [ LOG ] INIT File
[ sql ] [ DB ] CONNECT:[ UseTime:0.009405s ] mysql:host=sh-cdb-mwf0h7ig.sql.tencentcdb.com;port=62879;dbname=relaxed;charset=utf8
[ sql ] [ SQL ] SHOW COLUMNS FROM `fa_activity` [ RunTime:0.004407s ]
[ sql ] [ SQL ] SELECT `image`,`title`,`desc`,`url` FROM `fa_activity` [ RunTime:0.004117s ]
---------------------------------------------------------------
[ 2018-10-01T23:47:33+08:00 ] 114.84.109.218 GET /relaxed/public/index.php/api/userinfo/index?code=071j6f0Z0SOLV02YpQZY0Gjc0Z0j6f0x
[ info ] wsapps.cn/relaxed/public/index.php/api/userinfo/index?code=071j6f0Z0SOLV02YpQZY0Gjc0Z0j6f0x [è¿è¡Œæ—¶é—´ï¼š0.378791s][åžåçŽ‡ï¼š2.64req/s] [å†…å­˜æ¶ˆè€—ï¼š2,408.62kb] [æ–‡ä»¶åŠ è½½ï¼š66]
[ info ] [ BEHAVIOR ] Run Closure @app_init [ RunTime:0.000034s ]
[ info ] [ CACHE ] INIT File
[ info ] [ BEHAVIOR ] Run Closure @app_init [ RunTime:0.003150s ]
[ info ] [ LANG ] C:\phpStudy\PHPTutorial\WWW\relaxed\thinkphp\lang\zh-cn.php
[ info ] [ ROUTE ] array (
  'type' => 'module',
  'module' => 
  array (
    0 => 'api',
    1 => 'userinfo',
    2 => 'index',
  ),
)
[ info ] [ HEADER ] array (
  'connection' => 'close',
  'host' => 'wsapps.cn',
  'user-agent' => 'Mozilla/5.0 (Linux; Android 7.1.1; SM-N9500 Build/NMF26X; wv) AppleWebKit/537.36 (KHTML, like Gecko) Version/4.0 Chrome/63.0.3239.111 Mobile Safari/537.36 MicroMessenger/6.7.2.1340(0x2607023A) NetType/WIFI Language/zh_CN',
  'content-type' => 'application/json',
  'referer' => 'https://servicewechat.com/wxc37e1c65e42af8cc/0/page-frame.html',
  'accept-encoding' => 'gzip',
  'charset' => 'utf-8',
)
[ info ] [ PARAM ] array (
  'code' => '071j6f0Z0SOLV02YpQZY0Gjc0Z0j6f0x',
)
[ info ] [ LANG ] C:\phpStudy\PHPTutorial\WWW\relaxed\public/../application/api\lang\zh-cn.php
[ info ] [ BEHAVIOR ] Run app\common\behavior\Common @module_init [ RunTime:0.000366s ]
[ info ] [ RUN ] app\api\controller\Userinfo->index[ C:\phpStudy\PHPTutorial\WWW\relaxed\application\api\controller\Userinfo.php ]
[ info ] [ DB ] INIT mysql
[ info ] [ LOG ] INIT File
[ sql ] [ DB ] CONNECT:[ UseTime:0.006843s ] mysql:host=sh-cdb-mwf0h7ig.sql.tencentcdb.com;port=62879;dbname=relaxed;charset=utf8
[ sql ] [ SQL ] SHOW COLUMNS FROM `fa_user` [ RunTime:0.004837s ]
[ sql ] [ SQL ] SELECT `uid`,`openid` FROM `fa_user` WHERE  `openid` = 'ognmG5HSBXIKQ4B9ZbiEg7G_EfQ8' LIMIT 1 [ RunTime:0.004422s ]
---------------------------------------------------------------
[ 2018-10-01T23:47:34+08:00 ] 114.84.109.218 GET /relaxed/public/index.php/api/userinfo/login?nickName=%F0%9F%8C%9E%E4%B8%87%E4%BB%A3%E5%9D%A4%EE%80%8E&avatarUrl=https%3A%2F%2Fwx.qlogo.cn%2Fmmopen%2Fvi_32%2FQ0j4TwGTfTLibukIXGRo1DhCbTdiaQ1AzYBXway4hs1ukIFFTpdqZPZnj8zOiaycahD5EKmOqnBtlPcdp3356iaQ5w%2F132&uid=1000006&gender=1
[ info ] wsapps.cn/relaxed/public/index.php/api/userinfo/login?nickName=%F0%9F%8C%9E%E4%B8%87%E4%BB%A3%E5%9D%A4%EE%80%8E&avatarUrl=https%3A%2F%2Fwx.qlogo.cn%2Fmmopen%2Fvi_32%2FQ0j4TwGTfTLibukIXGRo1DhCbTdiaQ1AzYBXway4hs1ukIFFTpdqZPZnj8zOiaycahD5EKmOqnBtlPcdp3356iaQ5w%2F132&uid=1000006&gender=1 [è¿è¡Œæ—¶é—´ï¼š0.063184s][åžåçŽ‡ï¼š15.83req/s] [å†…å­˜æ¶ˆè€—ï¼š2,414.93kb] [æ–‡ä»¶åŠ è½½ï¼š66]
[ info ] [ BEHAVIOR ] Run Closure @app_init [ RunTime:0.000025s ]
[ info ] [ CACHE ] INIT File
[ info ] [ BEHAVIOR ] Run Closure @app_init [ RunTime:0.003034s ]
[ info ] [ LANG ] C:\phpStudy\PHPTutorial\WWW\relaxed\thinkphp\lang\zh-cn.php
[ info ] [ ROUTE ] array (
  'type' => 'module',
  'module' => 
  array (
    0 => 'api',
    1 => 'userinfo',
    2 => 'login',
  ),
)
[ info ] [ HEADER ] array (
  'connection' => 'close',
  'host' => 'wsapps.cn',
  'user-agent' => 'Mozilla/5.0 (Linux; Android 7.1.1; SM-N9500 Build/NMF26X; wv) AppleWebKit/537.36 (KHTML, like Gecko) Version/4.0 Chrome/63.0.3239.111 Mobile Safari/537.36 MicroMessenger/6.7.2.1340(0x2607023A) NetType/WIFI Language/zh_CN',
  'content-type' => 'application/json',
  'referer' => 'https://servicewechat.com/wxc37e1c65e42af8cc/0/page-frame.html',
  'accept-encoding' => 'gzip',
  'charset' => 'utf-8',
)
[ info ] [ PARAM ] array (
  'nickName' => 'ðŸŒžä¸‡ä»£å¤î€Ž',
  'avatarUrl' => 'https://wx.qlogo.cn/mmopen/vi_32/Q0j4TwGTfTLibukIXGRo1DhCbTdiaQ1AzYBXway4hs1ukIFFTpdqZPZnj8zOiaycahD5EKmOqnBtlPcdp3356iaQ5w/132',
  'uid' => '1000006',
  'gender' => '1',
)
[ info ] [ LANG ] C:\phpStudy\PHPTutorial\WWW\relaxed\public/../application/api\lang\zh-cn.php
[ info ] [ BEHAVIOR ] Run app\common\behavior\Common @module_init [ RunTime:0.000329s ]
[ info ] [ RUN ] app\api\controller\Userinfo->login[ C:\phpStudy\PHPTutorial\WWW\relaxed\application\api\controller\Userinfo.php ]
[ info ] [ DB ] INIT mysql
[ info ] [ LOG ] INIT File
[ sql ] [ DB ] CONNECT:[ UseTime:0.016064s ] mysql:host=sh-cdb-mwf0h7ig.sql.tencentcdb.com;port=62879;dbname=relaxed;charset=utf8
[ sql ] [ SQL ] SHOW COLUMNS FROM `fa_user` [ RunTime:0.004807s ]
[ sql ] [ SQL ] SELECT `nickname` FROM `fa_user` WHERE  `uid` = 1000006 LIMIT 1 [ RunTime:0.004334s ]
[ sql ] [ SQL ] SELECT `uid`,`nickname`,`avatar`,`sign`,`gender`,`gold`,`score`,`mobile`,`city`,`constellation`,`idnumber` FROM `fa_user` WHERE  `uid` = 1000006 LIMIT 1 [ RunTime:0.004319s ]
---------------------------------------------------------------
[ 2018-10-01T23:50:42+08:00 ] 183.60.210.52 GET /relaxed/public/index.php/admin/index/login
[ info ] wsapps.cn/relaxed/public/index.php/admin/index/login [è¿è¡Œæ—¶é—´ï¼š0.043233s][åžåçŽ‡ï¼š23.13req/s] [å†…å­˜æ¶ˆè€—ï¼š2,221.10kb] [æ–‡ä»¶åŠ è½½ï¼š72]
[ info ] [ BEHAVIOR ] Run Closure @app_init [ RunTime:0.000036s ]
[ info ] [ CACHE ] INIT File
[ info ] [ BEHAVIOR ] Run Closure @app_init [ RunTime:0.004037s ]
[ info ] [ LANG ] C:\phpStudy\PHPTutorial\WWW\relaxed\thinkphp\lang\zh-cn.php
[ info ] [ ROUTE ] array (
  'type' => 'module',
  'module' => 
  array (
    0 => 'admin',
    1 => 'index',
    2 => 'login',
  ),
)
[ info ] [ HEADER ] array (
  'host' => 'wsapps.cn',
  'user-agent' => 'Mozilla/4.0 (compatible; MSIE 9.0; Windows NT 6.1)',
  'referer' => 'https://118.25.39.147',
  'accept-language' => 'zh-cn',
  'accept' => '*/*',
  'connection' => 'close',
)
[ info ] [ PARAM ] array (
)
[ info ] [ LANG ] C:\phpStudy\PHPTutorial\WWW\relaxed\public/../application/admin\lang\zh-cn.php
[ info ] [ BEHAVIOR ] Run app\common\behavior\Common @module_init [ RunTime:0.000458s ]
[ info ] [ SESSION ] INIT array (
  'id' => '',
  'var_session_id' => '',
  'prefix' => 'think',
  'type' => '',
  'auto_start' => true,
)
[ info ] [ LANG ] C:\phpStudy\PHPTutorial\WWW\relaxed\public/../application/admin/lang/zh-cn/index.php
[ info ] [ RUN ] app\admin\controller\Index->login[ C:\phpStudy\PHPTutorial\WWW\relaxed\application\admin\controller\Index.php ]
[ info ] [ BEHAVIOR ] Run \addons\loginbg\Loginbg @admin_login_init [ RunTime:0.000303s ]
[ info ] [ VIEW ] C:\phpStudy\PHPTutorial\WWW\relaxed\public/../application/admin\view\index\login.html [ array (
  0 => 'breadcrumb',
  1 => 'site',
  2 => 'config',
  3 => 'auth',
  4 => 'admin',
  5 => 'background',
  6 => 'title',
) ]
[ info ] [ BEHAVIOR ] Run app\admin\behavior\AdminLog @app_end [ RunTime:0.000377s ]
[ info ] [ LOG ] INIT File
