---------------------------------------------------------------
[ 2019-01-23T08:40:26+08:00 ] 198.108.66.240 GET /relaxed/public/index.php/admin/index/login
[ info ] picc.18178.net/relaxed/public/index.php/admin/index/login [运行时间：0.124801s][吞吐率：8.01req/s] [内存消耗：2,212.43kb] [文件加载：80]
[ info ] [ BEHAVIOR ] Run Closure @app_init [ RunTime:0.000000s ]
[ info ] [ CACHE ] INIT File
[ info ] [ BEHAVIOR ] Run Closure @app_init [ RunTime:0.000000s ]
[ info ] [ LANG ] C:\PhpStudy\PHPTutorial\WWW\relaxed\thinkphp\lang\zh-cn.php
[ info ] [ ROUTE ] array (
  'type' => 'module',
  'module' => 
  array (
    0 => 'admin',
    1 => 'index',
    2 => 'login',
  ),
)
[ info ] [ HEADER ] array (
  'connection' => 'close',
  'accept-encoding' => 'gzip',
  'referer' => 'https://218.242.163.21:443/',
  'accept' => '*/*',
  'user-agent' => 'Mozilla/5.0 zgrab/0.x',
  'host' => 'picc.18178.net',
)
[ info ] [ PARAM ] array (
)
[ info ] [ LANG ] C:\PhpStudy\PHPTutorial\WWW\relaxed\public/../application/admin\lang\zh-cn.php
[ info ] [ BEHAVIOR ] Run app\common\behavior\Common @module_init [ RunTime:0.000000s ]
[ info ] [ SESSION ] INIT array (
  'id' => '',
  'var_session_id' => '',
  'prefix' => 'think',
  'type' => '',
  'auto_start' => true,
)
[ info ] [ LANG ] C:\PhpStudy\PHPTutorial\WWW\relaxed\public/../application/admin/lang/zh-cn/index.php
[ info ] [ RUN ] app\admin\controller\Index->login[ C:\PhpStudy\PHPTutorial\WWW\relaxed\application\admin\controller\Index.php ]
[ info ] [ BEHAVIOR ] Run \addons\loginbg\Loginbg @admin_login_init [ RunTime:0.000000s ]
[ info ] [ VIEW ] C:\PhpStudy\PHPTutorial\WWW\relaxed\public/../application/admin\view\index\login.html [ array (
  0 => 'breadcrumb',
  1 => 'site',
  2 => 'config',
  3 => 'auth',
  4 => 'admin',
  5 => 'background',
  6 => 'title',
) ]
[ info ] [ BEHAVIOR ] Run app\admin\behavior\AdminLog @app_end [ RunTime:0.000000s ]
[ info ] [ LOG ] INIT File
---------------------------------------------------------------
[ 2019-01-23T12:09:04+08:00 ] 223.104.210.237 POST /relaxed/public/index.php/api/userinfo/affiche
[ info ] picc.18178.net/relaxed/public/index.php/api/userinfo/affiche [运行时间：0.280800s][吞吐率：3.56req/s] [内存消耗：2,461.27kb] [文件加载：76]
[ info ] [ BEHAVIOR ] Run Closure @app_init [ RunTime:0.000000s ]
[ info ] [ CACHE ] INIT File
[ info ] [ BEHAVIOR ] Run Closure @app_init [ RunTime:0.000000s ]
[ info ] [ LANG ] C:\PhpStudy\PHPTutorial\WWW\relaxed\thinkphp\lang\zh-cn.php
[ info ] [ ROUTE ] array (
  'type' => 'module',
  'module' => 
  array (
    0 => 'api',
    1 => 'userinfo',
    2 => 'affiche',
  ),
)
[ info ] [ HEADER ] array (
  'accept-language' => 'zh-cn',
  'content-length' => '2',
  'referer' => 'https://servicewechat.com/wxc89d469693cad993/0/page-frame.html',
  'user-agent' => 'Mozilla/5.0 (iPhone; CPU iPhone OS 10_3_3 like Mac OS X) AppleWebKit/603.3.8 (KHTML, like Gecko) Mobile/14G60 MicroMessenger/7.0.2(0x17000222) NetType/2G Language/zh_CN',
  'accept' => '*/*',
  'connection' => 'close',
  'accept-encoding' => 'gzip, deflate',
  'content-type' => 'application/json',
  'host' => 'picc.18178.net',
)
[ info ] [ PARAM ] array (
)
[ info ] [ LANG ] C:\PhpStudy\PHPTutorial\WWW\relaxed\public/../application/api\lang\zh-cn.php
[ info ] [ BEHAVIOR ] Run app\common\behavior\Common @module_init [ RunTime:0.000000s ]
[ info ] [ RUN ] app\api\controller\Userinfo->affiche[ C:\PhpStudy\PHPTutorial\WWW\relaxed\application\api\controller\Userinfo.php ]
[ info ] [ DB ] INIT mysql
[ info ] [ LOG ] INIT File
[ sql ] [ DB ] CONNECT:[ UseTime:0.062400s ] mysql:host=sh-cdb-mwf0h7ig.sql.tencentcdb.com;port=62879;dbname=relaxed;charset=utf8
[ sql ] [ SQL ] SHOW COLUMNS FROM `fa_affiche` [ RunTime:0.031200s ]
[ sql ] [ SQL ] SELECT `content` FROM `fa_affiche` [ RunTime:0.015600s ]
[ sql ] [ SQL ] SHOW COLUMNS FROM `fa_turntable` [ RunTime:0.015600s ]
[ sql ] [ SQL ] SELECT `name` FROM `fa_turntable` WHERE  `name` <> '谢谢参与' [ RunTime:0.015600s ]
---------------------------------------------------------------
[ 2019-01-23T12:09:05+08:00 ] 223.104.210.237 GET /relaxed/public/index.php/api/content/slideshow
[ info ] picc.18178.net/relaxed/public/index.php/api/content/slideshow [运行时间：0.202801s][吞吐率：4.93req/s] [内存消耗：2,460.23kb] [文件加载：74]
[ info ] [ BEHAVIOR ] Run Closure @app_init [ RunTime:0.000000s ]
[ info ] [ CACHE ] INIT File
[ info ] [ BEHAVIOR ] Run Closure @app_init [ RunTime:0.000000s ]
[ info ] [ LANG ] C:\PhpStudy\PHPTutorial\WWW\relaxed\thinkphp\lang\zh-cn.php
[ info ] [ ROUTE ] array (
  'type' => 'module',
  'module' => 
  array (
    0 => 'api',
    1 => 'content',
    2 => 'slideshow',
  ),
)
[ info ] [ HEADER ] array (
  'accept-encoding' => 'gzip, deflate',
  'accept-language' => 'zh-cn',
  'referer' => 'https://servicewechat.com/wxc89d469693cad993/0/page-frame.html',
  'user-agent' => 'Mozilla/5.0 (iPhone; CPU iPhone OS 10_3_3 like Mac OS X) AppleWebKit/603.3.8 (KHTML, like Gecko) Mobile/14G60 MicroMessenger/7.0.2(0x17000222) NetType/2G Language/zh_CN',
  'accept' => '*/*',
  'connection' => 'close',
  'content-type' => 'application/json',
  'host' => 'picc.18178.net',
)
[ info ] [ PARAM ] array (
)
[ info ] [ LANG ] C:\PhpStudy\PHPTutorial\WWW\relaxed\public/../application/api\lang\zh-cn.php
[ info ] [ BEHAVIOR ] Run app\common\behavior\Common @module_init [ RunTime:0.000000s ]
[ info ] [ RUN ] app\api\controller\Content->slideshow[ C:\PhpStudy\PHPTutorial\WWW\relaxed\application\api\controller\Content.php ]
[ info ] [ DB ] INIT mysql
[ info ] [ LOG ] INIT File
[ sql ] [ DB ] CONNECT:[ UseTime:0.031200s ] mysql:host=sh-cdb-mwf0h7ig.sql.tencentcdb.com;port=62879;dbname=relaxed;charset=utf8
[ sql ] [ SQL ] SHOW COLUMNS FROM `fa_gslideshow` [ RunTime:0.015600s ]
[ sql ] [ SQL ] SELECT `image`,`url` FROM `fa_gslideshow` WHERE  `status` = 'normal' [ RunTime:0.015600s ]
---------------------------------------------------------------
[ 2019-01-23T12:09:05+08:00 ] 223.104.210.237 GET /relaxed/public/index.php/api/content/games
[ info ] picc.18178.net/relaxed/public/index.php/api/content/games [运行时间：0.234000s][吞吐率：4.27req/s] [内存消耗：2,462.53kb] [文件加载：74]
[ info ] [ BEHAVIOR ] Run Closure @app_init [ RunTime:0.000000s ]
[ info ] [ CACHE ] INIT File
[ info ] [ BEHAVIOR ] Run Closure @app_init [ RunTime:0.015600s ]
[ info ] [ LANG ] C:\PhpStudy\PHPTutorial\WWW\relaxed\thinkphp\lang\zh-cn.php
[ info ] [ ROUTE ] array (
  'type' => 'module',
  'module' => 
  array (
    0 => 'api',
    1 => 'content',
    2 => 'games',
  ),
)
[ info ] [ HEADER ] array (
  'accept-encoding' => 'gzip, deflate',
  'accept-language' => 'zh-cn',
  'referer' => 'https://servicewechat.com/wxc89d469693cad993/0/page-frame.html',
  'user-agent' => 'Mozilla/5.0 (iPhone; CPU iPhone OS 10_3_3 like Mac OS X) AppleWebKit/603.3.8 (KHTML, like Gecko) Mobile/14G60 MicroMessenger/7.0.2(0x17000222) NetType/2G Language/zh_CN',
  'accept' => '*/*',
  'connection' => 'close',
  'content-type' => 'application/json',
  'host' => 'picc.18178.net',
)
[ info ] [ PARAM ] array (
)
[ info ] [ LANG ] C:\PhpStudy\PHPTutorial\WWW\relaxed\public/../application/api\lang\zh-cn.php
[ info ] [ BEHAVIOR ] Run app\common\behavior\Common @module_init [ RunTime:0.000000s ]
[ info ] [ RUN ] app\api\controller\Content->games[ C:\PhpStudy\PHPTutorial\WWW\relaxed\application\api\controller\Content.php ]
[ info ] [ DB ] INIT mysql
[ info ] [ LOG ] INIT File
[ sql ] [ DB ] CONNECT:[ UseTime:0.046800s ] mysql:host=sh-cdb-mwf0h7ig.sql.tencentcdb.com;port=62879;dbname=relaxed;charset=utf8
[ sql ] [ SQL ] SHOW COLUMNS FROM `fa_games` [ RunTime:0.015600s ]
[ sql ] [ SQL ] SELECT `image`,`title`,`desc`,`appid` FROM `fa_games` WHERE  `status` = 'normal' ORDER BY `weigh` DESC [ RunTime:0.015600s ]
---------------------------------------------------------------
[ 2019-01-23T12:09:05+08:00 ] 223.104.210.237 GET /relaxed/public/index.php/api/content/expiretime
[ info ] picc.18178.net/relaxed/public/index.php/api/content/expiretime [运行时间：0.234000s][吞吐率：4.27req/s] [内存消耗：2,456.31kb] [文件加载：72]
[ info ] [ BEHAVIOR ] Run Closure @app_init [ RunTime:0.000000s ]
[ info ] [ CACHE ] INIT File
[ info ] [ BEHAVIOR ] Run Closure @app_init [ RunTime:0.015600s ]
[ info ] [ LANG ] C:\PhpStudy\PHPTutorial\WWW\relaxed\thinkphp\lang\zh-cn.php
[ info ] [ ROUTE ] array (
  'type' => 'module',
  'module' => 
  array (
    0 => 'api',
    1 => 'content',
    2 => 'expiretime',
  ),
)
[ info ] [ HEADER ] array (
  'accept-encoding' => 'gzip, deflate',
  'accept-language' => 'zh-cn',
  'referer' => 'https://servicewechat.com/wxc89d469693cad993/0/page-frame.html',
  'user-agent' => 'Mozilla/5.0 (iPhone; CPU iPhone OS 10_3_3 like Mac OS X) AppleWebKit/603.3.8 (KHTML, like Gecko) Mobile/14G60 MicroMessenger/7.0.2(0x17000222) NetType/2G Language/zh_CN',
  'accept' => '*/*',
  'connection' => 'close',
  'content-type' => 'application/json',
  'host' => 'picc.18178.net',
)
[ info ] [ PARAM ] array (
)
[ info ] [ LANG ] C:\PhpStudy\PHPTutorial\WWW\relaxed\public/../application/api\lang\zh-cn.php
[ info ] [ BEHAVIOR ] Run app\common\behavior\Common @module_init [ RunTime:0.000000s ]
[ info ] [ RUN ] app\api\controller\Content->expiretime[ C:\PhpStudy\PHPTutorial\WWW\relaxed\application\api\controller\Content.php ]
[ info ] [ DB ] INIT mysql
[ info ] [ LOG ] INIT File
[ sql ] [ DB ] CONNECT:[ UseTime:0.062400s ] mysql:host=sh-cdb-mwf0h7ig.sql.tencentcdb.com;port=62879;dbname=relaxed;charset=utf8
[ sql ] [ SQL ] SHOW COLUMNS FROM `fa_conversion` [ RunTime:0.015600s ]
[ sql ] [ SQL ] SELECT * FROM `fa_conversion` WHERE  `status` = '未使用' [ RunTime:0.031200s ]
---------------------------------------------------------------
[ 2019-01-23T12:09:05+08:00 ] 223.104.210.237 GET /relaxed/public/index.php/api/content/usergift
[ info ] picc.18178.net/relaxed/public/index.php/api/content/usergift [运行时间：0.249600s][吞吐率：4.01req/s] [内存消耗：2,458.73kb] [文件加载：74]
[ info ] [ BEHAVIOR ] Run Closure @app_init [ RunTime:0.000000s ]
[ info ] [ CACHE ] INIT File
[ info ] [ BEHAVIOR ] Run Closure @app_init [ RunTime:0.031200s ]
[ info ] [ LANG ] C:\PhpStudy\PHPTutorial\WWW\relaxed\thinkphp\lang\zh-cn.php
[ info ] [ ROUTE ] array (
  'type' => 'module',
  'module' => 
  array (
    0 => 'api',
    1 => 'content',
    2 => 'usergift',
  ),
)
[ info ] [ HEADER ] array (
  'accept-encoding' => 'gzip, deflate',
  'accept-language' => 'zh-cn',
  'referer' => 'https://servicewechat.com/wxc89d469693cad993/0/page-frame.html',
  'user-agent' => 'Mozilla/5.0 (iPhone; CPU iPhone OS 10_3_3 like Mac OS X) AppleWebKit/603.3.8 (KHTML, like Gecko) Mobile/14G60 MicroMessenger/7.0.2(0x17000222) NetType/2G Language/zh_CN',
  'accept' => '*/*',
  'connection' => 'close',
  'content-type' => 'application/json',
  'host' => 'picc.18178.net',
)
[ info ] [ PARAM ] array (
)
[ info ] [ LANG ] C:\PhpStudy\PHPTutorial\WWW\relaxed\public/../application/api\lang\zh-cn.php
[ info ] [ BEHAVIOR ] Run app\common\behavior\Common @module_init [ RunTime:0.000000s ]
[ info ] [ RUN ] app\api\controller\Content->usergift[ C:\PhpStudy\PHPTutorial\WWW\relaxed\application\api\controller\Content.php ]
[ info ] [ DB ] INIT mysql
[ info ] [ LOG ] INIT File
[ sql ] [ DB ] CONNECT:[ UseTime:0.046800s ] mysql:host=sh-cdb-mwf0h7ig.sql.tencentcdb.com;port=62879;dbname=relaxed;charset=utf8
[ sql ] [ SQL ] SHOW COLUMNS FROM `fa_usergift` [ RunTime:0.031200s ]
[ sql ] [ SQL ] SELECT `image`,`images`,`title` FROM `fa_usergift` LIMIT 1 [ RunTime:0.015600s ]
---------------------------------------------------------------
[ 2019-01-23T12:09:05+08:00 ] 223.104.210.237 POST /relaxed/public/index.php/api/content/shangpin
[ info ] picc.18178.net/relaxed/public/index.php/api/content/shangpin [运行时间：0.202800s][吞吐率：4.93req/s] [内存消耗：2,464.29kb] [文件加载：74]
[ info ] [ BEHAVIOR ] Run Closure @app_init [ RunTime:0.000000s ]
[ info ] [ CACHE ] INIT File
[ info ] [ BEHAVIOR ] Run Closure @app_init [ RunTime:0.000000s ]
[ info ] [ LANG ] C:\PhpStudy\PHPTutorial\WWW\relaxed\thinkphp\lang\zh-cn.php
[ info ] [ ROUTE ] array (
  'type' => 'module',
  'module' => 
  array (
    0 => 'api',
    1 => 'content',
    2 => 'shangpin',
  ),
)
[ info ] [ HEADER ] array (
  'accept-language' => 'zh-cn',
  'content-length' => '2',
  'referer' => 'https://servicewechat.com/wxc89d469693cad993/0/page-frame.html',
  'user-agent' => 'Mozilla/5.0 (iPhone; CPU iPhone OS 10_3_3 like Mac OS X) AppleWebKit/603.3.8 (KHTML, like Gecko) Mobile/14G60 MicroMessenger/7.0.2(0x17000222) NetType/2G Language/zh_CN',
  'accept' => '*/*',
  'connection' => 'close',
  'accept-encoding' => 'gzip, deflate',
  'content-type' => 'application/json',
  'host' => 'picc.18178.net',
)
[ info ] [ PARAM ] array (
)
[ info ] [ LANG ] C:\PhpStudy\PHPTutorial\WWW\relaxed\public/../application/api\lang\zh-cn.php
[ info ] [ BEHAVIOR ] Run app\common\behavior\Common @module_init [ RunTime:0.000000s ]
[ info ] [ RUN ] app\api\controller\Content->shangpin[ C:\PhpStudy\PHPTutorial\WWW\relaxed\application\api\controller\Content.php ]
[ info ] [ DB ] INIT mysql
[ info ] [ LOG ] INIT File
[ sql ] [ DB ] CONNECT:[ UseTime:0.031200s ] mysql:host=sh-cdb-mwf0h7ig.sql.tencentcdb.com;port=62879;dbname=relaxed;charset=utf8
[ sql ] [ SQL ] SHOW COLUMNS FROM `fa_turntable` [ RunTime:0.015600s ]
[ sql ] [ SQL ] SELECT * FROM `fa_turntable` [ RunTime:0.015600s ]
---------------------------------------------------------------
[ 2019-01-23T12:09:05+08:00 ] 223.104.210.237 GET /relaxed/public/index.php/api/content/activity
[ info ] picc.18178.net/relaxed/public/index.php/api/content/activity [运行时间：0.202800s][吞吐率：4.93req/s] [内存消耗：2,463.16kb] [文件加载：74]
[ info ] [ BEHAVIOR ] Run Closure @app_init [ RunTime:0.000000s ]
[ info ] [ CACHE ] INIT File
[ info ] [ BEHAVIOR ] Run Closure @app_init [ RunTime:0.015600s ]
[ info ] [ LANG ] C:\PhpStudy\PHPTutorial\WWW\relaxed\thinkphp\lang\zh-cn.php
[ info ] [ ROUTE ] array (
  'type' => 'module',
  'module' => 
  array (
    0 => 'api',
    1 => 'content',
    2 => 'activity',
  ),
)
[ info ] [ HEADER ] array (
  'accept-encoding' => 'gzip, deflate',
  'accept-language' => 'zh-cn',
  'referer' => 'https://servicewechat.com/wxc89d469693cad993/0/page-frame.html',
  'user-agent' => 'Mozilla/5.0 (iPhone; CPU iPhone OS 10_3_3 like Mac OS X) AppleWebKit/603.3.8 (KHTML, like Gecko) Mobile/14G60 MicroMessenger/7.0.2(0x17000222) NetType/2G Language/zh_CN',
  'accept' => '*/*',
  'connection' => 'close',
  'content-type' => 'application/json',
  'host' => 'picc.18178.net',
)
[ info ] [ PARAM ] array (
)
[ info ] [ LANG ] C:\PhpStudy\PHPTutorial\WWW\relaxed\public/../application/api\lang\zh-cn.php
[ info ] [ BEHAVIOR ] Run app\common\behavior\Common @module_init [ RunTime:0.015600s ]
[ info ] [ RUN ] app\api\controller\Content->activity[ C:\PhpStudy\PHPTutorial\WWW\relaxed\application\api\controller\Content.php ]
[ info ] [ DB ] INIT mysql
[ info ] [ LOG ] INIT File
[ sql ] [ DB ] CONNECT:[ UseTime:0.031200s ] mysql:host=sh-cdb-mwf0h7ig.sql.tencentcdb.com;port=62879;dbname=relaxed;charset=utf8
[ sql ] [ SQL ] SHOW COLUMNS FROM `fa_activity` [ RunTime:0.015600s ]
[ sql ] [ SQL ] SELECT `id`,`image`,`title`,`desc`,`url` FROM `fa_activity` WHERE  `status` = 'normal' ORDER BY `weigh` DESC [ RunTime:0.015600s ]
---------------------------------------------------------------
[ 2019-01-23T12:09:05+08:00 ] 223.104.210.237 POST /relaxed/public/index.php/api/content/turndesc
[ info ] picc.18178.net/relaxed/public/index.php/api/content/turndesc [运行时间：0.187200s][吞吐率：5.34req/s] [内存消耗：2,457.84kb] [文件加载：74]
[ info ] [ BEHAVIOR ] Run Closure @app_init [ RunTime:0.000000s ]
[ info ] [ CACHE ] INIT File
[ info ] [ BEHAVIOR ] Run Closure @app_init [ RunTime:0.015600s ]
[ info ] [ LANG ] C:\PhpStudy\PHPTutorial\WWW\relaxed\thinkphp\lang\zh-cn.php
[ info ] [ ROUTE ] array (
  'type' => 'module',
  'module' => 
  array (
    0 => 'api',
    1 => 'content',
    2 => 'turndesc',
  ),
)
[ info ] [ HEADER ] array (
  'accept-language' => 'zh-cn',
  'content-length' => '2',
  'referer' => 'https://servicewechat.com/wxc89d469693cad993/0/page-frame.html',
  'user-agent' => 'Mozilla/5.0 (iPhone; CPU iPhone OS 10_3_3 like Mac OS X) AppleWebKit/603.3.8 (KHTML, like Gecko) Mobile/14G60 MicroMessenger/7.0.2(0x17000222) NetType/2G Language/zh_CN',
  'accept' => '*/*',
  'connection' => 'close',
  'accept-encoding' => 'gzip, deflate',
  'content-type' => 'application/json',
  'host' => 'picc.18178.net',
)
[ info ] [ PARAM ] array (
)
[ info ] [ LANG ] C:\PhpStudy\PHPTutorial\WWW\relaxed\public/../application/api\lang\zh-cn.php
[ info ] [ BEHAVIOR ] Run app\common\behavior\Common @module_init [ RunTime:0.000000s ]
[ info ] [ RUN ] app\api\controller\Content->turndesc[ C:\PhpStudy\PHPTutorial\WWW\relaxed\application\api\controller\Content.php ]
[ info ] [ DB ] INIT mysql
[ info ] [ LOG ] INIT File
[ sql ] [ DB ] CONNECT:[ UseTime:0.031200s ] mysql:host=sh-cdb-mwf0h7ig.sql.tencentcdb.com;port=62879;dbname=relaxed;charset=utf8
[ sql ] [ SQL ] SHOW COLUMNS FROM `fa_turndesc` [ RunTime:0.015600s ]
[ sql ] [ SQL ] SELECT * FROM `fa_turndesc` LIMIT 1 [ RunTime:0.015600s ]
---------------------------------------------------------------
[ 2019-01-23T12:09:06+08:00 ] 223.104.210.237 POST /relaxed/public/index.php/api/userinfo/index
[ info ] picc.18178.net/relaxed/public/index.php/api/userinfo/index [运行时间：1.466403s][吞吐率：0.68req/s] [内存消耗：2,466.05kb] [文件加载：76]
[ info ] [ BEHAVIOR ] Run Closure @app_init [ RunTime:0.000000s ]
[ info ] [ CACHE ] INIT File
[ info ] [ BEHAVIOR ] Run Closure @app_init [ RunTime:0.000000s ]
[ info ] [ LANG ] C:\PhpStudy\PHPTutorial\WWW\relaxed\thinkphp\lang\zh-cn.php
[ info ] [ ROUTE ] array (
  'type' => 'module',
  'module' => 
  array (
    0 => 'api',
    1 => 'userinfo',
    2 => 'index',
  ),
)
[ info ] [ HEADER ] array (
  'accept-language' => 'zh-cn',
  'content-length' => '43',
  'referer' => 'https://servicewechat.com/wxc89d469693cad993/0/page-frame.html',
  'user-agent' => 'Mozilla/5.0 (iPhone; CPU iPhone OS 10_3_3 like Mac OS X) AppleWebKit/603.3.8 (KHTML, like Gecko) Mobile/14G60 MicroMessenger/7.0.2(0x17000222) NetType/2G Language/zh_CN',
  'accept' => '*/*',
  'connection' => 'close',
  'accept-encoding' => 'gzip, deflate',
  'content-type' => 'application/json',
  'host' => 'picc.18178.net',
)
[ info ] [ PARAM ] array (
  'code' => '011HGAZp08HbKm1xAs1q0SiWZp0HGAZh',
)
[ info ] [ LANG ] C:\PhpStudy\PHPTutorial\WWW\relaxed\public/../application/api\lang\zh-cn.php
[ info ] [ BEHAVIOR ] Run app\common\behavior\Common @module_init [ RunTime:0.000000s ]
[ info ] [ RUN ] app\api\controller\Userinfo->index[ C:\PhpStudy\PHPTutorial\WWW\relaxed\application\api\controller\Userinfo.php ]
[ info ] [ DB ] INIT mysql
[ info ] [ LOG ] INIT File
[ sql ] [ DB ] CONNECT:[ UseTime:0.031200s ] mysql:host=sh-cdb-mwf0h7ig.sql.tencentcdb.com;port=62879;dbname=relaxed;charset=utf8
[ sql ] [ SQL ] SHOW COLUMNS FROM `fa_user` [ RunTime:0.031201s ]
[ sql ] [ SQL ] SELECT `uid`,`openid` FROM `fa_user` WHERE  `openid` = 'o7G-45VePkr_CuNJXLc078YSpnq4' LIMIT 1 [ RunTime:0.015600s ]
---------------------------------------------------------------
[ 2019-01-23T14:59:27+08:00 ] 61.161.197.163 GET /relaxed/public/index.php/admin/index/login
[ info ] picc.18178.net/relaxed/public/index.php/admin/index/login [运行时间：0.124800s][吞吐率：8.01req/s] [内存消耗：2,212.63kb] [文件加载：80]
[ info ] [ BEHAVIOR ] Run Closure @app_init [ RunTime:0.000000s ]
[ info ] [ CACHE ] INIT File
[ info ] [ BEHAVIOR ] Run Closure @app_init [ RunTime:0.000000s ]
[ info ] [ LANG ] C:\PhpStudy\PHPTutorial\WWW\relaxed\thinkphp\lang\zh-cn.php
[ info ] [ ROUTE ] array (
  'type' => 'module',
  'module' => 
  array (
    0 => 'admin',
    1 => 'index',
    2 => 'login',
  ),
)
[ info ] [ HEADER ] array (
  'accept-encoding' => 'gzip',
  'referer' => 'http://218.242.163.21:80/',
  'connection' => 'close',
  'user-agent' => 'Mozilla/5.0 (Windows NT 6.1) AppleWebKit/537.36 (KHTML, like Gecko) Chrome/38.0.2125.122 Safari/537.36 SE 2.X MetaSr 1.0',
  'host' => 'picc.18178.net',
)
[ info ] [ PARAM ] array (
)
[ info ] [ LANG ] C:\PhpStudy\PHPTutorial\WWW\relaxed\public/../application/admin\lang\zh-cn.php
[ info ] [ BEHAVIOR ] Run app\common\behavior\Common @module_init [ RunTime:0.000000s ]
[ info ] [ SESSION ] INIT array (
  'id' => '',
  'var_session_id' => '',
  'prefix' => 'think',
  'type' => '',
  'auto_start' => true,
)
[ info ] [ LANG ] C:\PhpStudy\PHPTutorial\WWW\relaxed\public/../application/admin/lang/zh-cn/index.php
[ info ] [ RUN ] app\admin\controller\Index->login[ C:\PhpStudy\PHPTutorial\WWW\relaxed\application\admin\controller\Index.php ]
[ info ] [ BEHAVIOR ] Run \addons\loginbg\Loginbg @admin_login_init [ RunTime:0.000000s ]
[ info ] [ VIEW ] C:\PhpStudy\PHPTutorial\WWW\relaxed\public/../application/admin\view\index\login.html [ array (
  0 => 'breadcrumb',
  1 => 'site',
  2 => 'config',
  3 => 'auth',
  4 => 'admin',
  5 => 'background',
  6 => 'title',
) ]
[ info ] [ BEHAVIOR ] Run app\admin\behavior\AdminLog @app_end [ RunTime:0.000000s ]
[ info ] [ LOG ] INIT File
---------------------------------------------------------------
[ 2019-01-23T15:45:08+08:00 ] 61.161.197.163 GET /relaxed/public/index.php/admin/index/login
[ info ] picc.18178.net/relaxed/public/index.php/admin/index/login [运行时间：0.124800s][吞吐率：8.01req/s] [内存消耗：2,212.63kb] [文件加载：80]
[ info ] [ BEHAVIOR ] Run Closure @app_init [ RunTime:0.000000s ]
[ info ] [ CACHE ] INIT File
[ info ] [ BEHAVIOR ] Run Closure @app_init [ RunTime:0.015600s ]
[ info ] [ LANG ] C:\PhpStudy\PHPTutorial\WWW\relaxed\thinkphp\lang\zh-cn.php
[ info ] [ ROUTE ] array (
  'type' => 'module',
  'module' => 
  array (
    0 => 'admin',
    1 => 'index',
    2 => 'login',
  ),
)
[ info ] [ HEADER ] array (
  'accept-encoding' => 'gzip',
  'referer' => 'http://218.242.163.21:80/',
  'connection' => 'close',
  'user-agent' => 'Mozilla/5.0 (Windows NT 6.1) AppleWebKit/537.36 (KHTML, like Gecko) Chrome/38.0.2125.122 Safari/537.36 SE 2.X MetaSr 1.0',
  'host' => 'picc.18178.net',
)
[ info ] [ PARAM ] array (
)
[ info ] [ LANG ] C:\PhpStudy\PHPTutorial\WWW\relaxed\public/../application/admin\lang\zh-cn.php
[ info ] [ BEHAVIOR ] Run app\common\behavior\Common @module_init [ RunTime:0.000000s ]
[ info ] [ SESSION ] INIT array (
  'id' => '',
  'var_session_id' => '',
  'prefix' => 'think',
  'type' => '',
  'auto_start' => true,
)
[ info ] [ LANG ] C:\PhpStudy\PHPTutorial\WWW\relaxed\public/../application/admin/lang/zh-cn/index.php
[ info ] [ RUN ] app\admin\controller\Index->login[ C:\PhpStudy\PHPTutorial\WWW\relaxed\application\admin\controller\Index.php ]
[ info ] [ BEHAVIOR ] Run \addons\loginbg\Loginbg @admin_login_init [ RunTime:0.000000s ]
[ info ] [ VIEW ] C:\PhpStudy\PHPTutorial\WWW\relaxed\public/../application/admin\view\index\login.html [ array (
  0 => 'breadcrumb',
  1 => 'site',
  2 => 'config',
  3 => 'auth',
  4 => 'admin',
  5 => 'background',
  6 => 'title',
) ]
[ info ] [ BEHAVIOR ] Run app\admin\behavior\AdminLog @app_end [ RunTime:0.000000s ]
[ info ] [ LOG ] INIT File
---------------------------------------------------------------
[ 2019-01-23T19:39:27+08:00 ] 120.78.85.252 GET /relaxed/public/index.php/admin/index/login
[ info ] picc.18178.net/relaxed/public/index.php/admin/index/login [运行时间：0.109200s][吞吐率：9.16req/s] [内存消耗：2,212.72kb] [文件加载：80]
[ info ] [ BEHAVIOR ] Run Closure @app_init [ RunTime:0.000000s ]
[ info ] [ CACHE ] INIT File
[ info ] [ BEHAVIOR ] Run Closure @app_init [ RunTime:0.015600s ]
[ info ] [ LANG ] C:\PhpStudy\PHPTutorial\WWW\relaxed\thinkphp\lang\zh-cn.php
[ info ] [ ROUTE ] array (
  'type' => 'module',
  'module' => 
  array (
    0 => 'admin',
    1 => 'index',
    2 => 'login',
  ),
)
[ info ] [ HEADER ] array (
  'connection' => 'close',
  'host' => 'picc.18178.net',
  'referer' => 'http://218.242.163.21',
  'user-agent' => 'Mozilla/5.0 (compatible; Baiduspider/2.0; +http://www.baidu.com/search/spider.html',
  'content-type' => 'text/html',
  'accept' => 'text/html, application/xhtml+xml, */*',
)
[ info ] [ PARAM ] array (
)
[ info ] [ LANG ] C:\PhpStudy\PHPTutorial\WWW\relaxed\public/../application/admin\lang\zh-cn.php
[ info ] [ BEHAVIOR ] Run app\common\behavior\Common @module_init [ RunTime:0.000000s ]
[ info ] [ SESSION ] INIT array (
  'id' => '',
  'var_session_id' => '',
  'prefix' => 'think',
  'type' => '',
  'auto_start' => true,
)
[ info ] [ LANG ] C:\PhpStudy\PHPTutorial\WWW\relaxed\public/../application/admin/lang/zh-cn/index.php
[ info ] [ RUN ] app\admin\controller\Index->login[ C:\PhpStudy\PHPTutorial\WWW\relaxed\application\admin\controller\Index.php ]
[ info ] [ BEHAVIOR ] Run \addons\loginbg\Loginbg @admin_login_init [ RunTime:0.000000s ]
[ info ] [ VIEW ] C:\PhpStudy\PHPTutorial\WWW\relaxed\public/../application/admin\view\index\login.html [ array (
  0 => 'breadcrumb',
  1 => 'site',
  2 => 'config',
  3 => 'auth',
  4 => 'admin',
  5 => 'background',
  6 => 'title',
) ]
[ info ] [ BEHAVIOR ] Run app\admin\behavior\AdminLog @app_end [ RunTime:0.000000s ]
[ info ] [ LOG ] INIT File
---------------------------------------------------------------
[ 2019-01-23T19:39:36+08:00 ] 36.246.234.122 GET /relaxed/public/index.php/admin/index/login
[ info ] picc.18178.net/relaxed/public/index.php/admin/index/login [运行时间：0.124801s][吞吐率：8.01req/s] [内存消耗：2,213.34kb] [文件加载：80]
[ info ] [ BEHAVIOR ] Run Closure @app_init [ RunTime:0.000000s ]
[ info ] [ CACHE ] INIT File
[ info ] [ BEHAVIOR ] Run Closure @app_init [ RunTime:0.000000s ]
[ info ] [ LANG ] C:\PhpStudy\PHPTutorial\WWW\relaxed\thinkphp\lang\zh-cn.php
[ info ] [ ROUTE ] array (
  'type' => 'module',
  'module' => 
  array (
    0 => 'admin',
    1 => 'index',
    2 => 'login',
  ),
)
[ info ] [ HEADER ] array (
  'connection' => 'close',
  'host' => 'picc.18178.net',
  'referer' => 'http://218.242.163.21/?s=captcha&test=phpinfo()',
  'user-agent' => 'Mozilla/5.0 (compatible; Baiduspider/2.0; +http://www.baidu.com/search/spider.html',
  'content-type' => 'application/x-www-form-urlencoded',
  'accept' => 'text/html, application/xhtml+xml, */*',
  'client-ip' => '36.246.234.122',
  'x-forwarded-for' => '36.246.234.122',
)
[ info ] [ PARAM ] array (
)
[ info ] [ LANG ] C:\PhpStudy\PHPTutorial\WWW\relaxed\public/../application/admin\lang\zh-cn.php
[ info ] [ BEHAVIOR ] Run app\common\behavior\Common @module_init [ RunTime:0.000000s ]
[ info ] [ SESSION ] INIT array (
  'id' => '',
  'var_session_id' => '',
  'prefix' => 'think',
  'type' => '',
  'auto_start' => true,
)
[ info ] [ LANG ] C:\PhpStudy\PHPTutorial\WWW\relaxed\public/../application/admin/lang/zh-cn/index.php
[ info ] [ RUN ] app\admin\controller\Index->login[ C:\PhpStudy\PHPTutorial\WWW\relaxed\application\admin\controller\Index.php ]
[ info ] [ BEHAVIOR ] Run \addons\loginbg\Loginbg @admin_login_init [ RunTime:0.000000s ]
[ info ] [ VIEW ] C:\PhpStudy\PHPTutorial\WWW\relaxed\public/../application/admin\view\index\login.html [ array (
  0 => 'breadcrumb',
  1 => 'site',
  2 => 'config',
  3 => 'auth',
  4 => 'admin',
  5 => 'background',
  6 => 'title',
) ]
[ info ] [ BEHAVIOR ] Run app\admin\behavior\AdminLog @app_end [ RunTime:0.000000s ]
[ info ] [ LOG ] INIT File
---------------------------------------------------------------
[ 2019-01-23T19:39:36+08:00 ] 4.196.100.79 GET /relaxed/public/index.php/admin/index/login
[ info ] picc.18178.net/relaxed/public/index.php/admin/index/login [运行时间：0.124800s][吞吐率：8.01req/s] [内存消耗：2,213.32kb] [文件加载：80]
[ info ] [ BEHAVIOR ] Run Closure @app_init [ RunTime:0.000000s ]
[ info ] [ CACHE ] INIT File
[ info ] [ BEHAVIOR ] Run Closure @app_init [ RunTime:0.000000s ]
[ info ] [ LANG ] C:\PhpStudy\PHPTutorial\WWW\relaxed\thinkphp\lang\zh-cn.php
[ info ] [ ROUTE ] array (
  'type' => 'module',
  'module' => 
  array (
    0 => 'admin',
    1 => 'index',
    2 => 'login',
  ),
)
[ info ] [ HEADER ] array (
  'connection' => 'close',
  'host' => 'picc.18178.net',
  'referer' => 'http://218.242.163.21/?s=captcha&test=1',
  'user-agent' => 'Mozilla/5.0 (compatible; Baiduspider/2.0; +http://www.baidu.com/search/spider.html',
  'content-type' => 'application/x-www-form-urlencoded',
  'accept' => 'text/html, application/xhtml+xml, */*',
  'client-ip' => '4.196.100.79',
  'x-forwarded-for' => '4.196.100.79',
)
[ info ] [ PARAM ] array (
)
[ info ] [ LANG ] C:\PhpStudy\PHPTutorial\WWW\relaxed\public/../application/admin\lang\zh-cn.php
[ info ] [ BEHAVIOR ] Run app\common\behavior\Common @module_init [ RunTime:0.000000s ]
[ info ] [ SESSION ] INIT array (
  'id' => '',
  'var_session_id' => '',
  'prefix' => 'think',
  'type' => '',
  'auto_start' => true,
)
[ info ] [ LANG ] C:\PhpStudy\PHPTutorial\WWW\relaxed\public/../application/admin/lang/zh-cn/index.php
[ info ] [ RUN ] app\admin\controller\Index->login[ C:\PhpStudy\PHPTutorial\WWW\relaxed\application\admin\controller\Index.php ]
[ info ] [ BEHAVIOR ] Run \addons\loginbg\Loginbg @admin_login_init [ RunTime:0.000000s ]
[ info ] [ VIEW ] C:\PhpStudy\PHPTutorial\WWW\relaxed\public/../application/admin\view\index\login.html [ array (
  0 => 'breadcrumb',
  1 => 'site',
  2 => 'config',
  3 => 'auth',
  4 => 'admin',
  5 => 'background',
  6 => 'title',
) ]
[ info ] [ BEHAVIOR ] Run app\admin\behavior\AdminLog @app_end [ RunTime:0.015600s ]
[ info ] [ LOG ] INIT File
---------------------------------------------------------------
[ 2019-01-23T19:39:37+08:00 ] 182.139.237.9 GET /relaxed/public/index.php/admin/index/login
[ info ] picc.18178.net/relaxed/public/index.php/admin/index/login [运行时间：0.109200s][吞吐率：9.16req/s] [内存消耗：2,213.34kb] [文件加载：80]
[ info ] [ BEHAVIOR ] Run Closure @app_init [ RunTime:0.000000s ]
[ info ] [ CACHE ] INIT File
[ info ] [ BEHAVIOR ] Run Closure @app_init [ RunTime:0.015600s ]
[ info ] [ LANG ] C:\PhpStudy\PHPTutorial\WWW\relaxed\thinkphp\lang\zh-cn.php
[ info ] [ ROUTE ] array (
  'type' => 'module',
  'module' => 
  array (
    0 => 'admin',
    1 => 'index',
    2 => 'login',
  ),
)
[ info ] [ HEADER ] array (
  'connection' => 'close',
  'host' => 'picc.18178.net',
  'referer' => 'http://218.242.163.21/?s=getverify&test=1',
  'user-agent' => 'Mozilla/5.0 (compatible; Baiduspider/2.0; +http://www.baidu.com/search/spider.html',
  'content-type' => 'application/x-www-form-urlencoded',
  'accept' => 'text/html, application/xhtml+xml, */*',
  'client-ip' => '182.139.237.9',
  'x-forwarded-for' => '182.139.237.9',
)
[ info ] [ PARAM ] array (
)
[ info ] [ LANG ] C:\PhpStudy\PHPTutorial\WWW\relaxed\public/../application/admin\lang\zh-cn.php
[ info ] [ BEHAVIOR ] Run app\common\behavior\Common @module_init [ RunTime:0.000000s ]
[ info ] [ SESSION ] INIT array (
  'id' => '',
  'var_session_id' => '',
  'prefix' => 'think',
  'type' => '',
  'auto_start' => true,
)
[ info ] [ LANG ] C:\PhpStudy\PHPTutorial\WWW\relaxed\public/../application/admin/lang/zh-cn/index.php
[ info ] [ RUN ] app\admin\controller\Index->login[ C:\PhpStudy\PHPTutorial\WWW\relaxed\application\admin\controller\Index.php ]
[ info ] [ BEHAVIOR ] Run \addons\loginbg\Loginbg @admin_login_init [ RunTime:0.015600s ]
[ info ] [ VIEW ] C:\PhpStudy\PHPTutorial\WWW\relaxed\public/../application/admin\view\index\login.html [ array (
  0 => 'breadcrumb',
  1 => 'site',
  2 => 'config',
  3 => 'auth',
  4 => 'admin',
  5 => 'background',
  6 => 'title',
) ]
[ info ] [ BEHAVIOR ] Run app\admin\behavior\AdminLog @app_end [ RunTime:0.000000s ]
[ info ] [ LOG ] INIT File
---------------------------------------------------------------
[ 2019-01-23T19:39:37+08:00 ] 100.65.187.64 GET /relaxed/public/index.php/admin/index/login
[ info ] picc.18178.net/relaxed/public/index.php/admin/index/login [运行时间：0.109200s][吞吐率：9.16req/s] [内存消耗：2,213.27kb] [文件加载：80]
[ info ] [ BEHAVIOR ] Run Closure @app_init [ RunTime:0.000000s ]
[ info ] [ CACHE ] INIT File
[ info ] [ BEHAVIOR ] Run Closure @app_init [ RunTime:0.015600s ]
[ info ] [ LANG ] C:\PhpStudy\PHPTutorial\WWW\relaxed\thinkphp\lang\zh-cn.php
[ info ] [ ROUTE ] array (
  'type' => 'module',
  'module' => 
  array (
    0 => 'admin',
    1 => 'index',
    2 => 'login',
  ),
)
[ info ] [ HEADER ] array (
  'connection' => 'close',
  'host' => 'picc.18178.net',
  'referer' => 'http://218.242.163.21/?s=index/index/index',
  'user-agent' => 'Mozilla/5.0 (compatible; Baiduspider/2.0; +http://www.baidu.com/search/spider.html',
  'content-type' => 'application/x-www-form-urlencoded',
  'accept' => 'text/html, application/xhtml+xml, */*',
  'client-ip' => '100.65.187.64',
  'x-forwarded-for' => '100.65.187.64',
)
[ info ] [ PARAM ] array (
)
[ info ] [ LANG ] C:\PhpStudy\PHPTutorial\WWW\relaxed\public/../application/admin\lang\zh-cn.php
[ info ] [ BEHAVIOR ] Run app\common\behavior\Common @module_init [ RunTime:0.000000s ]
[ info ] [ SESSION ] INIT array (
  'id' => '',
  'var_session_id' => '',
  'prefix' => 'think',
  'type' => '',
  'auto_start' => true,
)
[ info ] [ LANG ] C:\PhpStudy\PHPTutorial\WWW\relaxed\public/../application/admin/lang/zh-cn/index.php
[ info ] [ RUN ] app\admin\controller\Index->login[ C:\PhpStudy\PHPTutorial\WWW\relaxed\application\admin\controller\Index.php ]
[ info ] [ BEHAVIOR ] Run \addons\loginbg\Loginbg @admin_login_init [ RunTime:0.000000s ]
[ info ] [ VIEW ] C:\PhpStudy\PHPTutorial\WWW\relaxed\public/../application/admin\view\index\login.html [ array (
  0 => 'breadcrumb',
  1 => 'site',
  2 => 'config',
  3 => 'auth',
  4 => 'admin',
  5 => 'background',
  6 => 'title',
) ]
[ info ] [ BEHAVIOR ] Run app\admin\behavior\AdminLog @app_end [ RunTime:0.000000s ]
[ info ] [ LOG ] INIT File
---------------------------------------------------------------
[ 2019-01-23T19:39:46+08:00 ] 194.149.130.224 GET /relaxed/public/index.php/admin/index/login
[ info ] picc.18178.net/relaxed/public/index.php/admin/index/login [运行时间：0.124800s][吞吐率：8.01req/s] [内存消耗：2,213.40kb] [文件加载：80]
[ info ] [ BEHAVIOR ] Run Closure @app_init [ RunTime:0.000000s ]
[ info ] [ CACHE ] INIT File
[ info ] [ BEHAVIOR ] Run Closure @app_init [ RunTime:0.015600s ]
[ info ] [ LANG ] C:\PhpStudy\PHPTutorial\WWW\relaxed\thinkphp\lang\zh-cn.php
[ info ] [ ROUTE ] array (
  'type' => 'module',
  'module' => 
  array (
    0 => 'admin',
    1 => 'index',
    2 => 'login',
  ),
)
[ info ] [ HEADER ] array (
  'connection' => 'close',
  'host' => 'picc.18178.net',
  'referer' => 'http://218.242.163.21/?s=index/\\think\\app/invokefunction&function=call_user_func_array&vars[0]=phpinfo&vars[1][]=1',
  'user-agent' => 'Mozilla/5.0 (compatible; Baiduspider/2.0; +http://www.baidu.com/search/spider.html',
  'content-type' => 'text/html',
  'accept' => 'text/html, application/xhtml+xml, */*',
  'client-ip' => '194.149.130.224',
  'x-forwarded-for' => '194.149.130.224',
)
[ info ] [ PARAM ] array (
)
[ info ] [ LANG ] C:\PhpStudy\PHPTutorial\WWW\relaxed\public/../application/admin\lang\zh-cn.php
[ info ] [ BEHAVIOR ] Run app\common\behavior\Common @module_init [ RunTime:0.000000s ]
[ info ] [ SESSION ] INIT array (
  'id' => '',
  'var_session_id' => '',
  'prefix' => 'think',
  'type' => '',
  'auto_start' => true,
)
[ info ] [ LANG ] C:\PhpStudy\PHPTutorial\WWW\relaxed\public/../application/admin/lang/zh-cn/index.php
[ info ] [ RUN ] app\admin\controller\Index->login[ C:\PhpStudy\PHPTutorial\WWW\relaxed\application\admin\controller\Index.php ]
[ info ] [ BEHAVIOR ] Run \addons\loginbg\Loginbg @admin_login_init [ RunTime:0.000000s ]
[ info ] [ VIEW ] C:\PhpStudy\PHPTutorial\WWW\relaxed\public/../application/admin\view\index\login.html [ array (
  0 => 'breadcrumb',
  1 => 'site',
  2 => 'config',
  3 => 'auth',
  4 => 'admin',
  5 => 'background',
  6 => 'title',
) ]
[ info ] [ BEHAVIOR ] Run app\admin\behavior\AdminLog @app_end [ RunTime:0.000000s ]
[ info ] [ LOG ] INIT File
---------------------------------------------------------------
[ 2019-01-23T19:39:47+08:00 ] 194.10.109.73 GET /relaxed/public/index.php/admin/index/login
[ info ] picc.18178.net/relaxed/public/index.php/admin/index/login [运行时间：0.124800s][吞吐率：8.01req/s] [内存消耗：2,213.51kb] [文件加载：80]
[ info ] [ BEHAVIOR ] Run Closure @app_init [ RunTime:0.000000s ]
[ info ] [ CACHE ] INIT File
[ info ] [ BEHAVIOR ] Run Closure @app_init [ RunTime:0.015600s ]
[ info ] [ LANG ] C:\PhpStudy\PHPTutorial\WWW\relaxed\thinkphp\lang\zh-cn.php
[ info ] [ ROUTE ] array (
  'type' => 'module',
  'module' => 
  array (
    0 => 'admin',
    1 => 'index',
    2 => 'login',
  ),
)
[ info ] [ HEADER ] array (
  'connection' => 'close',
  'host' => 'picc.18178.net',
  'referer' => 'http://218.242.163.21/?s=index/\\think\\app/invokefunction&function=call_user_func_array&vars[0]=assert&vars[1][]=phpinfo()',
  'user-agent' => 'Mozilla/5.0 (compatible; Baiduspider/2.0; +http://www.baidu.com/search/spider.html',
  'content-type' => 'text/html',
  'accept' => 'text/html, application/xhtml+xml, */*',
  'client-ip' => '194.10.109.73',
  'x-forwarded-for' => '194.10.109.73',
)
[ info ] [ PARAM ] array (
)
[ info ] [ LANG ] C:\PhpStudy\PHPTutorial\WWW\relaxed\public/../application/admin\lang\zh-cn.php
[ info ] [ BEHAVIOR ] Run app\common\behavior\Common @module_init [ RunTime:0.000000s ]
[ info ] [ SESSION ] INIT array (
  'id' => '',
  'var_session_id' => '',
  'prefix' => 'think',
  'type' => '',
  'auto_start' => true,
)
[ info ] [ LANG ] C:\PhpStudy\PHPTutorial\WWW\relaxed\public/../application/admin/lang/zh-cn/index.php
[ info ] [ RUN ] app\admin\controller\Index->login[ C:\PhpStudy\PHPTutorial\WWW\relaxed\application\admin\controller\Index.php ]
[ info ] [ BEHAVIOR ] Run \addons\loginbg\Loginbg @admin_login_init [ RunTime:0.000000s ]
[ info ] [ VIEW ] C:\PhpStudy\PHPTutorial\WWW\relaxed\public/../application/admin\view\index\login.html [ array (
  0 => 'breadcrumb',
  1 => 'site',
  2 => 'config',
  3 => 'auth',
  4 => 'admin',
  5 => 'background',
  6 => 'title',
) ]
[ info ] [ BEHAVIOR ] Run app\admin\behavior\AdminLog @app_end [ RunTime:0.000000s ]
[ info ] [ LOG ] INIT File
---------------------------------------------------------------
[ 2019-01-23T19:39:47+08:00 ] 140.223.5.41 GET /relaxed/public/index.php/admin/index/login
[ info ] picc.18178.net/relaxed/public/index.php/admin/index/login [运行时间：0.124800s][吞吐率：8.01req/s] [内存消耗：2,213.53kb] [文件加载：80]
[ info ] [ BEHAVIOR ] Run Closure @app_init [ RunTime:0.000000s ]
[ info ] [ CACHE ] INIT File
[ info ] [ BEHAVIOR ] Run Closure @app_init [ RunTime:0.015600s ]
[ info ] [ LANG ] C:\PhpStudy\PHPTutorial\WWW\relaxed\thinkphp\lang\zh-cn.php
[ info ] [ ROUTE ] array (
  'type' => 'module',
  'module' => 
  array (
    0 => 'admin',
    1 => 'index',
    2 => 'login',
  ),
)
[ info ] [ HEADER ] array (
  'connection' => 'close',
  'host' => 'picc.18178.net',
  'referer' => 'http://218.242.163.21/?s=index/\\think\\app/invokefunction&function=call_user_func_array&vars[0]=system&vars[1][]=echo%20zxcvvbnm',
  'user-agent' => 'Mozilla/5.0 (compatible; Baiduspider/2.0; +http://www.baidu.com/search/spider.html',
  'content-type' => 'text/html',
  'accept' => 'text/html, application/xhtml+xml, */*',
  'client-ip' => '140.223.5.41',
  'x-forwarded-for' => '140.223.5.41',
)
[ info ] [ PARAM ] array (
)
[ info ] [ LANG ] C:\PhpStudy\PHPTutorial\WWW\relaxed\public/../application/admin\lang\zh-cn.php
[ info ] [ BEHAVIOR ] Run app\common\behavior\Common @module_init [ RunTime:0.000000s ]
[ info ] [ SESSION ] INIT array (
  'id' => '',
  'var_session_id' => '',
  'prefix' => 'think',
  'type' => '',
  'auto_start' => true,
)
[ info ] [ LANG ] C:\PhpStudy\PHPTutorial\WWW\relaxed\public/../application/admin/lang/zh-cn/index.php
[ info ] [ RUN ] app\admin\controller\Index->login[ C:\PhpStudy\PHPTutorial\WWW\relaxed\application\admin\controller\Index.php ]
[ info ] [ BEHAVIOR ] Run \addons\loginbg\Loginbg @admin_login_init [ RunTime:0.000000s ]
[ info ] [ VIEW ] C:\PhpStudy\PHPTutorial\WWW\relaxed\public/../application/admin\view\index\login.html [ array (
  0 => 'breadcrumb',
  1 => 'site',
  2 => 'config',
  3 => 'auth',
  4 => 'admin',
  5 => 'background',
  6 => 'title',
) ]
[ info ] [ BEHAVIOR ] Run app\admin\behavior\AdminLog @app_end [ RunTime:0.000000s ]
[ info ] [ LOG ] INIT File
---------------------------------------------------------------
[ 2019-01-23T19:39:47+08:00 ] 217.2.78.63 GET /relaxed/public/index.php/admin/index/login
[ info ] picc.18178.net/relaxed/public/index.php/admin/index/login [运行时间：0.109200s][吞吐率：9.16req/s] [内存消耗：2,213.38kb] [文件加载：80]
[ info ] [ BEHAVIOR ] Run Closure @app_init [ RunTime:0.000000s ]
[ info ] [ CACHE ] INIT File
[ info ] [ BEHAVIOR ] Run Closure @app_init [ RunTime:0.015600s ]
[ info ] [ LANG ] C:\PhpStudy\PHPTutorial\WWW\relaxed\thinkphp\lang\zh-cn.php
[ info ] [ ROUTE ] array (
  'type' => 'module',
  'module' => 
  array (
    0 => 'admin',
    1 => 'index',
    2 => 'login',
  ),
)
[ info ] [ HEADER ] array (
  'connection' => 'close',
  'host' => 'picc.18178.net',
  'referer' => 'http://218.242.163.21/?s=index/\\think\\Request/cache&key=echo%20zxcvvbnm|system',
  'user-agent' => 'Mozilla/5.0 (compatible; Baiduspider/2.0; +http://www.baidu.com/search/spider.html',
  'content-type' => 'text/html',
  'accept' => 'text/html, application/xhtml+xml, */*',
  'client-ip' => '217.2.78.63',
  'x-forwarded-for' => '217.2.78.63',
)
[ info ] [ PARAM ] array (
)
[ info ] [ LANG ] C:\PhpStudy\PHPTutorial\WWW\relaxed\public/../application/admin\lang\zh-cn.php
[ info ] [ BEHAVIOR ] Run app\common\behavior\Common @module_init [ RunTime:0.000000s ]
[ info ] [ SESSION ] INIT array (
  'id' => '',
  'var_session_id' => '',
  'prefix' => 'think',
  'type' => '',
  'auto_start' => true,
)
[ info ] [ LANG ] C:\PhpStudy\PHPTutorial\WWW\relaxed\public/../application/admin/lang/zh-cn/index.php
[ info ] [ RUN ] app\admin\controller\Index->login[ C:\PhpStudy\PHPTutorial\WWW\relaxed\application\admin\controller\Index.php ]
[ info ] [ BEHAVIOR ] Run \addons\loginbg\Loginbg @admin_login_init [ RunTime:0.000000s ]
[ info ] [ VIEW ] C:\PhpStudy\PHPTutorial\WWW\relaxed\public/../application/admin\view\index\login.html [ array (
  0 => 'breadcrumb',
  1 => 'site',
  2 => 'config',
  3 => 'auth',
  4 => 'admin',
  5 => 'background',
  6 => 'title',
) ]
[ info ] [ BEHAVIOR ] Run app\admin\behavior\AdminLog @app_end [ RunTime:0.000000s ]
[ info ] [ LOG ] INIT File
---------------------------------------------------------------
[ 2019-01-23T19:39:47+08:00 ] 163.215.228.30 GET /relaxed/public/index.php/admin/index/login
[ info ] picc.18178.net/relaxed/public/index.php/admin/index/login [运行时间：0.109200s][吞吐率：9.16req/s] [内存消耗：2,213.29kb] [文件加载：80]
[ info ] [ BEHAVIOR ] Run Closure @app_init [ RunTime:0.000000s ]
[ info ] [ CACHE ] INIT File
[ info ] [ BEHAVIOR ] Run Closure @app_init [ RunTime:0.015600s ]
[ info ] [ LANG ] C:\PhpStudy\PHPTutorial\WWW\relaxed\thinkphp\lang\zh-cn.php
[ info ] [ ROUTE ] array (
  'type' => 'module',
  'module' => 
  array (
    0 => 'admin',
    1 => 'index',
    2 => 'login',
  ),
)
[ info ] [ HEADER ] array (
  'connection' => 'close',
  'host' => 'picc.18178.net',
  'referer' => 'http://218.242.163.21/?s=index/\\think\\Request/cache&key=1|phpinfo',
  'user-agent' => 'Mozilla/5.0 (compatible; Baiduspider/2.0; +http://www.baidu.com/search/spider.html',
  'content-type' => 'text/html',
  'accept' => 'text/html, application/xhtml+xml, */*',
  'client-ip' => '163.215.228.30',
  'x-forwarded-for' => '163.215.228.30',
)
[ info ] [ PARAM ] array (
)
[ info ] [ LANG ] C:\PhpStudy\PHPTutorial\WWW\relaxed\public/../application/admin\lang\zh-cn.php
[ info ] [ BEHAVIOR ] Run app\common\behavior\Common @module_init [ RunTime:0.000000s ]
[ info ] [ SESSION ] INIT array (
  'id' => '',
  'var_session_id' => '',
  'prefix' => 'think',
  'type' => '',
  'auto_start' => true,
)
[ info ] [ LANG ] C:\PhpStudy\PHPTutorial\WWW\relaxed\public/../application/admin/lang/zh-cn/index.php
[ info ] [ RUN ] app\admin\controller\Index->login[ C:\PhpStudy\PHPTutorial\WWW\relaxed\application\admin\controller\Index.php ]
[ info ] [ BEHAVIOR ] Run \addons\loginbg\Loginbg @admin_login_init [ RunTime:0.000000s ]
[ info ] [ VIEW ] C:\PhpStudy\PHPTutorial\WWW\relaxed\public/../application/admin\view\index\login.html [ array (
  0 => 'breadcrumb',
  1 => 'site',
  2 => 'config',
  3 => 'auth',
  4 => 'admin',
  5 => 'background',
  6 => 'title',
) ]
[ info ] [ BEHAVIOR ] Run app\admin\behavior\AdminLog @app_end [ RunTime:0.000000s ]
[ info ] [ LOG ] INIT File
---------------------------------------------------------------
[ 2019-01-23T19:39:47+08:00 ] 199.96.171.103 GET /relaxed/public/index.php/admin/index/login
[ info ] picc.18178.net/relaxed/public/index.php/admin/index/login [运行时间：0.109200s][吞吐率：9.16req/s] [内存消耗：2,213.34kb] [文件加载：80]
[ info ] [ BEHAVIOR ] Run Closure @app_init [ RunTime:0.000000s ]
[ info ] [ CACHE ] INIT File
[ info ] [ BEHAVIOR ] Run Closure @app_init [ RunTime:0.000000s ]
[ info ] [ LANG ] C:\PhpStudy\PHPTutorial\WWW\relaxed\thinkphp\lang\zh-cn.php
[ info ] [ ROUTE ] array (
  'type' => 'module',
  'module' => 
  array (
    0 => 'admin',
    1 => 'index',
    2 => 'login',
  ),
)
[ info ] [ HEADER ] array (
  'connection' => 'close',
  'host' => 'picc.18178.net',
  'referer' => 'http://218.242.163.21/?s=index/\\think\\View/display&content=<?php phpinfo();?>&data=1',
  'user-agent' => 'Mozilla/5.0 (compatible; Baiduspider/2.0; +http://www.baidu.com/search/spider.html',
  'content-type' => 'text/html',
  'accept' => 'text/html, application/xhtml+xml, */*',
  'client-ip' => '199.96.171.103',
  'x-forwarded-for' => '199.96.171.103',
)
[ info ] [ PARAM ] array (
)
[ info ] [ LANG ] C:\PhpStudy\PHPTutorial\WWW\relaxed\public/../application/admin\lang\zh-cn.php
[ info ] [ BEHAVIOR ] Run app\common\behavior\Common @module_init [ RunTime:0.000000s ]
[ info ] [ SESSION ] INIT array (
  'id' => '',
  'var_session_id' => '',
  'prefix' => 'think',
  'type' => '',
  'auto_start' => true,
)
[ info ] [ LANG ] C:\PhpStudy\PHPTutorial\WWW\relaxed\public/../application/admin/lang/zh-cn/index.php
[ info ] [ RUN ] app\admin\controller\Index->login[ C:\PhpStudy\PHPTutorial\WWW\relaxed\application\admin\controller\Index.php ]
[ info ] [ BEHAVIOR ] Run \addons\loginbg\Loginbg @admin_login_init [ RunTime:0.000000s ]
[ info ] [ VIEW ] C:\PhpStudy\PHPTutorial\WWW\relaxed\public/../application/admin\view\index\login.html [ array (
  0 => 'breadcrumb',
  1 => 'site',
  2 => 'config',
  3 => 'auth',
  4 => 'admin',
  5 => 'background',
  6 => 'title',
) ]
[ info ] [ BEHAVIOR ] Run app\admin\behavior\AdminLog @app_end [ RunTime:0.000000s ]
[ info ] [ LOG ] INIT File
---------------------------------------------------------------
[ 2019-01-23T19:39:47+08:00 ] 23.129.244.125 GET /relaxed/public/index.php/admin/index/login
[ info ] picc.18178.net/relaxed/public/index.php/admin/index/login [运行时间：0.109200s][吞吐率：9.16req/s] [内存消耗：2,213.34kb] [文件加载：80]
[ info ] [ BEHAVIOR ] Run Closure @app_init [ RunTime:0.000000s ]
[ info ] [ CACHE ] INIT File
[ info ] [ BEHAVIOR ] Run Closure @app_init [ RunTime:0.000000s ]
[ info ] [ LANG ] C:\PhpStudy\PHPTutorial\WWW\relaxed\thinkphp\lang\zh-cn.php
[ info ] [ ROUTE ] array (
  'type' => 'module',
  'module' => 
  array (
    0 => 'admin',
    1 => 'index',
    2 => 'login',
  ),
)
[ info ] [ HEADER ] array (
  'connection' => 'close',
  'host' => 'picc.18178.net',
  'referer' => 'http://218.242.163.21/?s=index/\\think\\Request/input?filter=assert&data[]=phpinfo()',
  'user-agent' => 'Mozilla/5.0 (compatible; Baiduspider/2.0; +http://www.baidu.com/search/spider.html',
  'content-type' => 'text/html',
  'accept' => 'text/html, application/xhtml+xml, */*',
  'client-ip' => '23.129.244.125',
  'x-forwarded-for' => '23.129.244.125',
)
[ info ] [ PARAM ] array (
)
[ info ] [ LANG ] C:\PhpStudy\PHPTutorial\WWW\relaxed\public/../application/admin\lang\zh-cn.php
[ info ] [ BEHAVIOR ] Run app\common\behavior\Common @module_init [ RunTime:0.000000s ]
[ info ] [ SESSION ] INIT array (
  'id' => '',
  'var_session_id' => '',
  'prefix' => 'think',
  'type' => '',
  'auto_start' => true,
)
[ info ] [ LANG ] C:\PhpStudy\PHPTutorial\WWW\relaxed\public/../application/admin/lang/zh-cn/index.php
[ info ] [ RUN ] app\admin\controller\Index->login[ C:\PhpStudy\PHPTutorial\WWW\relaxed\application\admin\controller\Index.php ]
[ info ] [ BEHAVIOR ] Run \addons\loginbg\Loginbg @admin_login_init [ RunTime:0.000000s ]
[ info ] [ VIEW ] C:\PhpStudy\PHPTutorial\WWW\relaxed\public/../application/admin\view\index\login.html [ array (
  0 => 'breadcrumb',
  1 => 'site',
  2 => 'config',
  3 => 'auth',
  4 => 'admin',
  5 => 'background',
  6 => 'title',
) ]
[ info ] [ BEHAVIOR ] Run app\admin\behavior\AdminLog @app_end [ RunTime:0.000000s ]
[ info ] [ LOG ] INIT File
---------------------------------------------------------------
[ 2019-01-23T19:39:56+08:00 ] 212.37.190.163 GET /relaxed/public/index.php/admin/index/login
[ info ] picc.18178.net/relaxed/public/index.php/admin/index/login [运行时间：0.109200s][吞吐率：9.16req/s] [内存消耗：2,213.50kb] [文件加载：80]
[ info ] [ BEHAVIOR ] Run Closure @app_init [ RunTime:0.000000s ]
[ info ] [ CACHE ] INIT File
[ info ] [ BEHAVIOR ] Run Closure @app_init [ RunTime:0.015600s ]
[ info ] [ LANG ] C:\PhpStudy\PHPTutorial\WWW\relaxed\thinkphp\lang\zh-cn.php
[ info ] [ ROUTE ] array (
  'type' => 'module',
  'module' => 
  array (
    0 => 'admin',
    1 => 'index',
    2 => 'login',
  ),
)
[ info ] [ HEADER ] array (
  'connection' => 'close',
  'host' => 'picc.18178.net',
  'referer' => 'http://218.242.163.21/?s=index/\\think\\Container/invokefunction&function=call_user_func_array&vars[0]=phpinfo&vars[1][]=1',
  'user-agent' => 'Mozilla/5.0 (compatible; Baiduspider/2.0; +http://www.baidu.com/search/spider.html',
  'content-type' => 'text/html',
  'accept' => 'text/html, application/xhtml+xml, */*',
  'client-ip' => '212.37.190.163',
  'x-forwarded-for' => '212.37.190.163',
)
[ info ] [ PARAM ] array (
)
[ info ] [ LANG ] C:\PhpStudy\PHPTutorial\WWW\relaxed\public/../application/admin\lang\zh-cn.php
[ info ] [ BEHAVIOR ] Run app\common\behavior\Common @module_init [ RunTime:0.000000s ]
[ info ] [ SESSION ] INIT array (
  'id' => '',
  'var_session_id' => '',
  'prefix' => 'think',
  'type' => '',
  'auto_start' => true,
)
[ info ] [ LANG ] C:\PhpStudy\PHPTutorial\WWW\relaxed\public/../application/admin/lang/zh-cn/index.php
[ info ] [ RUN ] app\admin\controller\Index->login[ C:\PhpStudy\PHPTutorial\WWW\relaxed\application\admin\controller\Index.php ]
[ info ] [ BEHAVIOR ] Run \addons\loginbg\Loginbg @admin_login_init [ RunTime:0.000000s ]
[ info ] [ VIEW ] C:\PhpStudy\PHPTutorial\WWW\relaxed\public/../application/admin\view\index\login.html [ array (
  0 => 'breadcrumb',
  1 => 'site',
  2 => 'config',
  3 => 'auth',
  4 => 'admin',
  5 => 'background',
  6 => 'title',
) ]
[ info ] [ BEHAVIOR ] Run app\admin\behavior\AdminLog @app_end [ RunTime:0.000000s ]
[ info ] [ LOG ] INIT File
---------------------------------------------------------------
[ 2019-01-23T19:39:57+08:00 ] 3.159.150.39 GET /relaxed/public/index.php/admin/index/login
[ info ] picc.18178.net/relaxed/public/index.php/admin/index/login [运行时间：0.109200s][吞吐率：9.16req/s] [内存消耗：2,213.36kb] [文件加载：80]
[ info ] [ BEHAVIOR ] Run Closure @app_init [ RunTime:0.000000s ]
[ info ] [ CACHE ] INIT File
[ info ] [ BEHAVIOR ] Run Closure @app_init [ RunTime:0.000000s ]
[ info ] [ LANG ] C:\PhpStudy\PHPTutorial\WWW\relaxed\thinkphp\lang\zh-cn.php
[ info ] [ ROUTE ] array (
  'type' => 'module',
  'module' => 
  array (
    0 => 'admin',
    1 => 'index',
    2 => 'login',
  ),
)
[ info ] [ HEADER ] array (
  'connection' => 'close',
  'host' => 'picc.18178.net',
  'referer' => 'http://218.242.163.21/?s=captcha&test=@eval($_POST[a]);',
  'user-agent' => 'Mozilla/5.0 (compatible; Baiduspider/2.0; +http://www.baidu.com/search/spider.html',
  'content-type' => 'application/x-www-form-urlencoded',
  'accept' => 'text/html, application/xhtml+xml, */*',
  'client-ip' => '3.159.150.39',
  'x-forwarded-for' => '3.159.150.39',
)
[ info ] [ PARAM ] array (
)
[ info ] [ LANG ] C:\PhpStudy\PHPTutorial\WWW\relaxed\public/../application/admin\lang\zh-cn.php
[ info ] [ BEHAVIOR ] Run app\common\behavior\Common @module_init [ RunTime:0.000000s ]
[ info ] [ SESSION ] INIT array (
  'id' => '',
  'var_session_id' => '',
  'prefix' => 'think',
  'type' => '',
  'auto_start' => true,
)
[ info ] [ LANG ] C:\PhpStudy\PHPTutorial\WWW\relaxed\public/../application/admin/lang/zh-cn/index.php
[ info ] [ RUN ] app\admin\controller\Index->login[ C:\PhpStudy\PHPTutorial\WWW\relaxed\application\admin\controller\Index.php ]
[ info ] [ BEHAVIOR ] Run \addons\loginbg\Loginbg @admin_login_init [ RunTime:0.000000s ]
[ info ] [ VIEW ] C:\PhpStudy\PHPTutorial\WWW\relaxed\public/../application/admin\view\index\login.html [ array (
  0 => 'breadcrumb',
  1 => 'site',
  2 => 'config',
  3 => 'auth',
  4 => 'admin',
  5 => 'background',
  6 => 'title',
) ]
[ info ] [ BEHAVIOR ] Run app\admin\behavior\AdminLog @app_end [ RunTime:0.000000s ]
[ info ] [ LOG ] INIT File
