---------------------------------------------------------------
[ 2018-12-17T11:16:03+08:00 ] 218.242.161.178 GET /relaxed/public/index.php/api/content/games
[ info ] picc.18178.net/relaxed/public/index.php/api/content/games [运行时间：0.233014s][吞吐率：4.29req/s] [内存消耗：2,462.58kb] [文件加载：74]
[ info ] [ BEHAVIOR ] Run Closure @app_init [ RunTime:0.001000s ]
[ info ] [ CACHE ] INIT File
[ info ] [ BEHAVIOR ] Run Closure @app_init [ RunTime:0.010000s ]
[ info ] [ LANG ] C:\PhpStudy\PHPTutorial\WWW\relaxed\thinkphp\lang\zh-cn.php
[ info ] [ ROUTE ] array (
  'type' => 'module',
  'module' => 
  array (
    0 => 'api',
    1 => 'content',
    2 => 'games',
  ),
)
[ info ] [ HEADER ] array (
  'accept-encoding' => 'br, gzip, deflate',
  'accept-language' => 'zh-cn',
  'referer' => 'https://servicewechat.com/wxc89d469693cad993/0/page-frame.html',
  'user-agent' => 'Mozilla/5.0 (iPhone; CPU iPhone OS 12_1 like Mac OS X) AppleWebKit/605.1.15 (KHTML, like Gecko) Mobile/16B92 MicroMessenger/6.7.4(0x1607042c) NetType/WIFI Language/zh_CN',
  'accept' => '*/*',
  'connection' => 'close',
  'content-type' => 'application/json',
  'host' => 'picc.18178.net',
)
[ info ] [ PARAM ] array (
)
[ info ] [ LANG ] C:\PhpStudy\PHPTutorial\WWW\relaxed\public/../application/api\lang\zh-cn.php
[ info ] [ BEHAVIOR ] Run app\common\behavior\Common @module_init [ RunTime:0.002000s ]
[ info ] [ RUN ] app\api\controller\Content->games[ C:\PhpStudy\PHPTutorial\WWW\relaxed\application\api\controller\Content.php ]
[ info ] [ DB ] INIT mysql
[ info ] [ LOG ] INIT File
[ sql ] [ DB ] CONNECT:[ UseTime:0.028001s ] mysql:host=sh-cdb-mwf0h7ig.sql.tencentcdb.com;port=62879;dbname=relaxed;charset=utf8
[ sql ] [ SQL ] SHOW COLUMNS FROM `fa_games` [ RunTime:0.013001s ]
[ sql ] [ SQL ] SELECT `image`,`title`,`desc`,`appid` FROM `fa_games` WHERE  `status` = 'normal' ORDER BY `weigh` DESC [ RunTime:0.013001s ]
---------------------------------------------------------------
[ 2018-12-17T11:16:03+08:00 ] 218.242.161.178 GET /relaxed/public/index.php/api/content/slideshow
[ info ] picc.18178.net/relaxed/public/index.php/api/content/slideshow [运行时间：0.366021s][吞吐率：2.73req/s] [内存消耗：2,460.23kb] [文件加载：74]
[ info ] [ BEHAVIOR ] Run Closure @app_init [ RunTime:0.000000s ]
[ info ] [ CACHE ] INIT File
[ info ] [ BEHAVIOR ] Run Closure @app_init [ RunTime:0.032002s ]
[ info ] [ LANG ] C:\PhpStudy\PHPTutorial\WWW\relaxed\thinkphp\lang\zh-cn.php
[ info ] [ ROUTE ] array (
  'type' => 'module',
  'module' => 
  array (
    0 => 'api',
    1 => 'content',
    2 => 'slideshow',
  ),
)
[ info ] [ HEADER ] array (
  'accept-encoding' => 'br, gzip, deflate',
  'accept-language' => 'zh-cn',
  'referer' => 'https://servicewechat.com/wxc89d469693cad993/0/page-frame.html',
  'user-agent' => 'Mozilla/5.0 (iPhone; CPU iPhone OS 12_1 like Mac OS X) AppleWebKit/605.1.15 (KHTML, like Gecko) Mobile/16B92 MicroMessenger/6.7.4(0x1607042c) NetType/WIFI Language/zh_CN',
  'accept' => '*/*',
  'connection' => 'close',
  'content-type' => 'application/json',
  'host' => 'picc.18178.net',
)
[ info ] [ PARAM ] array (
)
[ info ] [ LANG ] C:\PhpStudy\PHPTutorial\WWW\relaxed\public/../application/api\lang\zh-cn.php
[ info ] [ BEHAVIOR ] Run app\common\behavior\Common @module_init [ RunTime:0.003000s ]
[ info ] [ RUN ] app\api\controller\Content->slideshow[ C:\PhpStudy\PHPTutorial\WWW\relaxed\application\api\controller\Content.php ]
[ info ] [ DB ] INIT mysql
[ info ] [ LOG ] INIT File
[ sql ] [ DB ] CONNECT:[ UseTime:0.136008s ] mysql:host=sh-cdb-mwf0h7ig.sql.tencentcdb.com;port=62879;dbname=relaxed;charset=utf8
[ sql ] [ SQL ] SHOW COLUMNS FROM `fa_gslideshow` [ RunTime:0.019001s ]
[ sql ] [ SQL ] SELECT `image`,`url` FROM `fa_gslideshow` WHERE  `status` = 'normal' [ RunTime:0.017001s ]
---------------------------------------------------------------
[ 2018-12-17T11:16:03+08:00 ] 218.242.161.178 GET /relaxed/public/index.php/api/content/activity
[ info ] picc.18178.net/relaxed/public/index.php/api/content/activity [运行时间：0.342020s][吞吐率：2.92req/s] [内存消耗：2,463.18kb] [文件加载：74]
[ info ] [ BEHAVIOR ] Run Closure @app_init [ RunTime:0.000000s ]
[ info ] [ CACHE ] INIT File
[ info ] [ BEHAVIOR ] Run Closure @app_init [ RunTime:0.014001s ]
[ info ] [ LANG ] C:\PhpStudy\PHPTutorial\WWW\relaxed\thinkphp\lang\zh-cn.php
[ info ] [ ROUTE ] array (
  'type' => 'module',
  'module' => 
  array (
    0 => 'api',
    1 => 'content',
    2 => 'activity',
  ),
)
[ info ] [ HEADER ] array (
  'accept-encoding' => 'br, gzip, deflate',
  'accept-language' => 'zh-cn',
  'referer' => 'https://servicewechat.com/wxc89d469693cad993/0/page-frame.html',
  'user-agent' => 'Mozilla/5.0 (iPhone; CPU iPhone OS 12_1 like Mac OS X) AppleWebKit/605.1.15 (KHTML, like Gecko) Mobile/16B92 MicroMessenger/6.7.4(0x1607042c) NetType/WIFI Language/zh_CN',
  'accept' => '*/*',
  'connection' => 'close',
  'content-type' => 'application/json',
  'host' => 'picc.18178.net',
)
[ info ] [ PARAM ] array (
)
[ info ] [ LANG ] C:\PhpStudy\PHPTutorial\WWW\relaxed\public/../application/api\lang\zh-cn.php
[ info ] [ BEHAVIOR ] Run app\common\behavior\Common @module_init [ RunTime:0.015001s ]
[ info ] [ RUN ] app\api\controller\Content->activity[ C:\PhpStudy\PHPTutorial\WWW\relaxed\application\api\controller\Content.php ]
[ info ] [ DB ] INIT mysql
[ info ] [ LOG ] INIT File
[ sql ] [ DB ] CONNECT:[ UseTime:0.153009s ] mysql:host=sh-cdb-mwf0h7ig.sql.tencentcdb.com;port=62879;dbname=relaxed;charset=utf8
[ sql ] [ SQL ] SHOW COLUMNS FROM `fa_activity` [ RunTime:0.015001s ]
[ sql ] [ SQL ] SELECT `id`,`image`,`title`,`desc`,`url` FROM `fa_activity` WHERE  `status` = 'normal' ORDER BY `weigh` DESC [ RunTime:0.015001s ]
---------------------------------------------------------------
[ 2018-12-17T11:16:03+08:00 ] 218.242.161.178 POST /relaxed/public/index.php/api/content/shangpin
[ info ] picc.18178.net/relaxed/public/index.php/api/content/shangpin [运行时间：0.281016s][吞吐率：3.56req/s] [内存消耗：2,464.25kb] [文件加载：74]
[ info ] [ BEHAVIOR ] Run Closure @app_init [ RunTime:0.001000s ]
[ info ] [ CACHE ] INIT File
[ info ] [ BEHAVIOR ] Run Closure @app_init [ RunTime:0.009001s ]
[ info ] [ LANG ] C:\PhpStudy\PHPTutorial\WWW\relaxed\thinkphp\lang\zh-cn.php
[ info ] [ ROUTE ] array (
  'type' => 'module',
  'module' => 
  array (
    0 => 'api',
    1 => 'content',
    2 => 'shangpin',
  ),
)
[ info ] [ HEADER ] array (
  'accept-language' => 'zh-cn',
  'content-length' => '2',
  'referer' => 'https://servicewechat.com/wxc89d469693cad993/0/page-frame.html',
  'user-agent' => 'Mozilla/5.0 (iPhone; CPU iPhone OS 12_1 like Mac OS X) AppleWebKit/605.1.15 (KHTML, like Gecko) Mobile/16B92 MicroMessenger/6.7.4(0x1607042c) NetType/WIFI Language/zh_CN',
  'accept' => '*/*',
  'connection' => 'close',
  'accept-encoding' => 'br, gzip, deflate',
  'content-type' => 'application/json',
  'host' => 'picc.18178.net',
)
[ info ] [ PARAM ] array (
)
[ info ] [ LANG ] C:\PhpStudy\PHPTutorial\WWW\relaxed\public/../application/api\lang\zh-cn.php
[ info ] [ BEHAVIOR ] Run app\common\behavior\Common @module_init [ RunTime:0.002000s ]
[ info ] [ RUN ] app\api\controller\Content->shangpin[ C:\PhpStudy\PHPTutorial\WWW\relaxed\application\api\controller\Content.php ]
[ info ] [ DB ] INIT mysql
[ info ] [ LOG ] INIT File
[ sql ] [ DB ] CONNECT:[ UseTime:0.060003s ] mysql:host=sh-cdb-mwf0h7ig.sql.tencentcdb.com;port=62879;dbname=relaxed;charset=utf8
[ sql ] [ SQL ] SHOW COLUMNS FROM `fa_turntable` [ RunTime:0.021001s ]
[ sql ] [ SQL ] SELECT * FROM `fa_turntable` [ RunTime:0.022001s ]
---------------------------------------------------------------
[ 2018-12-17T11:16:03+08:00 ] 218.242.161.178 POST /relaxed/public/index.php/api/userinfo/affiche
[ info ] picc.18178.net/relaxed/public/index.php/api/userinfo/affiche [运行时间：0.393023s][吞吐率：2.54req/s] [内存消耗：2,461.23kb] [文件加载：76]
[ info ] [ BEHAVIOR ] Run Closure @app_init [ RunTime:0.000000s ]
[ info ] [ CACHE ] INIT File
[ info ] [ BEHAVIOR ] Run Closure @app_init [ RunTime:0.023001s ]
[ info ] [ LANG ] C:\PhpStudy\PHPTutorial\WWW\relaxed\thinkphp\lang\zh-cn.php
[ info ] [ ROUTE ] array (
  'type' => 'module',
  'module' => 
  array (
    0 => 'api',
    1 => 'userinfo',
    2 => 'affiche',
  ),
)
[ info ] [ HEADER ] array (
  'accept-language' => 'zh-cn',
  'content-length' => '2',
  'referer' => 'https://servicewechat.com/wxc89d469693cad993/0/page-frame.html',
  'user-agent' => 'Mozilla/5.0 (iPhone; CPU iPhone OS 12_1 like Mac OS X) AppleWebKit/605.1.15 (KHTML, like Gecko) Mobile/16B92 MicroMessenger/6.7.4(0x1607042c) NetType/WIFI Language/zh_CN',
  'accept' => '*/*',
  'connection' => 'close',
  'accept-encoding' => 'br, gzip, deflate',
  'content-type' => 'application/json',
  'host' => 'picc.18178.net',
)
[ info ] [ PARAM ] array (
)
[ info ] [ LANG ] C:\PhpStudy\PHPTutorial\WWW\relaxed\public/../application/api\lang\zh-cn.php
[ info ] [ BEHAVIOR ] Run app\common\behavior\Common @module_init [ RunTime:0.006001s ]
[ info ] [ RUN ] app\api\controller\Userinfo->affiche[ C:\PhpStudy\PHPTutorial\WWW\relaxed\application\api\controller\Userinfo.php ]
[ info ] [ DB ] INIT mysql
[ info ] [ LOG ] INIT File
[ sql ] [ DB ] CONNECT:[ UseTime:0.081004s ] mysql:host=sh-cdb-mwf0h7ig.sql.tencentcdb.com;port=62879;dbname=relaxed;charset=utf8
[ sql ] [ SQL ] SHOW COLUMNS FROM `fa_affiche` [ RunTime:0.017001s ]
[ sql ] [ SQL ] SELECT `content` FROM `fa_affiche` [ RunTime:0.016001s ]
[ sql ] [ SQL ] SHOW COLUMNS FROM `fa_turntable` [ RunTime:0.017001s ]
[ sql ] [ SQL ] SELECT `name` FROM `fa_turntable` WHERE  `name` <> '谢谢参与' [ RunTime:0.017001s ]
---------------------------------------------------------------
[ 2018-12-17T11:16:03+08:00 ] 218.242.161.178 POST /relaxed/public/index.php/api/content/turndesc
[ info ] picc.18178.net/relaxed/public/index.php/api/content/turndesc [运行时间：0.217012s][吞吐率：4.61req/s] [内存消耗：2,457.78kb] [文件加载：74]
[ info ] [ BEHAVIOR ] Run Closure @app_init [ RunTime:0.000000s ]
[ info ] [ CACHE ] INIT File
[ info ] [ BEHAVIOR ] Run Closure @app_init [ RunTime:0.009000s ]
[ info ] [ LANG ] C:\PhpStudy\PHPTutorial\WWW\relaxed\thinkphp\lang\zh-cn.php
[ info ] [ ROUTE ] array (
  'type' => 'module',
  'module' => 
  array (
    0 => 'api',
    1 => 'content',
    2 => 'turndesc',
  ),
)
[ info ] [ HEADER ] array (
  'accept-language' => 'zh-cn',
  'content-length' => '2',
  'referer' => 'https://servicewechat.com/wxc89d469693cad993/0/page-frame.html',
  'user-agent' => 'Mozilla/5.0 (iPhone; CPU iPhone OS 12_1 like Mac OS X) AppleWebKit/605.1.15 (KHTML, like Gecko) Mobile/16B92 MicroMessenger/6.7.4(0x1607042c) NetType/WIFI Language/zh_CN',
  'accept' => '*/*',
  'connection' => 'close',
  'accept-encoding' => 'br, gzip, deflate',
  'content-type' => 'application/json',
  'host' => 'picc.18178.net',
)
[ info ] [ PARAM ] array (
)
[ info ] [ LANG ] C:\PhpStudy\PHPTutorial\WWW\relaxed\public/../application/api\lang\zh-cn.php
[ info ] [ BEHAVIOR ] Run app\common\behavior\Common @module_init [ RunTime:0.002000s ]
[ info ] [ RUN ] app\api\controller\Content->turndesc[ C:\PhpStudy\PHPTutorial\WWW\relaxed\application\api\controller\Content.php ]
[ info ] [ DB ] INIT mysql
[ info ] [ LOG ] INIT File
[ sql ] [ DB ] CONNECT:[ UseTime:0.044003s ] mysql:host=sh-cdb-mwf0h7ig.sql.tencentcdb.com;port=62879;dbname=relaxed;charset=utf8
[ sql ] [ SQL ] SHOW COLUMNS FROM `fa_turndesc` [ RunTime:0.016001s ]
[ sql ] [ SQL ] SELECT * FROM `fa_turndesc` LIMIT 1 [ RunTime:0.015001s ]
---------------------------------------------------------------
[ 2018-12-17T11:16:03+08:00 ] 218.242.161.178 GET /relaxed/public/index.php/api/content/usergift
[ info ] picc.18178.net/relaxed/public/index.php/api/content/usergift [运行时间：0.190010s][吞吐率：5.26req/s] [内存消耗：2,458.77kb] [文件加载：74]
[ info ] [ BEHAVIOR ] Run Closure @app_init [ RunTime:0.000000s ]
[ info ] [ CACHE ] INIT File
[ info ] [ BEHAVIOR ] Run Closure @app_init [ RunTime:0.011001s ]
[ info ] [ LANG ] C:\PhpStudy\PHPTutorial\WWW\relaxed\thinkphp\lang\zh-cn.php
[ info ] [ ROUTE ] array (
  'type' => 'module',
  'module' => 
  array (
    0 => 'api',
    1 => 'content',
    2 => 'usergift',
  ),
)
[ info ] [ HEADER ] array (
  'accept-encoding' => 'br, gzip, deflate',
  'accept-language' => 'zh-cn',
  'referer' => 'https://servicewechat.com/wxc89d469693cad993/0/page-frame.html',
  'user-agent' => 'Mozilla/5.0 (iPhone; CPU iPhone OS 12_1 like Mac OS X) AppleWebKit/605.1.15 (KHTML, like Gecko) Mobile/16B92 MicroMessenger/6.7.4(0x1607042c) NetType/WIFI Language/zh_CN',
  'accept' => '*/*',
  'connection' => 'close',
  'content-type' => 'application/json',
  'host' => 'picc.18178.net',
)
[ info ] [ PARAM ] array (
)
[ info ] [ LANG ] C:\PhpStudy\PHPTutorial\WWW\relaxed\public/../application/api\lang\zh-cn.php
[ info ] [ BEHAVIOR ] Run app\common\behavior\Common @module_init [ RunTime:0.003001s ]
[ info ] [ RUN ] app\api\controller\Content->usergift[ C:\PhpStudy\PHPTutorial\WWW\relaxed\application\api\controller\Content.php ]
[ info ] [ DB ] INIT mysql
[ info ] [ LOG ] INIT File
[ sql ] [ DB ] CONNECT:[ UseTime:0.027001s ] mysql:host=sh-cdb-mwf0h7ig.sql.tencentcdb.com;port=62879;dbname=relaxed;charset=utf8
[ sql ] [ SQL ] SHOW COLUMNS FROM `fa_usergift` [ RunTime:0.014001s ]
[ sql ] [ SQL ] SELECT `image`,`images`,`title` FROM `fa_usergift` LIMIT 1 [ RunTime:0.013001s ]
---------------------------------------------------------------
[ 2018-12-17T11:16:03+08:00 ] 218.242.161.178 GET /relaxed/public/index.php/api/content/expiretime
[ info ] picc.18178.net/relaxed/public/index.php/api/content/expiretime [运行时间：0.221013s][吞吐率：4.52req/s] [内存消耗：2,456.30kb] [文件加载：72]
[ info ] [ BEHAVIOR ] Run Closure @app_init [ RunTime:0.000000s ]
[ info ] [ CACHE ] INIT File
[ info ] [ BEHAVIOR ] Run Closure @app_init [ RunTime:0.009001s ]
[ info ] [ LANG ] C:\PhpStudy\PHPTutorial\WWW\relaxed\thinkphp\lang\zh-cn.php
[ info ] [ ROUTE ] array (
  'type' => 'module',
  'module' => 
  array (
    0 => 'api',
    1 => 'content',
    2 => 'expiretime',
  ),
)
[ info ] [ HEADER ] array (
  'accept-encoding' => 'br, gzip, deflate',
  'accept-language' => 'zh-cn',
  'referer' => 'https://servicewechat.com/wxc89d469693cad993/0/page-frame.html',
  'user-agent' => 'Mozilla/5.0 (iPhone; CPU iPhone OS 12_1 like Mac OS X) AppleWebKit/605.1.15 (KHTML, like Gecko) Mobile/16B92 MicroMessenger/6.7.4(0x1607042c) NetType/WIFI Language/zh_CN',
  'accept' => '*/*',
  'connection' => 'close',
  'content-type' => 'application/json',
  'host' => 'picc.18178.net',
)
[ info ] [ PARAM ] array (
)
[ info ] [ LANG ] C:\PhpStudy\PHPTutorial\WWW\relaxed\public/../application/api\lang\zh-cn.php
[ info ] [ BEHAVIOR ] Run app\common\behavior\Common @module_init [ RunTime:0.002000s ]
[ info ] [ RUN ] app\api\controller\Content->expiretime[ C:\PhpStudy\PHPTutorial\WWW\relaxed\application\api\controller\Content.php ]
[ info ] [ DB ] INIT mysql
[ info ] [ LOG ] INIT File
[ sql ] [ DB ] CONNECT:[ UseTime:0.037002s ] mysql:host=sh-cdb-mwf0h7ig.sql.tencentcdb.com;port=62879;dbname=relaxed;charset=utf8
[ sql ] [ SQL ] SHOW COLUMNS FROM `fa_conversion` [ RunTime:0.021001s ]
[ sql ] [ SQL ] SELECT * FROM `fa_conversion` WHERE  `status` = '未使用' [ RunTime:0.021001s ]
---------------------------------------------------------------
[ 2018-12-17T11:16:04+08:00 ] 218.242.161.178 POST /relaxed/public/index.php/api/userinfo/index
[ info ] picc.18178.net/relaxed/public/index.php/api/userinfo/index [运行时间：1.467084s][吞吐率：0.68req/s] [内存消耗：2,466.06kb] [文件加载：76]
[ info ] [ BEHAVIOR ] Run Closure @app_init [ RunTime:0.000000s ]
[ info ] [ CACHE ] INIT File
[ info ] [ BEHAVIOR ] Run Closure @app_init [ RunTime:0.009001s ]
[ info ] [ LANG ] C:\PhpStudy\PHPTutorial\WWW\relaxed\thinkphp\lang\zh-cn.php
[ info ] [ ROUTE ] array (
  'type' => 'module',
  'module' => 
  array (
    0 => 'api',
    1 => 'userinfo',
    2 => 'index',
  ),
)
[ info ] [ HEADER ] array (
  'accept-language' => 'zh-cn',
  'content-length' => '43',
  'referer' => 'https://servicewechat.com/wxc89d469693cad993/0/page-frame.html',
  'user-agent' => 'Mozilla/5.0 (iPhone; CPU iPhone OS 12_1 like Mac OS X) AppleWebKit/605.1.15 (KHTML, like Gecko) Mobile/16B92 MicroMessenger/6.7.4(0x1607042c) NetType/WIFI Language/zh_CN',
  'accept' => '*/*',
  'connection' => 'close',
  'accept-encoding' => 'br, gzip, deflate',
  'content-type' => 'application/json',
  'host' => 'picc.18178.net',
)
[ info ] [ PARAM ] array (
  'code' => '0115gnR521W8yQ0anbP52F8XQ525gnRM',
)
[ info ] [ LANG ] C:\PhpStudy\PHPTutorial\WWW\relaxed\public/../application/api\lang\zh-cn.php
[ info ] [ BEHAVIOR ] Run app\common\behavior\Common @module_init [ RunTime:0.002000s ]
[ info ] [ RUN ] app\api\controller\Userinfo->index[ C:\PhpStudy\PHPTutorial\WWW\relaxed\application\api\controller\Userinfo.php ]
[ info ] [ DB ] INIT mysql
[ info ] [ LOG ] INIT File
[ sql ] [ DB ] CONNECT:[ UseTime:0.029001s ] mysql:host=sh-cdb-mwf0h7ig.sql.tencentcdb.com;port=62879;dbname=relaxed;charset=utf8
[ sql ] [ SQL ] SHOW COLUMNS FROM `fa_user` [ RunTime:0.019001s ]
[ sql ] [ SQL ] SELECT `uid`,`openid` FROM `fa_user` WHERE  `openid` = 'o7G-45dxv8ma59yc-1_LlDIZI3ng' LIMIT 1 [ RunTime:0.020001s ]
---------------------------------------------------------------
[ 2018-12-17T11:16:05+08:00 ] 218.242.161.178 POST /relaxed/public/index.php/api/userinfo/login
[ info ] picc.18178.net/relaxed/public/index.php/api/userinfo/login [运行时间：0.197011s][吞吐率：5.08req/s] [内存消耗：2,476.80kb] [文件加载：76]
[ info ] [ BEHAVIOR ] Run Closure @app_init [ RunTime:0.000000s ]
[ info ] [ CACHE ] INIT File
[ info ] [ BEHAVIOR ] Run Closure @app_init [ RunTime:0.008000s ]
[ info ] [ LANG ] C:\PhpStudy\PHPTutorial\WWW\relaxed\thinkphp\lang\zh-cn.php
[ info ] [ ROUTE ] array (
  'type' => 'module',
  'module' => 
  array (
    0 => 'api',
    1 => 'userinfo',
    2 => 'login',
  ),
)
[ info ] [ HEADER ] array (
  'accept-language' => 'zh-cn',
  'content-length' => '814',
  'referer' => 'https://servicewechat.com/wxc89d469693cad993/0/page-frame.html',
  'user-agent' => 'Mozilla/5.0 (iPhone; CPU iPhone OS 12_1 like Mac OS X) AppleWebKit/605.1.15 (KHTML, like Gecko) Mobile/16B92 MicroMessenger/6.7.4(0x1607042c) NetType/WIFI Language/zh_CN',
  'accept' => '*/*',
  'connection' => 'close',
  'accept-encoding' => 'br, gzip, deflate',
  'content-type' => 'application/json',
  'host' => 'picc.18178.net',
)
[ info ] [ PARAM ] array (
  'sessionkey' => 'mZOY8+UBgTAb0hju495QyQ==',
  'encryptedData' => 'ITMGwy0MgVLEvv+JR7VAe1ukBZcIuOQBWaJ15nqvp58v7dCDdTTed/fgnI5Q8AqYhWZM2R7vaTRqY7rCf9Q5a0ME9p/1vDs/RbRq0WZMJ/yQFWhTGMZHle531aOeuRQ/3K2/2FAiJc6qhdmknG6275uj+4AAT67NfdyDEo1Aw/gkDvj/Y6yr5Zr9J0VFeg/HoDZQwwKy0dZwf4UTWIGPuKIZs26B1uRNwU9YQ+Ftn/bOg3177ktZhATLhS4mpUQzjyOGLqb1Zw5EAH53Al58aKl8dUwsnZYS+Ul4esOKtOWFs2KqjV2hMQkCyOX+7/3OtWlZOux4tUa/ztS+FzJrRHBU5TN+pgpIXXW+1NNEbnnBrQczGaPTpoWg/bfi8siWfAD9SpTELLqOy96946jwL4o8iH/X6/5fcwxUY2mJs16+JgzlfcfBYoau3KWMTDAtNe0gZdlYGEWWFrpZh0hmXiuzYCboScoiC2yLGCTM59hhR4NGI3uEmVwPYXGbXlpOr9JZ84mVaMLChte9cEUH9A==',
  'iv' => 'bhsYiQX8qgzJ0tDU5o9I/w==',
  'nickName' => 'Z z d.',
  'avatarUrl' => 'https://wx.qlogo.cn/mmopen/vi_32/Q0j4TwGTfTKCDXicHPrPYheaP1omT8GR9xeoN0LAFKRqB8FkqQdRT77Q0ruBr6M8W7X8vMweWazic8EwsicYzgJgw/132',
  'uid' => 1000010,
  'gender' => 1,
)
[ info ] [ LANG ] C:\PhpStudy\PHPTutorial\WWW\relaxed\public/../application/api\lang\zh-cn.php
[ info ] [ BEHAVIOR ] Run app\common\behavior\Common @module_init [ RunTime:0.001001s ]
[ info ] [ RUN ] app\api\controller\Userinfo->login[ C:\PhpStudy\PHPTutorial\WWW\relaxed\application\api\controller\Userinfo.php ]
[ info ] [ DB ] INIT mysql
[ info ] [ LOG ] INIT File
[ sql ] [ DB ] CONNECT:[ UseTime:0.028001s ] mysql:host=sh-cdb-mwf0h7ig.sql.tencentcdb.com;port=62879;dbname=relaxed;charset=utf8
[ sql ] [ SQL ] SHOW COLUMNS FROM `fa_user` [ RunTime:0.020001s ]
[ sql ] [ SQL ] SELECT `nickname`,`avatar` FROM `fa_user` WHERE  `uid` = 1000010 LIMIT 1 [ RunTime:0.018001s ]
[ sql ] [ SQL ] SELECT `uid`,`nickname`,`username`,`avatar`,`sign`,`gender`,`gold`,`score`,`mobile`,`city`,`constellation`,`idnumber`,`birthday`,`isnew` FROM `fa_user` WHERE  `uid` = 1000010 LIMIT 1 [ RunTime:0.019002s ]
---------------------------------------------------------------
[ 2018-12-17T11:16:05+08:00 ] 218.242.161.178 POST /relaxed/public/index.php/api/content/remind
[ info ] picc.18178.net/relaxed/public/index.php/api/content/remind [运行时间：0.169010s][吞吐率：5.92req/s] [内存消耗：2,465.42kb] [文件加载：75]
[ info ] [ BEHAVIOR ] Run Closure @app_init [ RunTime:0.000000s ]
[ info ] [ CACHE ] INIT File
[ info ] [ BEHAVIOR ] Run Closure @app_init [ RunTime:0.008000s ]
[ info ] [ LANG ] C:\PhpStudy\PHPTutorial\WWW\relaxed\thinkphp\lang\zh-cn.php
[ info ] [ ROUTE ] array (
  'type' => 'module',
  'module' => 
  array (
    0 => 'api',
    1 => 'content',
    2 => 'remind',
  ),
)
[ info ] [ HEADER ] array (
  'accept-language' => 'zh-cn',
  'content-length' => '15',
  'referer' => 'https://servicewechat.com/wxc89d469693cad993/0/page-frame.html',
  'user-agent' => 'Mozilla/5.0 (iPhone; CPU iPhone OS 12_1 like Mac OS X) AppleWebKit/605.1.15 (KHTML, like Gecko) Mobile/16B92 MicroMessenger/6.7.4(0x1607042c) NetType/WIFI Language/zh_CN',
  'accept' => '*/*',
  'connection' => 'close',
  'accept-encoding' => 'br, gzip, deflate',
  'content-type' => 'application/json',
  'host' => 'picc.18178.net',
)
[ info ] [ PARAM ] array (
  'uid' => 1000010,
)
[ info ] [ LANG ] C:\PhpStudy\PHPTutorial\WWW\relaxed\public/../application/api\lang\zh-cn.php
[ info ] [ BEHAVIOR ] Run app\common\behavior\Common @module_init [ RunTime:0.002000s ]
[ info ] [ RUN ] app\api\controller\Content->remind[ C:\PhpStudy\PHPTutorial\WWW\relaxed\application\api\controller\Content.php ]
[ info ] [ DB ] INIT mysql
[ info ] [ LOG ] INIT File
[ sql ] [ DB ] CONNECT:[ UseTime:0.026002s ] mysql:host=sh-cdb-mwf0h7ig.sql.tencentcdb.com;port=62879;dbname=relaxed;charset=utf8
[ sql ] [ SQL ] SHOW COLUMNS FROM `fa_indent` [ RunTime:0.015000s ]
[ sql ] [ SQL ] SELECT COUNT(*) AS tp_count FROM `fa_indent` WHERE  `type` = 'no'  AND `uid` = 1000010 LIMIT 1 [ RunTime:0.014001s ]
---------------------------------------------------------------
[ 2018-12-17T11:16:05+08:00 ] 218.242.161.178 POST /relaxed/public/index.php/api/userinfo/usenotice
[ info ] picc.18178.net/relaxed/public/index.php/api/userinfo/usenotice [运行时间：0.175010s][吞吐率：5.71req/s] [内存消耗：2,447.41kb] [文件加载：75]
[ info ] [ BEHAVIOR ] Run Closure @app_init [ RunTime:0.000000s ]
[ info ] [ CACHE ] INIT File
[ info ] [ BEHAVIOR ] Run Closure @app_init [ RunTime:0.008000s ]
[ info ] [ LANG ] C:\PhpStudy\PHPTutorial\WWW\relaxed\thinkphp\lang\zh-cn.php
[ info ] [ ROUTE ] array (
  'type' => 'module',
  'module' => 
  array (
    0 => 'api',
    1 => 'userinfo',
    2 => 'usenotice',
  ),
)
[ info ] [ HEADER ] array (
  'accept-language' => 'zh-cn',
  'content-length' => '15',
  'referer' => 'https://servicewechat.com/wxc89d469693cad993/0/page-frame.html',
  'user-agent' => 'Mozilla/5.0 (iPhone; CPU iPhone OS 12_1 like Mac OS X) AppleWebKit/605.1.15 (KHTML, like Gecko) Mobile/16B92 MicroMessenger/6.7.4(0x1607042c) NetType/WIFI Language/zh_CN',
  'accept' => '*/*',
  'connection' => 'close',
  'accept-encoding' => 'br, gzip, deflate',
  'content-type' => 'application/json',
  'host' => 'picc.18178.net',
)
[ info ] [ PARAM ] array (
  'uid' => 1000010,
)
[ info ] [ LANG ] C:\PhpStudy\PHPTutorial\WWW\relaxed\public/../application/api\lang\zh-cn.php
[ info ] [ BEHAVIOR ] Run app\common\behavior\Common @module_init [ RunTime:0.001000s ]
[ info ] [ RUN ] app\api\controller\Userinfo->usenotice[ C:\PhpStudy\PHPTutorial\WWW\relaxed\application\api\controller\Userinfo.php ]
[ info ] [ DB ] INIT mysql
[ info ] [ LOG ] INIT File
[ sql ] [ DB ] CONNECT:[ UseTime:0.027002s ] mysql:host=sh-cdb-mwf0h7ig.sql.tencentcdb.com;port=62879;dbname=relaxed;charset=utf8
[ sql ] [ SQL ] SHOW COLUMNS FROM `fa_notices` [ RunTime:0.018001s ]
[ sql ] [ SQL ] SELECT COUNT(*) AS tp_count FROM `fa_notices` WHERE  `uid` = 1000010  AND `type` = 'no' LIMIT 1 [ RunTime:0.017001s ]
---------------------------------------------------------------
[ 2018-12-17T11:16:26+08:00 ] 218.242.161.178 GET /relaxed/public/index.php/api/content/games
[ info ] picc.18178.net/relaxed/public/index.php/api/content/games [运行时间：0.254014s][吞吐率：3.94req/s] [内存消耗：2,462.69kb] [文件加载：74]
[ info ] [ BEHAVIOR ] Run Closure @app_init [ RunTime:0.000000s ]
[ info ] [ CACHE ] INIT File
[ info ] [ BEHAVIOR ] Run Closure @app_init [ RunTime:0.019001s ]
[ info ] [ LANG ] C:\PhpStudy\PHPTutorial\WWW\relaxed\thinkphp\lang\zh-cn.php
[ info ] [ ROUTE ] array (
  'type' => 'module',
  'module' => 
  array (
    0 => 'api',
    1 => 'content',
    2 => 'games',
  ),
)
[ info ] [ HEADER ] array (
  'accept-encoding' => 'br, gzip, deflate',
  'accept-language' => 'zh-cn',
  'referer' => 'https://servicewechat.com/wxc89d469693cad993/0/page-frame.html',
  'user-agent' => 'Mozilla/5.0 (iPhone; CPU iPhone OS 12_1 like Mac OS X) AppleWebKit/605.1.15 (KHTML, like Gecko) Mobile/16B92 MicroMessenger/6.7.4(0x1607042c) NetType/WIFI Language/zh_CN',
  'accept' => '*/*',
  'connection' => 'close',
  'content-type' => 'application/json',
  'host' => 'picc.18178.net',
)
[ info ] [ PARAM ] array (
)
[ info ] [ LANG ] C:\PhpStudy\PHPTutorial\WWW\relaxed\public/../application/api\lang\zh-cn.php
[ info ] [ BEHAVIOR ] Run app\common\behavior\Common @module_init [ RunTime:0.006001s ]
[ info ] [ RUN ] app\api\controller\Content->games[ C:\PhpStudy\PHPTutorial\WWW\relaxed\application\api\controller\Content.php ]
[ info ] [ DB ] INIT mysql
[ info ] [ LOG ] INIT File
[ sql ] [ DB ] CONNECT:[ UseTime:0.046003s ] mysql:host=sh-cdb-mwf0h7ig.sql.tencentcdb.com;port=62879;dbname=relaxed;charset=utf8
[ sql ] [ SQL ] SHOW COLUMNS FROM `fa_games` [ RunTime:0.016001s ]
[ sql ] [ SQL ] SELECT `image`,`title`,`desc`,`appid` FROM `fa_games` WHERE  `status` = 'normal' ORDER BY `weigh` DESC [ RunTime:0.015001s ]
---------------------------------------------------------------
[ 2018-12-17T11:16:26+08:00 ] 218.242.161.178 GET /relaxed/public/index.php/api/content/slideshow
[ info ] picc.18178.net/relaxed/public/index.php/api/content/slideshow [运行时间：0.252014s][吞吐率：3.97req/s] [内存消耗：2,460.10kb] [文件加载：74]
[ info ] [ BEHAVIOR ] Run Closure @app_init [ RunTime:0.000000s ]
[ info ] [ CACHE ] INIT File
[ info ] [ BEHAVIOR ] Run Closure @app_init [ RunTime:0.010000s ]
[ info ] [ LANG ] C:\PhpStudy\PHPTutorial\WWW\relaxed\thinkphp\lang\zh-cn.php
[ info ] [ ROUTE ] array (
  'type' => 'module',
  'module' => 
  array (
    0 => 'api',
    1 => 'content',
    2 => 'slideshow',
  ),
)
[ info ] [ HEADER ] array (
  'accept-encoding' => 'br, gzip, deflate',
  'accept-language' => 'zh-cn',
  'referer' => 'https://servicewechat.com/wxc89d469693cad993/0/page-frame.html',
  'user-agent' => 'Mozilla/5.0 (iPhone; CPU iPhone OS 12_1 like Mac OS X) AppleWebKit/605.1.15 (KHTML, like Gecko) Mobile/16B92 MicroMessenger/6.7.4(0x1607042c) NetType/WIFI Language/zh_CN',
  'accept' => '*/*',
  'connection' => 'close',
  'content-type' => 'application/json',
  'host' => 'picc.18178.net',
)
[ info ] [ PARAM ] array (
)
[ info ] [ LANG ] C:\PhpStudy\PHPTutorial\WWW\relaxed\public/../application/api\lang\zh-cn.php
[ info ] [ BEHAVIOR ] Run app\common\behavior\Common @module_init [ RunTime:0.003001s ]
[ info ] [ RUN ] app\api\controller\Content->slideshow[ C:\PhpStudy\PHPTutorial\WWW\relaxed\application\api\controller\Content.php ]
[ info ] [ DB ] INIT mysql
[ info ] [ LOG ] INIT File
[ sql ] [ DB ] CONNECT:[ UseTime:0.026002s ] mysql:host=sh-cdb-mwf0h7ig.sql.tencentcdb.com;port=62879;dbname=relaxed;charset=utf8
[ sql ] [ SQL ] SHOW COLUMNS FROM `fa_gslideshow` [ RunTime:0.016001s ]
[ sql ] [ SQL ] SELECT `image`,`url` FROM `fa_gslideshow` WHERE  `status` = 'normal' [ RunTime:0.016001s ]
---------------------------------------------------------------
[ 2018-12-17T11:16:26+08:00 ] 218.242.161.178 POST /relaxed/public/index.php/api/content/turndesc
[ info ] picc.18178.net/relaxed/public/index.php/api/content/turndesc [运行时间：0.260015s][吞吐率：3.85req/s] [内存消耗：2,457.76kb] [文件加载：74]
[ info ] [ BEHAVIOR ] Run Closure @app_init [ RunTime:0.000000s ]
[ info ] [ CACHE ] INIT File
[ info ] [ BEHAVIOR ] Run Closure @app_init [ RunTime:0.013001s ]
[ info ] [ LANG ] C:\PhpStudy\PHPTutorial\WWW\relaxed\thinkphp\lang\zh-cn.php
[ info ] [ ROUTE ] array (
  'type' => 'module',
  'module' => 
  array (
    0 => 'api',
    1 => 'content',
    2 => 'turndesc',
  ),
)
[ info ] [ HEADER ] array (
  'accept-language' => 'zh-cn',
  'content-length' => '2',
  'referer' => 'https://servicewechat.com/wxc89d469693cad993/0/page-frame.html',
  'user-agent' => 'Mozilla/5.0 (iPhone; CPU iPhone OS 12_1 like Mac OS X) AppleWebKit/605.1.15 (KHTML, like Gecko) Mobile/16B92 MicroMessenger/6.7.4(0x1607042c) NetType/WIFI Language/zh_CN',
  'accept' => '*/*',
  'connection' => 'close',
  'accept-encoding' => 'br, gzip, deflate',
  'content-type' => 'application/json',
  'host' => 'picc.18178.net',
)
[ info ] [ PARAM ] array (
)
[ info ] [ LANG ] C:\PhpStudy\PHPTutorial\WWW\relaxed\public/../application/api\lang\zh-cn.php
[ info ] [ BEHAVIOR ] Run app\common\behavior\Common @module_init [ RunTime:0.013000s ]
[ info ] [ RUN ] app\api\controller\Content->turndesc[ C:\PhpStudy\PHPTutorial\WWW\relaxed\application\api\controller\Content.php ]
[ info ] [ DB ] INIT mysql
[ info ] [ LOG ] INIT File
[ sql ] [ DB ] CONNECT:[ UseTime:0.036002s ] mysql:host=sh-cdb-mwf0h7ig.sql.tencentcdb.com;port=62879;dbname=relaxed;charset=utf8
[ sql ] [ SQL ] SHOW COLUMNS FROM `fa_turndesc` [ RunTime:0.020001s ]
[ sql ] [ SQL ] SELECT * FROM `fa_turndesc` LIMIT 1 [ RunTime:0.021002s ]
---------------------------------------------------------------
[ 2018-12-17T11:16:26+08:00 ] 218.242.161.178 GET /relaxed/public/index.php/api/content/expiretime
[ info ] picc.18178.net/relaxed/public/index.php/api/content/expiretime [运行时间：0.260015s][吞吐率：3.85req/s] [内存消耗：2,456.36kb] [文件加载：72]
[ info ] [ BEHAVIOR ] Run Closure @app_init [ RunTime:0.000000s ]
[ info ] [ CACHE ] INIT File
[ info ] [ BEHAVIOR ] Run Closure @app_init [ RunTime:0.010001s ]
[ info ] [ LANG ] C:\PhpStudy\PHPTutorial\WWW\relaxed\thinkphp\lang\zh-cn.php
[ info ] [ ROUTE ] array (
  'type' => 'module',
  'module' => 
  array (
    0 => 'api',
    1 => 'content',
    2 => 'expiretime',
  ),
)
[ info ] [ HEADER ] array (
  'accept-encoding' => 'br, gzip, deflate',
  'accept-language' => 'zh-cn',
  'referer' => 'https://servicewechat.com/wxc89d469693cad993/0/page-frame.html',
  'user-agent' => 'Mozilla/5.0 (iPhone; CPU iPhone OS 12_1 like Mac OS X) AppleWebKit/605.1.15 (KHTML, like Gecko) Mobile/16B92 MicroMessenger/6.7.4(0x1607042c) NetType/WIFI Language/zh_CN',
  'accept' => '*/*',
  'connection' => 'close',
  'content-type' => 'application/json',
  'host' => 'picc.18178.net',
)
[ info ] [ PARAM ] array (
)
[ info ] [ LANG ] C:\PhpStudy\PHPTutorial\WWW\relaxed\public/../application/api\lang\zh-cn.php
[ info ] [ BEHAVIOR ] Run app\common\behavior\Common @module_init [ RunTime:0.004000s ]
[ info ] [ RUN ] app\api\controller\Content->expiretime[ C:\PhpStudy\PHPTutorial\WWW\relaxed\application\api\controller\Content.php ]
[ info ] [ DB ] INIT mysql
[ info ] [ LOG ] INIT File
[ sql ] [ DB ] CONNECT:[ UseTime:0.028001s ] mysql:host=sh-cdb-mwf0h7ig.sql.tencentcdb.com;port=62879;dbname=relaxed;charset=utf8
[ sql ] [ SQL ] SHOW COLUMNS FROM `fa_conversion` [ RunTime:0.019001s ]
[ sql ] [ SQL ] SELECT * FROM `fa_conversion` WHERE  `status` = '未使用' [ RunTime:0.020001s ]
BY `weigh` DESC [ RunTime:0.020001s ]
---------------------------------------------------------------
[ 2018-12-17T11:16:26+08:00 ] 218.242.161.178 POST /relaxed/public/index.php/api/userinfo/affiche
[ info ] picc.18178.net/relaxed/public/index.php/api/userinfo/affiche [运行时间：0.340020s][吞吐率：2.94req/s] [内存消耗：2,461.20kb] [文件加载：76]
[ info ] [ BEHAVIOR ] Run Closure @app_init [ RunTime:0.000000s ]
[ info ] [ CACHE ] INIT File
[ info ] [ BEHAVIOR ] Run Closure @app_init [ RunTime:0.038003s ]
[ info ] [ LANG ] C:\PhpStudy\PHPTutorial\WWW\relaxed\thinkphp\lang\zh-cn.php
[ info ] [ ROUTE ] array (
  'type' => 'module',
  'module' => 
  array (
    0 => 'api',
    1 => 'userinfo',
    2 => 'affiche',
  ),
)
[ info ] [ HEADER ] array (
  'accept-language' => 'zh-cn',
  'content-length' => '2',
  'referer' => 'https://servicewechat.com/wxc89d469693cad993/0/page-frame.html',
  'user-agent' => 'Mozilla/5.0 (iPhone; CPU iPhone OS 12_1 like Mac OS X) AppleWebKit/605.1.15 (KHTML, like Gecko) Mobile/16B92 MicroMessenger/6.7.4(0x1607042c) NetType/WIFI Language/zh_CN',
  'accept' => '*/*',
  'connection' => 'close',
  'accept-encoding' => 'br, gzip, deflate',
  'content-type' => 'application/json',
  'host' => 'picc.18178.net',
)
[ info ] [ PARAM ] array (
)
[ info ] [ LANG ] C:\PhpStudy\PHPTutorial\WWW\relaxed\public/../application/api\lang\zh-cn.php
[ info ] [ BEHAVIOR ] Run app\common\behavior\Common @module_init [ RunTime:0.001001s ]
[ info ] [ RUN ] app\api\controller\Userinfo->affiche[ C:\PhpStudy\PHPTutorial\WWW\relaxed\application\api\controller\Userinfo.php ]
[ info ] [ DB ] INIT mysql
[ info ] [ LOG ] INIT File
[ sql ] [ DB ] CONNECT:[ UseTime:0.040002s ] mysql:host=sh-cdb-mwf0h7ig.sql.tencentcdb.com;port=62879;dbname=relaxed;charset=utf8
[ sql ] [ SQL ] SHOW COLUMNS FROM `fa_affiche` [ RunTime:0.019001s ]
[ sql ] [ SQL ] SELECT `content` FROM `fa_affiche` [ RunTime:0.018001s ]
[ sql ] [ SQL ] SHOW COLUMNS FROM `fa_turntable` [ RunTime:0.019001s ]
[ sql ] [ SQL ] SELECT `name` FROM `fa_turntable` WHERE  `name` <> '谢谢参与' [ RunTime:0.018001s ]
---------------------------------------------------------------
[ 2018-12-17T11:16:26+08:00 ] 218.242.161.178 GET /relaxed/public/index.php/api/content/usergift
[ info ] picc.18178.net/relaxed/public/index.php/api/content/usergift [运行时间：0.315018s][吞吐率：3.17req/s] [内存消耗：2,458.69kb] [文件加载：74]
[ info ] [ BEHAVIOR ] Run Closure @app_init [ RunTime:0.000000s ]
[ info ] [ CACHE ] INIT File
[ info ] [ BEHAVIOR ] Run Closure @app_init [ RunTime:0.020001s ]
[ info ] [ LANG ] C:\PhpStudy\PHPTutorial\WWW\relaxed\thinkphp\lang\zh-cn.php
[ info ] [ ROUTE ] array (
  'type' => 'module',
  'module' => 
  array (
    0 => 'api',
    1 => 'content',
    2 => 'usergift',
  ),
)
[ info ] [ HEADER ] array (
  'accept-encoding' => 'br, gzip, deflate',
  'accept-language' => 'zh-cn',
  'referer' => 'https://servicewechat.com/wxc89d469693cad993/0/page-frame.html',
  'user-agent' => 'Mozilla/5.0 (iPhone; CPU iPhone OS 12_1 like Mac OS X) AppleWebKit/605.1.15 (KHTML, like Gecko) Mobile/16B92 MicroMessenger/6.7.4(0x1607042c) NetType/WIFI Language/zh_CN',
  'accept' => '*/*',
  'connection' => 'close',
  'content-type' => 'application/json',
  'host' => 'picc.18178.net',
)
[ info ] [ PARAM ] array (
)
[ info ] [ LANG ] C:\PhpStudy\PHPTutorial\WWW\relaxed\public/../application/api\lang\zh-cn.php
[ info ] [ BEHAVIOR ] Run app\common\behavior\Common @module_init [ RunTime:0.002000s ]
[ info ] [ RUN ] app\api\controller\Content->usergift[ C:\PhpStudy\PHPTutorial\WWW\relaxed\application\api\controller\Content.php ]
[ info ] [ DB ] INIT mysql
[ info ] [ LOG ] INIT File
[ sql ] [ DB ] CONNECT:[ UseTime:0.032002s ] mysql:host=sh-cdb-mwf0h7ig.sql.tencentcdb.com;port=62879;dbname=relaxed;charset=utf8
[ sql ] [ SQL ] SHOW COLUMNS FROM `fa_usergift` [ RunTime:0.021001s ]
[ sql ] [ SQL ] SELECT `image`,`images`,`title` FROM `fa_usergift` LIMIT 1 [ RunTime:0.021001s ]
---------------------------------------------------------------
[ 2018-12-17T11:16:26+08:00 ] 218.242.161.178 POST /relaxed/public/index.php/api/content/shangpin
[ info ] picc.18178.net/relaxed/public/index.php/api/content/shangpin [运行时间：0.331019s][吞吐率：3.02req/s] [内存消耗：2,464.21kb] [文件加载：74]
[ info ] [ BEHAVIOR ] Run Closure @app_init [ RunTime:0.001000s ]
[ info ] [ CACHE ] INIT File
[ info ] [ BEHAVIOR ] Run Closure @app_init [ RunTime:0.008000s ]
[ info ] [ LANG ] C:\PhpStudy\PHPTutorial\WWW\relaxed\thinkphp\lang\zh-cn.php
[ info ] [ ROUTE ] array (
  'type' => 'module',
  'module' => 
  array (
    0 => 'api',
    1 => 'content',
    2 => 'shangpin',
  ),
)
[ info ] [ HEADER ] array (
  'accept-language' => 'zh-cn',
  'content-length' => '2',
  'referer' => 'https://servicewechat.com/wxc89d469693cad993/0/page-frame.html',
  'user-agent' => 'Mozilla/5.0 (iPhone; CPU iPhone OS 12_1 like Mac OS X) AppleWebKit/605.1.15 (KHTML, like Gecko) Mobile/16B92 MicroMessenger/6.7.4(0x1607042c) NetType/WIFI Language/zh_CN',
  'accept' => '*/*',
  'connection' => 'close',
  'accept-encoding' => 'br, gzip, deflate',
  'content-type' => 'application/json',
  'host' => 'picc.18178.net',
)
[ info ] [ PARAM ] array (
)
[ info ] [ LANG ] C:\PhpStudy\PHPTutorial\WWW\relaxed\public/../application/api\lang\zh-cn.php
[ info ] [ BEHAVIOR ] Run app\common\behavior\Common @module_init [ RunTime:0.002000s ]
[ info ] [ RUN ] app\api\controller\Content->shangpin[ C:\PhpStudy\PHPTutorial\WWW\relaxed\application\api\controller\Content.php ]
[ info ] [ DB ] INIT mysql
[ info ] [ LOG ] INIT File
[ sql ] [ DB ] CONNECT:[ UseTime:0.025001s ] mysql:host=sh-cdb-mwf0h7ig.sql.tencentcdb.com;port=62879;dbname=relaxed;charset=utf8
[ sql ] [ SQL ] SHOW COLUMNS FROM `fa_turntable` [ RunTime:0.014001s ]
[ sql ] [ SQL ] SELECT * FROM `fa_turntable` [ RunTime:0.014001s ]
---------------------------------------------------------------
[ 2018-12-17T11:16:26+08:00 ] 218.242.161.178 POST /relaxed/public/index.php/api/userinfo/index
[ info ] picc.18178.net/relaxed/public/index.php/api/userinfo/index [运行时间：0.446025s][吞吐率：2.24req/s] [内存消耗：2,465.90kb] [文件加载：76]
[ info ] [ BEHAVIOR ] Run Closure @app_init [ RunTime:0.000000s ]
[ info ] [ CACHE ] INIT File
[ info ] [ BEHAVIOR ] Run Closure @app_init [ RunTime:0.022001s ]
[ info ] [ LANG ] C:\PhpStudy\PHPTutorial\WWW\relaxed\thinkphp\lang\zh-cn.php
[ info ] [ ROUTE ] array (
  'type' => 'module',
  'module' => 
  array (
    0 => 'api',
    1 => 'userinfo',
    2 => 'index',
  ),
)
[ info ] [ HEADER ] array (
  'accept-language' => 'zh-cn',
  'content-length' => '43',
  'referer' => 'https://servicewechat.com/wxc89d469693cad993/0/page-frame.html',
  'user-agent' => 'Mozilla/5.0 (iPhone; CPU iPhone OS 12_1 like Mac OS X) AppleWebKit/605.1.15 (KHTML, like Gecko) Mobile/16B92 MicroMessenger/6.7.4(0x1607042c) NetType/WIFI Language/zh_CN',
  'accept' => '*/*',
  'connection' => 'close',
  'accept-encoding' => 'br, gzip, deflate',
  'content-type' => 'application/json',
  'host' => 'picc.18178.net',
)
[ info ] [ PARAM ] array (
  'code' => '0015mjm50am2HC1wGhn501lhm505mjmz',
)
[ info ] [ LANG ] C:\PhpStudy\PHPTutorial\WWW\relaxed\public/../application/api\lang\zh-cn.php
[ info ] [ BEHAVIOR ] Run app\common\behavior\Common @module_init [ RunTime:0.002000s ]
[ info ] [ RUN ] app\api\controller\Userinfo->index[ C:\PhpStudy\PHPTutorial\WWW\relaxed\application\api\controller\Userinfo.php ]
[ info ] [ DB ] INIT mysql
[ info ] [ LOG ] INIT File
[ sql ] [ DB ] CONNECT:[ UseTime:0.026001s ] mysql:host=sh-cdb-mwf0h7ig.sql.tencentcdb.com;port=62879;dbname=relaxed;charset=utf8
[ sql ] [ SQL ] SHOW COLUMNS FROM `fa_user` [ RunTime:0.019002s ]
[ sql ] [ SQL ] SELECT `uid`,`openid` FROM `fa_user` WHERE  `openid` = 'o7G-45dxv8ma59yc-1_LlDIZI3ng' LIMIT 1 [ RunTime:0.018001s ]
---------------------------------------------------------------
[ 2018-12-17T11:16:26+08:00 ] 218.242.161.178 POST /relaxed/public/index.php/api/userinfo/login
[ info ] picc.18178.net/relaxed/public/index.php/api/userinfo/login [运行时间：0.211012s][吞吐率：4.74req/s] [内存消耗：2,476.80kb] [文件加载：76]
[ info ] [ BEHAVIOR ] Run Closure @app_init [ RunTime:0.000000s ]
[ info ] [ CACHE ] INIT File
[ info ] [ BEHAVIOR ] Run Closure @app_init [ RunTime:0.008000s ]
[ info ] [ LANG ] C:\PhpStudy\PHPTutorial\WWW\relaxed\thinkphp\lang\zh-cn.php
[ info ] [ ROUTE ] array (
  'type' => 'module',
  'module' => 
  array (
    0 => 'api',
    1 => 'userinfo',
    2 => 'login',
  ),
)
[ info ] [ HEADER ] array (
  'accept-language' => 'zh-cn',
  'content-length' => '814',
  'referer' => 'https://servicewechat.com/wxc89d469693cad993/0/page-frame.html',
  'user-agent' => 'Mozilla/5.0 (iPhone; CPU iPhone OS 12_1 like Mac OS X) AppleWebKit/605.1.15 (KHTML, like Gecko) Mobile/16B92 MicroMessenger/6.7.4(0x1607042c) NetType/WIFI Language/zh_CN',
  'accept' => '*/*',
  'connection' => 'close',
  'accept-encoding' => 'br, gzip, deflate',
  'content-type' => 'application/json',
  'host' => 'picc.18178.net',
)
[ info ] [ PARAM ] array (
  'sessionkey' => 'mZOY8+UBgTAb0hju495QyQ==',
  'encryptedData' => '3k4IAZcsl/a6ePXJQyOljyTWQJ9UqD2ortN/OEmqpzzxDzBY9XZLE6RuoUh2C9pLfdE9a6o5ghzKuNfw853cSI47CpeXfpxbwUjEEH9YLrxm4ceKj2ixPkhr4Spzi76UnE+dt39KsnbUPaPzjZvlBNMkybEnpRjGZoK2Dx75bISl3L90EhLdAzFeH3BAi5H/1l1+OSKzyRtLoXSvKSt6mulrXzK+alYzGCLKzpzZBcA+tJ4bv0em7S4B+cDAqDbEu6PrNWg5D/tfRc3hI80fO2sdqqgBfTFlt8vSRzZ/oWBeSvcDLchNvI9Lq7ushtLl0mIuc8HNAPV7uF6C8LYPDAyrO9w8BeF7o9duV1rKofpvBWIAONWWyiOPf1lAMyW5JpJm80tB85iE4IXxNWdzIX472xxLkYg3gjQm9OijC+XK1IoAfVqlI0m34rfM/jfd8yamke5cuAUgOa7mXBaSDpD9gJKj/zj+KaoI2hbUbnrtwed2MgErzyLGwVVxEvWG0OyPUcwYNJUFq+h5GF9Rgw==',
  'iv' => 'LQnq5UxZrZ0D0+d3MkpnFw==',
  'nickName' => 'Z z d.',
  'avatarUrl' => 'https://wx.qlogo.cn/mmopen/vi_32/Q0j4TwGTfTKCDXicHPrPYheaP1omT8GR9xeoN0LAFKRqB8FkqQdRT77Q0ruBr6M8W7X8vMweWazic8EwsicYzgJgw/132',
  'uid' => 1000010,
  'gender' => 1,
)
[ info ] [ LANG ] C:\PhpStudy\PHPTutorial\WWW\relaxed\public/../application/api\lang\zh-cn.php
[ info ] [ BEHAVIOR ] Run app\common\behavior\Common @module_init [ RunTime:0.002000s ]
[ info ] [ RUN ] app\api\controller\Userinfo->login[ C:\PhpStudy\PHPTutorial\WWW\relaxed\application\api\controller\Userinfo.php ]
[ info ] [ DB ] INIT mysql
[ info ] [ LOG ] INIT File
[ sql ] [ DB ] CONNECT:[ UseTime:0.033002s ] mysql:host=sh-cdb-mwf0h7ig.sql.tencentcdb.com;port=62879;dbname=relaxed;charset=utf8
[ sql ] [ SQL ] SHOW COLUMNS FROM `fa_user` [ RunTime:0.022001s ]
[ sql ] [ SQL ] SELECT `nickname`,`avatar` FROM `fa_user` WHERE  `uid` = 1000010 LIMIT 1 [ RunTime:0.020001s ]
[ sql ] [ SQL ] SELECT `uid`,`nickname`,`username`,`avatar`,`sign`,`gender`,`gold`,`score`,`mobile`,`city`,`constellation`,`idnumber`,`birthday`,`isnew` FROM `fa_user` WHERE  `uid` = 1000010 LIMIT 1 [ RunTime:0.022002s ]
---------------------------------------------------------------
[ 2018-12-17T11:16:27+08:00 ] 218.242.161.178 POST /relaxed/public/index.php/api/content/remind
[ info ] picc.18178.net/relaxed/public/index.php/api/content/remind [运行时间：0.162010s][吞吐率：6.17req/s] [内存消耗：2,465.50kb] [文件加载：75]
[ info ] [ BEHAVIOR ] Run Closure @app_init [ RunTime:0.000000s ]
[ info ] [ CACHE ] INIT File
[ info ] [ BEHAVIOR ] Run Closure @app_init [ RunTime:0.008001s ]
[ info ] [ LANG ] C:\PhpStudy\PHPTutorial\WWW\relaxed\thinkphp\lang\zh-cn.php
[ info ] [ ROUTE ] array (
  'type' => 'module',
  'module' => 
  array (
    0 => 'api',
    1 => 'content',
    2 => 'remind',
  ),
)
[ info ] [ HEADER ] array (
  'accept-language' => 'zh-cn',
  'content-length' => '15',
  'referer' => 'https://servicewechat.com/wxc89d469693cad993/0/page-frame.html',
  'user-agent' => 'Mozilla/5.0 (iPhone; CPU iPhone OS 12_1 like Mac OS X) AppleWebKit/605.1.15 (KHTML, like Gecko) Mobile/16B92 MicroMessenger/6.7.4(0x1607042c) NetType/WIFI Language/zh_CN',
  'accept' => '*/*',
  'connection' => 'close',
  'accept-encoding' => 'br, gzip, deflate',
  'content-type' => 'application/json',
  'host' => 'picc.18178.net',
)
[ info ] [ PARAM ] array (
  'uid' => 1000010,
)
[ info ] [ LANG ] C:\PhpStudy\PHPTutorial\WWW\relaxed\public/../application/api\lang\zh-cn.php
[ info ] [ BEHAVIOR ] Run app\common\behavior\Common @module_init [ RunTime:0.001000s ]
[ info ] [ RUN ] app\api\controller\Content->remind[ C:\PhpStudy\PHPTutorial\WWW\relaxed\application\api\controller\Content.php ]
[ info ] [ DB ] INIT mysql
[ info ] [ LOG ] INIT File
[ sql ] [ DB ] CONNECT:[ UseTime:0.021001s ] mysql:host=sh-cdb-mwf0h7ig.sql.tencentcdb.com;port=62879;dbname=relaxed;charset=utf8
[ sql ] [ SQL ] SHOW COLUMNS FROM `fa_indent` [ RunTime:0.015001s ]
[ sql ] [ SQL ] SELECT COUNT(*) AS tp_count FROM `fa_indent` WHERE  `type` = 'no'  AND `uid` = 1000010 LIMIT 1 [ RunTime:0.014001s ]
---------------------------------------------------------------
[ 2018-12-17T11:16:27+08:00 ] 218.242.161.178 POST /relaxed/public/index.php/api/userinfo/usenotice
[ info ] picc.18178.net/relaxed/public/index.php/api/userinfo/usenotice [运行时间：0.172010s][吞吐率：5.81req/s] [内存消耗：2,447.41kb] [文件加载：75]
[ info ] [ BEHAVIOR ] Run Closure @app_init [ RunTime:0.000000s ]
[ info ] [ CACHE ] INIT File
[ info ] [ BEHAVIOR ] Run Closure @app_init [ RunTime:0.008000s ]
[ info ] [ LANG ] C:\PhpStudy\PHPTutorial\WWW\relaxed\thinkphp\lang\zh-cn.php
[ info ] [ ROUTE ] array (
  'type' => 'module',
  'module' => 
  array (
    0 => 'api',
    1 => 'userinfo',
    2 => 'usenotice',
  ),
)
[ info ] [ HEADER ] array (
  'accept-language' => 'zh-cn',
  'content-length' => '15',
  'referer' => 'https://servicewechat.com/wxc89d469693cad993/0/page-frame.html',
  'user-agent' => 'Mozilla/5.0 (iPhone; CPU iPhone OS 12_1 like Mac OS X) AppleWebKit/605.1.15 (KHTML, like Gecko) Mobile/16B92 MicroMessenger/6.7.4(0x1607042c) NetType/WIFI Language/zh_CN',
  'accept' => '*/*',
  'connection' => 'close',
  'accept-encoding' => 'br, gzip, deflate',
  'content-type' => 'application/json',
  'host' => 'picc.18178.net',
)
[ info ] [ PARAM ] array (
  'uid' => 1000010,
)
[ info ] [ LANG ] C:\PhpStudy\PHPTutorial\WWW\relaxed\public/../application/api\lang\zh-cn.php
[ info ] [ BEHAVIOR ] Run app\common\behavior\Common @module_init [ RunTime:0.002000s ]
[ info ] [ RUN ] app\api\controller\Userinfo->usenotice[ C:\PhpStudy\PHPTutorial\WWW\relaxed\application\api\controller\Userinfo.php ]
[ info ] [ DB ] INIT mysql
[ info ] [ LOG ] INIT File
[ sql ] [ DB ] CONNECT:[ UseTime:0.027001s ] mysql:host=sh-cdb-mwf0h7ig.sql.tencentcdb.com;port=62879;dbname=relaxed;charset=utf8
[ sql ] [ SQL ] SHOW COLUMNS FROM `fa_notices` [ RunTime:0.017001s ]
[ sql ] [ SQL ] SELECT COUNT(*) AS tp_count FROM `fa_notices` WHERE  `uid` = 1000010  AND `type` = 'no' LIMIT 1 [ RunTime:0.016001s ]
