---------------------------------------------------------------
[ 2019-02-14T03:33:04+08:00 ] 39.98.204.251 GET /relaxed/public/index.php/admin/index/login
[ info ] picc.18178.net/relaxed/public/index.php/admin/index/login [运行时间：0.124800s][吞吐率：8.01req/s] [内存消耗：2,211.91kb] [文件加载：80]
[ info ] [ BEHAVIOR ] Run Closure @app_init [ RunTime:0.000000s ]
[ info ] [ CACHE ] INIT File
[ info ] [ BEHAVIOR ] Run Closure @app_init [ RunTime:0.000000s ]
[ info ] [ LANG ] C:\PhpStudy\PHPTutorial\WWW\relaxed\thinkphp\lang\zh-cn.php
[ info ] [ ROUTE ] array (
  'type' => 'module',
  'module' => 
  array (
    0 => 'admin',
    1 => 'index',
    2 => 'login',
  ),
)
[ info ] [ HEADER ] array (
  'connection' => 'close',
  'accept-encoding' => 'deflate, gzip',
  'accept' => '*/*',
  'host' => 'picc.18178.net',
)
[ info ] [ PARAM ] array (
)
[ info ] [ LANG ] C:\PhpStudy\PHPTutorial\WWW\relaxed\public/../application/admin\lang\zh-cn.php
[ info ] [ BEHAVIOR ] Run app\common\behavior\Common @module_init [ RunTime:0.000000s ]
[ info ] [ SESSION ] INIT array (
  'id' => '',
  'var_session_id' => '',
  'prefix' => 'think',
  'type' => '',
  'auto_start' => true,
)
[ info ] [ LANG ] C:\PhpStudy\PHPTutorial\WWW\relaxed\public/../application/admin/lang/zh-cn/index.php
[ info ] [ RUN ] app\admin\controller\Index->login[ C:\PhpStudy\PHPTutorial\WWW\relaxed\application\admin\controller\Index.php ]
[ info ] [ BEHAVIOR ] Run \addons\loginbg\Loginbg @admin_login_init [ RunTime:0.000000s ]
[ info ] [ VIEW ] C:\PhpStudy\PHPTutorial\WWW\relaxed\public/../application/admin\view\index\login.html [ array (
  0 => 'breadcrumb',
  1 => 'site',
  2 => 'config',
  3 => 'auth',
  4 => 'admin',
  5 => 'background',
  6 => 'title',
) ]
[ info ] [ BEHAVIOR ] Run app\admin\behavior\AdminLog @app_end [ RunTime:0.000000s ]
[ info ] [ LOG ] INIT File
---------------------------------------------------------------
[ 2019-02-14T06:02:12+08:00 ] 195.154.183.76 GET /relaxed/public/index.php/admin/index/login
[ info ] picc.18178.net/relaxed/public/index.php/admin/index/login [运行时间：0.124801s][吞吐率：8.01req/s] [内存消耗：2,212.05kb] [文件加载：80]
[ info ] [ BEHAVIOR ] Run Closure @app_init [ RunTime:0.000000s ]
[ info ] [ CACHE ] INIT File
[ info ] [ BEHAVIOR ] Run Closure @app_init [ RunTime:0.015600s ]
[ info ] [ LANG ] C:\PhpStudy\PHPTutorial\WWW\relaxed\thinkphp\lang\zh-cn.php
[ info ] [ ROUTE ] array (
  'type' => 'module',
  'module' => 
  array (
    0 => 'admin',
    1 => 'index',
    2 => 'login',
  ),
)
[ info ] [ HEADER ] array (
  'connection' => 'close',
  'host' => 'picc.18178.net',
  'user-agent' => 'Mozilla/5.0 (Windows; U; Windows NT 6.0; en-US; rv:1.9.0.6) Gecko/2009011913 Firefox/3.0.6',
)
[ info ] [ PARAM ] array (
)
[ info ] [ LANG ] C:\PhpStudy\PHPTutorial\WWW\relaxed\public/../application/admin\lang\zh-cn.php
[ info ] [ BEHAVIOR ] Run app\common\behavior\Common @module_init [ RunTime:0.015600s ]
[ info ] [ SESSION ] INIT array (
  'id' => '',
  'var_session_id' => '',
  'prefix' => 'think',
  'type' => '',
  'auto_start' => true,
)
[ info ] [ LANG ] C:\PhpStudy\PHPTutorial\WWW\relaxed\public/../application/admin/lang/zh-cn/index.php
[ info ] [ RUN ] app\admin\controller\Index->login[ C:\PhpStudy\PHPTutorial\WWW\relaxed\application\admin\controller\Index.php ]
[ info ] [ BEHAVIOR ] Run \addons\loginbg\Loginbg @admin_login_init [ RunTime:0.000000s ]
[ info ] [ VIEW ] C:\PhpStudy\PHPTutorial\WWW\relaxed\public/../application/admin\view\index\login.html [ array (
  0 => 'breadcrumb',
  1 => 'site',
  2 => 'config',
  3 => 'auth',
  4 => 'admin',
  5 => 'background',
  6 => 'title',
) ]
[ info ] [ BEHAVIOR ] Run app\admin\behavior\AdminLog @app_end [ RunTime:0.000000s ]
[ info ] [ LOG ] INIT File
---------------------------------------------------------------
[ 2019-02-14T07:52:22+08:00 ] 5.188.62.15 GET /relaxed/public/index.php/admin/index/login
[ info ] picc.18178.net/relaxed/public/index.php/admin/index/login [运行时间：0.124801s][吞吐率：8.01req/s] [内存消耗：2,212.05kb] [文件加载：80]
[ info ] [ BEHAVIOR ] Run Closure @app_init [ RunTime:0.015600s ]
[ info ] [ CACHE ] INIT File
[ info ] [ BEHAVIOR ] Run Closure @app_init [ RunTime:0.000000s ]
[ info ] [ LANG ] C:\PhpStudy\PHPTutorial\WWW\relaxed\thinkphp\lang\zh-cn.php
[ info ] [ ROUTE ] array (
  'type' => 'module',
  'module' => 
  array (
    0 => 'admin',
    1 => 'index',
    2 => 'login',
  ),
)
[ info ] [ HEADER ] array (
  'user-agent' => 'python-requests/2.20.0',
  'accept' => '*/*',
  'accept-encoding' => 'gzip, deflate',
  'connection' => 'close',
  'host' => 'picc.18178.net',
)
[ info ] [ PARAM ] array (
)
[ info ] [ LANG ] C:\PhpStudy\PHPTutorial\WWW\relaxed\public/../application/admin\lang\zh-cn.php
[ info ] [ BEHAVIOR ] Run app\common\behavior\Common @module_init [ RunTime:0.000000s ]
[ info ] [ SESSION ] INIT array (
  'id' => '',
  'var_session_id' => '',
  'prefix' => 'think',
  'type' => '',
  'auto_start' => true,
)
[ info ] [ LANG ] C:\PhpStudy\PHPTutorial\WWW\relaxed\public/../application/admin/lang/zh-cn/index.php
[ info ] [ RUN ] app\admin\controller\Index->login[ C:\PhpStudy\PHPTutorial\WWW\relaxed\application\admin\controller\Index.php ]
[ info ] [ BEHAVIOR ] Run \addons\loginbg\Loginbg @admin_login_init [ RunTime:0.000000s ]
[ info ] [ VIEW ] C:\PhpStudy\PHPTutorial\WWW\relaxed\public/../application/admin\view\index\login.html [ array (
  0 => 'breadcrumb',
  1 => 'site',
  2 => 'config',
  3 => 'auth',
  4 => 'admin',
  5 => 'background',
  6 => 'title',
) ]
[ info ] [ BEHAVIOR ] Run app\admin\behavior\AdminLog @app_end [ RunTime:0.000000s ]
[ info ] [ LOG ] INIT File
---------------------------------------------------------------
[ 2019-02-14T11:45:35+08:00 ] 114.94.61.185 GET /relaxed/public/index.php/api/content/slideshow
[ info ] picc.18178.net/relaxed/public/index.php/api/content/slideshow [运行时间：0.218401s][吞吐率：4.58req/s] [内存消耗：2,460.45kb] [文件加载：74]
[ info ] [ BEHAVIOR ] Run Closure @app_init [ RunTime:0.000000s ]
[ info ] [ CACHE ] INIT File
[ info ] [ BEHAVIOR ] Run Closure @app_init [ RunTime:0.015600s ]
[ info ] [ LANG ] C:\PhpStudy\PHPTutorial\WWW\relaxed\thinkphp\lang\zh-cn.php
[ info ] [ ROUTE ] array (
  'type' => 'module',
  'module' => 
  array (
    0 => 'api',
    1 => 'content',
    2 => 'slideshow',
  ),
)
[ info ] [ HEADER ] array (
  'accept-encoding' => 'gzip, deflate, br',
  'referer' => 'https://servicewechat.com/wxc89d469693cad993/devtools/page-frame.html',
  'accept' => '*/*',
  'content-type' => 'application/json',
  'user-agent' => 'Mozilla/5.0 (iPhone; CPU iPhone OS 9_1 like Mac OS X) AppleWebKit/601.1.46 (KHTML, like Gecko) Version/9.0 Mobile/13B143 Safari/601.1 wechatdevtools/1.02.1812271 MicroMessenger/6.7.3 Language/zh_CN webview/ token/acb4af9ce414a52ef97aed410315b74d',
  'cache-control' => 'no-cache',
  'pragma' => 'no-cache',
  'connection' => 'close',
  'host' => 'picc.18178.net',
)
[ info ] [ PARAM ] array (
)
[ info ] [ LANG ] C:\PhpStudy\PHPTutorial\WWW\relaxed\public/../application/api\lang\zh-cn.php
[ info ] [ BEHAVIOR ] Run app\common\behavior\Common @module_init [ RunTime:0.000000s ]
[ info ] [ RUN ] app\api\controller\Content->slideshow[ C:\PhpStudy\PHPTutorial\WWW\relaxed\application\api\controller\Content.php ]
[ info ] [ DB ] INIT mysql
[ info ] [ LOG ] INIT File
[ sql ] [ DB ] CONNECT:[ UseTime:0.031201s ] mysql:host=sh-cdb-mwf0h7ig.sql.tencentcdb.com;port=62879;dbname=relaxed;charset=utf8
[ sql ] [ SQL ] SHOW COLUMNS FROM `fa_gslideshow` [ RunTime:0.015600s ]
[ sql ] [ SQL ] SELECT `image`,`url` FROM `fa_gslideshow` WHERE  `status` = 'normal' [ RunTime:0.015600s ]
---------------------------------------------------------------
[ 2019-02-14T11:45:35+08:00 ] 114.94.61.185 POST /relaxed/public/index.php/api/content/shangpin
[ info ] picc.18178.net/relaxed/public/index.php/api/content/shangpin [运行时间：0.202801s][吞吐率：4.93req/s] [内存消耗：2,464.77kb] [文件加载：74]
[ info ] [ BEHAVIOR ] Run Closure @app_init [ RunTime:0.000000s ]
[ info ] [ CACHE ] INIT File
[ info ] [ BEHAVIOR ] Run Closure @app_init [ RunTime:0.015600s ]
[ info ] [ LANG ] C:\PhpStudy\PHPTutorial\WWW\relaxed\thinkphp\lang\zh-cn.php
[ info ] [ ROUTE ] array (
  'type' => 'module',
  'module' => 
  array (
    0 => 'api',
    1 => 'content',
    2 => 'shangpin',
  ),
)
[ info ] [ HEADER ] array (
  'accept-encoding' => 'gzip, deflate, br',
  'referer' => 'https://servicewechat.com/wxc89d469693cad993/devtools/page-frame.html',
  'accept' => '*/*',
  'content-type' => 'application/json',
  'user-agent' => 'Mozilla/5.0 (iPhone; CPU iPhone OS 9_1 like Mac OS X) AppleWebKit/601.1.46 (KHTML, like Gecko) Version/9.0 Mobile/13B143 Safari/601.1 wechatdevtools/1.02.1812271 MicroMessenger/6.7.3 Language/zh_CN webview/ token/acb4af9ce414a52ef97aed410315b74d',
  'origin' => 'http://127.0.0.1:20053',
  'cache-control' => 'no-cache',
  'pragma' => 'no-cache',
  'content-length' => '2',
  'connection' => 'close',
  'host' => 'picc.18178.net',
)
[ info ] [ PARAM ] array (
)
[ info ] [ LANG ] C:\PhpStudy\PHPTutorial\WWW\relaxed\public/../application/api\lang\zh-cn.php
[ info ] [ BEHAVIOR ] Run app\common\behavior\Common @module_init [ RunTime:0.000000s ]
[ info ] [ RUN ] app\api\controller\Content->shangpin[ C:\PhpStudy\PHPTutorial\WWW\relaxed\application\api\controller\Content.php ]
[ info ] [ DB ] INIT mysql
[ info ] [ LOG ] INIT File
[ sql ] [ DB ] CONNECT:[ UseTime:0.031201s ] mysql:host=sh-cdb-mwf0h7ig.sql.tencentcdb.com;port=62879;dbname=relaxed;charset=utf8
[ sql ] [ SQL ] SHOW COLUMNS FROM `fa_turntable` [ RunTime:0.015600s ]
[ sql ] [ SQL ] SELECT * FROM `fa_turntable` [ RunTime:0.015600s ]
---------------------------------------------------------------
[ 2019-02-14T11:45:35+08:00 ] 114.94.61.185 GET /relaxed/public/index.php/api/content/activity
[ info ] picc.18178.net/relaxed/public/index.php/api/content/activity [运行时间：0.312001s][吞吐率：3.21req/s] [内存消耗：2,463.45kb] [文件加载：74]
[ info ] [ BEHAVIOR ] Run Closure @app_init [ RunTime:0.000000s ]
[ info ] [ CACHE ] INIT File
[ info ] [ BEHAVIOR ] Run Closure @app_init [ RunTime:0.000000s ]
[ info ] [ LANG ] C:\PhpStudy\PHPTutorial\WWW\relaxed\thinkphp\lang\zh-cn.php
[ info ] [ ROUTE ] array (
  'type' => 'module',
  'module' => 
  array (
    0 => 'api',
    1 => 'content',
    2 => 'activity',
  ),
)
[ info ] [ HEADER ] array (
  'accept-encoding' => 'gzip, deflate, br',
  'referer' => 'https://servicewechat.com/wxc89d469693cad993/devtools/page-frame.html',
  'accept' => '*/*',
  'content-type' => 'application/json',
  'user-agent' => 'Mozilla/5.0 (iPhone; CPU iPhone OS 9_1 like Mac OS X) AppleWebKit/601.1.46 (KHTML, like Gecko) Version/9.0 Mobile/13B143 Safari/601.1 wechatdevtools/1.02.1812271 MicroMessenger/6.7.3 Language/zh_CN webview/ token/acb4af9ce414a52ef97aed410315b74d',
  'cache-control' => 'no-cache',
  'pragma' => 'no-cache',
  'connection' => 'close',
  'host' => 'picc.18178.net',
)
[ info ] [ PARAM ] array (
)
[ info ] [ LANG ] C:\PhpStudy\PHPTutorial\WWW\relaxed\public/../application/api\lang\zh-cn.php
[ info ] [ BEHAVIOR ] Run app\common\behavior\Common @module_init [ RunTime:0.000000s ]
[ info ] [ RUN ] app\api\controller\Content->activity[ C:\PhpStudy\PHPTutorial\WWW\relaxed\application\api\controller\Content.php ]
[ info ] [ DB ] INIT mysql
[ info ] [ LOG ] INIT File
[ sql ] [ DB ] CONNECT:[ UseTime:0.124801s ] mysql:host=sh-cdb-mwf0h7ig.sql.tencentcdb.com;port=62879;dbname=relaxed;charset=utf8
[ sql ] [ SQL ] SHOW COLUMNS FROM `fa_activity` [ RunTime:0.015600s ]
[ sql ] [ SQL ] SELECT `id`,`image`,`title`,`desc`,`url` FROM `fa_activity` WHERE  `status` = 'normal' ORDER BY `weigh` DESC [ RunTime:0.015600s ]
---------------------------------------------------------------
[ 2019-02-14T11:45:35+08:00 ] 114.94.61.185 POST /relaxed/public/index.php/api/userinfo/affiche
[ info ] picc.18178.net/relaxed/public/index.php/api/userinfo/affiche [运行时间：0.343201s][吞吐率：2.91req/s] [内存消耗：2,461.67kb] [文件加载：76]
[ info ] [ BEHAVIOR ] Run Closure @app_init [ RunTime:0.000000s ]
[ info ] [ CACHE ] INIT File
[ info ] [ BEHAVIOR ] Run Closure @app_init [ RunTime:0.015600s ]
[ info ] [ LANG ] C:\PhpStudy\PHPTutorial\WWW\relaxed\thinkphp\lang\zh-cn.php
[ info ] [ ROUTE ] array (
  'type' => 'module',
  'module' => 
  array (
    0 => 'api',
    1 => 'userinfo',
    2 => 'affiche',
  ),
)
[ info ] [ HEADER ] array (
  'accept-encoding' => 'gzip, deflate, br',
  'referer' => 'https://servicewechat.com/wxc89d469693cad993/devtools/page-frame.html',
  'accept' => '*/*',
  'content-type' => 'application/json',
  'user-agent' => 'Mozilla/5.0 (iPhone; CPU iPhone OS 9_1 like Mac OS X) AppleWebKit/601.1.46 (KHTML, like Gecko) Version/9.0 Mobile/13B143 Safari/601.1 wechatdevtools/1.02.1812271 MicroMessenger/6.7.3 Language/zh_CN webview/ token/acb4af9ce414a52ef97aed410315b74d',
  'origin' => 'http://127.0.0.1:20053',
  'cache-control' => 'no-cache',
  'pragma' => 'no-cache',
  'content-length' => '2',
  'connection' => 'close',
  'host' => 'picc.18178.net',
)
[ info ] [ PARAM ] array (
)
[ info ] [ LANG ] C:\PhpStudy\PHPTutorial\WWW\relaxed\public/../application/api\lang\zh-cn.php
[ info ] [ BEHAVIOR ] Run app\common\behavior\Common @module_init [ RunTime:0.000000s ]
[ info ] [ RUN ] app\api\controller\Userinfo->affiche[ C:\PhpStudy\PHPTutorial\WWW\relaxed\application\api\controller\Userinfo.php ]
[ info ] [ DB ] INIT mysql
[ info ] [ LOG ] INIT File
[ sql ] [ DB ] CONNECT:[ UseTime:0.062401s ] mysql:host=sh-cdb-mwf0h7ig.sql.tencentcdb.com;port=62879;dbname=relaxed;charset=utf8
[ sql ] [ SQL ] SHOW COLUMNS FROM `fa_affiche` [ RunTime:0.031200s ]
[ sql ] [ SQL ] SELECT `content` FROM `fa_affiche` [ RunTime:0.015600s ]
[ sql ] [ SQL ] SHOW COLUMNS FROM `fa_turntable` [ RunTime:0.031200s ]
[ sql ] [ SQL ] SELECT `name` FROM `fa_turntable` WHERE  `name` <> '谢谢参与' [ RunTime:0.015600s ]
---------------------------------------------------------------
[ 2019-02-14T11:45:35+08:00 ] 114.94.61.185 POST /relaxed/public/index.php/api/content/turndesc
[ info ] picc.18178.net/relaxed/public/index.php/api/content/turndesc [运行时间：0.187201s][吞吐率：5.34req/s] [内存消耗：2,458.30kb] [文件加载：74]
[ info ] [ BEHAVIOR ] Run Closure @app_init [ RunTime:0.000000s ]
[ info ] [ CACHE ] INIT File
[ info ] [ BEHAVIOR ] Run Closure @app_init [ RunTime:0.015600s ]
[ info ] [ LANG ] C:\PhpStudy\PHPTutorial\WWW\relaxed\thinkphp\lang\zh-cn.php
[ info ] [ ROUTE ] array (
  'type' => 'module',
  'module' => 
  array (
    0 => 'api',
    1 => 'content',
    2 => 'turndesc',
  ),
)
[ info ] [ HEADER ] array (
  'accept-encoding' => 'gzip, deflate, br',
  'referer' => 'https://servicewechat.com/wxc89d469693cad993/devtools/page-frame.html',
  'accept' => '*/*',
  'content-type' => 'application/json',
  'user-agent' => 'Mozilla/5.0 (iPhone; CPU iPhone OS 9_1 like Mac OS X) AppleWebKit/601.1.46 (KHTML, like Gecko) Version/9.0 Mobile/13B143 Safari/601.1 wechatdevtools/1.02.1812271 MicroMessenger/6.7.3 Language/zh_CN webview/ token/acb4af9ce414a52ef97aed410315b74d',
  'origin' => 'http://127.0.0.1:20053',
  'cache-control' => 'no-cache',
  'pragma' => 'no-cache',
  'content-length' => '2',
  'connection' => 'close',
  'host' => 'picc.18178.net',
)
[ info ] [ PARAM ] array (
)
[ info ] [ LANG ] C:\PhpStudy\PHPTutorial\WWW\relaxed\public/../application/api\lang\zh-cn.php
[ info ] [ BEHAVIOR ] Run app\common\behavior\Common @module_init [ RunTime:0.000000s ]
[ info ] [ RUN ] app\api\controller\Content->turndesc[ C:\PhpStudy\PHPTutorial\WWW\relaxed\application\api\controller\Content.php ]
[ info ] [ DB ] INIT mysql
[ info ] [ LOG ] INIT File
[ sql ] [ DB ] CONNECT:[ UseTime:0.031200s ] mysql:host=sh-cdb-mwf0h7ig.sql.tencentcdb.com;port=62879;dbname=relaxed;charset=utf8
[ sql ] [ SQL ] SHOW COLUMNS FROM `fa_turndesc` [ RunTime:0.015600s ]
[ sql ] [ SQL ] SELECT * FROM `fa_turndesc` LIMIT 1 [ RunTime:0.015600s ]
---------------------------------------------------------------
[ 2019-02-14T11:45:36+08:00 ] 114.94.61.185 GET /relaxed/public/index.php/api/content/games
[ info ] picc.18178.net/relaxed/public/index.php/api/content/games [运行时间：0.452401s][吞吐率：2.21req/s] [内存消耗：2,462.90kb] [文件加载：74]
[ info ] [ BEHAVIOR ] Run Closure @app_init [ RunTime:0.000000s ]
[ info ] [ CACHE ] INIT File
[ info ] [ BEHAVIOR ] Run Closure @app_init [ RunTime:0.015600s ]
[ info ] [ LANG ] C:\PhpStudy\PHPTutorial\WWW\relaxed\thinkphp\lang\zh-cn.php
[ info ] [ ROUTE ] array (
  'type' => 'module',
  'module' => 
  array (
    0 => 'api',
    1 => 'content',
    2 => 'games',
  ),
)
[ info ] [ HEADER ] array (
  'accept-encoding' => 'gzip, deflate, br',
  'referer' => 'https://servicewechat.com/wxc89d469693cad993/devtools/page-frame.html',
  'accept' => '*/*',
  'content-type' => 'application/json',
  'user-agent' => 'Mozilla/5.0 (iPhone; CPU iPhone OS 9_1 like Mac OS X) AppleWebKit/601.1.46 (KHTML, like Gecko) Version/9.0 Mobile/13B143 Safari/601.1 wechatdevtools/1.02.1812271 MicroMessenger/6.7.3 Language/zh_CN webview/ token/acb4af9ce414a52ef97aed410315b74d',
  'cache-control' => 'no-cache',
  'pragma' => 'no-cache',
  'connection' => 'close',
  'host' => 'picc.18178.net',
)
[ info ] [ PARAM ] array (
)
[ info ] [ LANG ] C:\PhpStudy\PHPTutorial\WWW\relaxed\public/../application/api\lang\zh-cn.php
[ info ] [ BEHAVIOR ] Run app\common\behavior\Common @module_init [ RunTime:0.000000s ]
[ info ] [ RUN ] app\api\controller\Content->games[ C:\PhpStudy\PHPTutorial\WWW\relaxed\application\api\controller\Content.php ]
[ info ] [ DB ] INIT mysql
[ info ] [ LOG ] INIT File
[ sql ] [ DB ] CONNECT:[ UseTime:0.249601s ] mysql:host=sh-cdb-mwf0h7ig.sql.tencentcdb.com;port=62879;dbname=relaxed;charset=utf8
[ sql ] [ SQL ] SHOW COLUMNS FROM `fa_games` [ RunTime:0.015600s ]
[ sql ] [ SQL ] SELECT `image`,`title`,`desc`,`appid` FROM `fa_games` WHERE  `status` = 'normal' ORDER BY `weigh` DESC [ RunTime:0.015600s ]
---------------------------------------------------------------
[ 2019-02-14T11:45:40+08:00 ] 114.94.61.185 GET /relaxed/public/index.php/api/userinfo/user_slideshow
[ info ] picc.18178.net/relaxed/public/index.php/api/userinfo/user_slideshow [运行时间：0.171600s][吞吐率：5.83req/s] [内存消耗：2,454.84kb] [文件加载：76]
[ info ] [ BEHAVIOR ] Run Closure @app_init [ RunTime:0.000000s ]
[ info ] [ CACHE ] INIT File
[ info ] [ BEHAVIOR ] Run Closure @app_init [ RunTime:0.000000s ]
[ info ] [ LANG ] C:\PhpStudy\PHPTutorial\WWW\relaxed\thinkphp\lang\zh-cn.php
[ info ] [ ROUTE ] array (
  'type' => 'module',
  'module' => 
  array (
    0 => 'api',
    1 => 'userinfo',
    2 => 'user_slideshow',
  ),
)
[ info ] [ HEADER ] array (
  'accept-encoding' => 'gzip, deflate, br',
  'referer' => 'https://servicewechat.com/wxc89d469693cad993/devtools/page-frame.html',
  'accept' => '*/*',
  'content-type' => 'application/json',
  'user-agent' => 'Mozilla/5.0 (iPhone; CPU iPhone OS 9_1 like Mac OS X) AppleWebKit/601.1.46 (KHTML, like Gecko) Version/9.0 Mobile/13B143 Safari/601.1 wechatdevtools/1.02.1812271 MicroMessenger/6.7.3 Language/zh_CN webview/ token/acb4af9ce414a52ef97aed410315b74d',
  'cache-control' => 'no-cache',
  'pragma' => 'no-cache',
  'connection' => 'close',
  'host' => 'picc.18178.net',
)
[ info ] [ PARAM ] array (
)
[ info ] [ LANG ] C:\PhpStudy\PHPTutorial\WWW\relaxed\public/../application/api\lang\zh-cn.php
[ info ] [ BEHAVIOR ] Run app\common\behavior\Common @module_init [ RunTime:0.000000s ]
[ info ] [ RUN ] app\api\controller\Userinfo->user_slideshow[ C:\PhpStudy\PHPTutorial\WWW\relaxed\application\api\controller\Userinfo.php ]
[ info ] [ DB ] INIT mysql
[ info ] [ LOG ] INIT File
[ sql ] [ DB ] CONNECT:[ UseTime:0.031200s ] mysql:host=sh-cdb-mwf0h7ig.sql.tencentcdb.com;port=62879;dbname=relaxed;charset=utf8
[ sql ] [ SQL ] SHOW COLUMNS FROM `fa_userslideshow` [ RunTime:0.031200s ]
[ sql ] [ SQL ] SELECT `image` FROM `fa_userslideshow` LIMIT 1 [ RunTime:0.015600s ]
---------------------------------------------------------------
[ 2019-02-14T11:45:41+08:00 ] 114.94.61.185 POST /relaxed/public/index.php/api/userinfo/index
[ info ] picc.18178.net/relaxed/public/index.php/api/userinfo/index [运行时间：1.482003s][吞吐率：0.67req/s] [内存消耗：2,466.55kb] [文件加载：76]
[ info ] [ BEHAVIOR ] Run Closure @app_init [ RunTime:0.000000s ]
[ info ] [ CACHE ] INIT File
[ info ] [ BEHAVIOR ] Run Closure @app_init [ RunTime:0.015600s ]
[ info ] [ LANG ] C:\PhpStudy\PHPTutorial\WWW\relaxed\thinkphp\lang\zh-cn.php
[ info ] [ ROUTE ] array (
  'type' => 'module',
  'module' => 
  array (
    0 => 'api',
    1 => 'userinfo',
    2 => 'index',
  ),
)
[ info ] [ HEADER ] array (
  'accept-encoding' => 'gzip, deflate, br',
  'referer' => 'https://servicewechat.com/wxc89d469693cad993/devtools/page-frame.html',
  'accept' => '*/*',
  'content-type' => 'application/json',
  'user-agent' => 'Mozilla/5.0 (iPhone; CPU iPhone OS 9_1 like Mac OS X) AppleWebKit/601.1.46 (KHTML, like Gecko) Version/9.0 Mobile/13B143 Safari/601.1 wechatdevtools/1.02.1812271 MicroMessenger/6.7.3 Language/zh_CN webview/ token/acb4af9ce414a52ef97aed410315b74d',
  'origin' => 'http://127.0.0.1:20053',
  'cache-control' => 'no-cache',
  'pragma' => 'no-cache',
  'content-length' => '43',
  'connection' => 'close',
  'host' => 'picc.18178.net',
)
[ info ] [ PARAM ] array (
  'code' => '033YrMf416EA5S1bM4d41InXf41YrMfc',
)
[ info ] [ LANG ] C:\PhpStudy\PHPTutorial\WWW\relaxed\public/../application/api\lang\zh-cn.php
[ info ] [ BEHAVIOR ] Run app\common\behavior\Common @module_init [ RunTime:0.000000s ]
[ info ] [ RUN ] app\api\controller\Userinfo->index[ C:\PhpStudy\PHPTutorial\WWW\relaxed\application\api\controller\Userinfo.php ]
[ info ] [ DB ] INIT mysql
[ info ] [ LOG ] INIT File
[ sql ] [ DB ] CONNECT:[ UseTime:0.031200s ] mysql:host=sh-cdb-mwf0h7ig.sql.tencentcdb.com;port=62879;dbname=relaxed;charset=utf8
[ sql ] [ SQL ] SHOW COLUMNS FROM `fa_user` [ RunTime:0.015600s ]
[ sql ] [ SQL ] SELECT `uid`,`openid` FROM `fa_user` WHERE  `openid` = 'o7G-45bPEGUFQfhNFGpmDClRtRxI' LIMIT 1 [ RunTime:0.015600s ]
---------------------------------------------------------------
[ 2019-02-14T11:45:42+08:00 ] 114.94.61.185 POST /relaxed/public/index.php/api/userinfo/login
[ info ] picc.18178.net/relaxed/public/index.php/api/userinfo/login [运行时间：0.202800s][吞吐率：4.93req/s] [内存消耗：2,477.36kb] [文件加载：76]
[ info ] [ BEHAVIOR ] Run Closure @app_init [ RunTime:0.000000s ]
[ info ] [ CACHE ] INIT File
[ info ] [ BEHAVIOR ] Run Closure @app_init [ RunTime:0.000000s ]
[ info ] [ LANG ] C:\PhpStudy\PHPTutorial\WWW\relaxed\thinkphp\lang\zh-cn.php
[ info ] [ ROUTE ] array (
  'type' => 'module',
  'module' => 
  array (
    0 => 'api',
    1 => 'userinfo',
    2 => 'login',
  ),
)
[ info ] [ HEADER ] array (
  'accept-encoding' => 'gzip, deflate, br',
  'referer' => 'https://servicewechat.com/wxc89d469693cad993/devtools/page-frame.html',
  'accept' => '*/*',
  'content-type' => 'application/json',
  'user-agent' => 'Mozilla/5.0 (iPhone; CPU iPhone OS 9_1 like Mac OS X) AppleWebKit/601.1.46 (KHTML, like Gecko) Version/9.0 Mobile/13B143 Safari/601.1 wechatdevtools/1.02.1812271 MicroMessenger/6.7.3 Language/zh_CN webview/ token/acb4af9ce414a52ef97aed410315b74d',
  'origin' => 'http://127.0.0.1:20053',
  'cache-control' => 'no-cache',
  'pragma' => 'no-cache',
  'content-length' => '817',
  'connection' => 'close',
  'host' => 'picc.18178.net',
)
[ info ] [ PARAM ] array (
  'sessionkey' => 'h87AwetXhTeiNjhLQTAuqw==',
  'encryptedData' => 'RaLoIP/7gDnJZyczKKnMMkeOby/tf5W/WsTDDmAtdYNsZWUkTqdlOgYu84fpLrG1yYE8JTG14J0Ym0g9R0GIGvQ08U5x3uYCe+dSetHDWmpeXIZSApvJB/wByoIE77HLQPi37DChF/DKzyE1lfnJ5JPUbXAyhLiEZ2wGPTWB6yCHCIAepN27Oq7AEQG2m5pu527BXyHOFUzTpcTq/wqRAXba5zgzSUzcVfLQopiJpS6fA5MgX34LhHeiE4pix1FJ0TGjPsRVg01f9piAYSkgRvX8T+Roreu70QZz6MW31W3wHj9hA5csb6jf3rMF7IKZ8/6U7InRul+dK1JVqxlxQMAMMttZRyY9qjwi5ZSBPIjkQ/oSR6pRXvztE62yNS2DsDGu16jW8RgTBsTh04N9aocXlEL/jmsgpkxHMK42MyrLYNyfxEcXsaD+76VhKuisHCo/adycWgoGuHtTFgvcKFM9StYzYgzI/qsU3Vb7Fn6V7EYpGn14+BzMAUDzNb095+JtUYIkEXiYyP/qmNOOgg==',
  'iv' => '1uUQB7xYn+HzRaK5bcmUnw==',
  'nickName' => 'sunshine',
  'avatarUrl' => 'https://wx.qlogo.cn/mmopen/vi_32/eRW5rMO0u3cAM1Uz3woyFgGuwHoud4ABicgrtDOYpryoj23cVjkMtqczaArp47GqZia5y4Vvic4TibO84pGdXv6P8w/132',
  'uid' => 1000005,
  'gender' => 1,
)
[ info ] [ LANG ] C:\PhpStudy\PHPTutorial\WWW\relaxed\public/../application/api\lang\zh-cn.php
[ info ] [ BEHAVIOR ] Run app\common\behavior\Common @module_init [ RunTime:0.000000s ]
[ info ] [ RUN ] app\api\controller\Userinfo->login[ C:\PhpStudy\PHPTutorial\WWW\relaxed\application\api\controller\Userinfo.php ]
[ info ] [ DB ] INIT mysql
[ info ] [ LOG ] INIT File
[ sql ] [ DB ] CONNECT:[ UseTime:0.031200s ] mysql:host=sh-cdb-mwf0h7ig.sql.tencentcdb.com;port=62879;dbname=relaxed;charset=utf8
[ sql ] [ SQL ] SHOW COLUMNS FROM `fa_user` [ RunTime:0.015600s ]
[ sql ] [ SQL ] SELECT `nickname`,`avatar` FROM `fa_user` WHERE  `uid` = 1000005 LIMIT 1 [ RunTime:0.015600s ]
[ sql ] [ SQL ] SELECT `uid`,`nickname`,`username`,`avatar`,`sign`,`gender`,`gold`,`score`,`mobile`,`city`,`constellation`,`idnumber`,`birthday`,`isnew` FROM `fa_user` WHERE  `uid` = 1000005 LIMIT 1 [ RunTime:0.015600s ]
---------------------------------------------------------------
[ 2019-02-14T11:45:42+08:00 ] 114.94.61.185 POST /relaxed/public/index.php/api/content/remind
[ info ] picc.18178.net/relaxed/public/index.php/api/content/remind [运行时间：0.187201s][吞吐率：5.34req/s] [内存消耗：2,465.99kb] [文件加载：75]
[ info ] [ BEHAVIOR ] Run Closure @app_init [ RunTime:0.000000s ]
[ info ] [ CACHE ] INIT File
[ info ] [ BEHAVIOR ] Run Closure @app_init [ RunTime:0.015600s ]
[ info ] [ LANG ] C:\PhpStudy\PHPTutorial\WWW\relaxed\thinkphp\lang\zh-cn.php
[ info ] [ ROUTE ] array (
  'type' => 'module',
  'module' => 
  array (
    0 => 'api',
    1 => 'content',
    2 => 'remind',
  ),
)
[ info ] [ HEADER ] array (
  'accept-encoding' => 'gzip, deflate, br',
  'referer' => 'https://servicewechat.com/wxc89d469693cad993/devtools/page-frame.html',
  'accept' => '*/*',
  'content-type' => 'application/json',
  'user-agent' => 'Mozilla/5.0 (iPhone; CPU iPhone OS 9_1 like Mac OS X) AppleWebKit/601.1.46 (KHTML, like Gecko) Version/9.0 Mobile/13B143 Safari/601.1 wechatdevtools/1.02.1812271 MicroMessenger/6.7.3 Language/zh_CN webview/ token/acb4af9ce414a52ef97aed410315b74d',
  'origin' => 'http://127.0.0.1:20053',
  'cache-control' => 'no-cache',
  'pragma' => 'no-cache',
  'content-length' => '15',
  'connection' => 'close',
  'host' => 'picc.18178.net',
)
[ info ] [ PARAM ] array (
  'uid' => 1000005,
)
[ info ] [ LANG ] C:\PhpStudy\PHPTutorial\WWW\relaxed\public/../application/api\lang\zh-cn.php
[ info ] [ BEHAVIOR ] Run app\common\behavior\Common @module_init [ RunTime:0.000000s ]
[ info ] [ RUN ] app\api\controller\Content->remind[ C:\PhpStudy\PHPTutorial\WWW\relaxed\application\api\controller\Content.php ]
[ info ] [ DB ] INIT mysql
[ info ] [ LOG ] INIT File
[ sql ] [ DB ] CONNECT:[ UseTime:0.031200s ] mysql:host=sh-cdb-mwf0h7ig.sql.tencentcdb.com;port=62879;dbname=relaxed;charset=utf8
[ sql ] [ SQL ] SHOW COLUMNS FROM `fa_indent` [ RunTime:0.015601s ]
[ sql ] [ SQL ] SELECT COUNT(*) AS tp_count FROM `fa_indent` WHERE  `type` = 'no'  AND `uid` = 1000005 LIMIT 1 [ RunTime:0.015600s ]
---------------------------------------------------------------
[ 2019-02-14T11:45:43+08:00 ] 114.94.61.185 POST /relaxed/public/index.php/api/userinfo/affiche_hidden
[ info ] picc.18178.net/relaxed/public/index.php/api/userinfo/affiche_hidden [运行时间：0.187201s][吞吐率：5.34req/s] [内存消耗：2,463.66kb] [文件加载：76]
[ info ] [ BEHAVIOR ] Run Closure @app_init [ RunTime:0.000000s ]
[ info ] [ CACHE ] INIT File
[ info ] [ BEHAVIOR ] Run Closure @app_init [ RunTime:0.000000s ]
[ info ] [ LANG ] C:\PhpStudy\PHPTutorial\WWW\relaxed\thinkphp\lang\zh-cn.php
[ info ] [ ROUTE ] array (
  'type' => 'module',
  'module' => 
  array (
    0 => 'api',
    1 => 'userinfo',
    2 => 'affiche_hidden',
  ),
)
[ info ] [ HEADER ] array (
  'accept-encoding' => 'gzip, deflate, br',
  'referer' => 'https://servicewechat.com/wxc89d469693cad993/devtools/page-frame.html',
  'accept' => '*/*',
  'content-type' => 'application/json',
  'user-agent' => 'Mozilla/5.0 (iPhone; CPU iPhone OS 9_1 like Mac OS X) AppleWebKit/601.1.46 (KHTML, like Gecko) Version/9.0 Mobile/13B143 Safari/601.1 wechatdevtools/1.02.1812271 MicroMessenger/6.7.3 Language/zh_CN webview/ token/acb4af9ce414a52ef97aed410315b74d',
  'origin' => 'http://127.0.0.1:20053',
  'cache-control' => 'no-cache',
  'pragma' => 'no-cache',
  'content-length' => '2',
  'connection' => 'close',
  'host' => 'picc.18178.net',
)
[ info ] [ PARAM ] array (
)
[ info ] [ LANG ] C:\PhpStudy\PHPTutorial\WWW\relaxed\public/../application/api\lang\zh-cn.php
[ info ] [ BEHAVIOR ] Run app\common\behavior\Common @module_init [ RunTime:0.000000s ]
[ info ] [ RUN ] app\api\controller\Userinfo->affiche_hidden[ C:\PhpStudy\PHPTutorial\WWW\relaxed\application\api\controller\Userinfo.php ]
[ info ] [ DB ] INIT mysql
[ info ] [ LOG ] INIT File
[ sql ] [ DB ] CONNECT:[ UseTime:0.015600s ] mysql:host=sh-cdb-mwf0h7ig.sql.tencentcdb.com;port=62879;dbname=relaxed;charset=utf8
[ sql ] [ SQL ] SHOW COLUMNS FROM `fa_affiche` [ RunTime:0.015600s ]
[ sql ] [ SQL ] SELECT `content` FROM `fa_affiche` WHERE  `sattus` = 'hidden' [ RunTime:0.015600s ]
[ sql ] [ SQL ] SHOW COLUMNS FROM `fa_product` [ RunTime:0.015600s ]
[ sql ] [ SQL ] SELECT `name` FROM `fa_product` [ RunTime:0.015600s ]
---------------------------------------------------------------
[ 2019-02-14T11:45:43+08:00 ] 114.94.61.185 POST /relaxed/public/index.php/api/content/remind
[ info ] picc.18178.net/relaxed/public/index.php/api/content/remind [运行时间：0.171600s][吞吐率：5.83req/s] [内存消耗：2,465.99kb] [文件加载：75]
[ info ] [ BEHAVIOR ] Run Closure @app_init [ RunTime:0.000000s ]
[ info ] [ CACHE ] INIT File
[ info ] [ BEHAVIOR ] Run Closure @app_init [ RunTime:0.000000s ]
[ info ] [ LANG ] C:\PhpStudy\PHPTutorial\WWW\relaxed\thinkphp\lang\zh-cn.php
[ info ] [ ROUTE ] array (
  'type' => 'module',
  'module' => 
  array (
    0 => 'api',
    1 => 'content',
    2 => 'remind',
  ),
)
[ info ] [ HEADER ] array (
  'accept-encoding' => 'gzip, deflate, br',
  'referer' => 'https://servicewechat.com/wxc89d469693cad993/devtools/page-frame.html',
  'accept' => '*/*',
  'content-type' => 'application/json',
  'user-agent' => 'Mozilla/5.0 (iPhone; CPU iPhone OS 9_1 like Mac OS X) AppleWebKit/601.1.46 (KHTML, like Gecko) Version/9.0 Mobile/13B143 Safari/601.1 wechatdevtools/1.02.1812271 MicroMessenger/6.7.3 Language/zh_CN webview/ token/acb4af9ce414a52ef97aed410315b74d',
  'origin' => 'http://127.0.0.1:20053',
  'cache-control' => 'no-cache',
  'pragma' => 'no-cache',
  'content-length' => '15',
  'connection' => 'close',
  'host' => 'picc.18178.net',
)
[ info ] [ PARAM ] array (
  'uid' => 1000005,
)
[ info ] [ LANG ] C:\PhpStudy\PHPTutorial\WWW\relaxed\public/../application/api\lang\zh-cn.php
[ info ] [ BEHAVIOR ] Run app\common\behavior\Common @module_init [ RunTime:0.000000s ]
[ info ] [ RUN ] app\api\controller\Content->remind[ C:\PhpStudy\PHPTutorial\WWW\relaxed\application\api\controller\Content.php ]
[ info ] [ DB ] INIT mysql
[ info ] [ LOG ] INIT File
[ sql ] [ DB ] CONNECT:[ UseTime:0.031200s ] mysql:host=sh-cdb-mwf0h7ig.sql.tencentcdb.com;port=62879;dbname=relaxed;charset=utf8
[ sql ] [ SQL ] SHOW COLUMNS FROM `fa_indent` [ RunTime:0.015600s ]
[ sql ] [ SQL ] SELECT COUNT(*) AS tp_count FROM `fa_indent` WHERE  `type` = 'no'  AND `uid` = 1000005 LIMIT 1 [ RunTime:0.015600s ]
---------------------------------------------------------------
[ 2019-02-14T11:45:45+08:00 ] 114.94.61.185 POST /relaxed/public/index.php/api/openapi/invwentory
[ info ] picc.18178.net/relaxed/public/index.php/api/openapi/invwentory [运行时间：2.277604s][吞吐率：0.44req/s] [内存消耗：2,413.07kb] [文件加载：72]
[ info ] [ BEHAVIOR ] Run Closure @app_init [ RunTime:0.000000s ]
[ info ] [ CACHE ] INIT File
[ info ] [ BEHAVIOR ] Run Closure @app_init [ RunTime:0.000000s ]
[ info ] [ LANG ] C:\PhpStudy\PHPTutorial\WWW\relaxed\thinkphp\lang\zh-cn.php
[ info ] [ ROUTE ] array (
  'type' => 'module',
  'module' => 
  array (
    0 => 'api',
    1 => 'openapi',
    2 => 'invwentory',
  ),
)
[ info ] [ HEADER ] array (
  'accept-encoding' => 'gzip, deflate, br',
  'referer' => 'https://servicewechat.com/wxc89d469693cad993/devtools/page-frame.html',
  'accept' => '*/*',
  'content-type' => 'application/json',
  'user-agent' => 'Mozilla/5.0 (iPhone; CPU iPhone OS 9_1 like Mac OS X) AppleWebKit/601.1.46 (KHTML, like Gecko) Version/9.0 Mobile/13B143 Safari/601.1 wechatdevtools/1.02.1812271 MicroMessenger/6.7.3 Language/zh_CN webview/ token/acb4af9ce414a52ef97aed410315b74d',
  'origin' => 'http://127.0.0.1:20053',
  'cache-control' => 'no-cache',
  'pragma' => 'no-cache',
  'content-length' => '2',
  'connection' => 'close',
  'host' => 'picc.18178.net',
)
[ info ] [ PARAM ] array (
)
[ info ] [ LANG ] C:\PhpStudy\PHPTutorial\WWW\relaxed\public/../application/api\lang\zh-cn.php
[ info ] [ BEHAVIOR ] Run app\common\behavior\Common @module_init [ RunTime:0.000000s ]
[ info ] [ RUN ] app\api\controller\Openapi->invwentory[ C:\PhpStudy\PHPTutorial\WWW\relaxed\application\api\controller\Openapi.php ]
[ info ] [ DB ] INIT mysql
[ info ] [ LOG ] INIT File
[ sql ] [ DB ] CONNECT:[ UseTime:0.015600s ] mysql:host=sh-cdb-mwf0h7ig.sql.tencentcdb.com;port=62879;dbname=relaxed;charset=utf8
[ sql ] [ SQL ] SHOW COLUMNS FROM `fa_product` [ RunTime:0.015600s ]
[ sql ] [ SQL ] SELECT * FROM `fa_product` WHERE  `carid` <> '无' [ RunTime:0.015600s ]
[ sql ] [ SQL ] UPDATE `fa_product`  SET `sum`=3587,`surplus`=3587  WHERE  `id` = 12 [ RunTime:0.015600s ]
[ sql ] [ SQL ] UPDATE `fa_product`  SET `sum`=3906,`surplus`=3906  WHERE  `id` = 13 [ RunTime:0.000000s ]
[ sql ] [ SQL ] UPDATE `fa_product`  SET `sum`=4104,`surplus`=4104  WHERE  `id` = 14 [ RunTime:0.015600s ]
[ sql ] [ SQL ] UPDATE `fa_product`  SET `sum`=4523,`surplus`=4523  WHERE  `id` = 15 [ RunTime:0.000000s ]
[ sql ] [ SQL ] UPDATE `fa_product`  SET `sum`=4995,`surplus`=4995  WHERE  `id` = 16 [ RunTime:0.000000s ]
[ sql ] [ SQL ] UPDATE `fa_product`  SET `sum`=4997,`surplus`=4997  WHERE  `id` = 17 [ RunTime:0.015600s ]
[ sql ] [ SQL ] UPDATE `fa_product`  SET `sum`=4987,`surplus`=4987  WHERE  `id` = 18 [ RunTime:0.015600s ]
[ sql ] [ SQL ] UPDATE `fa_product`  SET `sum`=0,`surplus`=0  WHERE  `id` = 19 [ RunTime:0.000000s ]
[ sql ] [ SQL ] UPDATE `fa_product`  SET `sum`=0,`surplus`=0  WHERE  `id` = 20 [ RunTime:0.015600s ]
[ sql ] [ SQL ] UPDATE `fa_product`  SET `sum`=4998,`surplus`=4998  WHERE  `id` = 21 [ RunTime:0.000000s ]
[ sql ] [ SQL ] UPDATE `fa_product`  SET `sum`=4999,`surplus`=4999  WHERE  `id` = 22 [ RunTime:0.015601s ]
---------------------------------------------------------------
[ 2019-02-14T11:45:46+08:00 ] 114.94.61.185 POST /relaxed/public/index.php/api/content/present
[ info ] picc.18178.net/relaxed/public/index.php/api/content/present [运行时间：0.171600s][吞吐率：5.83req/s] [内存消耗：2,470.50kb] [文件加载：74]
[ info ] [ BEHAVIOR ] Run Closure @app_init [ RunTime:0.000000s ]
[ info ] [ CACHE ] INIT File
[ info ] [ BEHAVIOR ] Run Closure @app_init [ RunTime:0.015600s ]
[ info ] [ LANG ] C:\PhpStudy\PHPTutorial\WWW\relaxed\thinkphp\lang\zh-cn.php
[ info ] [ ROUTE ] array (
  'type' => 'module',
  'module' => 
  array (
    0 => 'api',
    1 => 'content',
    2 => 'present',
  ),
)
[ info ] [ HEADER ] array (
  'accept-encoding' => 'gzip, deflate, br',
  'referer' => 'https://servicewechat.com/wxc89d469693cad993/devtools/page-frame.html',
  'accept' => '*/*',
  'content-type' => 'application/json',
  'user-agent' => 'Mozilla/5.0 (iPhone; CPU iPhone OS 9_1 like Mac OS X) AppleWebKit/601.1.46 (KHTML, like Gecko) Version/9.0 Mobile/13B143 Safari/601.1 wechatdevtools/1.02.1812271 MicroMessenger/6.7.3 Language/zh_CN webview/ token/acb4af9ce414a52ef97aed410315b74d',
  'origin' => 'http://127.0.0.1:20053',
  'cache-control' => 'no-cache',
  'pragma' => 'no-cache',
  'content-length' => '2',
  'connection' => 'close',
  'host' => 'picc.18178.net',
)
[ info ] [ PARAM ] array (
)
[ info ] [ LANG ] C:\PhpStudy\PHPTutorial\WWW\relaxed\public/../application/api\lang\zh-cn.php
[ info ] [ BEHAVIOR ] Run app\common\behavior\Common @module_init [ RunTime:0.000000s ]
[ info ] [ RUN ] app\api\controller\Content->present[ C:\PhpStudy\PHPTutorial\WWW\relaxed\application\api\controller\Content.php ]
[ info ] [ DB ] INIT mysql
[ info ] [ LOG ] INIT File
[ sql ] [ DB ] CONNECT:[ UseTime:0.015600s ] mysql:host=sh-cdb-mwf0h7ig.sql.tencentcdb.com;port=62879;dbname=relaxed;charset=utf8
[ sql ] [ SQL ] SHOW COLUMNS FROM `fa_product` [ RunTime:0.015600s ]
[ sql ] [ SQL ] SELECT `id`,`image`,`name`,`price`,`sum`,`surplus`,`value` FROM `fa_product` WHERE  `status` = 'normal' ORDER BY `weigh` DESC [ RunTime:0.015600s ]
---------------------------------------------------------------
[ 2019-02-14T11:45:54+08:00 ] 114.94.61.185 POST /relaxed/public/index.php/api/userinfo/usenotice
[ info ] picc.18178.net/relaxed/public/index.php/api/userinfo/usenotice [运行时间：0.187201s][吞吐率：5.34req/s] [内存消耗：2,448.04kb] [文件加载：75]
[ info ] [ BEHAVIOR ] Run Closure @app_init [ RunTime:0.000000s ]
[ info ] [ CACHE ] INIT File
[ info ] [ BEHAVIOR ] Run Closure @app_init [ RunTime:0.000000s ]
[ info ] [ LANG ] C:\PhpStudy\PHPTutorial\WWW\relaxed\thinkphp\lang\zh-cn.php
[ info ] [ ROUTE ] array (
  'type' => 'module',
  'module' => 
  array (
    0 => 'api',
    1 => 'userinfo',
    2 => 'usenotice',
  ),
)
[ info ] [ HEADER ] array (
  'accept-encoding' => 'gzip, deflate, br',
  'referer' => 'https://servicewechat.com/wxc89d469693cad993/devtools/page-frame.html',
  'accept' => '*/*',
  'content-type' => 'application/json',
  'user-agent' => 'Mozilla/5.0 (iPhone; CPU iPhone OS 9_1 like Mac OS X) AppleWebKit/601.1.46 (KHTML, like Gecko) Version/9.0 Mobile/13B143 Safari/601.1 wechatdevtools/1.02.1812271 MicroMessenger/6.7.3 Language/zh_CN webview/ token/acb4af9ce414a52ef97aed410315b74d',
  'origin' => 'http://127.0.0.1:20053',
  'cache-control' => 'no-cache',
  'pragma' => 'no-cache',
  'content-length' => '15',
  'connection' => 'close',
  'host' => 'picc.18178.net',
)
[ info ] [ PARAM ] array (
  'uid' => 1000005,
)
[ info ] [ LANG ] C:\PhpStudy\PHPTutorial\WWW\relaxed\public/../application/api\lang\zh-cn.php
[ info ] [ BEHAVIOR ] Run app\common\behavior\Common @module_init [ RunTime:0.000000s ]
[ info ] [ RUN ] app\api\controller\Userinfo->usenotice[ C:\PhpStudy\PHPTutorial\WWW\relaxed\application\api\controller\Userinfo.php ]
[ info ] [ DB ] INIT mysql
[ info ] [ LOG ] INIT File
[ sql ] [ DB ] CONNECT:[ UseTime:0.031200s ] mysql:host=sh-cdb-mwf0h7ig.sql.tencentcdb.com;port=62879;dbname=relaxed;charset=utf8
[ sql ] [ SQL ] SHOW COLUMNS FROM `fa_notices` [ RunTime:0.015600s ]
[ sql ] [ SQL ] SELECT COUNT(*) AS tp_count FROM `fa_notices` WHERE  `uid` = 1000005  AND `type` = 'no' LIMIT 1 [ RunTime:0.015600s ]
---------------------------------------------------------------
[ 2019-02-14T11:45:54+08:00 ] 114.94.61.185 POST /relaxed/public/index.php/api/content/remind
[ info ] picc.18178.net/relaxed/public/index.php/api/content/remind [运行时间：0.171601s][吞吐率：5.83req/s] [内存消耗：2,465.99kb] [文件加载：75]
[ info ] [ BEHAVIOR ] Run Closure @app_init [ RunTime:0.000000s ]
[ info ] [ CACHE ] INIT File
[ info ] [ BEHAVIOR ] Run Closure @app_init [ RunTime:0.000000s ]
[ info ] [ LANG ] C:\PhpStudy\PHPTutorial\WWW\relaxed\thinkphp\lang\zh-cn.php
[ info ] [ ROUTE ] array (
  'type' => 'module',
  'module' => 
  array (
    0 => 'api',
    1 => 'content',
    2 => 'remind',
  ),
)
[ info ] [ HEADER ] array (
  'accept-encoding' => 'gzip, deflate, br',
  'referer' => 'https://servicewechat.com/wxc89d469693cad993/devtools/page-frame.html',
  'accept' => '*/*',
  'content-type' => 'application/json',
  'user-agent' => 'Mozilla/5.0 (iPhone; CPU iPhone OS 9_1 like Mac OS X) AppleWebKit/601.1.46 (KHTML, like Gecko) Version/9.0 Mobile/13B143 Safari/601.1 wechatdevtools/1.02.1812271 MicroMessenger/6.7.3 Language/zh_CN webview/ token/acb4af9ce414a52ef97aed410315b74d',
  'origin' => 'http://127.0.0.1:20053',
  'cache-control' => 'no-cache',
  'pragma' => 'no-cache',
  'content-length' => '15',
  'connection' => 'close',
  'host' => 'picc.18178.net',
)
[ info ] [ PARAM ] array (
  'uid' => 1000005,
)
[ info ] [ LANG ] C:\PhpStudy\PHPTutorial\WWW\relaxed\public/../application/api\lang\zh-cn.php
[ info ] [ BEHAVIOR ] Run app\common\behavior\Common @module_init [ RunTime:0.000000s ]
[ info ] [ RUN ] app\api\controller\Content->remind[ C:\PhpStudy\PHPTutorial\WWW\relaxed\application\api\controller\Content.php ]
[ info ] [ DB ] INIT mysql
[ info ] [ LOG ] INIT File
[ sql ] [ DB ] CONNECT:[ UseTime:0.031200s ] mysql:host=sh-cdb-mwf0h7ig.sql.tencentcdb.com;port=62879;dbname=relaxed;charset=utf8
[ sql ] [ SQL ] SHOW COLUMNS FROM `fa_indent` [ RunTime:0.031200s ]
[ sql ] [ SQL ] SELECT COUNT(*) AS tp_count FROM `fa_indent` WHERE  `type` = 'no'  AND `uid` = 1000005 LIMIT 1 [ RunTime:0.015600s ]
---------------------------------------------------------------
[ 2019-02-14T11:52:02+08:00 ] 114.94.61.185 POST /relaxed/public/index.php/api/content/surplus_num
[ info ] picc.18178.net/relaxed/public/index.php/api/content/surplus_num [运行时间：0.234000s][吞吐率：4.27req/s] [内存消耗：2,467.06kb] [文件加载：75]
[ info ] [ BEHAVIOR ] Run Closure @app_init [ RunTime:0.000000s ]
[ info ] [ CACHE ] INIT File
[ info ] [ BEHAVIOR ] Run Closure @app_init [ RunTime:0.015600s ]
[ info ] [ LANG ] C:\PhpStudy\PHPTutorial\WWW\relaxed\thinkphp\lang\zh-cn.php
[ info ] [ ROUTE ] array (
  'type' => 'module',
  'module' => 
  array (
    0 => 'api',
    1 => 'content',
    2 => 'surplus_num',
  ),
)
[ info ] [ HEADER ] array (
  'accept-encoding' => 'gzip, deflate, br',
  'referer' => 'https://servicewechat.com/wxc89d469693cad993/devtools/page-frame.html',
  'accept' => '*/*',
  'content-type' => 'application/json',
  'user-agent' => 'Mozilla/5.0 (iPhone; CPU iPhone OS 9_1 like Mac OS X) AppleWebKit/601.1.46 (KHTML, like Gecko) Version/9.0 Mobile/13B143 Safari/601.1 wechatdevtools/1.02.1812271 MicroMessenger/6.7.3 Language/zh_CN webview/ token/acb4af9ce414a52ef97aed410315b74d',
  'origin' => 'http://127.0.0.1:20053',
  'cache-control' => 'no-cache',
  'pragma' => 'no-cache',
  'content-length' => '15',
  'connection' => 'close',
  'host' => 'picc.18178.net',
)
[ info ] [ PARAM ] array (
  'uid' => 1000005,
)
[ info ] [ LANG ] C:\PhpStudy\PHPTutorial\WWW\relaxed\public/../application/api\lang\zh-cn.php
[ info ] [ BEHAVIOR ] Run app\common\behavior\Common @module_init [ RunTime:0.015600s ]
[ info ] [ RUN ] app\api\controller\Content->surplus_num[ C:\PhpStudy\PHPTutorial\WWW\relaxed\application\api\controller\Content.php ]
[ info ] [ DB ] INIT mysql
[ info ] [ LOG ] INIT File
[ sql ] [ DB ] CONNECT:[ UseTime:0.031200s ] mysql:host=sh-cdb-mwf0h7ig.sql.tencentcdb.com;port=62879;dbname=relaxed;charset=utf8
[ sql ] [ SQL ] SHOW COLUMNS FROM `fa_turntableconfig` [ RunTime:0.031200s ]
[ sql ] [ SQL ] SELECT * FROM `fa_turntableconfig` LIMIT 1 [ RunTime:0.015600s ]
[ sql ] [ SQL ] SHOW COLUMNS FROM `fa_record` [ RunTime:0.015600s ]
[ sql ] [ SQL ] SELECT count(uid) FROM `fa_record` WHERE  `createtime` >= 1550073600  AND `uid` = 1000005 LIMIT 1 [ RunTime:0.031200s ]
---------------------------------------------------------------
[ 2019-02-14T14:31:18+08:00 ] 114.94.61.185 POST /relaxed/public/index.php/api/content/remind
[ info ] picc.18178.net/relaxed/public/index.php/api/content/remind [运行时间：0.202800s][吞吐率：4.93req/s] [内存消耗：2,465.95kb] [文件加载：75]
[ info ] [ BEHAVIOR ] Run Closure @app_init [ RunTime:0.000000s ]
[ info ] [ CACHE ] INIT File
[ info ] [ BEHAVIOR ] Run Closure @app_init [ RunTime:0.015600s ]
[ info ] [ LANG ] C:\PhpStudy\PHPTutorial\WWW\relaxed\thinkphp\lang\zh-cn.php
[ info ] [ ROUTE ] array (
  'type' => 'module',
  'module' => 
  array (
    0 => 'api',
    1 => 'content',
    2 => 'remind',
  ),
)
[ info ] [ HEADER ] array (
  'accept-encoding' => 'gzip, deflate, br',
  'referer' => 'https://servicewechat.com/wxc89d469693cad993/devtools/page-frame.html',
  'accept' => '*/*',
  'content-type' => 'application/json',
  'user-agent' => 'Mozilla/5.0 (iPhone; CPU iPhone OS 9_1 like Mac OS X) AppleWebKit/601.1.46 (KHTML, like Gecko) Version/9.0 Mobile/13B143 Safari/601.1 wechatdevtools/1.02.1812271 MicroMessenger/6.7.3 Language/zh_CN webview/ token/acb4af9ce414a52ef97aed410315b74d',
  'origin' => 'http://127.0.0.1:20053',
  'cache-control' => 'no-cache',
  'pragma' => 'no-cache',
  'content-length' => '15',
  'connection' => 'close',
  'host' => 'picc.18178.net',
)
[ info ] [ PARAM ] array (
  'uid' => 1000005,
)
[ info ] [ LANG ] C:\PhpStudy\PHPTutorial\WWW\relaxed\public/../application/api\lang\zh-cn.php
[ info ] [ BEHAVIOR ] Run app\common\behavior\Common @module_init [ RunTime:0.000000s ]
[ info ] [ RUN ] app\api\controller\Content->remind[ C:\PhpStudy\PHPTutorial\WWW\relaxed\application\api\controller\Content.php ]
[ info ] [ DB ] INIT mysql
[ info ] [ LOG ] INIT File
[ sql ] [ DB ] CONNECT:[ UseTime:0.046800s ] mysql:host=sh-cdb-mwf0h7ig.sql.tencentcdb.com;port=62879;dbname=relaxed;charset=utf8
[ sql ] [ SQL ] SHOW COLUMNS FROM `fa_indent` [ RunTime:0.015600s ]
[ sql ] [ SQL ] SELECT COUNT(*) AS tp_count FROM `fa_indent` WHERE  `type` = 'no'  AND `uid` = 1000005 LIMIT 1 [ RunTime:0.015600s ]
---------------------------------------------------------------
[ 2019-02-14T14:31:20+08:00 ] 114.94.61.185 POST /relaxed/public/index.php/api/userinfo/usenotice
[ info ] picc.18178.net/relaxed/public/index.php/api/userinfo/usenotice [运行时间：0.171601s][吞吐率：5.83req/s] [内存消耗：2,448.04kb] [文件加载：75]
[ info ] [ BEHAVIOR ] Run Closure @app_init [ RunTime:0.000000s ]
[ info ] [ CACHE ] INIT File
[ info ] [ BEHAVIOR ] Run Closure @app_init [ RunTime:0.000000s ]
[ info ] [ LANG ] C:\PhpStudy\PHPTutorial\WWW\relaxed\thinkphp\lang\zh-cn.php
[ info ] [ ROUTE ] array (
  'type' => 'module',
  'module' => 
  array (
    0 => 'api',
    1 => 'userinfo',
    2 => 'usenotice',
  ),
)
[ info ] [ HEADER ] array (
  'accept-encoding' => 'gzip, deflate, br',
  'referer' => 'https://servicewechat.com/wxc89d469693cad993/devtools/page-frame.html',
  'accept' => '*/*',
  'content-type' => 'application/json',
  'user-agent' => 'Mozilla/5.0 (iPhone; CPU iPhone OS 9_1 like Mac OS X) AppleWebKit/601.1.46 (KHTML, like Gecko) Version/9.0 Mobile/13B143 Safari/601.1 wechatdevtools/1.02.1812271 MicroMessenger/6.7.3 Language/zh_CN webview/ token/acb4af9ce414a52ef97aed410315b74d',
  'origin' => 'http://127.0.0.1:20053',
  'cache-control' => 'no-cache',
  'pragma' => 'no-cache',
  'content-length' => '15',
  'connection' => 'close',
  'host' => 'picc.18178.net',
)
[ info ] [ PARAM ] array (
  'uid' => 1000005,
)
[ info ] [ LANG ] C:\PhpStudy\PHPTutorial\WWW\relaxed\public/../application/api\lang\zh-cn.php
[ info ] [ BEHAVIOR ] Run app\common\behavior\Common @module_init [ RunTime:0.000000s ]
[ info ] [ RUN ] app\api\controller\Userinfo->usenotice[ C:\PhpStudy\PHPTutorial\WWW\relaxed\application\api\controller\Userinfo.php ]
[ info ] [ DB ] INIT mysql
[ info ] [ LOG ] INIT File
[ sql ] [ DB ] CONNECT:[ UseTime:0.015600s ] mysql:host=sh-cdb-mwf0h7ig.sql.tencentcdb.com;port=62879;dbname=relaxed;charset=utf8
[ sql ] [ SQL ] SHOW COLUMNS FROM `fa_notices` [ RunTime:0.015600s ]
[ sql ] [ SQL ] SELECT COUNT(*) AS tp_count FROM `fa_notices` WHERE  `uid` = 1000005  AND `type` = 'no' LIMIT 1 [ RunTime:0.015600s ]
---------------------------------------------------------------
[ 2019-02-14T14:31:21+08:00 ] 114.94.61.185 POST /relaxed/public/index.php/api/content/remind
[ info ] picc.18178.net/relaxed/public/index.php/api/content/remind [运行时间：0.187200s][吞吐率：5.34req/s] [内存消耗：2,465.99kb] [文件加载：75]
[ info ] [ BEHAVIOR ] Run Closure @app_init [ RunTime:0.000000s ]
[ info ] [ CACHE ] INIT File
[ info ] [ BEHAVIOR ] Run Closure @app_init [ RunTime:0.000000s ]
[ info ] [ LANG ] C:\PhpStudy\PHPTutorial\WWW\relaxed\thinkphp\lang\zh-cn.php
[ info ] [ ROUTE ] array (
  'type' => 'module',
  'module' => 
  array (
    0 => 'api',
    1 => 'content',
    2 => 'remind',
  ),
)
[ info ] [ HEADER ] array (
  'accept-encoding' => 'gzip, deflate, br',
  'referer' => 'https://servicewechat.com/wxc89d469693cad993/devtools/page-frame.html',
  'accept' => '*/*',
  'content-type' => 'application/json',
  'user-agent' => 'Mozilla/5.0 (iPhone; CPU iPhone OS 9_1 like Mac OS X) AppleWebKit/601.1.46 (KHTML, like Gecko) Version/9.0 Mobile/13B143 Safari/601.1 wechatdevtools/1.02.1812271 MicroMessenger/6.7.3 Language/zh_CN webview/ token/acb4af9ce414a52ef97aed410315b74d',
  'origin' => 'http://127.0.0.1:20053',
  'cache-control' => 'no-cache',
  'pragma' => 'no-cache',
  'content-length' => '15',
  'connection' => 'close',
  'host' => 'picc.18178.net',
)
[ info ] [ PARAM ] array (
  'uid' => 1000005,
)
[ info ] [ LANG ] C:\PhpStudy\PHPTutorial\WWW\relaxed\public/../application/api\lang\zh-cn.php
[ info ] [ BEHAVIOR ] Run app\common\behavior\Common @module_init [ RunTime:0.000000s ]
[ info ] [ RUN ] app\api\controller\Content->remind[ C:\PhpStudy\PHPTutorial\WWW\relaxed\application\api\controller\Content.php ]
[ info ] [ DB ] INIT mysql
[ info ] [ LOG ] INIT File
[ sql ] [ DB ] CONNECT:[ UseTime:0.031200s ] mysql:host=sh-cdb-mwf0h7ig.sql.tencentcdb.com;port=62879;dbname=relaxed;charset=utf8
[ sql ] [ SQL ] SHOW COLUMNS FROM `fa_indent` [ RunTime:0.031200s ]
[ sql ] [ SQL ] SELECT COUNT(*) AS tp_count FROM `fa_indent` WHERE  `type` = 'no'  AND `uid` = 1000005 LIMIT 1 [ RunTime:0.015600s ]
---------------------------------------------------------------
[ 2019-02-14T14:31:30+08:00 ] 114.94.61.185 POST /relaxed/public/index.php/api/content/remind
[ info ] picc.18178.net/relaxed/public/index.php/api/content/remind [运行时间：0.171601s][吞吐率：5.83req/s] [内存消耗：2,465.99kb] [文件加载：75]
[ info ] [ BEHAVIOR ] Run Closure @app_init [ RunTime:0.000000s ]
[ info ] [ CACHE ] INIT File
[ info ] [ BEHAVIOR ] Run Closure @app_init [ RunTime:0.015600s ]
[ info ] [ LANG ] C:\PhpStudy\PHPTutorial\WWW\relaxed\thinkphp\lang\zh-cn.php
[ info ] [ ROUTE ] array (
  'type' => 'module',
  'module' => 
  array (
    0 => 'api',
    1 => 'content',
    2 => 'remind',
  ),
)
[ info ] [ HEADER ] array (
  'accept-encoding' => 'gzip, deflate, br',
  'referer' => 'https://servicewechat.com/wxc89d469693cad993/devtools/page-frame.html',
  'accept' => '*/*',
  'content-type' => 'application/json',
  'user-agent' => 'Mozilla/5.0 (iPhone; CPU iPhone OS 9_1 like Mac OS X) AppleWebKit/601.1.46 (KHTML, like Gecko) Version/9.0 Mobile/13B143 Safari/601.1 wechatdevtools/1.02.1812271 MicroMessenger/6.7.3 Language/zh_CN webview/ token/acb4af9ce414a52ef97aed410315b74d',
  'origin' => 'http://127.0.0.1:20053',
  'cache-control' => 'no-cache',
  'pragma' => 'no-cache',
  'content-length' => '15',
  'connection' => 'close',
  'host' => 'picc.18178.net',
)
[ info ] [ PARAM ] array (
  'uid' => 1000005,
)
[ info ] [ LANG ] C:\PhpStudy\PHPTutorial\WWW\relaxed\public/../application/api\lang\zh-cn.php
[ info ] [ BEHAVIOR ] Run app\common\behavior\Common @module_init [ RunTime:0.015600s ]
[ info ] [ RUN ] app\api\controller\Content->remind[ C:\PhpStudy\PHPTutorial\WWW\relaxed\application\api\controller\Content.php ]
[ info ] [ DB ] INIT mysql
[ info ] [ LOG ] INIT File
[ sql ] [ DB ] CONNECT:[ UseTime:0.015601s ] mysql:host=sh-cdb-mwf0h7ig.sql.tencentcdb.com;port=62879;dbname=relaxed;charset=utf8
[ sql ] [ SQL ] SHOW COLUMNS FROM `fa_indent` [ RunTime:0.015600s ]
[ sql ] [ SQL ] SELECT COUNT(*) AS tp_count FROM `fa_indent` WHERE  `type` = 'no'  AND `uid` = 1000005 LIMIT 1 [ RunTime:0.015600s ]
---------------------------------------------------------------
[ 2019-02-14T14:31:50+08:00 ] 114.94.61.185 POST /relaxed/public/index.php/api/userinfo/usenotice
[ info ] picc.18178.net/relaxed/public/index.php/api/userinfo/usenotice [运行时间：0.171600s][吞吐率：5.83req/s] [内存消耗：2,448.04kb] [文件加载：75]
[ info ] [ BEHAVIOR ] Run Closure @app_init [ RunTime:0.000000s ]
[ info ] [ CACHE ] INIT File
[ info ] [ BEHAVIOR ] Run Closure @app_init [ RunTime:0.000000s ]
[ info ] [ LANG ] C:\PhpStudy\PHPTutorial\WWW\relaxed\thinkphp\lang\zh-cn.php
[ info ] [ ROUTE ] array (
  'type' => 'module',
  'module' => 
  array (
    0 => 'api',
    1 => 'userinfo',
    2 => 'usenotice',
  ),
)
[ info ] [ HEADER ] array (
  'accept-encoding' => 'gzip, deflate, br',
  'referer' => 'https://servicewechat.com/wxc89d469693cad993/devtools/page-frame.html',
  'accept' => '*/*',
  'content-type' => 'application/json',
  'user-agent' => 'Mozilla/5.0 (iPhone; CPU iPhone OS 9_1 like Mac OS X) AppleWebKit/601.1.46 (KHTML, like Gecko) Version/9.0 Mobile/13B143 Safari/601.1 wechatdevtools/1.02.1812271 MicroMessenger/6.7.3 Language/zh_CN webview/ token/acb4af9ce414a52ef97aed410315b74d',
  'origin' => 'http://127.0.0.1:20053',
  'cache-control' => 'no-cache',
  'pragma' => 'no-cache',
  'content-length' => '15',
  'connection' => 'close',
  'host' => 'picc.18178.net',
)
[ info ] [ PARAM ] array (
  'uid' => 1000005,
)
[ info ] [ LANG ] C:\PhpStudy\PHPTutorial\WWW\relaxed\public/../application/api\lang\zh-cn.php
[ info ] [ BEHAVIOR ] Run app\common\behavior\Common @module_init [ RunTime:0.000000s ]
[ info ] [ RUN ] app\api\controller\Userinfo->usenotice[ C:\PhpStudy\PHPTutorial\WWW\relaxed\application\api\controller\Userinfo.php ]
[ info ] [ DB ] INIT mysql
[ info ] [ LOG ] INIT File
[ sql ] [ DB ] CONNECT:[ UseTime:0.031200s ] mysql:host=sh-cdb-mwf0h7ig.sql.tencentcdb.com;port=62879;dbname=relaxed;charset=utf8
[ sql ] [ SQL ] SHOW COLUMNS FROM `fa_notices` [ RunTime:0.015600s ]
[ sql ] [ SQL ] SELECT COUNT(*) AS tp_count FROM `fa_notices` WHERE  `uid` = 1000005  AND `type` = 'no' LIMIT 1 [ RunTime:0.015600s ]
---------------------------------------------------------------
[ 2019-02-14T14:31:51+08:00 ] 114.94.61.185 POST /relaxed/public/index.php/api/content/remind
[ info ] picc.18178.net/relaxed/public/index.php/api/content/remind [运行时间：0.171601s][吞吐率：5.83req/s] [内存消耗：2,465.99kb] [文件加载：75]
[ info ] [ BEHAVIOR ] Run Closure @app_init [ RunTime:0.000000s ]
[ info ] [ CACHE ] INIT File
[ info ] [ BEHAVIOR ] Run Closure @app_init [ RunTime:0.000000s ]
[ info ] [ LANG ] C:\PhpStudy\PHPTutorial\WWW\relaxed\thinkphp\lang\zh-cn.php
[ info ] [ ROUTE ] array (
  'type' => 'module',
  'module' => 
  array (
    0 => 'api',
    1 => 'content',
    2 => 'remind',
  ),
)
[ info ] [ HEADER ] array (
  'accept-encoding' => 'gzip, deflate, br',
  'referer' => 'https://servicewechat.com/wxc89d469693cad993/devtools/page-frame.html',
  'accept' => '*/*',
  'content-type' => 'application/json',
  'user-agent' => 'Mozilla/5.0 (iPhone; CPU iPhone OS 9_1 like Mac OS X) AppleWebKit/601.1.46 (KHTML, like Gecko) Version/9.0 Mobile/13B143 Safari/601.1 wechatdevtools/1.02.1812271 MicroMessenger/6.7.3 Language/zh_CN webview/ token/acb4af9ce414a52ef97aed410315b74d',
  'origin' => 'http://127.0.0.1:20053',
  'cache-control' => 'no-cache',
  'pragma' => 'no-cache',
  'content-length' => '15',
  'connection' => 'close',
  'host' => 'picc.18178.net',
)
[ info ] [ PARAM ] array (
  'uid' => 1000005,
)
[ info ] [ LANG ] C:\PhpStudy\PHPTutorial\WWW\relaxed\public/../application/api\lang\zh-cn.php
[ info ] [ BEHAVIOR ] Run app\common\behavior\Common @module_init [ RunTime:0.000000s ]
[ info ] [ RUN ] app\api\controller\Content->remind[ C:\PhpStudy\PHPTutorial\WWW\relaxed\application\api\controller\Content.php ]
[ info ] [ DB ] INIT mysql
[ info ] [ LOG ] INIT File
[ sql ] [ DB ] CONNECT:[ UseTime:0.031200s ] mysql:host=sh-cdb-mwf0h7ig.sql.tencentcdb.com;port=62879;dbname=relaxed;charset=utf8
[ sql ] [ SQL ] SHOW COLUMNS FROM `fa_indent` [ RunTime:0.015600s ]
[ sql ] [ SQL ] SELECT COUNT(*) AS tp_count FROM `fa_indent` WHERE  `type` = 'no'  AND `uid` = 1000005 LIMIT 1 [ RunTime:0.015600s ]
---------------------------------------------------------------
[ 2019-02-14T17:01:26+08:00 ] 223.104.212.125 POST /relaxed/public/index.php/api/userinfo/affiche
[ info ] picc.18178.net/relaxed/public/index.php/api/userinfo/affiche [运行时间：0.421201s][吞吐率：2.37req/s] [内存消耗：2,461.23kb] [文件加载：76]
[ info ] [ BEHAVIOR ] Run Closure @app_init [ RunTime:0.000000s ]
[ info ] [ CACHE ] INIT File
[ info ] [ BEHAVIOR ] Run Closure @app_init [ RunTime:0.015600s ]
[ info ] [ LANG ] C:\PhpStudy\PHPTutorial\WWW\relaxed\thinkphp\lang\zh-cn.php
[ info ] [ ROUTE ] array (
  'type' => 'module',
  'module' => 
  array (
    0 => 'api',
    1 => 'userinfo',
    2 => 'affiche',
  ),
)
[ info ] [ HEADER ] array (
  'accept-language' => 'zh-cn',
  'content-length' => '2',
  'referer' => 'https://servicewechat.com/wxc89d469693cad993/0/page-frame.html',
  'user-agent' => 'Mozilla/5.0 (iPhone; CPU iPhone OS 12_1_2 like Mac OS X) AppleWebKit/605.1.15 (KHTML, like Gecko) Mobile/16C101 MicroMessenger/7.0.3(0x17000321) NetType/4G Language/zh_CN',
  'accept' => '*/*',
  'connection' => 'close',
  'accept-encoding' => 'br, gzip, deflate',
  'content-type' => 'application/json',
  'host' => 'picc.18178.net',
)
[ info ] [ PARAM ] array (
)
[ info ] [ LANG ] C:\PhpStudy\PHPTutorial\WWW\relaxed\public/../application/api\lang\zh-cn.php
[ info ] [ BEHAVIOR ] Run app\common\behavior\Common @module_init [ RunTime:0.000000s ]
[ info ] [ RUN ] app\api\controller\Userinfo->affiche[ C:\PhpStudy\PHPTutorial\WWW\relaxed\application\api\controller\Userinfo.php ]
[ info ] [ DB ] INIT mysql
[ info ] [ LOG ] INIT File
[ sql ] [ DB ] CONNECT:[ UseTime:0.218400s ] mysql:host=sh-cdb-mwf0h7ig.sql.tencentcdb.com;port=62879;dbname=relaxed;charset=utf8
[ sql ] [ SQL ] SHOW COLUMNS FROM `fa_affiche` [ RunTime:0.015600s ]
[ sql ] [ SQL ] SELECT `content` FROM `fa_affiche` [ RunTime:0.015600s ]
[ sql ] [ SQL ] SHOW COLUMNS FROM `fa_turntable` [ RunTime:0.015600s ]
[ sql ] [ SQL ] SELECT `name` FROM `fa_turntable` WHERE  `name` <> '谢谢参与' [ RunTime:0.015600s ]
---------------------------------------------------------------
[ 2019-02-14T17:01:26+08:00 ] 223.104.212.125 POST /relaxed/public/index.php/api/content/shangpin
[ info ] picc.18178.net/relaxed/public/index.php/api/content/shangpin [运行时间：0.140400s][吞吐率：7.12req/s] [内存消耗：2,464.21kb] [文件加载：74]
[ info ] [ BEHAVIOR ] Run Closure @app_init [ RunTime:0.000000s ]
[ info ] [ CACHE ] INIT File
[ info ] [ BEHAVIOR ] Run Closure @app_init [ RunTime:0.015600s ]
[ info ] [ LANG ] C:\PhpStudy\PHPTutorial\WWW\relaxed\thinkphp\lang\zh-cn.php
[ info ] [ ROUTE ] array (
  'type' => 'module',
  'module' => 
  array (
    0 => 'api',
    1 => 'content',
    2 => 'shangpin',
  ),
)
[ info ] [ HEADER ] array (
  'accept-language' => 'zh-cn',
  'content-length' => '2',
  'referer' => 'https://servicewechat.com/wxc89d469693cad993/0/page-frame.html',
  'user-agent' => 'Mozilla/5.0 (iPhone; CPU iPhone OS 12_1_2 like Mac OS X) AppleWebKit/605.1.15 (KHTML, like Gecko) Mobile/16C101 MicroMessenger/7.0.3(0x17000321) NetType/4G Language/zh_CN',
  'accept' => '*/*',
  'connection' => 'close',
  'accept-encoding' => 'br, gzip, deflate',
  'content-type' => 'application/json',
  'host' => 'picc.18178.net',
)
[ info ] [ PARAM ] array (
)
[ info ] [ LANG ] C:\PhpStudy\PHPTutorial\WWW\relaxed\public/../application/api\lang\zh-cn.php
[ info ] [ BEHAVIOR ] Run app\common\behavior\Common @module_init [ RunTime:0.000000s ]
[ info ] [ RUN ] app\api\controller\Content->shangpin[ C:\PhpStudy\PHPTutorial\WWW\relaxed\application\api\controller\Content.php ]
[ info ] [ DB ] INIT mysql
[ info ] [ LOG ] INIT File
[ sql ] [ DB ] CONNECT:[ UseTime:0.031200s ] mysql:host=sh-cdb-mwf0h7ig.sql.tencentcdb.com;port=62879;dbname=relaxed;charset=utf8
[ sql ] [ SQL ] SHOW COLUMNS FROM `fa_turntable` [ RunTime:0.015600s ]
[ sql ] [ SQL ] SELECT * FROM `fa_turntable` [ RunTime:0.015600s ]
---------------------------------------------------------------
[ 2019-02-14T17:01:26+08:00 ] 223.104.212.125 GET /relaxed/public/index.php/api/content/expiretime
[ info ] picc.18178.net/relaxed/public/index.php/api/content/expiretime [运行时间：0.171601s][吞吐率：5.83req/s] [内存消耗：2,456.30kb] [文件加载：72]
[ info ] [ BEHAVIOR ] Run Closure @app_init [ RunTime:0.000000s ]
[ info ] [ CACHE ] INIT File
[ info ] [ BEHAVIOR ] Run Closure @app_init [ RunTime:0.015600s ]
[ info ] [ LANG ] C:\PhpStudy\PHPTutorial\WWW\relaxed\thinkphp\lang\zh-cn.php
[ info ] [ ROUTE ] array (
  'type' => 'module',
  'module' => 
  array (
    0 => 'api',
    1 => 'content',
    2 => 'expiretime',
  ),
)
[ info ] [ HEADER ] array (
  'accept-encoding' => 'br, gzip, deflate',
  'accept-language' => 'zh-cn',
  'referer' => 'https://servicewechat.com/wxc89d469693cad993/0/page-frame.html',
  'user-agent' => 'Mozilla/5.0 (iPhone; CPU iPhone OS 12_1_2 like Mac OS X) AppleWebKit/605.1.15 (KHTML, like Gecko) Mobile/16C101 MicroMessenger/7.0.3(0x17000321) NetType/4G Language/zh_CN',
  'accept' => '*/*',
  'connection' => 'close',
  'content-type' => 'application/json',
  'host' => 'picc.18178.net',
)
[ info ] [ PARAM ] array (
)
[ info ] [ LANG ] C:\PhpStudy\PHPTutorial\WWW\relaxed\public/../application/api\lang\zh-cn.php
[ info ] [ BEHAVIOR ] Run app\common\behavior\Common @module_init [ RunTime:0.000000s ]
[ info ] [ RUN ] app\api\controller\Content->expiretime[ C:\PhpStudy\PHPTutorial\WWW\relaxed\application\api\controller\Content.php ]
[ info ] [ DB ] INIT mysql
[ info ] [ LOG ] INIT File
[ sql ] [ DB ] CONNECT:[ UseTime:0.031200s ] mysql:host=sh-cdb-mwf0h7ig.sql.tencentcdb.com;port=62879;dbname=relaxed;charset=utf8
[ sql ] [ SQL ] SHOW COLUMNS FROM `fa_conversion` [ RunTime:0.015601s ]
[ sql ] [ SQL ] SELECT * FROM `fa_conversion` WHERE  `status` = '未使用' [ RunTime:0.015600s ]
---------------------------------------------------------------
[ 2019-02-14T17:01:28+08:00 ] 223.104.212.125 GET /relaxed/public/index.php/api/content/activity
[ info ] picc.18178.net/relaxed/public/index.php/api/content/activity [运行时间：0.546001s][吞吐率：1.83req/s] [内存消耗：2,463.18kb] [文件加载：74]
[ info ] [ BEHAVIOR ] Run Closure @app_init [ RunTime:0.000000s ]
[ info ] [ CACHE ] INIT File
[ info ] [ BEHAVIOR ] Run Closure @app_init [ RunTime:0.343200s ]
[ info ] [ LANG ] C:\PhpStudy\PHPTutorial\WWW\relaxed\thinkphp\lang\zh-cn.php
[ info ] [ ROUTE ] array (
  'type' => 'module',
  'module' => 
  array (
    0 => 'api',
    1 => 'content',
    2 => 'activity',
  ),
)
[ info ] [ HEADER ] array (
  'accept-encoding' => 'br, gzip, deflate',
  'accept-language' => 'zh-cn',
  'referer' => 'https://servicewechat.com/wxc89d469693cad993/0/page-frame.html',
  'user-agent' => 'Mozilla/5.0 (iPhone; CPU iPhone OS 12_1_2 like Mac OS X) AppleWebKit/605.1.15 (KHTML, like Gecko) Mobile/16C101 MicroMessenger/7.0.3(0x17000321) NetType/4G Language/zh_CN',
  'accept' => '*/*',
  'connection' => 'close',
  'content-type' => 'application/json',
  'host' => 'picc.18178.net',
)
[ info ] [ PARAM ] array (
)
[ info ] [ LANG ] C:\PhpStudy\PHPTutorial\WWW\relaxed\public/../application/api\lang\zh-cn.php
[ info ] [ BEHAVIOR ] Run app\common\behavior\Common @module_init [ RunTime:0.015600s ]
[ info ] [ RUN ] app\api\controller\Content->activity[ C:\PhpStudy\PHPTutorial\WWW\relaxed\application\api\controller\Content.php ]
[ info ] [ DB ] INIT mysql
[ info ] [ LOG ] INIT File
[ sql ] [ DB ] CONNECT:[ UseTime:0.031200s ] mysql:host=sh-cdb-mwf0h7ig.sql.tencentcdb.com;port=62879;dbname=relaxed;charset=utf8
[ sql ] [ SQL ] SHOW COLUMNS FROM `fa_activity` [ RunTime:0.015601s ]
[ sql ] [ SQL ] SELECT `id`,`image`,`title`,`desc`,`url` FROM `fa_activity` WHERE  `status` = 'normal' ORDER BY `weigh` DESC [ RunTime:0.015600s ]
---------------------------------------------------------------
[ 2019-02-14T17:01:28+08:00 ] 223.104.212.125 POST /relaxed/public/index.php/api/content/turndesc
[ info ] picc.18178.net/relaxed/public/index.php/api/content/turndesc [运行时间：0.530401s][吞吐率：1.89req/s] [内存消耗：2,457.78kb] [文件加载：74]
[ info ] [ BEHAVIOR ] Run Closure @app_init [ RunTime:0.000000s ]
[ info ] [ CACHE ] INIT File
[ info ] [ BEHAVIOR ] Run Closure @app_init [ RunTime:0.312000s ]
[ info ] [ LANG ] C:\PhpStudy\PHPTutorial\WWW\relaxed\thinkphp\lang\zh-cn.php
[ info ] [ ROUTE ] array (
  'type' => 'module',
  'module' => 
  array (
    0 => 'api',
    1 => 'content',
    2 => 'turndesc',
  ),
)
[ info ] [ HEADER ] array (
  'accept-language' => 'zh-cn',
  'content-length' => '2',
  'referer' => 'https://servicewechat.com/wxc89d469693cad993/0/page-frame.html',
  'user-agent' => 'Mozilla/5.0 (iPhone; CPU iPhone OS 12_1_2 like Mac OS X) AppleWebKit/605.1.15 (KHTML, like Gecko) Mobile/16C101 MicroMessenger/7.0.3(0x17000321) NetType/4G Language/zh_CN',
  'accept' => '*/*',
  'connection' => 'close',
  'accept-encoding' => 'br, gzip, deflate',
  'content-type' => 'application/json',
  'host' => 'picc.18178.net',
)
[ info ] [ PARAM ] array (
)
[ info ] [ LANG ] C:\PhpStudy\PHPTutorial\WWW\relaxed\public/../application/api\lang\zh-cn.php
[ info ] [ BEHAVIOR ] Run app\common\behavior\Common @module_init [ RunTime:0.000000s ]
[ info ] [ RUN ] app\api\controller\Content->turndesc[ C:\PhpStudy\PHPTutorial\WWW\relaxed\application\api\controller\Content.php ]
[ info ] [ DB ] INIT mysql
[ info ] [ LOG ] INIT File
[ sql ] [ DB ] CONNECT:[ UseTime:0.031200s ] mysql:host=sh-cdb-mwf0h7ig.sql.tencentcdb.com;port=62879;dbname=relaxed;charset=utf8
[ sql ] [ SQL ] SHOW COLUMNS FROM `fa_turndesc` [ RunTime:0.031201s ]
[ sql ] [ SQL ] SELECT * FROM `fa_turndesc` LIMIT 1 [ RunTime:0.015600s ]
---------------------------------------------------------------
[ 2019-02-14T17:01:28+08:00 ] 223.104.212.125 GET /relaxed/public/index.php/api/content/usergift
[ info ] picc.18178.net/relaxed/public/index.php/api/content/usergift [运行时间：0.514801s][吞吐率：1.94req/s] [内存消耗：2,458.77kb] [文件加载：74]
[ info ] [ BEHAVIOR ] Run Closure @app_init [ RunTime:0.000000s ]
[ info ] [ CACHE ] INIT File
[ info ] [ BEHAVIOR ] Run Closure @app_init [ RunTime:0.296400s ]
[ info ] [ LANG ] C:\PhpStudy\PHPTutorial\WWW\relaxed\thinkphp\lang\zh-cn.php
[ info ] [ ROUTE ] array (
  'type' => 'module',
  'module' => 
  array (
    0 => 'api',
    1 => 'content',
    2 => 'usergift',
  ),
)
[ info ] [ HEADER ] array (
  'accept-encoding' => 'br, gzip, deflate',
  'accept-language' => 'zh-cn',
  'referer' => 'https://servicewechat.com/wxc89d469693cad993/0/page-frame.html',
  'user-agent' => 'Mozilla/5.0 (iPhone; CPU iPhone OS 12_1_2 like Mac OS X) AppleWebKit/605.1.15 (KHTML, like Gecko) Mobile/16C101 MicroMessenger/7.0.3(0x17000321) NetType/4G Language/zh_CN',
  'accept' => '*/*',
  'connection' => 'close',
  'content-type' => 'application/json',
  'host' => 'picc.18178.net',
)
[ info ] [ PARAM ] array (
)
[ info ] [ LANG ] C:\PhpStudy\PHPTutorial\WWW\relaxed\public/../application/api\lang\zh-cn.php
[ info ] [ BEHAVIOR ] Run app\common\behavior\Common @module_init [ RunTime:0.000000s ]
[ info ] [ RUN ] app\api\controller\Content->usergift[ C:\PhpStudy\PHPTutorial\WWW\relaxed\application\api\controller\Content.php ]
[ info ] [ DB ] INIT mysql
[ info ] [ LOG ] INIT File
[ sql ] [ DB ] CONNECT:[ UseTime:0.031200s ] mysql:host=sh-cdb-mwf0h7ig.sql.tencentcdb.com;port=62879;dbname=relaxed;charset=utf8
[ sql ] [ SQL ] SHOW COLUMNS FROM `fa_usergift` [ RunTime:0.031201s ]
[ sql ] [ SQL ] SELECT `image`,`images`,`title` FROM `fa_usergift` LIMIT 1 [ RunTime:0.015600s ]
---------------------------------------------------------------
[ 2019-02-14T17:01:28+08:00 ] 223.104.212.125 GET /relaxed/public/index.php/api/content/slideshow
[ info ] picc.18178.net/relaxed/public/index.php/api/content/slideshow [运行时间：0.514801s][吞吐率：1.94req/s] [内存消耗：2,460.23kb] [文件加载：74]
[ info ] [ BEHAVIOR ] Run Closure @app_init [ RunTime:0.000000s ]
[ info ] [ CACHE ] INIT File
[ info ] [ BEHAVIOR ] Run Closure @app_init [ RunTime:0.296400s ]
[ info ] [ LANG ] C:\PhpStudy\PHPTutorial\WWW\relaxed\thinkphp\lang\zh-cn.php
[ info ] [ ROUTE ] array (
  'type' => 'module',
  'module' => 
  array (
    0 => 'api',
    1 => 'content',
    2 => 'slideshow',
  ),
)
[ info ] [ HEADER ] array (
  'accept-encoding' => 'br, gzip, deflate',
  'accept-language' => 'zh-cn',
  'referer' => 'https://servicewechat.com/wxc89d469693cad993/0/page-frame.html',
  'user-agent' => 'Mozilla/5.0 (iPhone; CPU iPhone OS 12_1_2 like Mac OS X) AppleWebKit/605.1.15 (KHTML, like Gecko) Mobile/16C101 MicroMessenger/7.0.3(0x17000321) NetType/4G Language/zh_CN',
  'accept' => '*/*',
  'connection' => 'close',
  'content-type' => 'application/json',
  'host' => 'picc.18178.net',
)
[ info ] [ PARAM ] array (
)
[ info ] [ LANG ] C:\PhpStudy\PHPTutorial\WWW\relaxed\public/../application/api\lang\zh-cn.php
[ info ] [ BEHAVIOR ] Run app\common\behavior\Common @module_init [ RunTime:0.000000s ]
[ info ] [ RUN ] app\api\controller\Content->slideshow[ C:\PhpStudy\PHPTutorial\WWW\relaxed\application\api\controller\Content.php ]
[ info ] [ DB ] INIT mysql
[ info ] [ LOG ] INIT File
[ sql ] [ DB ] CONNECT:[ UseTime:0.031201s ] mysql:host=sh-cdb-mwf0h7ig.sql.tencentcdb.com;port=62879;dbname=relaxed;charset=utf8
[ sql ] [ SQL ] SHOW COLUMNS FROM `fa_gslideshow` [ RunTime:0.015600s ]
[ sql ] [ SQL ] SELECT `image`,`url` FROM `fa_gslideshow` WHERE  `status` = 'normal' [ RunTime:0.015600s ]
---------------------------------------------------------------
[ 2019-02-14T17:01:28+08:00 ] 223.104.212.125 GET /relaxed/public/index.php/api/content/games
[ info ] picc.18178.net/relaxed/public/index.php/api/content/games [运行时间：0.577201s][吞吐率：1.73req/s] [内存消耗：2,462.59kb] [文件加载：74]
[ info ] [ BEHAVIOR ] Run Closure @app_init [ RunTime:0.000000s ]
[ info ] [ CACHE ] INIT File
[ info ] [ BEHAVIOR ] Run Closure @app_init [ RunTime:0.343200s ]
[ info ] [ LANG ] C:\PhpStudy\PHPTutorial\WWW\relaxed\thinkphp\lang\zh-cn.php
[ info ] [ ROUTE ] array (
  'type' => 'module',
  'module' => 
  array (
    0 => 'api',
    1 => 'content',
    2 => 'games',
  ),
)
[ info ] [ HEADER ] array (
  'accept-encoding' => 'br, gzip, deflate',
  'accept-language' => 'zh-cn',
  'referer' => 'https://servicewechat.com/wxc89d469693cad993/0/page-frame.html',
  'user-agent' => 'Mozilla/5.0 (iPhone; CPU iPhone OS 12_1_2 like Mac OS X) AppleWebKit/605.1.15 (KHTML, like Gecko) Mobile/16C101 MicroMessenger/7.0.3(0x17000321) NetType/4G Language/zh_CN',
  'accept' => '*/*',
  'connection' => 'close',
  'content-type' => 'application/json',
  'host' => 'picc.18178.net',
)
[ info ] [ PARAM ] array (
)
[ info ] [ LANG ] C:\PhpStudy\PHPTutorial\WWW\relaxed\public/../application/api\lang\zh-cn.php
[ info ] [ BEHAVIOR ] Run app\common\behavior\Common @module_init [ RunTime:0.000000s ]
[ info ] [ RUN ] app\api\controller\Content->games[ C:\PhpStudy\PHPTutorial\WWW\relaxed\application\api\controller\Content.php ]
[ info ] [ DB ] INIT mysql
[ info ] [ LOG ] INIT File
[ sql ] [ DB ] CONNECT:[ UseTime:0.031201s ] mysql:host=sh-cdb-mwf0h7ig.sql.tencentcdb.com;port=62879;dbname=relaxed;charset=utf8
[ sql ] [ SQL ] SHOW COLUMNS FROM `fa_games` [ RunTime:0.015600s ]
[ sql ] [ SQL ] SELECT `image`,`title`,`desc`,`appid` FROM `fa_games` WHERE  `status` = 'normal' ORDER BY `weigh` DESC [ RunTime:0.015600s ]
---------------------------------------------------------------
[ 2019-02-14T17:01:29+08:00 ] 223.104.212.125 POST /relaxed/public/index.php/api/userinfo/index
[ info ] picc.18178.net/relaxed/public/index.php/api/userinfo/index [运行时间：1.747203s][吞吐率：0.57req/s] [内存消耗：2,466.07kb] [文件加载：76]
[ info ] [ BEHAVIOR ] Run Closure @app_init [ RunTime:0.000000s ]
[ info ] [ CACHE ] INIT File
[ info ] [ BEHAVIOR ] Run Closure @app_init [ RunTime:0.327600s ]
[ info ] [ LANG ] C:\PhpStudy\PHPTutorial\WWW\relaxed\thinkphp\lang\zh-cn.php
[ info ] [ ROUTE ] array (
  'type' => 'module',
  'module' => 
  array (
    0 => 'api',
    1 => 'userinfo',
    2 => 'index',
  ),
)
[ info ] [ HEADER ] array (
  'accept-language' => 'zh-cn',
  'content-length' => '43',
  'referer' => 'https://servicewechat.com/wxc89d469693cad993/0/page-frame.html',
  'user-agent' => 'Mozilla/5.0 (iPhone; CPU iPhone OS 12_1_2 like Mac OS X) AppleWebKit/605.1.15 (KHTML, like Gecko) Mobile/16C101 MicroMessenger/7.0.3(0x17000321) NetType/4G Language/zh_CN',
  'accept' => '*/*',
  'connection' => 'close',
  'accept-encoding' => 'br, gzip, deflate',
  'content-type' => 'application/json',
  'host' => 'picc.18178.net',
)
[ info ] [ PARAM ] array (
  'code' => '021ckv6o1uGITq00G95o1aN56o1ckv6P',
)
[ info ] [ LANG ] C:\PhpStudy\PHPTutorial\WWW\relaxed\public/../application/api\lang\zh-cn.php
[ info ] [ BEHAVIOR ] Run app\common\behavior\Common @module_init [ RunTime:0.000000s ]
[ info ] [ RUN ] app\api\controller\Userinfo->index[ C:\PhpStudy\PHPTutorial\WWW\relaxed\application\api\controller\Userinfo.php ]
[ info ] [ DB ] INIT mysql
[ info ] [ LOG ] INIT File
[ sql ] [ DB ] CONNECT:[ UseTime:0.015600s ] mysql:host=sh-cdb-mwf0h7ig.sql.tencentcdb.com;port=62879;dbname=relaxed;charset=utf8
[ sql ] [ SQL ] SHOW COLUMNS FROM `fa_user` [ RunTime:0.015600s ]
[ sql ] [ SQL ] SELECT `uid`,`openid` FROM `fa_user` WHERE  `openid` = 'o7G-45dxv8ma59yc-1_LlDIZI3ng' LIMIT 1 [ RunTime:0.015600s ]
---------------------------------------------------------------
[ 2019-02-14T17:01:29+08:00 ] 223.104.212.125 POST /relaxed/public/index.php/api/userinfo/login
[ info ] picc.18178.net/relaxed/public/index.php/api/userinfo/login [运行时间：0.187200s][吞吐率：5.34req/s] [内存消耗：2,476.80kb] [文件加载：76]
[ info ] [ BEHAVIOR ] Run Closure @app_init [ RunTime:0.000000s ]
[ info ] [ CACHE ] INIT File
[ info ] [ BEHAVIOR ] Run Closure @app_init [ RunTime:0.015600s ]
[ info ] [ LANG ] C:\PhpStudy\PHPTutorial\WWW\relaxed\thinkphp\lang\zh-cn.php
[ info ] [ ROUTE ] array (
  'type' => 'module',
  'module' => 
  array (
    0 => 'api',
    1 => 'userinfo',
    2 => 'login',
  ),
)
[ info ] [ HEADER ] array (
  'accept-language' => 'zh-cn',
  'content-length' => '814',
  'referer' => 'https://servicewechat.com/wxc89d469693cad993/0/page-frame.html',
  'user-agent' => 'Mozilla/5.0 (iPhone; CPU iPhone OS 12_1_2 like Mac OS X) AppleWebKit/605.1.15 (KHTML, like Gecko) Mobile/16C101 MicroMessenger/7.0.3(0x17000321) NetType/4G Language/zh_CN',
  'accept' => '*/*',
  'connection' => 'close',
  'accept-encoding' => 'br, gzip, deflate',
  'content-type' => 'application/json',
  'host' => 'picc.18178.net',
)
[ info ] [ PARAM ] array (
  'sessionkey' => 'Nn+Cld1SqrL7pt57F1CBow==',
  'encryptedData' => 'KhzSEH6gK4sAE/PoRcb/MKq9zL39ucj8mceczkIqBAwhpvZZ9e6ib/q0fmy60BXTW9ze9t+WPB/iITMUVCPH9LBbWxCByzqXV0VNFWWecNo6RjYmxDUspn/YU5sV6zXRw/TNhQWvA/zsqteJgm5DM0PrANFalrpE3ifxWJ/h6Syagmz6H4BKeigugIRRXvuqlQn41BRCj35NBDMlXimssLgeKA4hzvpbU48XmmQnke8QpwAWSQNmRvPSpC7XzcRbfBjVU9q9x2iJs6ZJKsxUsaMS+sMOY6IuKkugupFUELPCk4LB5u3kQywBPxcRPe07IOkRFYCvZStGelC6PpHXNGw2Rga7S/yeywFuYDMIT+xooGkpuEJwAuz4Jq4ikM0cxG5CAzYSvgyKOP71UIl+PCZTzuPjsE/Oa6mA3K6n2Ab3FW2EDDjpT0nv3Wc1octyIG4IGQMMsgua5aOTXLgEpxWiJelIevzL77MJ/7DSpWBz35yoG8dJVq3abCL5rRQqRFxvx7A23GiOwJOq0h9E4A==',
  'iv' => 'Ic8tACz6uj11HVvvA2K+7Q==',
  'nickName' => 'Z z d.',
  'avatarUrl' => 'https://wx.qlogo.cn/mmopen/vi_32/Q0j4TwGTfTKCDXicHPrPYheaP1omT8GR9xeoN0LAFKRqB8FkqQdRT77Q0ruBr6M8W7X8vMweWazic8EwsicYzgJgw/132',
  'uid' => 1000010,
  'gender' => 1,
)
[ info ] [ LANG ] C:\PhpStudy\PHPTutorial\WWW\relaxed\public/../application/api\lang\zh-cn.php
[ info ] [ BEHAVIOR ] Run app\common\behavior\Common @module_init [ RunTime:0.000000s ]
[ info ] [ RUN ] app\api\controller\Userinfo->login[ C:\PhpStudy\PHPTutorial\WWW\relaxed\application\api\controller\Userinfo.php ]
[ info ] [ DB ] INIT mysql
[ info ] [ LOG ] INIT File
[ sql ] [ DB ] CONNECT:[ UseTime:0.015600s ] mysql:host=sh-cdb-mwf0h7ig.sql.tencentcdb.com;port=62879;dbname=relaxed;charset=utf8
[ sql ] [ SQL ] SHOW COLUMNS FROM `fa_user` [ RunTime:0.031200s ]
[ sql ] [ SQL ] SELECT `nickname`,`avatar` FROM `fa_user` WHERE  `uid` = 1000010 LIMIT 1 [ RunTime:0.015600s ]
[ sql ] [ SQL ] SELECT `uid`,`nickname`,`username`,`avatar`,`sign`,`gender`,`gold`,`score`,`mobile`,`city`,`constellation`,`idnumber`,`birthday`,`isnew` FROM `fa_user` WHERE  `uid` = 1000010 LIMIT 1 [ RunTime:0.015600s ]
---------------------------------------------------------------
[ 2019-02-14T17:01:30+08:00 ] 223.104.212.125 POST /relaxed/public/index.php/api/content/remind
[ info ] picc.18178.net/relaxed/public/index.php/api/content/remind [运行时间：0.171600s][吞吐率：5.83req/s] [内存消耗：2,465.50kb] [文件加载：75]
[ info ] [ BEHAVIOR ] Run Closure @app_init [ RunTime:0.000000s ]
[ info ] [ CACHE ] INIT File
[ info ] [ BEHAVIOR ] Run Closure @app_init [ RunTime:0.015600s ]
[ info ] [ LANG ] C:\PhpStudy\PHPTutorial\WWW\relaxed\thinkphp\lang\zh-cn.php
[ info ] [ ROUTE ] array (
  'type' => 'module',
  'module' => 
  array (
    0 => 'api',
    1 => 'content',
    2 => 'remind',
  ),
)
[ info ] [ HEADER ] array (
  'accept-language' => 'zh-cn',
  'content-length' => '15',
  'referer' => 'https://servicewechat.com/wxc89d469693cad993/0/page-frame.html',
  'user-agent' => 'Mozilla/5.0 (iPhone; CPU iPhone OS 12_1_2 like Mac OS X) AppleWebKit/605.1.15 (KHTML, like Gecko) Mobile/16C101 MicroMessenger/7.0.3(0x17000321) NetType/4G Language/zh_CN',
  'accept' => '*/*',
  'connection' => 'close',
  'accept-encoding' => 'br, gzip, deflate',
  'content-type' => 'application/json',
  'host' => 'picc.18178.net',
)
[ info ] [ PARAM ] array (
  'uid' => 1000010,
)
[ info ] [ LANG ] C:\PhpStudy\PHPTutorial\WWW\relaxed\public/../application/api\lang\zh-cn.php
[ info ] [ BEHAVIOR ] Run app\common\behavior\Common @module_init [ RunTime:0.000000s ]
[ info ] [ RUN ] app\api\controller\Content->remind[ C:\PhpStudy\PHPTutorial\WWW\relaxed\application\api\controller\Content.php ]
[ info ] [ DB ] INIT mysql
[ info ] [ LOG ] INIT File
[ sql ] [ DB ] CONNECT:[ UseTime:0.015600s ] mysql:host=sh-cdb-mwf0h7ig.sql.tencentcdb.com;port=62879;dbname=relaxed;charset=utf8
[ sql ] [ SQL ] SHOW COLUMNS FROM `fa_indent` [ RunTime:0.015600s ]
[ sql ] [ SQL ] SELECT COUNT(*) AS tp_count FROM `fa_indent` WHERE  `type` = 'no'  AND `uid` = 1000010 LIMIT 1 [ RunTime:0.015600s ]
---------------------------------------------------------------
[ 2019-02-14T17:01:30+08:00 ] 223.104.212.125 POST /relaxed/public/index.php/api/userinfo/usenotice
[ info ] picc.18178.net/relaxed/public/index.php/api/userinfo/usenotice [运行时间：0.171600s][吞吐率：5.83req/s] [内存消耗：2,447.41kb] [文件加载：75]
[ info ] [ BEHAVIOR ] Run Closure @app_init [ RunTime:0.000000s ]
[ info ] [ CACHE ] INIT File
[ info ] [ BEHAVIOR ] Run Closure @app_init [ RunTime:0.000000s ]
[ info ] [ LANG ] C:\PhpStudy\PHPTutorial\WWW\relaxed\thinkphp\lang\zh-cn.php
[ info ] [ ROUTE ] array (
  'type' => 'module',
  'module' => 
  array (
    0 => 'api',
    1 => 'userinfo',
    2 => 'usenotice',
  ),
)
[ info ] [ HEADER ] array (
  'accept-language' => 'zh-cn',
  'content-length' => '15',
  'referer' => 'https://servicewechat.com/wxc89d469693cad993/0/page-frame.html',
  'user-agent' => 'Mozilla/5.0 (iPhone; CPU iPhone OS 12_1_2 like Mac OS X) AppleWebKit/605.1.15 (KHTML, like Gecko) Mobile/16C101 MicroMessenger/7.0.3(0x17000321) NetType/4G Language/zh_CN',
  'accept' => '*/*',
  'connection' => 'close',
  'accept-encoding' => 'br, gzip, deflate',
  'content-type' => 'application/json',
  'host' => 'picc.18178.net',
)
[ info ] [ PARAM ] array (
  'uid' => 1000010,
)
[ info ] [ LANG ] C:\PhpStudy\PHPTutorial\WWW\relaxed\public/../application/api\lang\zh-cn.php
[ info ] [ BEHAVIOR ] Run app\common\behavior\Common @module_init [ RunTime:0.000000s ]
[ info ] [ RUN ] app\api\controller\Userinfo->usenotice[ C:\PhpStudy\PHPTutorial\WWW\relaxed\application\api\controller\Userinfo.php ]
[ info ] [ DB ] INIT mysql
[ info ] [ LOG ] INIT File
[ sql ] [ DB ] CONNECT:[ UseTime:0.031200s ] mysql:host=sh-cdb-mwf0h7ig.sql.tencentcdb.com;port=62879;dbname=relaxed;charset=utf8
[ sql ] [ SQL ] SHOW COLUMNS FROM `fa_notices` [ RunTime:0.031200s ]
[ sql ] [ SQL ] SELECT COUNT(*) AS tp_count FROM `fa_notices` WHERE  `uid` = 1000010  AND `type` = 'no' LIMIT 1 [ RunTime:0.015600s ]
---------------------------------------------------------------
[ 2019-02-14T17:01:53+08:00 ] 223.104.212.125 POST /relaxed/public/index.php/api/userinfo/usenotice
[ info ] picc.18178.net/relaxed/public/index.php/api/userinfo/usenotice [运行时间：0.187200s][吞吐率：5.34req/s] [内存消耗：2,447.41kb] [文件加载：75]
[ info ] [ BEHAVIOR ] Run Closure @app_init [ RunTime:0.000000s ]
[ info ] [ CACHE ] INIT File
[ info ] [ BEHAVIOR ] Run Closure @app_init [ RunTime:0.015600s ]
[ info ] [ LANG ] C:\PhpStudy\PHPTutorial\WWW\relaxed\thinkphp\lang\zh-cn.php
[ info ] [ ROUTE ] array (
  'type' => 'module',
  'module' => 
  array (
    0 => 'api',
    1 => 'userinfo',
    2 => 'usenotice',
  ),
)
[ info ] [ HEADER ] array (
  'accept-language' => 'zh-cn',
  'content-length' => '15',
  'referer' => 'https://servicewechat.com/wxc89d469693cad993/0/page-frame.html',
  'user-agent' => 'Mozilla/5.0 (iPhone; CPU iPhone OS 12_1_2 like Mac OS X) AppleWebKit/605.1.15 (KHTML, like Gecko) Mobile/16C101 MicroMessenger/7.0.3(0x17000321) NetType/4G Language/zh_CN',
  'accept' => '*/*',
  'connection' => 'close',
  'accept-encoding' => 'br, gzip, deflate',
  'content-type' => 'application/json',
  'host' => 'picc.18178.net',
)
[ info ] [ PARAM ] array (
  'uid' => 1000010,
)
[ info ] [ LANG ] C:\PhpStudy\PHPTutorial\WWW\relaxed\public/../application/api\lang\zh-cn.php
[ info ] [ BEHAVIOR ] Run app\common\behavior\Common @module_init [ RunTime:0.000000s ]
[ info ] [ RUN ] app\api\controller\Userinfo->usenotice[ C:\PhpStudy\PHPTutorial\WWW\relaxed\application\api\controller\Userinfo.php ]
[ info ] [ DB ] INIT mysql
[ info ] [ LOG ] INIT File
[ sql ] [ DB ] CONNECT:[ UseTime:0.031200s ] mysql:host=sh-cdb-mwf0h7ig.sql.tencentcdb.com;port=62879;dbname=relaxed;charset=utf8
[ sql ] [ SQL ] SHOW COLUMNS FROM `fa_notices` [ RunTime:0.015600s ]
[ sql ] [ SQL ] SELECT COUNT(*) AS tp_count FROM `fa_notices` WHERE  `uid` = 1000010  AND `type` = 'no' LIMIT 1 [ RunTime:0.031200s ]
---------------------------------------------------------------
[ 2019-02-14T17:01:54+08:00 ] 223.104.212.125 POST /relaxed/public/index.php/api/content/remind
[ info ] picc.18178.net/relaxed/public/index.php/api/content/remind [运行时间：0.171600s][吞吐率：5.83req/s] [内存消耗：2,465.50kb] [文件加载：75]
[ info ] [ BEHAVIOR ] Run Closure @app_init [ RunTime:0.000000s ]
[ info ] [ CACHE ] INIT File
[ info ] [ BEHAVIOR ] Run Closure @app_init [ RunTime:0.000000s ]
[ info ] [ LANG ] C:\PhpStudy\PHPTutorial\WWW\relaxed\thinkphp\lang\zh-cn.php
[ info ] [ ROUTE ] array (
  'type' => 'module',
  'module' => 
  array (
    0 => 'api',
    1 => 'content',
    2 => 'remind',
  ),
)
[ info ] [ HEADER ] array (
  'accept-language' => 'zh-cn',
  'content-length' => '15',
  'referer' => 'https://servicewechat.com/wxc89d469693cad993/0/page-frame.html',
  'user-agent' => 'Mozilla/5.0 (iPhone; CPU iPhone OS 12_1_2 like Mac OS X) AppleWebKit/605.1.15 (KHTML, like Gecko) Mobile/16C101 MicroMessenger/7.0.3(0x17000321) NetType/4G Language/zh_CN',
  'accept' => '*/*',
  'connection' => 'close',
  'accept-encoding' => 'br, gzip, deflate',
  'content-type' => 'application/json',
  'host' => 'picc.18178.net',
)
[ info ] [ PARAM ] array (
  'uid' => 1000010,
)
[ info ] [ LANG ] C:\PhpStudy\PHPTutorial\WWW\relaxed\public/../application/api\lang\zh-cn.php
[ info ] [ BEHAVIOR ] Run app\common\behavior\Common @module_init [ RunTime:0.000000s ]
[ info ] [ RUN ] app\api\controller\Content->remind[ C:\PhpStudy\PHPTutorial\WWW\relaxed\application\api\controller\Content.php ]
[ info ] [ DB ] INIT mysql
[ info ] [ LOG ] INIT File
[ sql ] [ DB ] CONNECT:[ UseTime:0.031200s ] mysql:host=sh-cdb-mwf0h7ig.sql.tencentcdb.com;port=62879;dbname=relaxed;charset=utf8
[ sql ] [ SQL ] SHOW COLUMNS FROM `fa_indent` [ RunTime:0.015600s ]
[ sql ] [ SQL ] SELECT COUNT(*) AS tp_count FROM `fa_indent` WHERE  `type` = 'no'  AND `uid` = 1000010 LIMIT 1 [ RunTime:0.015600s ]
