[ 2019-02-27T10:36:13+08:00 ][ info ] [ BEHAVIOR ] Run Closure @app_init [ RunTime:0.001000s ]
[ info ] [ LOG ] INIT File
[ 2019-02-27T10:36:13+08:00 ][ info ] [ CACHE ] INIT File
[ 2019-02-27T10:36:13+08:00 ][ info ] [ BEHAVIOR ] Run Closure @app_init [ RunTime:0.011000s ]
[ 2019-02-27T10:36:14+08:00 ][ info ] [ DB ] INIT mysql
[ 2019-02-27T10:36:14+08:00 ][ sql ] [ DB ] CONNECT:[ UseTime:0.113006s ] mysql:host=sh-cdb-mwf0h7ig.sql.tencentcdb.com;port=62879;dbname=relaxed;charset=utf8
[ 2019-02-27T10:36:14+08:00 ][ sql ] [ SQL ] SHOW TABLE STATUS LIKE 'product12' [ RunTime:0.019001s ]
[ 2019-02-27T10:36:14+08:00 ][ sql ] [ SQL ] SHOW TABLE STATUS LIKE 'fa_product12' [ RunTime:0.018001s ]
[ 2019-02-27T10:36:14+08:00 ][ sql ] [ SQL ] SELECT * FROM `information_schema`.`columns` WHERE TABLE_SCHEMA = 'relaxed' AND table_name = 'fa_product12' ORDER BY ORDINAL_POSITION [ RunTime:0.020001s ]
[ 2019-02-27T10:36:29+08:00 ][ info ] [ BEHAVIOR ] Run Closure @app_init [ RunTime:0.000000s ]
[ info ] [ LOG ] INIT File
[ 2019-02-27T10:36:29+08:00 ][ info ] [ CACHE ] INIT File
[ 2019-02-27T10:36:29+08:00 ][ info ] [ BEHAVIOR ] Run Closure @app_init [ RunTime:0.011000s ]
[ 2019-02-27T10:36:29+08:00 ][ info ] [ DB ] INIT mysql
[ 2019-02-27T10:36:30+08:00 ][ info ] [ LANG ] C:\PhpStudy\PHPTutorial\WWW\relaxed\application\admin\lang/zh-cn.php
[ 2019-02-27T10:36:30+08:00 ][ sql ] [ DB ] CONNECT:[ UseTime:0.031002s ] mysql:host=sh-cdb-mwf0h7ig.sql.tencentcdb.com;port=62879;dbname=relaxed;charset=utf8
[ 2019-02-27T10:36:30+08:00 ][ sql ] [ SQL ] SHOW COLUMNS FROM `fa_auth_rule` [ RunTime:0.016001s ]
[ 2019-02-27T10:36:30+08:00 ][ sql ] [ SQL ] SELECT * FROM `fa_auth_rule` WHERE  `name` = 'product12' LIMIT 1 [ RunTime:0.016001s ]
[ 2019-02-27T10:36:30+08:00 ][ sql ] [ SQL ] INSERT INTO `fa_auth_rule` (`pid` , `name` , `title` , `icon` , `remark` , `ismenu` , `status` , `createtime` , `updatetime`) VALUES (0 , 'product12' , '商品管理' , 'fa fa-circle-o' , '' , 1 , 'normal' , 1551234990 , 1551234990) [ RunTime:0.014001s ]
[ 2019-02-27T10:36:30+08:00 ][ sql ] [ SQL ] SELECT `id` FROM `fa_auth_rule` WHERE  `name` = 'product12/index' LIMIT 1 [ RunTime:0.015001s ]
[ 2019-02-27T10:36:30+08:00 ][ sql ] [ SQL ] SELECT `id` FROM `fa_auth_rule` WHERE  `name` = 'product12/add' LIMIT 1 [ RunTime:0.015001s ]
[ 2019-02-27T10:36:30+08:00 ][ sql ] [ SQL ] SELECT `id` FROM `fa_auth_rule` WHERE  `name` = 'product12/edit' LIMIT 1 [ RunTime:0.015001s ]
[ 2019-02-27T10:36:30+08:00 ][ sql ] [ SQL ] SELECT `id` FROM `fa_auth_rule` WHERE  `name` = 'product12/del' LIMIT 1 [ RunTime:0.017001s ]
[ 2019-02-27T10:36:30+08:00 ][ sql ] [ SQL ] SELECT `id` FROM `fa_auth_rule` WHERE  `name` = 'product12/multi' LIMIT 1 [ RunTime:0.015001s ]
[ 2019-02-27T10:36:30+08:00 ][ sql ] [ SQL ] INSERT INTO `fa_auth_rule` (`id` , `pid` , `name` , `icon` , `title` , `ismenu` , `status` , `createtime` , `updatetime`) VALUES (NULL , 320 , 'product12/index' , 'fa fa-circle-o' , '查看' , 0 , 'normal' , 1551234990 , 1551234990) [ RunTime:0.015001s ]
[ 2019-02-27T10:36:30+08:00 ][ sql ] [ SQL ] INSERT INTO `fa_auth_rule` (`id` , `pid` , `name` , `icon` , `title` , `ismenu` , `status` , `createtime` , `updatetime`) VALUES (NULL , 320 , 'product12/add' , 'fa fa-circle-o' , '添加' , 0 , 'normal' , 1551234990 , 1551234990) [ RunTime:0.009000s ]
[ 2019-02-27T10:36:30+08:00 ][ sql ] [ SQL ] INSERT INTO `fa_auth_rule` (`id` , `pid` , `name` , `icon` , `title` , `ismenu` , `status` , `createtime` , `updatetime`) VALUES (NULL , 320 , 'product12/edit' , 'fa fa-circle-o' , '编辑' , 0 , 'normal' , 1551234990 , 1551234990) [ RunTime:0.007001s ]
[ 2019-02-27T10:36:30+08:00 ][ sql ] [ SQL ] INSERT INTO `fa_auth_rule` (`id` , `pid` , `name` , `icon` , `title` , `ismenu` , `status` , `createtime` , `updatetime`) VALUES (NULL , 320 , 'product12/del' , 'fa fa-circle-o' , '删除' , 0 , 'normal' , 1551234990 , 1551234990) [ RunTime:0.007000s ]
[ 2019-02-27T10:36:30+08:00 ][ sql ] [ SQL ] INSERT INTO `fa_auth_rule` (`id` , `pid` , `name` , `icon` , `title` , `ismenu` , `status` , `createtime` , `updatetime`) VALUES (NULL , 320 , 'product12/multi' , 'fa fa-circle-o' , '批量更新' , 0 , 'normal' , 1551234990 , 1551234990) [ RunTime:0.007001s ]
