[ 2018-11-02T11:15:15+08:00 ][ info ] [ BEHAVIOR ] Run Closure @app_init [ RunTime:0.001000s ]
[ info ] [ LOG ] INIT File
[ 2018-11-02T11:15:15+08:00 ][ info ] [ CACHE ] INIT File
[ 2018-11-02T11:15:15+08:00 ][ info ] [ BEHAVIOR ] Run Closure @app_init [ RunTime:0.011000s ]
[ 2018-11-02T11:15:15+08:00 ][ info ] [ DB ] INIT mysql
[ 2018-11-02T11:15:16+08:00 ][ sql ] [ DB ] CONNECT:[ UseTime:0.037002s ] mysql:host=sh-cdb-mwf0h7ig.sql.tencentcdb.com;port=62879;dbname=relaxed;charset=utf8
[ 2018-11-02T11:15:16+08:00 ][ sql ] [ SQL ] SHOW COLUMNS FROM `fa_auth_rule` [ RunTime:0.020001s ]
[ 2018-11-02T11:15:16+08:00 ][ sql ] [ SQL ] SELECT * FROM `fa_auth_rule` WHERE  (  `name` LIKE 'activity%' ) [ RunTime:0.020001s ]
[ 2018-11-02T11:15:17+08:00 ][ sql ] [ SQL ] SELECT * FROM `fa_auth_rule` WHERE  `id` IN (103,105,107,106,104,108) [ RunTime:0.020001s ]
[ 2018-11-02T11:15:17+08:00 ][ sql ] [ SQL ] DELETE FROM `fa_auth_rule`    WHERE  `id` = 103 [ RunTime:0.019001s ]
[ 2018-11-02T11:15:17+08:00 ][ sql ] [ SQL ] DELETE FROM `fa_auth_rule`    WHERE  `id` = 104 [ RunTime:0.010000s ]
[ 2018-11-02T11:15:17+08:00 ][ sql ] [ SQL ] DELETE FROM `fa_auth_rule`    WHERE  `id` = 105 [ RunTime:0.009001s ]
[ 2018-11-02T11:15:17+08:00 ][ sql ] [ SQL ] DELETE FROM `fa_auth_rule`    WHERE  `id` = 106 [ RunTime:0.010001s ]
[ 2018-11-02T11:15:17+08:00 ][ sql ] [ SQL ] DELETE FROM `fa_auth_rule`    WHERE  `id` = 107 [ RunTime:0.009000s ]
[ 2018-11-02T11:15:17+08:00 ][ sql ] [ SQL ] DELETE FROM `fa_auth_rule`    WHERE  `id` = 108 [ RunTime:0.010001s ]
[ 2018-11-02T11:15:35+08:00 ][ info ] [ BEHAVIOR ] Run Closure @app_init [ RunTime:0.000000s ]
[ info ] [ LOG ] INIT File
[ 2018-11-02T11:15:35+08:00 ][ info ] [ CACHE ] INIT File
[ 2018-11-02T11:15:35+08:00 ][ info ] [ BEHAVIOR ] Run Closure @app_init [ RunTime:0.011001s ]
[ 2018-11-02T11:15:36+08:00 ][ info ] [ DB ] INIT mysql
[ 2018-11-02T11:15:36+08:00 ][ sql ] [ DB ] CONNECT:[ UseTime:0.036002s ] mysql:host=sh-cdb-mwf0h7ig.sql.tencentcdb.com;port=62879;dbname=relaxed;charset=utf8
[ 2018-11-02T11:15:36+08:00 ][ sql ] [ SQL ] SHOW TABLE STATUS LIKE 'activity' [ RunTime:0.020001s ]
[ 2018-11-02T11:15:36+08:00 ][ sql ] [ SQL ] SHOW TABLE STATUS LIKE 'fa_activity' [ RunTime:0.020001s ]
[ 2018-11-02T11:15:56+08:00 ][ info ] [ BEHAVIOR ] Run Closure @app_init [ RunTime:0.001000s ]
[ info ] [ LOG ] INIT File
[ 2018-11-02T11:15:56+08:00 ][ info ] [ CACHE ] INIT File
[ 2018-11-02T11:15:56+08:00 ][ info ] [ BEHAVIOR ] Run Closure @app_init [ RunTime:0.012001s ]
[ 2018-11-02T11:15:56+08:00 ][ info ] [ DB ] INIT mysql
[ 2018-11-02T11:15:56+08:00 ][ sql ] [ DB ] CONNECT:[ UseTime:0.030002s ] mysql:host=sh-cdb-mwf0h7ig.sql.tencentcdb.com;port=62879;dbname=relaxed;charset=utf8
[ 2018-11-02T11:15:56+08:00 ][ sql ] [ SQL ] SHOW TABLE STATUS LIKE 'activity' [ RunTime:0.016001s ]
[ 2018-11-02T11:15:56+08:00 ][ sql ] [ SQL ] SHOW TABLE STATUS LIKE 'fa_activity' [ RunTime:0.017001s ]
[ 2018-11-02T11:15:56+08:00 ][ sql ] [ SQL ] SELECT * FROM `information_schema`.`columns` WHERE TABLE_SCHEMA = 'relaxed' AND table_name = 'fa_activity' ORDER BY ORDINAL_POSITION [ RunTime:0.017001s ]
[ 2018-11-02T11:16:01+08:00 ][ info ] [ BEHAVIOR ] Run Closure @app_init [ RunTime:0.000000s ]
[ info ] [ LOG ] INIT File
[ 2018-11-02T11:16:01+08:00 ][ info ] [ CACHE ] INIT File
[ 2018-11-02T11:16:01+08:00 ][ info ] [ BEHAVIOR ] Run Closure @app_init [ RunTime:0.011001s ]
[ 2018-11-02T11:16:01+08:00 ][ info ] [ DB ] INIT mysql
[ 2018-11-02T11:16:01+08:00 ][ info ] [ LANG ] C:\PhpStudy\PHPTutorial\WWW\relaxed\application\admin\lang/zh-cn.php
[ 2018-11-02T11:16:01+08:00 ][ sql ] [ DB ] CONNECT:[ UseTime:0.034002s ] mysql:host=sh-cdb-mwf0h7ig.sql.tencentcdb.com;port=62879;dbname=relaxed;charset=utf8
[ 2018-11-02T11:16:01+08:00 ][ sql ] [ SQL ] SHOW COLUMNS FROM `fa_auth_rule` [ RunTime:0.017001s ]
[ 2018-11-02T11:16:01+08:00 ][ sql ] [ SQL ] SELECT * FROM `fa_auth_rule` WHERE  `name` = 'activity' LIMIT 1 [ RunTime:0.018001s ]
[ 2018-11-02T11:16:01+08:00 ][ sql ] [ SQL ] INSERT INTO `fa_auth_rule` (`pid` , `name` , `title` , `icon` , `remark` , `ismenu` , `status` , `createtime` , `updatetime`) VALUES (0 , 'activity' , '活动管理' , 'fa fa-circle-o' , '' , 1 , 'normal' , 1541128561 , 1541128561) [ RunTime:0.017001s ]
[ 2018-11-02T11:16:01+08:00 ][ sql ] [ SQL ] SELECT `id` FROM `fa_auth_rule` WHERE  `name` = 'activity/index' LIMIT 1 [ RunTime:0.016001s ]
[ 2018-11-02T11:16:01+08:00 ][ sql ] [ SQL ] SELECT `id` FROM `fa_auth_rule` WHERE  `name` = 'activity/add' LIMIT 1 [ RunTime:0.017001s ]
[ 2018-11-02T11:16:01+08:00 ][ sql ] [ SQL ] SELECT `id` FROM `fa_auth_rule` WHERE  `name` = 'activity/edit' LIMIT 1 [ RunTime:0.017001s ]
[ 2018-11-02T11:16:01+08:00 ][ sql ] [ SQL ] SELECT `id` FROM `fa_auth_rule` WHERE  `name` = 'activity/del' LIMIT 1 [ RunTime:0.016001s ]
[ 2018-11-02T11:16:01+08:00 ][ sql ] [ SQL ] SELECT `id` FROM `fa_auth_rule` WHERE  `name` = 'activity/multi' LIMIT 1 [ RunTime:0.017001s ]
[ 2018-11-02T11:16:01+08:00 ][ sql ] [ SQL ] INSERT INTO `fa_auth_rule` (`id` , `pid` , `name` , `icon` , `title` , `ismenu` , `status` , `createtime` , `updatetime`) VALUES (NULL , 272 , 'activity/index' , 'fa fa-circle-o' , '查看' , 0 , 'normal' , 1541128561 , 1541128561) [ RunTime:0.017001s ]
[ 2018-11-02T11:16:01+08:00 ][ sql ] [ SQL ] INSERT INTO `fa_auth_rule` (`id` , `pid` , `name` , `icon` , `title` , `ismenu` , `status` , `createtime` , `updatetime`) VALUES (NULL , 272 , 'activity/add' , 'fa fa-circle-o' , '添加' , 0 , 'normal' , 1541128561 , 1541128561) [ RunTime:0.008000s ]
[ 2018-11-02T11:16:01+08:00 ][ sql ] [ SQL ] INSERT INTO `fa_auth_rule` (`id` , `pid` , `name` , `icon` , `title` , `ismenu` , `status` , `createtime` , `updatetime`) VALUES (NULL , 272 , 'activity/edit' , 'fa fa-circle-o' , '编辑' , 0 , 'normal' , 1541128561 , 1541128561) [ RunTime:0.009001s ]
[ 2018-11-02T11:16:01+08:00 ][ sql ] [ SQL ] INSERT INTO `fa_auth_rule` (`id` , `pid` , `name` , `icon` , `title` , `ismenu` , `status` , `createtime` , `updatetime`) VALUES (NULL , 272 , 'activity/del' , 'fa fa-circle-o' , '删除' , 0 , 'normal' , 1541128561 , 1541128561) [ RunTime:0.009000s ]
[ 2018-11-02T11:16:01+08:00 ][ sql ] [ SQL ] INSERT INTO `fa_auth_rule` (`id` , `pid` , `name` , `icon` , `title` , `ismenu` , `status` , `createtime` , `updatetime`) VALUES (NULL , 272 , 'activity/multi' , 'fa fa-circle-o' , '批量更新' , 0 , 'normal' , 1541128561 , 1541128561) [ RunTime:0.009001s ]
