[ 2018-11-05T09:17:35+08:00 ][ info ] [ BEHAVIOR ] Run Closure @app_init [ RunTime:0.000000s ]
[ info ] [ LOG ] INIT File
[ 2018-11-05T09:17:35+08:00 ][ info ] [ CACHE ] INIT File
[ 2018-11-05T09:17:35+08:00 ][ info ] [ BEHAVIOR ] Run Closure @app_init [ RunTime:0.011000s ]
[ 2018-11-05T09:17:35+08:00 ][ info ] [ DB ] INIT mysql
[ 2018-11-05T09:17:35+08:00 ][ sql ] [ DB ] CONNECT:[ UseTime:0.035002s ] mysql:host=sh-cdb-mwf0h7ig.sql.tencentcdb.com;port=62879;dbname=relaxed;charset=utf8
[ 2018-11-05T09:17:35+08:00 ][ sql ] [ SQL ] SHOW COLUMNS FROM `fa_auth_rule` [ RunTime:0.019001s ]
[ 2018-11-05T09:17:36+08:00 ][ sql ] [ SQL ] SELECT * FROM `fa_auth_rule` WHERE  (  `name` LIKE 'merchandise/product%' ) [ RunTime:0.019001s ]
[ 2018-11-05T09:17:37+08:00 ][ sql ] [ SQL ] SELECT * FROM `fa_auth_rule` WHERE  `id` IN (224,226,228,227,225,229) [ RunTime:0.019001s ]
[ 2018-11-05T09:17:37+08:00 ][ sql ] [ SQL ] DELETE FROM `fa_auth_rule`    WHERE  `id` = 224 [ RunTime:0.019001s ]
[ 2018-11-05T09:17:37+08:00 ][ sql ] [ SQL ] DELETE FROM `fa_auth_rule`    WHERE  `id` = 225 [ RunTime:0.010000s ]
[ 2018-11-05T09:17:37+08:00 ][ sql ] [ SQL ] DELETE FROM `fa_auth_rule`    WHERE  `id` = 226 [ RunTime:0.009001s ]
[ 2018-11-05T09:17:37+08:00 ][ sql ] [ SQL ] DELETE FROM `fa_auth_rule`    WHERE  `id` = 227 [ RunTime:0.009000s ]
[ 2018-11-05T09:17:37+08:00 ][ sql ] [ SQL ] DELETE FROM `fa_auth_rule`    WHERE  `id` = 228 [ RunTime:0.010000s ]
[ 2018-11-05T09:17:37+08:00 ][ sql ] [ SQL ] DELETE FROM `fa_auth_rule`    WHERE  `id` = 229 [ RunTime:0.009001s ]
[ 2018-11-05T09:18:25+08:00 ][ info ] [ BEHAVIOR ] Run Closure @app_init [ RunTime:0.000000s ]
[ info ] [ LOG ] INIT File
[ 2018-11-05T09:18:25+08:00 ][ info ] [ CACHE ] INIT File
[ 2018-11-05T09:18:25+08:00 ][ info ] [ BEHAVIOR ] Run Closure @app_init [ RunTime:0.011000s ]
[ 2018-11-05T09:18:25+08:00 ][ info ] [ DB ] INIT mysql
[ 2018-11-05T09:18:25+08:00 ][ sql ] [ DB ] CONNECT:[ UseTime:0.036002s ] mysql:host=sh-cdb-mwf0h7ig.sql.tencentcdb.com;port=62879;dbname=relaxed;charset=utf8
[ 2018-11-05T09:18:25+08:00 ][ sql ] [ SQL ] SHOW TABLE STATUS LIKE 'product' [ RunTime:0.021001s ]
[ 2018-11-05T09:18:25+08:00 ][ sql ] [ SQL ] SHOW TABLE STATUS LIKE 'fa_product' [ RunTime:0.021002s ]
[ 2018-11-05T09:18:33+08:00 ][ info ] [ BEHAVIOR ] Run Closure @app_init [ RunTime:0.000000s ]
[ info ] [ LOG ] INIT File
[ 2018-11-05T09:18:33+08:00 ][ info ] [ CACHE ] INIT File
[ 2018-11-05T09:18:33+08:00 ][ info ] [ BEHAVIOR ] Run Closure @app_init [ RunTime:0.011000s ]
[ 2018-11-05T09:18:33+08:00 ][ info ] [ DB ] INIT mysql
[ 2018-11-05T09:18:33+08:00 ][ sql ] [ DB ] CONNECT:[ UseTime:0.034002s ] mysql:host=sh-cdb-mwf0h7ig.sql.tencentcdb.com;port=62879;dbname=relaxed;charset=utf8
[ 2018-11-05T09:18:33+08:00 ][ sql ] [ SQL ] SHOW TABLE STATUS LIKE 'product' [ RunTime:0.019001s ]
[ 2018-11-05T09:18:33+08:00 ][ sql ] [ SQL ] SHOW TABLE STATUS LIKE 'fa_product' [ RunTime:0.019001s ]
[ 2018-11-05T09:18:33+08:00 ][ sql ] [ SQL ] SELECT * FROM `information_schema`.`columns` WHERE TABLE_SCHEMA = 'relaxed' AND table_name = 'fa_product' ORDER BY ORDINAL_POSITION [ RunTime:0.020001s ]
[ 2018-11-05T09:18:39+08:00 ][ info ] [ BEHAVIOR ] Run Closure @app_init [ RunTime:0.001000s ]
[ info ] [ LOG ] INIT File
[ 2018-11-05T09:18:39+08:00 ][ info ] [ CACHE ] INIT File
[ 2018-11-05T09:18:39+08:00 ][ info ] [ BEHAVIOR ] Run Closure @app_init [ RunTime:0.011000s ]
[ 2018-11-05T09:18:39+08:00 ][ info ] [ DB ] INIT mysql
[ 2018-11-05T09:18:39+08:00 ][ info ] [ LANG ] C:\PhpStudy\PHPTutorial\WWW\relaxed\application\admin\lang/zh-cn.php
[ 2018-11-05T09:18:39+08:00 ][ sql ] [ DB ] CONNECT:[ UseTime:0.030001s ] mysql:host=sh-cdb-mwf0h7ig.sql.tencentcdb.com;port=62879;dbname=relaxed;charset=utf8
[ 2018-11-05T09:18:39+08:00 ][ sql ] [ SQL ] SHOW COLUMNS FROM `fa_auth_rule` [ RunTime:0.015000s ]
[ 2018-11-05T09:18:39+08:00 ][ sql ] [ SQL ] SELECT * FROM `fa_auth_rule` WHERE  `name` = 'merchandise' LIMIT 1 [ RunTime:0.015000s ]
[ 2018-11-05T09:18:39+08:00 ][ sql ] [ SQL ] SELECT * FROM `fa_auth_rule` WHERE  `name` = 'merchandise/product' LIMIT 1 [ RunTime:0.015000s ]
[ 2018-11-05T09:18:39+08:00 ][ sql ] [ SQL ] INSERT INTO `fa_auth_rule` (`pid` , `name` , `title` , `icon` , `remark` , `ismenu` , `status` , `createtime` , `updatetime`) VALUES (199 , 'merchandise/product' , '商品管理' , 'fa fa-circle-o' , '' , 1 , 'normal' , 1541380719 , 1541380719) [ RunTime:0.016001s ]
[ 2018-11-05T09:18:39+08:00 ][ sql ] [ SQL ] SELECT `id` FROM `fa_auth_rule` WHERE  `name` = 'merchandise/product/index' LIMIT 1 [ RunTime:0.016001s ]
[ 2018-11-05T09:18:39+08:00 ][ sql ] [ SQL ] SELECT `id` FROM `fa_auth_rule` WHERE  `name` = 'merchandise/product/add' LIMIT 1 [ RunTime:0.014001s ]
[ 2018-11-05T09:18:39+08:00 ][ sql ] [ SQL ] SELECT `id` FROM `fa_auth_rule` WHERE  `name` = 'merchandise/product/edit' LIMIT 1 [ RunTime:0.014000s ]
[ 2018-11-05T09:18:39+08:00 ][ sql ] [ SQL ] SELECT `id` FROM `fa_auth_rule` WHERE  `name` = 'merchandise/product/del' LIMIT 1 [ RunTime:0.015000s ]
[ 2018-11-05T09:18:39+08:00 ][ sql ] [ SQL ] SELECT `id` FROM `fa_auth_rule` WHERE  `name` = 'merchandise/product/multi' LIMIT 1 [ RunTime:0.015000s ]
[ 2018-11-05T09:18:39+08:00 ][ sql ] [ SQL ] INSERT INTO `fa_auth_rule` (`id` , `pid` , `name` , `icon` , `title` , `ismenu` , `status` , `createtime` , `updatetime`) VALUES (NULL , 278 , 'merchandise/product/index' , 'fa fa-circle-o' , '查看' , 0 , 'normal' , 1541380719 , 1541380719) [ RunTime:0.015001s ]
[ 2018-11-05T09:18:39+08:00 ][ sql ] [ SQL ] INSERT INTO `fa_auth_rule` (`id` , `pid` , `name` , `icon` , `title` , `ismenu` , `status` , `createtime` , `updatetime`) VALUES (NULL , 278 , 'merchandise/product/add' , 'fa fa-circle-o' , '添加' , 0 , 'normal' , 1541380719 , 1541380719) [ RunTime:0.007000s ]
[ 2018-11-05T09:18:39+08:00 ][ sql ] [ SQL ] INSERT INTO `fa_auth_rule` (`id` , `pid` , `name` , `icon` , `title` , `ismenu` , `status` , `createtime` , `updatetime`) VALUES (NULL , 278 , 'merchandise/product/edit' , 'fa fa-circle-o' , '编辑' , 0 , 'normal' , 1541380719 , 1541380719) [ RunTime:0.007000s ]
[ 2018-11-05T09:18:39+08:00 ][ sql ] [ SQL ] INSERT INTO `fa_auth_rule` (`id` , `pid` , `name` , `icon` , `title` , `ismenu` , `status` , `createtime` , `updatetime`) VALUES (NULL , 278 , 'merchandise/product/del' , 'fa fa-circle-o' , '删除' , 0 , 'normal' , 1541380719 , 1541380719) [ RunTime:0.007001s ]
[ 2018-11-05T09:18:39+08:00 ][ sql ] [ SQL ] INSERT INTO `fa_auth_rule` (`id` , `pid` , `name` , `icon` , `title` , `ismenu` , `status` , `createtime` , `updatetime`) VALUES (NULL , 278 , 'merchandise/product/multi' , 'fa fa-circle-o' , '批量更新' , 0 , 'normal' , 1541380719 , 1541380719) [ RunTime:0.007000s ]
[ 2018-11-05T10:13:25+08:00 ][ info ] [ BEHAVIOR ] Run Closure @app_init [ RunTime:0.000000s ]
[ info ] [ LOG ] INIT File
[ 2018-11-05T10:13:25+08:00 ][ info ] [ CACHE ] INIT File
[ 2018-11-05T10:13:25+08:00 ][ info ] [ BEHAVIOR ] Run Closure @app_init [ RunTime:0.011000s ]
[ 2018-11-05T10:13:25+08:00 ][ info ] [ DB ] INIT mysql
[ 2018-11-05T10:13:25+08:00 ][ sql ] [ DB ] CONNECT:[ UseTime:0.067004s ] mysql:host=sh-cdb-mwf0h7ig.sql.tencentcdb.com;port=62879;dbname=relaxed;charset=utf8
[ 2018-11-05T10:13:25+08:00 ][ sql ] [ SQL ] SHOW COLUMNS FROM `fa_auth_rule` [ RunTime:0.019001s ]
[ 2018-11-05T10:13:25+08:00 ][ sql ] [ SQL ] SELECT * FROM `fa_auth_rule` WHERE  (  `name` LIKE 'activity%' ) [ RunTime:0.018001s ]
[ 2018-11-05T10:13:27+08:00 ][ sql ] [ SQL ] SELECT * FROM `fa_auth_rule` WHERE  `id` IN (272,274,276,275,273,277) [ RunTime:0.020001s ]
[ 2018-11-05T10:13:27+08:00 ][ sql ] [ SQL ] DELETE FROM `fa_auth_rule`    WHERE  `id` = 272 [ RunTime:0.019001s ]
[ 2018-11-05T10:13:27+08:00 ][ sql ] [ SQL ] DELETE FROM `fa_auth_rule`    WHERE  `id` = 273 [ RunTime:0.010001s ]
[ 2018-11-05T10:13:27+08:00 ][ sql ] [ SQL ] DELETE FROM `fa_auth_rule`    WHERE  `id` = 274 [ RunTime:0.010001s ]
[ 2018-11-05T10:13:27+08:00 ][ sql ] [ SQL ] DELETE FROM `fa_auth_rule`    WHERE  `id` = 275 [ RunTime:0.009000s ]
[ 2018-11-05T10:13:27+08:00 ][ sql ] [ SQL ] DELETE FROM `fa_auth_rule`    WHERE  `id` = 276 [ RunTime:0.009001s ]
[ 2018-11-05T10:13:27+08:00 ][ sql ] [ SQL ] DELETE FROM `fa_auth_rule`    WHERE  `id` = 277 [ RunTime:0.009001s ]
[ 2018-11-05T10:13:46+08:00 ][ info ] [ BEHAVIOR ] Run Closure @app_init [ RunTime:0.001000s ]
[ info ] [ LOG ] INIT File
[ 2018-11-05T10:13:46+08:00 ][ info ] [ CACHE ] INIT File
[ 2018-11-05T10:13:46+08:00 ][ info ] [ BEHAVIOR ] Run Closure @app_init [ RunTime:0.011001s ]
[ 2018-11-05T10:13:46+08:00 ][ info ] [ DB ] INIT mysql
[ 2018-11-05T10:13:46+08:00 ][ sql ] [ DB ] CONNECT:[ UseTime:0.031001s ] mysql:host=sh-cdb-mwf0h7ig.sql.tencentcdb.com;port=62879;dbname=relaxed;charset=utf8
[ 2018-11-05T10:13:46+08:00 ][ sql ] [ SQL ] SHOW COLUMNS FROM `fa_auth_rule` [ RunTime:0.015001s ]
[ 2018-11-05T10:13:46+08:00 ][ sql ] [ SQL ] SELECT * FROM `fa_auth_rule` WHERE  (  `name` LIKE 'activity%' ) [ RunTime:0.015000s ]
[ 2018-11-05T10:16:50+08:00 ][ info ] [ BEHAVIOR ] Run Closure @app_init [ RunTime:0.000000s ]
[ info ] [ LOG ] INIT File
[ 2018-11-05T10:16:50+08:00 ][ info ] [ CACHE ] INIT File
[ 2018-11-05T10:16:50+08:00 ][ info ] [ BEHAVIOR ] Run Closure @app_init [ RunTime:0.012001s ]
[ 2018-11-05T10:16:50+08:00 ][ info ] [ DB ] INIT mysql
[ 2018-11-05T10:16:50+08:00 ][ sql ] [ DB ] CONNECT:[ UseTime:0.033002s ] mysql:host=sh-cdb-mwf0h7ig.sql.tencentcdb.com;port=62879;dbname=relaxed;charset=utf8
[ 2018-11-05T10:16:50+08:00 ][ sql ] [ SQL ] SHOW TABLE STATUS LIKE 'activity' [ RunTime:0.019001s ]
[ 2018-11-05T10:16:51+08:00 ][ sql ] [ SQL ] SHOW TABLE STATUS LIKE 'fa_activity' [ RunTime:0.019001s ]
[ 2018-11-05T10:19:33+08:00 ][ info ] [ BEHAVIOR ] Run Closure @app_init [ RunTime:0.000000s ]
[ info ] [ LOG ] INIT File
[ 2018-11-05T10:19:33+08:00 ][ info ] [ CACHE ] INIT File
[ 2018-11-05T10:19:33+08:00 ][ info ] [ BEHAVIOR ] Run Closure @app_init [ RunTime:0.011001s ]
[ 2018-11-05T10:19:33+08:00 ][ info ] [ DB ] INIT mysql
[ 2018-11-05T10:19:33+08:00 ][ sql ] [ DB ] CONNECT:[ UseTime:0.037002s ] mysql:host=sh-cdb-mwf0h7ig.sql.tencentcdb.com;port=62879;dbname=relaxed;charset=utf8
[ 2018-11-05T10:19:33+08:00 ][ sql ] [ SQL ] SHOW TABLE STATUS LIKE 'activity' [ RunTime:0.020001s ]
[ 2018-11-05T10:19:33+08:00 ][ sql ] [ SQL ] SHOW TABLE STATUS LIKE 'fa_activity' [ RunTime:0.020001s ]
[ 2018-11-05T10:19:33+08:00 ][ sql ] [ SQL ] SELECT * FROM `information_schema`.`columns` WHERE TABLE_SCHEMA = 'relaxed' AND table_name = 'fa_activity' ORDER BY ORDINAL_POSITION [ RunTime:0.021001s ]
[ 2018-11-05T10:19:39+08:00 ][ info ] [ BEHAVIOR ] Run Closure @app_init [ RunTime:0.000000s ]
[ info ] [ LOG ] INIT File
[ 2018-11-05T10:19:39+08:00 ][ info ] [ CACHE ] INIT File
[ 2018-11-05T10:19:39+08:00 ][ info ] [ BEHAVIOR ] Run Closure @app_init [ RunTime:0.012001s ]
[ 2018-11-05T10:19:39+08:00 ][ info ] [ DB ] INIT mysql
[ 2018-11-05T10:19:39+08:00 ][ info ] [ LANG ] C:\PhpStudy\PHPTutorial\WWW\relaxed\application\admin\lang/zh-cn.php
[ 2018-11-05T10:19:39+08:00 ][ sql ] [ DB ] CONNECT:[ UseTime:0.030002s ] mysql:host=sh-cdb-mwf0h7ig.sql.tencentcdb.com;port=62879;dbname=relaxed;charset=utf8
[ 2018-11-05T10:19:39+08:00 ][ sql ] [ SQL ] SHOW COLUMNS FROM `fa_auth_rule` [ RunTime:0.016001s ]
[ 2018-11-05T10:19:39+08:00 ][ sql ] [ SQL ] SELECT * FROM `fa_auth_rule` WHERE  `name` = 'activity' LIMIT 1 [ RunTime:0.015001s ]
[ 2018-11-05T10:19:39+08:00 ][ sql ] [ SQL ] INSERT INTO `fa_auth_rule` (`pid` , `name` , `title` , `icon` , `remark` , `ismenu` , `status` , `createtime` , `updatetime`) VALUES (0 , 'activity' , '活动管理' , 'fa fa-circle-o' , '' , 1 , 'normal' , 1541384379 , 1541384379) [ RunTime:0.015001s ]
[ 2018-11-05T10:19:39+08:00 ][ sql ] [ SQL ] SELECT `id` FROM `fa_auth_rule` WHERE  `name` = 'activity/index' LIMIT 1 [ RunTime:0.015001s ]
[ 2018-11-05T10:19:39+08:00 ][ sql ] [ SQL ] SELECT `id` FROM `fa_auth_rule` WHERE  `name` = 'activity/add' LIMIT 1 [ RunTime:0.016001s ]
[ 2018-11-05T10:19:39+08:00 ][ sql ] [ SQL ] SELECT `id` FROM `fa_auth_rule` WHERE  `name` = 'activity/edit' LIMIT 1 [ RunTime:0.016001s ]
[ 2018-11-05T10:19:39+08:00 ][ sql ] [ SQL ] SELECT `id` FROM `fa_auth_rule` WHERE  `name` = 'activity/del' LIMIT 1 [ RunTime:0.015001s ]
[ 2018-11-05T10:19:39+08:00 ][ sql ] [ SQL ] SELECT `id` FROM `fa_auth_rule` WHERE  `name` = 'activity/multi' LIMIT 1 [ RunTime:0.015001s ]
[ 2018-11-05T10:19:39+08:00 ][ sql ] [ SQL ] INSERT INTO `fa_auth_rule` (`id` , `pid` , `name` , `icon` , `title` , `ismenu` , `status` , `createtime` , `updatetime`) VALUES (NULL , 284 , 'activity/index' , 'fa fa-circle-o' , '查看' , 0 , 'normal' , 1541384379 , 1541384379) [ RunTime:0.016001s ]
[ 2018-11-05T10:19:39+08:00 ][ sql ] [ SQL ] INSERT INTO `fa_auth_rule` (`id` , `pid` , `name` , `icon` , `title` , `ismenu` , `status` , `createtime` , `updatetime`) VALUES (NULL , 284 , 'activity/add' , 'fa fa-circle-o' , '添加' , 0 , 'normal' , 1541384379 , 1541384379) [ RunTime:0.008001s ]
[ 2018-11-05T10:19:39+08:00 ][ sql ] [ SQL ] INSERT INTO `fa_auth_rule` (`id` , `pid` , `name` , `icon` , `title` , `ismenu` , `status` , `createtime` , `updatetime`) VALUES (NULL , 284 , 'activity/edit' , 'fa fa-circle-o' , '编辑' , 0 , 'normal' , 1541384379 , 1541384379) [ RunTime:0.007000s ]
[ 2018-11-05T10:19:39+08:00 ][ sql ] [ SQL ] INSERT INTO `fa_auth_rule` (`id` , `pid` , `name` , `icon` , `title` , `ismenu` , `status` , `createtime` , `updatetime`) VALUES (NULL , 284 , 'activity/del' , 'fa fa-circle-o' , '删除' , 0 , 'normal' , 1541384379 , 1541384379) [ RunTime:0.007000s ]
[ 2018-11-05T10:19:39+08:00 ][ sql ] [ SQL ] INSERT INTO `fa_auth_rule` (`id` , `pid` , `name` , `icon` , `title` , `ismenu` , `status` , `createtime` , `updatetime`) VALUES (NULL , 284 , 'activity/multi' , 'fa fa-circle-o' , '批量更新' , 0 , 'normal' , 1541384379 , 1541384379) [ RunTime:0.008001s ]
[ 2018-11-05T10:26:21+08:00 ][ info ] [ BEHAVIOR ] Run Closure @app_init [ RunTime:0.001000s ]
[ info ] [ LOG ] INIT File
[ 2018-11-05T10:26:21+08:00 ][ info ] [ CACHE ] INIT File
[ 2018-11-05T10:26:21+08:00 ][ info ] [ BEHAVIOR ] Run Closure @app_init [ RunTime:0.011001s ]
[ 2018-11-05T10:26:21+08:00 ][ info ] [ DB ] INIT mysql
[ 2018-11-05T10:26:21+08:00 ][ sql ] [ DB ] CONNECT:[ UseTime:0.035002s ] mysql:host=sh-cdb-mwf0h7ig.sql.tencentcdb.com;port=62879;dbname=relaxed;charset=utf8
[ 2018-11-05T10:26:21+08:00 ][ sql ] [ SQL ] SHOW COLUMNS FROM `fa_auth_rule` [ RunTime:0.019001s ]
[ 2018-11-05T10:26:21+08:00 ][ sql ] [ SQL ] SELECT * FROM `fa_auth_rule` WHERE  (  `name` LIKE 'ganmes%' ) [ RunTime:0.020001s ]
[ 2018-11-05T10:26:52+08:00 ][ info ] [ BEHAVIOR ] Run Closure @app_init [ RunTime:0.001000s ]
[ info ] [ LOG ] INIT File
[ 2018-11-05T10:26:52+08:00 ][ info ] [ CACHE ] INIT File
[ 2018-11-05T10:26:52+08:00 ][ info ] [ BEHAVIOR ] Run Closure @app_init [ RunTime:0.011001s ]
[ 2018-11-05T10:26:52+08:00 ][ info ] [ DB ] INIT mysql
[ 2018-11-05T10:26:52+08:00 ][ sql ] [ DB ] CONNECT:[ UseTime:0.036002s ] mysql:host=sh-cdb-mwf0h7ig.sql.tencentcdb.com;port=62879;dbname=relaxed;charset=utf8
[ 2018-11-05T10:26:52+08:00 ][ sql ] [ SQL ] SHOW COLUMNS FROM `fa_auth_rule` [ RunTime:0.019001s ]
[ 2018-11-05T10:26:52+08:00 ][ sql ] [ SQL ] SELECT * FROM `fa_auth_rule` WHERE  (  `name` LIKE 'games%' ) [ RunTime:0.019001s ]
[ 2018-11-05T10:26:54+08:00 ][ sql ] [ SQL ] SELECT * FROM `fa_auth_rule` WHERE  `id` IN (242,244,246,245,243,247) [ RunTime:0.020001s ]
[ 2018-11-05T10:26:54+08:00 ][ sql ] [ SQL ] DELETE FROM `fa_auth_rule`    WHERE  `id` = 242 [ RunTime:0.018001s ]
[ 2018-11-05T10:26:54+08:00 ][ sql ] [ SQL ] DELETE FROM `fa_auth_rule`    WHERE  `id` = 243 [ RunTime:0.009001s ]
[ 2018-11-05T10:26:54+08:00 ][ sql ] [ SQL ] DELETE FROM `fa_auth_rule`    WHERE  `id` = 244 [ RunTime:0.009001s ]
[ 2018-11-05T10:26:54+08:00 ][ sql ] [ SQL ] DELETE FROM `fa_auth_rule`    WHERE  `id` = 245 [ RunTime:0.009000s ]
[ 2018-11-05T10:26:54+08:00 ][ sql ] [ SQL ] DELETE FROM `fa_auth_rule`    WHERE  `id` = 246 [ RunTime:0.009001s ]
[ 2018-11-05T10:26:54+08:00 ][ sql ] [ SQL ] DELETE FROM `fa_auth_rule`    WHERE  `id` = 247 [ RunTime:0.009001s ]
[ 2018-11-05T10:27:30+08:00 ][ info ] [ BEHAVIOR ] Run Closure @app_init [ RunTime:0.001000s ]
[ info ] [ LOG ] INIT File
[ 2018-11-05T10:27:30+08:00 ][ info ] [ CACHE ] INIT File
[ 2018-11-05T10:27:30+08:00 ][ info ] [ BEHAVIOR ] Run Closure @app_init [ RunTime:0.011001s ]
[ 2018-11-05T10:27:30+08:00 ][ info ] [ DB ] INIT mysql
[ 2018-11-05T10:27:30+08:00 ][ sql ] [ DB ] CONNECT:[ UseTime:0.035002s ] mysql:host=sh-cdb-mwf0h7ig.sql.tencentcdb.com;port=62879;dbname=relaxed;charset=utf8
[ 2018-11-05T10:27:30+08:00 ][ sql ] [ SQL ] SHOW TABLE STATUS LIKE 'games' [ RunTime:0.019002s ]
[ 2018-11-05T10:27:30+08:00 ][ sql ] [ SQL ] SHOW TABLE STATUS LIKE 'fa_games' [ RunTime:0.019001s ]
[ 2018-11-05T10:27:36+08:00 ][ info ] [ BEHAVIOR ] Run Closure @app_init [ RunTime:0.001000s ]
[ info ] [ LOG ] INIT File
[ 2018-11-05T10:27:36+08:00 ][ info ] [ CACHE ] INIT File
[ 2018-11-05T10:27:36+08:00 ][ info ] [ BEHAVIOR ] Run Closure @app_init [ RunTime:0.011000s ]
[ 2018-11-05T10:27:36+08:00 ][ info ] [ DB ] INIT mysql
[ 2018-11-05T10:27:36+08:00 ][ sql ] [ DB ] CONNECT:[ UseTime:0.034002s ] mysql:host=sh-cdb-mwf0h7ig.sql.tencentcdb.com;port=62879;dbname=relaxed;charset=utf8
[ 2018-11-05T10:27:36+08:00 ][ sql ] [ SQL ] SHOW TABLE STATUS LIKE 'games' [ RunTime:0.019001s ]
[ 2018-11-05T10:27:36+08:00 ][ sql ] [ SQL ] SHOW TABLE STATUS LIKE 'fa_games' [ RunTime:0.019001s ]
[ 2018-11-05T10:27:36+08:00 ][ sql ] [ SQL ] SELECT * FROM `information_schema`.`columns` WHERE TABLE_SCHEMA = 'relaxed' AND table_name = 'fa_games' ORDER BY ORDINAL_POSITION [ RunTime:0.021001s ]
[ 2018-11-05T10:27:42+08:00 ][ info ] [ BEHAVIOR ] Run Closure @app_init [ RunTime:0.000000s ]
[ info ] [ LOG ] INIT File
[ 2018-11-05T10:27:42+08:00 ][ info ] [ CACHE ] INIT File
[ 2018-11-05T10:27:42+08:00 ][ info ] [ BEHAVIOR ] Run Closure @app_init [ RunTime:0.011000s ]
[ 2018-11-05T10:27:42+08:00 ][ info ] [ DB ] INIT mysql
[ 2018-11-05T10:27:42+08:00 ][ info ] [ LANG ] C:\PhpStudy\PHPTutorial\WWW\relaxed\application\admin\lang/zh-cn.php
[ 2018-11-05T10:27:42+08:00 ][ sql ] [ DB ] CONNECT:[ UseTime:0.026001s ] mysql:host=sh-cdb-mwf0h7ig.sql.tencentcdb.com;port=62879;dbname=relaxed;charset=utf8
[ 2018-11-05T10:27:42+08:00 ][ sql ] [ SQL ] SHOW COLUMNS FROM `fa_auth_rule` [ RunTime:0.014001s ]
[ 2018-11-05T10:27:42+08:00 ][ sql ] [ SQL ] SELECT * FROM `fa_auth_rule` WHERE  `name` = 'games' LIMIT 1 [ RunTime:0.014001s ]
[ 2018-11-05T10:27:42+08:00 ][ sql ] [ SQL ] INSERT INTO `fa_auth_rule` (`pid` , `name` , `title` , `icon` , `remark` , `ismenu` , `status` , `createtime` , `updatetime`) VALUES (0 , 'games' , '游戏管理' , 'fa fa-circle-o' , '' , 1 , 'normal' , 1541384862 , 1541384862) [ RunTime:0.012001s ]
[ 2018-11-05T10:27:42+08:00 ][ sql ] [ SQL ] SELECT `id` FROM `fa_auth_rule` WHERE  `name` = 'games/index' LIMIT 1 [ RunTime:0.013001s ]
[ 2018-11-05T10:27:42+08:00 ][ sql ] [ SQL ] SELECT `id` FROM `fa_auth_rule` WHERE  `name` = 'games/add' LIMIT 1 [ RunTime:0.012001s ]
[ 2018-11-05T10:27:42+08:00 ][ sql ] [ SQL ] SELECT `id` FROM `fa_auth_rule` WHERE  `name` = 'games/edit' LIMIT 1 [ RunTime:0.012000s ]
[ 2018-11-05T10:27:42+08:00 ][ sql ] [ SQL ] SELECT `id` FROM `fa_auth_rule` WHERE  `name` = 'games/del' LIMIT 1 [ RunTime:0.013000s ]
[ 2018-11-05T10:27:42+08:00 ][ sql ] [ SQL ] SELECT `id` FROM `fa_auth_rule` WHERE  `name` = 'games/multi' LIMIT 1 [ RunTime:0.013001s ]
[ 2018-11-05T10:27:42+08:00 ][ sql ] [ SQL ] INSERT INTO `fa_auth_rule` (`id` , `pid` , `name` , `icon` , `title` , `ismenu` , `status` , `createtime` , `updatetime`) VALUES (NULL , 290 , 'games/index' , 'fa fa-circle-o' , '查看' , 0 , 'normal' , 1541384862 , 1541384862) [ RunTime:0.013000s ]
[ 2018-11-05T10:27:42+08:00 ][ sql ] [ SQL ] INSERT INTO `fa_auth_rule` (`id` , `pid` , `name` , `icon` , `title` , `ismenu` , `status` , `createtime` , `updatetime`) VALUES (NULL , 290 , 'games/add' , 'fa fa-circle-o' , '添加' , 0 , 'normal' , 1541384862 , 1541384862) [ RunTime:0.006000s ]
[ 2018-11-05T10:27:42+08:00 ][ sql ] [ SQL ] INSERT INTO `fa_auth_rule` (`id` , `pid` , `name` , `icon` , `title` , `ismenu` , `status` , `createtime` , `updatetime`) VALUES (NULL , 290 , 'games/edit' , 'fa fa-circle-o' , '编辑' , 0 , 'normal' , 1541384862 , 1541384862) [ RunTime:0.007000s ]
[ 2018-11-05T10:27:42+08:00 ][ sql ] [ SQL ] INSERT INTO `fa_auth_rule` (`id` , `pid` , `name` , `icon` , `title` , `ismenu` , `status` , `createtime` , `updatetime`) VALUES (NULL , 290 , 'games/del' , 'fa fa-circle-o' , '删除' , 0 , 'normal' , 1541384862 , 1541384862) [ RunTime:0.006000s ]
[ 2018-11-05T10:27:42+08:00 ][ sql ] [ SQL ] INSERT INTO `fa_auth_rule` (`id` , `pid` , `name` , `icon` , `title` , `ismenu` , `status` , `createtime` , `updatetime`) VALUES (NULL , 290 , 'games/multi' , 'fa fa-circle-o' , '批量更新' , 0 , 'normal' , 1541384862 , 1541384862) [ RunTime:0.006001s ]
