[ 2018-11-16T09:19:33+08:00 ][ info ] [ BEHAVIOR ] Run Closure @app_init [ RunTime:0.000000s ]
[ info ] [ LOG ] INIT File
[ 2018-11-16T09:19:33+08:00 ][ info ] [ CACHE ] INIT File
[ 2018-11-16T09:19:33+08:00 ][ info ] [ BEHAVIOR ] Run Closure @app_init [ RunTime:0.015600s ]
[ 2018-11-16T09:19:33+08:00 ][ info ] [ DB ] INIT mysql
[ 2018-11-16T09:19:33+08:00 ][ info ] [ LANG ] C:\PhpStudy\PHPTutorial\WWW\relaxed\application\admin\lang/zh-cn.php
[ 2018-11-16T09:19:33+08:00 ][ sql ] [ DB ] CONNECT:[ UseTime:0.062400s ] mysql:host=sh-cdb-mwf0h7ig.sql.tencentcdb.com;port=62879;dbname=relaxed;charset=utf8
[ 2018-11-16T09:19:33+08:00 ][ sql ] [ SQL ] SHOW COLUMNS FROM `fa_auth_rule` [ RunTime:0.015600s ]
[ 2018-11-16T09:19:33+08:00 ][ sql ] [ SQL ] SELECT * FROM `fa_auth_rule` WHERE  `name` = 'invite' LIMIT 1 [ RunTime:0.015600s ]
[ 2018-11-16T09:19:33+08:00 ][ sql ] [ SQL ] SELECT `id` FROM `fa_auth_rule` WHERE  `name` = 'invite/index' LIMIT 1 [ RunTime:0.015600s ]
[ 2018-11-16T09:19:33+08:00 ][ sql ] [ SQL ] SELECT `id` FROM `fa_auth_rule` WHERE  `name` = 'invite/add' LIMIT 1 [ RunTime:0.015600s ]
[ 2018-11-16T09:19:33+08:00 ][ sql ] [ SQL ] SELECT `id` FROM `fa_auth_rule` WHERE  `name` = 'invite/edit' LIMIT 1 [ RunTime:0.015600s ]
[ 2018-11-16T09:19:33+08:00 ][ sql ] [ SQL ] SELECT `id` FROM `fa_auth_rule` WHERE  `name` = 'invite/del' LIMIT 1 [ RunTime:0.015600s ]
[ 2018-11-16T09:19:33+08:00 ][ sql ] [ SQL ] SELECT `id` FROM `fa_auth_rule` WHERE  `name` = 'invite/multi' LIMIT 1 [ RunTime:0.015600s ]
[ 2018-11-16T09:19:33+08:00 ][ sql ] [ SQL ] UPDATE `fa_auth_rule`  SET `pid`=254,`name`='invite/index',`icon`='fa fa-circle-o',`title`='查看',`ismenu`=0,`status`='normal',`updatetime`=1542331173  WHERE  `id` = 255 [ RunTime:0.000000s ]
[ 2018-11-16T09:19:33+08:00 ][ sql ] [ SQL ] UPDATE `fa_auth_rule`  SET `pid`=254,`name`='invite/add',`icon`='fa fa-circle-o',`title`='添加',`ismenu`=0,`status`='normal',`updatetime`=1542331173  WHERE  `id` = 256 [ RunTime:0.000000s ]
[ 2018-11-16T09:19:33+08:00 ][ sql ] [ SQL ] UPDATE `fa_auth_rule`  SET `pid`=254,`name`='invite/edit',`icon`='fa fa-circle-o',`title`='编辑',`ismenu`=0,`status`='normal',`updatetime`=1542331173  WHERE  `id` = 257 [ RunTime:0.015600s ]
[ 2018-11-16T09:19:33+08:00 ][ sql ] [ SQL ] UPDATE `fa_auth_rule`  SET `pid`=254,`name`='invite/del',`icon`='fa fa-circle-o',`title`='删除',`ismenu`=0,`status`='normal',`updatetime`=1542331173  WHERE  `id` = 258 [ RunTime:0.015600s ]
[ 2018-11-16T09:19:33+08:00 ][ sql ] [ SQL ] UPDATE `fa_auth_rule`  SET `pid`=254,`name`='invite/multi',`icon`='fa fa-circle-o',`title`='批量更新',`ismenu`=0,`status`='normal',`updatetime`=1542331173  WHERE  `id` = 259 [ RunTime:0.000000s ]
[ 2018-11-16T09:19:57+08:00 ][ info ] [ BEHAVIOR ] Run Closure @app_init [ RunTime:0.000000s ]
[ info ] [ LOG ] INIT File
[ 2018-11-16T09:19:57+08:00 ][ info ] [ CACHE ] INIT File
[ 2018-11-16T09:19:57+08:00 ][ info ] [ BEHAVIOR ] Run Closure @app_init [ RunTime:0.000000s ]
[ 2018-11-16T09:19:57+08:00 ][ info ] [ DB ] INIT mysql
[ 2018-11-16T09:19:57+08:00 ][ sql ] [ DB ] CONNECT:[ UseTime:0.031200s ] mysql:host=sh-cdb-mwf0h7ig.sql.tencentcdb.com;port=62879;dbname=relaxed;charset=utf8
[ 2018-11-16T09:19:57+08:00 ][ sql ] [ SQL ] SHOW COLUMNS FROM `fa_auth_rule` [ RunTime:0.031200s ]
[ 2018-11-16T09:19:57+08:00 ][ sql ] [ SQL ] SELECT * FROM `fa_auth_rule` WHERE  (  `name` LIKE 'invite%' ) [ RunTime:0.015600s ]
[ 2018-11-16T09:19:59+08:00 ][ sql ] [ SQL ] SELECT * FROM `fa_auth_rule` WHERE  `id` IN (254,256,258,257,255,259) [ RunTime:0.015600s ]
[ 2018-11-16T09:19:59+08:00 ][ sql ] [ SQL ] DELETE FROM `fa_auth_rule`    WHERE  `id` = 254 [ RunTime:0.031200s ]
[ 2018-11-16T09:19:59+08:00 ][ sql ] [ SQL ] DELETE FROM `fa_auth_rule`    WHERE  `id` = 255 [ RunTime:0.000000s ]
[ 2018-11-16T09:19:59+08:00 ][ sql ] [ SQL ] DELETE FROM `fa_auth_rule`    WHERE  `id` = 256 [ RunTime:0.000000s ]
[ 2018-11-16T09:19:59+08:00 ][ sql ] [ SQL ] DELETE FROM `fa_auth_rule`    WHERE  `id` = 257 [ RunTime:0.015600s ]
[ 2018-11-16T09:19:59+08:00 ][ sql ] [ SQL ] DELETE FROM `fa_auth_rule`    WHERE  `id` = 258 [ RunTime:0.015600s ]
[ 2018-11-16T09:19:59+08:00 ][ sql ] [ SQL ] DELETE FROM `fa_auth_rule`    WHERE  `id` = 259 [ RunTime:0.015600s ]
[ 2018-11-16T09:20:39+08:00 ][ info ] [ BEHAVIOR ] Run Closure @app_init [ RunTime:0.000000s ]
[ info ] [ LOG ] INIT File
[ 2018-11-16T09:20:39+08:00 ][ info ] [ CACHE ] INIT File
[ 2018-11-16T09:20:39+08:00 ][ info ] [ BEHAVIOR ] Run Closure @app_init [ RunTime:0.015600s ]
[ 2018-11-16T09:20:39+08:00 ][ info ] [ DB ] INIT mysql
[ 2018-11-16T09:20:39+08:00 ][ sql ] [ DB ] CONNECT:[ UseTime:0.031200s ] mysql:host=sh-cdb-mwf0h7ig.sql.tencentcdb.com;port=62879;dbname=relaxed;charset=utf8
[ 2018-11-16T09:20:39+08:00 ][ sql ] [ SQL ] SHOW TABLE STATUS LIKE 'invite' [ RunTime:0.015600s ]
[ 2018-11-16T09:20:39+08:00 ][ sql ] [ SQL ] SHOW TABLE STATUS LIKE 'fa_invite' [ RunTime:0.031200s ]
[ 2018-11-16T09:24:48+08:00 ][ info ] [ BEHAVIOR ] Run Closure @app_init [ RunTime:0.000000s ]
[ info ] [ LOG ] INIT File
[ 2018-11-16T09:24:48+08:00 ][ info ] [ CACHE ] INIT File
[ 2018-11-16T09:24:48+08:00 ][ info ] [ BEHAVIOR ] Run Closure @app_init [ RunTime:0.010000s ]
[ 2018-11-16T09:24:48+08:00 ][ info ] [ DB ] INIT mysql
[ 2018-11-16T09:24:48+08:00 ][ sql ] [ DB ] CONNECT:[ UseTime:0.039002s ] mysql:host=sh-cdb-mwf0h7ig.sql.tencentcdb.com;port=62879;dbname=relaxed;charset=utf8
[ 2018-11-16T09:24:48+08:00 ][ sql ] [ SQL ] SHOW TABLE STATUS LIKE 'invite' [ RunTime:0.022001s ]
[ 2018-11-16T09:24:48+08:00 ][ sql ] [ SQL ] SHOW TABLE STATUS LIKE 'fa_invite' [ RunTime:0.019001s ]
[ 2018-11-16T09:24:48+08:00 ][ sql ] [ SQL ] SELECT * FROM `information_schema`.`columns` WHERE TABLE_SCHEMA = 'relaxed' AND table_name = 'fa_invite' ORDER BY ORDINAL_POSITION [ RunTime:0.019001s ]
[ 2018-11-16T09:24:57+08:00 ][ info ] [ BEHAVIOR ] Run Closure @app_init [ RunTime:0.000000s ]
[ info ] [ LOG ] INIT File
[ 2018-11-16T09:24:57+08:00 ][ info ] [ CACHE ] INIT File
[ 2018-11-16T09:24:57+08:00 ][ info ] [ BEHAVIOR ] Run Closure @app_init [ RunTime:0.010000s ]
[ 2018-11-16T09:24:57+08:00 ][ info ] [ DB ] INIT mysql
[ 2018-11-16T09:24:57+08:00 ][ info ] [ LANG ] C:\PhpStudy\PHPTutorial\WWW\relaxed\application\admin\lang/zh-cn.php
[ 2018-11-16T09:24:57+08:00 ][ sql ] [ DB ] CONNECT:[ UseTime:0.034002s ] mysql:host=sh-cdb-mwf0h7ig.sql.tencentcdb.com;port=62879;dbname=relaxed;charset=utf8
[ 2018-11-16T09:24:57+08:00 ][ sql ] [ SQL ] SHOW COLUMNS FROM `fa_auth_rule` [ RunTime:0.017001s ]
[ 2018-11-16T09:24:57+08:00 ][ sql ] [ SQL ] SELECT * FROM `fa_auth_rule` WHERE  `name` = 'invite' LIMIT 1 [ RunTime:0.017001s ]
[ 2018-11-16T09:24:57+08:00 ][ sql ] [ SQL ] INSERT INTO `fa_auth_rule` (`pid` , `name` , `title` , `icon` , `remark` , `ismenu` , `status` , `createtime` , `updatetime`) VALUES (0 , 'invite' , '邀请好友拿现金' , 'fa fa-circle-o' , '' , 1 , 'normal' , 1542331497 , 1542331497) [ RunTime:0.019001s ]
[ 2018-11-16T09:24:57+08:00 ][ sql ] [ SQL ] SELECT `id` FROM `fa_auth_rule` WHERE  `name` = 'invite/index' LIMIT 1 [ RunTime:0.016001s ]
[ 2018-11-16T09:24:57+08:00 ][ sql ] [ SQL ] SELECT `id` FROM `fa_auth_rule` WHERE  `name` = 'invite/add' LIMIT 1 [ RunTime:0.016001s ]
[ 2018-11-16T09:24:57+08:00 ][ sql ] [ SQL ] SELECT `id` FROM `fa_auth_rule` WHERE  `name` = 'invite/edit' LIMIT 1 [ RunTime:0.017001s ]
[ 2018-11-16T09:24:57+08:00 ][ sql ] [ SQL ] SELECT `id` FROM `fa_auth_rule` WHERE  `name` = 'invite/del' LIMIT 1 [ RunTime:0.016001s ]
[ 2018-11-16T09:24:57+08:00 ][ sql ] [ SQL ] SELECT `id` FROM `fa_auth_rule` WHERE  `name` = 'invite/multi' LIMIT 1 [ RunTime:0.017000s ]
[ 2018-11-16T09:24:57+08:00 ][ sql ] [ SQL ] INSERT INTO `fa_auth_rule` (`id` , `pid` , `name` , `icon` , `title` , `ismenu` , `status` , `createtime` , `updatetime`) VALUES (NULL , 302 , 'invite/index' , 'fa fa-circle-o' , '查看' , 0 , 'normal' , 1542331497 , 1542331497) [ RunTime:0.016001s ]
[ 2018-11-16T09:24:57+08:00 ][ sql ] [ SQL ] INSERT INTO `fa_auth_rule` (`id` , `pid` , `name` , `icon` , `title` , `ismenu` , `status` , `createtime` , `updatetime`) VALUES (NULL , 302 , 'invite/add' , 'fa fa-circle-o' , '添加' , 0 , 'normal' , 1542331497 , 1542331497) [ RunTime:0.008001s ]
[ 2018-11-16T09:24:57+08:00 ][ sql ] [ SQL ] INSERT INTO `fa_auth_rule` (`id` , `pid` , `name` , `icon` , `title` , `ismenu` , `status` , `createtime` , `updatetime`) VALUES (NULL , 302 , 'invite/edit' , 'fa fa-circle-o' , '编辑' , 0 , 'normal' , 1542331497 , 1542331497) [ RunTime:0.009000s ]
[ 2018-11-16T09:24:57+08:00 ][ sql ] [ SQL ] INSERT INTO `fa_auth_rule` (`id` , `pid` , `name` , `icon` , `title` , `ismenu` , `status` , `createtime` , `updatetime`) VALUES (NULL , 302 , 'invite/del' , 'fa fa-circle-o' , '删除' , 0 , 'normal' , 1542331497 , 1542331497) [ RunTime:0.009001s ]
[ 2018-11-16T09:24:57+08:00 ][ sql ] [ SQL ] INSERT INTO `fa_auth_rule` (`id` , `pid` , `name` , `icon` , `title` , `ismenu` , `status` , `createtime` , `updatetime`) VALUES (NULL , 302 , 'invite/multi' , 'fa fa-circle-o' , '批量更新' , 0 , 'normal' , 1542331497 , 1542331497) [ RunTime:0.009001s ]
[ 2018-11-16T09:27:55+08:00 ][ info ] [ BEHAVIOR ] Run Closure @app_init [ RunTime:0.000000s ]
[ info ] [ LOG ] INIT File
[ 2018-11-16T09:27:55+08:00 ][ info ] [ CACHE ] INIT File
[ 2018-11-16T09:27:55+08:00 ][ info ] [ BEHAVIOR ] Run Closure @app_init [ RunTime:0.011000s ]
[ 2018-11-16T09:27:56+08:00 ][ info ] [ DB ] INIT mysql
[ 2018-11-16T09:27:56+08:00 ][ sql ] [ DB ] CONNECT:[ UseTime:0.032002s ] mysql:host=sh-cdb-mwf0h7ig.sql.tencentcdb.com;port=62879;dbname=relaxed;charset=utf8
[ 2018-11-16T09:27:56+08:00 ][ sql ] [ SQL ] SHOW COLUMNS FROM `fa_auth_rule` [ RunTime:0.019001s ]
[ 2018-11-16T09:27:56+08:00 ][ sql ] [ SQL ] SELECT * FROM `fa_auth_rule` WHERE  (  `name` LIKE 'invite%' ) [ RunTime:0.018001s ]
[ 2018-11-16T09:27:58+08:00 ][ sql ] [ SQL ] SELECT * FROM `fa_auth_rule` WHERE  `id` IN (302,304,306,305,303,307) [ RunTime:0.018001s ]
[ 2018-11-16T09:27:58+08:00 ][ sql ] [ SQL ] DELETE FROM `fa_auth_rule`    WHERE  `id` = 302 [ RunTime:0.017001s ]
[ 2018-11-16T09:27:58+08:00 ][ sql ] [ SQL ] DELETE FROM `fa_auth_rule`    WHERE  `id` = 303 [ RunTime:0.010001s ]
[ 2018-11-16T09:27:58+08:00 ][ sql ] [ SQL ] DELETE FROM `fa_auth_rule`    WHERE  `id` = 304 [ RunTime:0.009001s ]
[ 2018-11-16T09:27:58+08:00 ][ sql ] [ SQL ] DELETE FROM `fa_auth_rule`    WHERE  `id` = 305 [ RunTime:0.009000s ]
[ 2018-11-16T09:27:58+08:00 ][ sql ] [ SQL ] DELETE FROM `fa_auth_rule`    WHERE  `id` = 306 [ RunTime:0.010001s ]
[ 2018-11-16T09:27:58+08:00 ][ sql ] [ SQL ] DELETE FROM `fa_auth_rule`    WHERE  `id` = 307 [ RunTime:0.008000s ]
[ 2018-11-16T09:28:09+08:00 ][ info ] [ BEHAVIOR ] Run Closure @app_init [ RunTime:0.000000s ]
[ info ] [ LOG ] INIT File
[ 2018-11-16T09:28:09+08:00 ][ info ] [ CACHE ] INIT File
[ 2018-11-16T09:28:09+08:00 ][ info ] [ BEHAVIOR ] Run Closure @app_init [ RunTime:0.011001s ]
[ 2018-11-16T09:28:09+08:00 ][ info ] [ DB ] INIT mysql
[ 2018-11-16T09:28:09+08:00 ][ sql ] [ DB ] CONNECT:[ UseTime:0.036002s ] mysql:host=sh-cdb-mwf0h7ig.sql.tencentcdb.com;port=62879;dbname=relaxed;charset=utf8
[ 2018-11-16T09:28:09+08:00 ][ sql ] [ SQL ] SHOW TABLE STATUS LIKE 'invite' [ RunTime:0.019001s ]
[ 2018-11-16T09:28:09+08:00 ][ sql ] [ SQL ] SHOW TABLE STATUS LIKE 'fa_invite' [ RunTime:0.019001s ]
[ 2018-11-16T09:28:19+08:00 ][ info ] [ BEHAVIOR ] Run Closure @app_init [ RunTime:0.000000s ]
[ info ] [ LOG ] INIT File
[ 2018-11-16T09:28:19+08:00 ][ info ] [ CACHE ] INIT File
[ 2018-11-16T09:28:19+08:00 ][ info ] [ BEHAVIOR ] Run Closure @app_init [ RunTime:0.011001s ]
[ 2018-11-16T09:28:19+08:00 ][ info ] [ DB ] INIT mysql
[ 2018-11-16T09:28:19+08:00 ][ sql ] [ DB ] CONNECT:[ UseTime:0.039002s ] mysql:host=sh-cdb-mwf0h7ig.sql.tencentcdb.com;port=62879;dbname=relaxed;charset=utf8
[ 2018-11-16T09:28:19+08:00 ][ sql ] [ SQL ] SHOW TABLE STATUS LIKE 'invite' [ RunTime:0.022001s ]
[ 2018-11-16T09:28:19+08:00 ][ sql ] [ SQL ] SHOW TABLE STATUS LIKE 'fa_invite' [ RunTime:0.022002s ]
[ 2018-11-16T09:28:20+08:00 ][ sql ] [ SQL ] SELECT * FROM `information_schema`.`columns` WHERE TABLE_SCHEMA = 'relaxed' AND table_name = 'fa_invite' ORDER BY ORDINAL_POSITION [ RunTime:0.024001s ]
[ 2018-11-16T09:28:30+08:00 ][ info ] [ BEHAVIOR ] Run Closure @app_init [ RunTime:0.001000s ]
[ info ] [ LOG ] INIT File
[ 2018-11-16T09:28:30+08:00 ][ info ] [ CACHE ] INIT File
[ 2018-11-16T09:28:30+08:00 ][ info ] [ BEHAVIOR ] Run Closure @app_init [ RunTime:0.011000s ]
[ 2018-11-16T09:28:30+08:00 ][ info ] [ DB ] INIT mysql
[ 2018-11-16T09:28:30+08:00 ][ info ] [ LANG ] C:\PhpStudy\PHPTutorial\WWW\relaxed\application\admin\lang/zh-cn.php
[ 2018-11-16T09:28:30+08:00 ][ sql ] [ DB ] CONNECT:[ UseTime:0.034001s ] mysql:host=sh-cdb-mwf0h7ig.sql.tencentcdb.com;port=62879;dbname=relaxed;charset=utf8
[ 2018-11-16T09:28:30+08:00 ][ sql ] [ SQL ] SHOW COLUMNS FROM `fa_auth_rule` [ RunTime:0.018001s ]
[ 2018-11-16T09:28:30+08:00 ][ sql ] [ SQL ] SELECT * FROM `fa_auth_rule` WHERE  `name` = 'invite' LIMIT 1 [ RunTime:0.017001s ]
[ 2018-11-16T09:28:30+08:00 ][ sql ] [ SQL ] INSERT INTO `fa_auth_rule` (`pid` , `name` , `title` , `icon` , `remark` , `ismenu` , `status` , `createtime` , `updatetime`) VALUES (0 , 'invite' , '邀请好友拿现金' , 'fa fa-circle-o' , '' , 1 , 'normal' , 1542331710 , 1542331710) [ RunTime:0.017001s ]
[ 2018-11-16T09:28:30+08:00 ][ sql ] [ SQL ] SELECT `id` FROM `fa_auth_rule` WHERE  `name` = 'invite/index' LIMIT 1 [ RunTime:0.017001s ]
[ 2018-11-16T09:28:30+08:00 ][ sql ] [ SQL ] SELECT `id` FROM `fa_auth_rule` WHERE  `name` = 'invite/add' LIMIT 1 [ RunTime:0.017001s ]
[ 2018-11-16T09:28:30+08:00 ][ sql ] [ SQL ] SELECT `id` FROM `fa_auth_rule` WHERE  `name` = 'invite/edit' LIMIT 1 [ RunTime:0.017000s ]
[ 2018-11-16T09:28:30+08:00 ][ sql ] [ SQL ] SELECT `id` FROM `fa_auth_rule` WHERE  `name` = 'invite/del' LIMIT 1 [ RunTime:0.018001s ]
[ 2018-11-16T09:28:30+08:00 ][ sql ] [ SQL ] SELECT `id` FROM `fa_auth_rule` WHERE  `name` = 'invite/multi' LIMIT 1 [ RunTime:0.017001s ]
[ 2018-11-16T09:28:30+08:00 ][ sql ] [ SQL ] INSERT INTO `fa_auth_rule` (`id` , `pid` , `name` , `icon` , `title` , `ismenu` , `status` , `createtime` , `updatetime`) VALUES (NULL , 308 , 'invite/index' , 'fa fa-circle-o' , '查看' , 0 , 'normal' , 1542331710 , 1542331710) [ RunTime:0.016001s ]
[ 2018-11-16T09:28:30+08:00 ][ sql ] [ SQL ] INSERT INTO `fa_auth_rule` (`id` , `pid` , `name` , `icon` , `title` , `ismenu` , `status` , `createtime` , `updatetime`) VALUES (NULL , 308 , 'invite/add' , 'fa fa-circle-o' , '添加' , 0 , 'normal' , 1542331710 , 1542331710) [ RunTime:0.009001s ]
[ 2018-11-16T09:28:30+08:00 ][ sql ] [ SQL ] INSERT INTO `fa_auth_rule` (`id` , `pid` , `name` , `icon` , `title` , `ismenu` , `status` , `createtime` , `updatetime`) VALUES (NULL , 308 , 'invite/edit' , 'fa fa-circle-o' , '编辑' , 0 , 'normal' , 1542331710 , 1542331710) [ RunTime:0.008001s ]
[ 2018-11-16T09:28:30+08:00 ][ sql ] [ SQL ] INSERT INTO `fa_auth_rule` (`id` , `pid` , `name` , `icon` , `title` , `ismenu` , `status` , `createtime` , `updatetime`) VALUES (NULL , 308 , 'invite/del' , 'fa fa-circle-o' , '删除' , 0 , 'normal' , 1542331710 , 1542331710) [ RunTime:0.008000s ]
[ 2018-11-16T09:28:30+08:00 ][ sql ] [ SQL ] INSERT INTO `fa_auth_rule` (`id` , `pid` , `name` , `icon` , `title` , `ismenu` , `status` , `createtime` , `updatetime`) VALUES (NULL , 308 , 'invite/multi' , 'fa fa-circle-o' , '批量更新' , 0 , 'normal' , 1542331710 , 1542331710) [ RunTime:0.008001s ]
