[ 2019-03-04T16:43:40+08:00 ][ info ] [ BEHAVIOR ] Run Closure @app_init [ RunTime:0.001000s ]
[ info ] [ LOG ] INIT File
[ 2019-03-04T16:43:40+08:00 ][ info ] [ CACHE ] INIT File
[ 2019-03-04T16:43:40+08:00 ][ info ] [ BEHAVIOR ] Run Closure @app_init [ RunTime:0.011001s ]
[ 2019-03-04T16:43:40+08:00 ][ info ] [ DB ] INIT mysql
[ 2019-03-04T16:43:40+08:00 ][ sql ] [ DB ] CONNECT:[ UseTime:0.030002s ] mysql:host=sh-cdb-mwf0h7ig.sql.tencentcdb.com;port=62879;dbname=relaxed;charset=utf8
[ 2019-03-04T16:43:40+08:00 ][ sql ] [ SQL ] SHOW COLUMNS FROM `fa_auth_rule` [ RunTime:0.016001s ]
[ 2019-03-04T16:43:40+08:00 ][ sql ] [ SQL ] SELECT * FROM `fa_auth_rule` WHERE  (  `name` LIKE 'product12%' ) [ RunTime:0.017001s ]
[ 2019-03-04T16:43:41+08:00 ][ sql ] [ SQL ] SELECT * FROM `fa_auth_rule` WHERE  `id` IN (320,322,324,323,321,325) [ RunTime:0.017001s ]
[ 2019-03-04T16:43:41+08:00 ][ sql ] [ SQL ] DELETE FROM `fa_auth_rule`    WHERE  `id` = 320 [ RunTime:0.015000s ]
[ 2019-03-04T16:43:41+08:00 ][ sql ] [ SQL ] DELETE FROM `fa_auth_rule`    WHERE  `id` = 321 [ RunTime:0.008000s ]
[ 2019-03-04T16:43:41+08:00 ][ sql ] [ SQL ] DELETE FROM `fa_auth_rule`    WHERE  `id` = 322 [ RunTime:0.011001s ]
[ 2019-03-04T16:43:41+08:00 ][ sql ] [ SQL ] DELETE FROM `fa_auth_rule`    WHERE  `id` = 323 [ RunTime:0.008000s ]
[ 2019-03-04T16:43:41+08:00 ][ sql ] [ SQL ] DELETE FROM `fa_auth_rule`    WHERE  `id` = 324 [ RunTime:0.007000s ]
[ 2019-03-04T16:43:41+08:00 ][ sql ] [ SQL ] DELETE FROM `fa_auth_rule`    WHERE  `id` = 325 [ RunTime:0.008001s ]
[ 2019-03-04T16:43:45+08:00 ][ info ] [ BEHAVIOR ] Run Closure @app_init [ RunTime:0.000000s ]
[ info ] [ LOG ] INIT File
[ 2019-03-04T16:43:45+08:00 ][ info ] [ CACHE ] INIT File
[ 2019-03-04T16:43:45+08:00 ][ info ] [ BEHAVIOR ] Run Closure @app_init [ RunTime:0.011001s ]
[ 2019-03-04T16:43:45+08:00 ][ info ] [ DB ] INIT mysql
[ 2019-03-04T16:43:45+08:00 ][ sql ] [ DB ] CONNECT:[ UseTime:0.037002s ] mysql:host=sh-cdb-mwf0h7ig.sql.tencentcdb.com;port=62879;dbname=relaxed;charset=utf8
[ 2019-03-04T16:43:45+08:00 ][ sql ] [ SQL ] SHOW TABLE STATUS LIKE 'product12' [ RunTime:0.021001s ]
[ 2019-03-04T16:43:45+08:00 ][ sql ] [ SQL ] SHOW TABLE STATUS LIKE 'fa_product12' [ RunTime:0.020001s ]
[ 2019-03-04T16:44:07+08:00 ][ info ] [ BEHAVIOR ] Run Closure @app_init [ RunTime:0.000000s ]
[ info ] [ LOG ] INIT File
[ 2019-03-04T16:44:07+08:00 ][ info ] [ CACHE ] INIT File
[ 2019-03-04T16:44:07+08:00 ][ info ] [ BEHAVIOR ] Run Closure @app_init [ RunTime:0.012000s ]
[ 2019-03-04T16:44:07+08:00 ][ info ] [ DB ] INIT mysql
[ 2019-03-04T16:44:08+08:00 ][ sql ] [ DB ] CONNECT:[ UseTime:0.035002s ] mysql:host=sh-cdb-mwf0h7ig.sql.tencentcdb.com;port=62879;dbname=relaxed;charset=utf8
[ 2019-03-04T16:44:08+08:00 ][ sql ] [ SQL ] SHOW TABLE STATUS LIKE 'product12' [ RunTime:0.021001s ]
[ 2019-03-04T16:44:08+08:00 ][ sql ] [ SQL ] SHOW TABLE STATUS LIKE 'fa_product12' [ RunTime:0.021001s ]
[ 2019-03-04T16:44:08+08:00 ][ sql ] [ SQL ] SELECT * FROM `information_schema`.`columns` WHERE TABLE_SCHEMA = 'relaxed' AND table_name = 'fa_product12' ORDER BY ORDINAL_POSITION [ RunTime:0.020001s ]
[ 2019-03-04T16:44:12+08:00 ][ info ] [ BEHAVIOR ] Run Closure @app_init [ RunTime:0.000000s ]
[ info ] [ LOG ] INIT File
[ 2019-03-04T16:44:12+08:00 ][ info ] [ CACHE ] INIT File
[ 2019-03-04T16:44:12+08:00 ][ info ] [ BEHAVIOR ] Run Closure @app_init [ RunTime:0.012001s ]
[ 2019-03-04T16:44:12+08:00 ][ info ] [ DB ] INIT mysql
[ 2019-03-04T16:44:12+08:00 ][ info ] [ LANG ] C:\PhpStudy\PHPTutorial\WWW\relaxed\application\admin\lang/zh-cn.php
[ 2019-03-04T16:44:12+08:00 ][ sql ] [ DB ] CONNECT:[ UseTime:0.033002s ] mysql:host=sh-cdb-mwf0h7ig.sql.tencentcdb.com;port=62879;dbname=relaxed;charset=utf8
[ 2019-03-04T16:44:12+08:00 ][ sql ] [ SQL ] SHOW COLUMNS FROM `fa_auth_rule` [ RunTime:0.018001s ]
[ 2019-03-04T16:44:12+08:00 ][ sql ] [ SQL ] SELECT * FROM `fa_auth_rule` WHERE  `name` = 'product12' LIMIT 1 [ RunTime:0.017000s ]
[ 2019-03-04T16:44:12+08:00 ][ sql ] [ SQL ] INSERT INTO `fa_auth_rule` (`pid` , `name` , `title` , `icon` , `remark` , `ismenu` , `status` , `createtime` , `updatetime`) VALUES (0 , 'product12' , '商品管理' , 'fa fa-circle-o' , '' , 1 , 'normal' , 1551689052 , 1551689052) [ RunTime:0.017001s ]
[ 2019-03-04T16:44:12+08:00 ][ sql ] [ SQL ] SELECT `id` FROM `fa_auth_rule` WHERE  `name` = 'product12/index' LIMIT 1 [ RunTime:0.017001s ]
[ 2019-03-04T16:44:12+08:00 ][ sql ] [ SQL ] SELECT `id` FROM `fa_auth_rule` WHERE  `name` = 'product12/add' LIMIT 1 [ RunTime:0.016001s ]
[ 2019-03-04T16:44:13+08:00 ][ sql ] [ SQL ] SELECT `id` FROM `fa_auth_rule` WHERE  `name` = 'product12/edit' LIMIT 1 [ RunTime:0.018001s ]
[ 2019-03-04T16:44:13+08:00 ][ sql ] [ SQL ] SELECT `id` FROM `fa_auth_rule` WHERE  `name` = 'product12/del' LIMIT 1 [ RunTime:0.017001s ]
[ 2019-03-04T16:44:13+08:00 ][ sql ] [ SQL ] SELECT `id` FROM `fa_auth_rule` WHERE  `name` = 'product12/multi' LIMIT 1 [ RunTime:0.017001s ]
[ 2019-03-04T16:44:13+08:00 ][ sql ] [ SQL ] INSERT INTO `fa_auth_rule` (`id` , `pid` , `name` , `icon` , `title` , `ismenu` , `status` , `createtime` , `updatetime`) VALUES (NULL , 326 , 'product12/index' , 'fa fa-circle-o' , '查看' , 0 , 'normal' , 1551689053 , 1551689053) [ RunTime:0.018001s ]
[ 2019-03-04T16:44:13+08:00 ][ sql ] [ SQL ] INSERT INTO `fa_auth_rule` (`id` , `pid` , `name` , `icon` , `title` , `ismenu` , `status` , `createtime` , `updatetime`) VALUES (NULL , 326 , 'product12/add' , 'fa fa-circle-o' , '添加' , 0 , 'normal' , 1551689053 , 1551689053) [ RunTime:0.008001s ]
[ 2019-03-04T16:44:13+08:00 ][ sql ] [ SQL ] INSERT INTO `fa_auth_rule` (`id` , `pid` , `name` , `icon` , `title` , `ismenu` , `status` , `createtime` , `updatetime`) VALUES (NULL , 326 , 'product12/edit' , 'fa fa-circle-o' , '编辑' , 0 , 'normal' , 1551689053 , 1551689053) [ RunTime:0.010000s ]
[ 2019-03-04T16:44:13+08:00 ][ sql ] [ SQL ] INSERT INTO `fa_auth_rule` (`id` , `pid` , `name` , `icon` , `title` , `ismenu` , `status` , `createtime` , `updatetime`) VALUES (NULL , 326 , 'product12/del' , 'fa fa-circle-o' , '删除' , 0 , 'normal' , 1551689053 , 1551689053) [ RunTime:0.009001s ]
[ 2019-03-04T16:44:13+08:00 ][ sql ] [ SQL ] INSERT INTO `fa_auth_rule` (`id` , `pid` , `name` , `icon` , `title` , `ismenu` , `status` , `createtime` , `updatetime`) VALUES (NULL , 326 , 'product12/multi' , 'fa fa-circle-o' , '批量更新' , 0 , 'normal' , 1551689053 , 1551689053) [ RunTime:0.009001s ]
[ 2019-03-04T16:46:36+08:00 ][ info ] [ BEHAVIOR ] Run Closure @app_init [ RunTime:0.001000s ]
[ info ] [ LOG ] INIT File
[ 2019-03-04T16:46:36+08:00 ][ info ] [ CACHE ] INIT File
[ 2019-03-04T16:46:36+08:00 ][ info ] [ BEHAVIOR ] Run Closure @app_init [ RunTime:0.012000s ]
[ 2019-03-04T16:46:36+08:00 ][ info ] [ DB ] INIT mysql
[ 2019-03-04T16:46:37+08:00 ][ info ] [ LANG ] C:\PhpStudy\PHPTutorial\WWW\relaxed\application\admin\lang/zh-cn.php
[ 2019-03-04T16:46:37+08:00 ][ sql ] [ DB ] CONNECT:[ UseTime:0.038002s ] mysql:host=sh-cdb-mwf0h7ig.sql.tencentcdb.com;port=62879;dbname=relaxed;charset=utf8
[ 2019-03-04T16:46:37+08:00 ][ sql ] [ SQL ] SHOW COLUMNS FROM `fa_auth_rule` [ RunTime:0.020001s ]
[ 2019-03-04T16:46:37+08:00 ][ sql ] [ SQL ] SELECT * FROM `fa_auth_rule` WHERE  `name` = 'product12' LIMIT 1 [ RunTime:0.021001s ]
[ 2019-03-04T16:46:37+08:00 ][ sql ] [ SQL ] SELECT `id` FROM `fa_auth_rule` WHERE  `name` = 'product12/index' LIMIT 1 [ RunTime:0.021001s ]
[ 2019-03-04T16:46:37+08:00 ][ sql ] [ SQL ] SELECT `id` FROM `fa_auth_rule` WHERE  `name` = 'product12/add' LIMIT 1 [ RunTime:0.019001s ]
[ 2019-03-04T16:46:37+08:00 ][ sql ] [ SQL ] SELECT `id` FROM `fa_auth_rule` WHERE  `name` = 'product12/edit' LIMIT 1 [ RunTime:0.019001s ]
[ 2019-03-04T16:46:37+08:00 ][ sql ] [ SQL ] SELECT `id` FROM `fa_auth_rule` WHERE  `name` = 'product12/del' LIMIT 1 [ RunTime:0.019001s ]
[ 2019-03-04T16:46:37+08:00 ][ sql ] [ SQL ] SELECT `id` FROM `fa_auth_rule` WHERE  `name` = 'product12/multi' LIMIT 1 [ RunTime:0.019001s ]
[ 2019-03-04T16:46:37+08:00 ][ sql ] [ SQL ] UPDATE `fa_auth_rule`  SET `pid`=326,`name`='product12/index',`icon`='fa fa-circle-o',`title`='查看',`ismenu`=0,`status`='normal',`updatetime`=1551689197  WHERE  `id` = 327 [ RunTime:0.020001s ]
[ 2019-03-04T16:46:37+08:00 ][ sql ] [ SQL ] UPDATE `fa_auth_rule`  SET `pid`=326,`name`='product12/add',`icon`='fa fa-circle-o',`title`='添加',`ismenu`=0,`status`='normal',`updatetime`=1551689197  WHERE  `id` = 328 [ RunTime:0.009001s ]
[ 2019-03-04T16:46:37+08:00 ][ sql ] [ SQL ] UPDATE `fa_auth_rule`  SET `pid`=326,`name`='product12/edit',`icon`='fa fa-circle-o',`title`='编辑',`ismenu`=0,`status`='normal',`updatetime`=1551689197  WHERE  `id` = 329 [ RunTime:0.010001s ]
[ 2019-03-04T16:46:37+08:00 ][ sql ] [ SQL ] UPDATE `fa_auth_rule`  SET `pid`=326,`name`='product12/del',`icon`='fa fa-circle-o',`title`='删除',`ismenu`=0,`status`='normal',`updatetime`=1551689197  WHERE  `id` = 330 [ RunTime:0.010000s ]
[ 2019-03-04T16:46:37+08:00 ][ sql ] [ SQL ] UPDATE `fa_auth_rule`  SET `pid`=326,`name`='product12/multi',`icon`='fa fa-circle-o',`title`='批量更新',`ismenu`=0,`status`='normal',`updatetime`=1551689197  WHERE  `id` = 331 [ RunTime:0.009000s ]
[ 2019-03-04T16:47:05+08:00 ][ info ] [ BEHAVIOR ] Run Closure @app_init [ RunTime:0.000000s ]
[ info ] [ LOG ] INIT File
[ 2019-03-04T16:47:05+08:00 ][ info ] [ CACHE ] INIT File
[ 2019-03-04T16:47:05+08:00 ][ info ] [ BEHAVIOR ] Run Closure @app_init [ RunTime:0.011001s ]
[ 2019-03-04T16:47:05+08:00 ][ info ] [ DB ] INIT mysql
[ 2019-03-04T16:47:05+08:00 ][ sql ] [ DB ] CONNECT:[ UseTime:0.036002s ] mysql:host=sh-cdb-mwf0h7ig.sql.tencentcdb.com;port=62879;dbname=relaxed;charset=utf8
[ 2019-03-04T16:47:05+08:00 ][ sql ] [ SQL ] SHOW COLUMNS FROM `fa_auth_rule` [ RunTime:0.021001s ]
[ 2019-03-04T16:47:05+08:00 ][ sql ] [ SQL ] SELECT * FROM `fa_auth_rule` WHERE  (  `name` LIKE 'product12%' ) [ RunTime:0.021001s ]
[ 2019-03-04T16:47:06+08:00 ][ sql ] [ SQL ] SELECT * FROM `fa_auth_rule` WHERE  `id` IN (326,328,330,329,327,331) [ RunTime:0.022001s ]
[ 2019-03-04T16:47:06+08:00 ][ sql ] [ SQL ] DELETE FROM `fa_auth_rule`    WHERE  `id` = 326 [ RunTime:0.020001s ]
[ 2019-03-04T16:47:06+08:00 ][ sql ] [ SQL ] DELETE FROM `fa_auth_rule`    WHERE  `id` = 327 [ RunTime:0.014001s ]
[ 2019-03-04T16:47:06+08:00 ][ sql ] [ SQL ] DELETE FROM `fa_auth_rule`    WHERE  `id` = 328 [ RunTime:0.011001s ]
[ 2019-03-04T16:47:06+08:00 ][ sql ] [ SQL ] DELETE FROM `fa_auth_rule`    WHERE  `id` = 329 [ RunTime:0.010000s ]
[ 2019-03-04T16:47:06+08:00 ][ sql ] [ SQL ] DELETE FROM `fa_auth_rule`    WHERE  `id` = 330 [ RunTime:0.010001s ]
[ 2019-03-04T16:47:06+08:00 ][ sql ] [ SQL ] DELETE FROM `fa_auth_rule`    WHERE  `id` = 331 [ RunTime:0.010001s ]
[ 2019-03-04T16:47:22+08:00 ][ info ] [ BEHAVIOR ] Run Closure @app_init [ RunTime:0.001000s ]
[ info ] [ LOG ] INIT File
[ 2019-03-04T16:47:22+08:00 ][ info ] [ CACHE ] INIT File
[ 2019-03-04T16:47:22+08:00 ][ info ] [ BEHAVIOR ] Run Closure @app_init [ RunTime:0.011000s ]
[ 2019-03-04T16:47:22+08:00 ][ info ] [ DB ] INIT mysql
[ 2019-03-04T16:47:22+08:00 ][ sql ] [ DB ] CONNECT:[ UseTime:0.034002s ] mysql:host=sh-cdb-mwf0h7ig.sql.tencentcdb.com;port=62879;dbname=relaxed;charset=utf8
[ 2019-03-04T16:47:22+08:00 ][ sql ] [ SQL ] SHOW TABLE STATUS LIKE 'product12' [ RunTime:0.018001s ]
[ 2019-03-04T16:47:22+08:00 ][ sql ] [ SQL ] SHOW TABLE STATUS LIKE 'fa_product12' [ RunTime:0.018001s ]
[ 2019-03-04T16:47:30+08:00 ][ info ] [ BEHAVIOR ] Run Closure @app_init [ RunTime:0.000000s ]
[ info ] [ LOG ] INIT File
[ 2019-03-04T16:47:30+08:00 ][ info ] [ CACHE ] INIT File
[ 2019-03-04T16:47:30+08:00 ][ info ] [ BEHAVIOR ] Run Closure @app_init [ RunTime:0.012000s ]
[ 2019-03-04T16:47:30+08:00 ][ info ] [ DB ] INIT mysql
[ 2019-03-04T16:47:30+08:00 ][ sql ] [ DB ] CONNECT:[ UseTime:0.033002s ] mysql:host=sh-cdb-mwf0h7ig.sql.tencentcdb.com;port=62879;dbname=relaxed;charset=utf8
[ 2019-03-04T16:47:30+08:00 ][ sql ] [ SQL ] SHOW TABLE STATUS LIKE 'product12' [ RunTime:0.018002s ]
[ 2019-03-04T16:47:30+08:00 ][ sql ] [ SQL ] SHOW TABLE STATUS LIKE 'fa_product12' [ RunTime:0.019001s ]
[ 2019-03-04T16:47:30+08:00 ][ sql ] [ SQL ] SELECT * FROM `information_schema`.`columns` WHERE TABLE_SCHEMA = 'relaxed' AND table_name = 'fa_product12' ORDER BY ORDINAL_POSITION [ RunTime:0.019001s ]
[ 2019-03-04T16:47:35+08:00 ][ info ] [ BEHAVIOR ] Run Closure @app_init [ RunTime:0.000000s ]
[ info ] [ LOG ] INIT File
[ 2019-03-04T16:47:35+08:00 ][ info ] [ CACHE ] INIT File
[ 2019-03-04T16:47:35+08:00 ][ info ] [ BEHAVIOR ] Run Closure @app_init [ RunTime:0.012001s ]
[ 2019-03-04T16:47:35+08:00 ][ info ] [ DB ] INIT mysql
[ 2019-03-04T16:47:35+08:00 ][ info ] [ LANG ] C:\PhpStudy\PHPTutorial\WWW\relaxed\application\admin\lang/zh-cn.php
[ 2019-03-04T16:47:35+08:00 ][ sql ] [ DB ] CONNECT:[ UseTime:0.037002s ] mysql:host=sh-cdb-mwf0h7ig.sql.tencentcdb.com;port=62879;dbname=relaxed;charset=utf8
[ 2019-03-04T16:47:35+08:00 ][ sql ] [ SQL ] SHOW COLUMNS FROM `fa_auth_rule` [ RunTime:0.020001s ]
[ 2019-03-04T16:47:35+08:00 ][ sql ] [ SQL ] SELECT * FROM `fa_auth_rule` WHERE  `name` = 'product12' LIMIT 1 [ RunTime:0.020001s ]
[ 2019-03-04T16:47:35+08:00 ][ sql ] [ SQL ] INSERT INTO `fa_auth_rule` (`pid` , `name` , `title` , `icon` , `remark` , `ismenu` , `status` , `createtime` , `updatetime`) VALUES (0 , 'product12' , '商品管理' , 'fa fa-circle-o' , '' , 1 , 'normal' , 1551689255 , 1551689255) [ RunTime:0.020001s ]
[ 2019-03-04T16:47:35+08:00 ][ sql ] [ SQL ] SELECT `id` FROM `fa_auth_rule` WHERE  `name` = 'product12/index' LIMIT 1 [ RunTime:0.020001s ]
[ 2019-03-04T16:47:35+08:00 ][ sql ] [ SQL ] SELECT `id` FROM `fa_auth_rule` WHERE  `name` = 'product12/add' LIMIT 1 [ RunTime:0.019001s ]
[ 2019-03-04T16:47:35+08:00 ][ sql ] [ SQL ] SELECT `id` FROM `fa_auth_rule` WHERE  `name` = 'product12/edit' LIMIT 1 [ RunTime:0.020001s ]
[ 2019-03-04T16:47:35+08:00 ][ sql ] [ SQL ] SELECT `id` FROM `fa_auth_rule` WHERE  `name` = 'product12/del' LIMIT 1 [ RunTime:0.020001s ]
[ 2019-03-04T16:47:35+08:00 ][ sql ] [ SQL ] SELECT `id` FROM `fa_auth_rule` WHERE  `name` = 'product12/multi' LIMIT 1 [ RunTime:0.020001s ]
[ 2019-03-04T16:47:35+08:00 ][ sql ] [ SQL ] INSERT INTO `fa_auth_rule` (`id` , `pid` , `name` , `icon` , `title` , `ismenu` , `status` , `createtime` , `updatetime`) VALUES (NULL , 332 , 'product12/index' , 'fa fa-circle-o' , '查看' , 0 , 'normal' , 1551689255 , 1551689255) [ RunTime:0.020001s ]
[ 2019-03-04T16:47:35+08:00 ][ sql ] [ SQL ] INSERT INTO `fa_auth_rule` (`id` , `pid` , `name` , `icon` , `title` , `ismenu` , `status` , `createtime` , `updatetime`) VALUES (NULL , 332 , 'product12/add' , 'fa fa-circle-o' , '添加' , 0 , 'normal' , 1551689255 , 1551689255) [ RunTime:0.010001s ]
[ 2019-03-04T16:47:35+08:00 ][ sql ] [ SQL ] INSERT INTO `fa_auth_rule` (`id` , `pid` , `name` , `icon` , `title` , `ismenu` , `status` , `createtime` , `updatetime`) VALUES (NULL , 332 , 'product12/edit' , 'fa fa-circle-o' , '编辑' , 0 , 'normal' , 1551689255 , 1551689255) [ RunTime:0.011001s ]
[ 2019-03-04T16:47:35+08:00 ][ sql ] [ SQL ] INSERT INTO `fa_auth_rule` (`id` , `pid` , `name` , `icon` , `title` , `ismenu` , `status` , `createtime` , `updatetime`) VALUES (NULL , 332 , 'product12/del' , 'fa fa-circle-o' , '删除' , 0 , 'normal' , 1551689255 , 1551689255) [ RunTime:0.010000s ]
[ 2019-03-04T16:47:35+08:00 ][ sql ] [ SQL ] INSERT INTO `fa_auth_rule` (`id` , `pid` , `name` , `icon` , `title` , `ismenu` , `status` , `createtime` , `updatetime`) VALUES (NULL , 332 , 'product12/multi' , 'fa fa-circle-o' , '批量更新' , 0 , 'normal' , 1551689255 , 1551689255) [ RunTime:0.009000s ]
