---------------------------------------------------------------
[ 2019-03-10T02:25:18+08:00 ] 47.89.34.3 GET /relaxed/public/index.php/admin/index/login
[ info ] picc.18178.net/relaxed/public/index.php/admin/index/login [运行时间：0.123007s][吞吐率：8.13req/s] [内存消耗：2,212.05kb] [文件加载：80]
[ info ] [ BEHAVIOR ] Run Closure @app_init [ RunTime:0.001000s ]
[ info ] [ CACHE ] INIT File
[ info ] [ BEHAVIOR ] Run Closure @app_init [ RunTime:0.009000s ]
[ info ] [ LANG ] C:\PhpStudy\PHPTutorial\WWW\relaxed\thinkphp\lang\zh-cn.php
[ info ] [ ROUTE ] array (
  'type' => 'module',
  'module' => 
  array (
    0 => 'admin',
    1 => 'index',
    2 => 'login',
  ),
)
[ info ] [ HEADER ] array (
  'connection' => 'close',
  'accept' => '*/*',
  'user-agent' => 'Mozilla/5.0 (Windows NT 10.0; Win64; x64; rv:57.0) Gecko/20100101 Firefox/57.0',
  'host' => 'picc.18178.net',
)
[ info ] [ PARAM ] array (
)
[ info ] [ LANG ] C:\PhpStudy\PHPTutorial\WWW\relaxed\public/../application/admin\lang\zh-cn.php
[ info ] [ BEHAVIOR ] Run app\common\behavior\Common @module_init [ RunTime:0.002000s ]
[ info ] [ SESSION ] INIT array (
  'id' => '',
  'var_session_id' => '',
  'prefix' => 'think',
  'type' => '',
  'auto_start' => true,
)
[ info ] [ LANG ] C:\PhpStudy\PHPTutorial\WWW\relaxed\public/../application/admin/lang/zh-cn/index.php
[ info ] [ RUN ] app\admin\controller\Index->login[ C:\PhpStudy\PHPTutorial\WWW\relaxed\application\admin\controller\Index.php ]
[ info ] [ BEHAVIOR ] Run \addons\loginbg\Loginbg @admin_login_init [ RunTime:0.001000s ]
[ info ] [ VIEW ] C:\PhpStudy\PHPTutorial\WWW\relaxed\public/../application/admin\view\index\login.html [ array (
  0 => 'breadcrumb',
  1 => 'site',
  2 => 'config',
  3 => 'auth',
  4 => 'admin',
  5 => 'background',
  6 => 'title',
) ]
[ info ] [ BEHAVIOR ] Run app\admin\behavior\AdminLog @app_end [ RunTime:0.001000s ]
[ info ] [ LOG ] INIT File
---------------------------------------------------------------
[ 2019-03-10T05:45:42+08:00 ] 127.0.0.1 GET /relaxed/public/index.php/admin/index/login
[ info ] picc.18178.net/relaxed/public/index.php/admin/index/login [运行时间：0.124007s][吞吐率：8.06req/s] [内存消耗：2,213.16kb] [文件加载：80]
[ info ] [ BEHAVIOR ] Run Closure @app_init [ RunTime:0.000000s ]
[ info ] [ CACHE ] INIT File
[ info ] [ BEHAVIOR ] Run Closure @app_init [ RunTime:0.010000s ]
[ info ] [ LANG ] C:\PhpStudy\PHPTutorial\WWW\relaxed\thinkphp\lang\zh-cn.php
[ info ] [ ROUTE ] array (
  'type' => 'module',
  'module' => 
  array (
    0 => 'admin',
    1 => 'index',
    2 => 'login',
  ),
)
[ info ] [ HEADER ] array (
  'x-real-ip' => '127.0.0.1',
  'referer' => 'http://218.242.163.21',
  'x-forwarded-for' => '127.0.0.1',
  'client-ip' => '127.0.0.1',
  'user-agent' => 'Mozilla/5.0 (compatible; Baiduspider-render/2.0; +http://www.baidu.com/search/spider.html)',
  'accept' => '*/*',
  'accept-encoding' => 'gzip, deflate',
  'connection' => 'close',
  'host' => 'picc.18178.net',
)
[ info ] [ PARAM ] array (
)
[ info ] [ LANG ] C:\PhpStudy\PHPTutorial\WWW\relaxed\public/../application/admin\lang\zh-cn.php
[ info ] [ BEHAVIOR ] Run app\common\behavior\Common @module_init [ RunTime:0.002000s ]
[ info ] [ SESSION ] INIT array (
  'id' => '',
  'var_session_id' => '',
  'prefix' => 'think',
  'type' => '',
  'auto_start' => true,
)
[ info ] [ LANG ] C:\PhpStudy\PHPTutorial\WWW\relaxed\public/../application/admin/lang/zh-cn/index.php
[ info ] [ RUN ] app\admin\controller\Index->login[ C:\PhpStudy\PHPTutorial\WWW\relaxed\application\admin\controller\Index.php ]
[ info ] [ BEHAVIOR ] Run \addons\loginbg\Loginbg @admin_login_init [ RunTime:0.001000s ]
[ info ] [ VIEW ] C:\PhpStudy\PHPTutorial\WWW\relaxed\public/../application/admin\view\index\login.html [ array (
  0 => 'breadcrumb',
  1 => 'site',
  2 => 'config',
  3 => 'auth',
  4 => 'admin',
  5 => 'background',
  6 => 'title',
) ]
[ info ] [ BEHAVIOR ] Run app\admin\behavior\AdminLog @app_end [ RunTime:0.001000s ]
[ info ] [ LOG ] INIT File
---------------------------------------------------------------
[ 2019-03-10T05:45:42+08:00 ] 127.0.0.1 GET /relaxed/public/index.php/admin/index/login
[ info ] picc.18178.net/relaxed/public/index.php/admin/index/login [运行时间：0.124007s][吞吐率：8.06req/s] [内存消耗：2,213.16kb] [文件加载：80]
[ info ] [ BEHAVIOR ] Run Closure @app_init [ RunTime:0.000000s ]
[ info ] [ CACHE ] INIT File
[ info ] [ BEHAVIOR ] Run Closure @app_init [ RunTime:0.011001s ]
[ info ] [ LANG ] C:\PhpStudy\PHPTutorial\WWW\relaxed\thinkphp\lang\zh-cn.php
[ info ] [ ROUTE ] array (
  'type' => 'module',
  'module' => 
  array (
    0 => 'admin',
    1 => 'index',
    2 => 'login',
  ),
)
[ info ] [ HEADER ] array (
  'x-real-ip' => '127.0.0.1',
  'referer' => 'http://218.242.163.21',
  'x-forwarded-for' => '127.0.0.1',
  'client-ip' => '127.0.0.1',
  'user-agent' => 'Mozilla/5.0 (compatible; Baiduspider-render/2.0; +http://www.baidu.com/search/spider.html)',
  'accept' => '*/*',
  'accept-encoding' => 'gzip, deflate',
  'connection' => 'close',
  'host' => 'picc.18178.net',
)
[ info ] [ PARAM ] array (
)
[ info ] [ LANG ] C:\PhpStudy\PHPTutorial\WWW\relaxed\public/../application/admin\lang\zh-cn.php
[ info ] [ BEHAVIOR ] Run app\common\behavior\Common @module_init [ RunTime:0.003000s ]
[ info ] [ SESSION ] INIT array (
  'id' => '',
  'var_session_id' => '',
  'prefix' => 'think',
  'type' => '',
  'auto_start' => true,
)
[ info ] [ LANG ] C:\PhpStudy\PHPTutorial\WWW\relaxed\public/../application/admin/lang/zh-cn/index.php
[ info ] [ RUN ] app\admin\controller\Index->login[ C:\PhpStudy\PHPTutorial\WWW\relaxed\application\admin\controller\Index.php ]
[ info ] [ BEHAVIOR ] Run \addons\loginbg\Loginbg @admin_login_init [ RunTime:0.001000s ]
[ info ] [ VIEW ] C:\PhpStudy\PHPTutorial\WWW\relaxed\public/../application/admin\view\index\login.html [ array (
  0 => 'breadcrumb',
  1 => 'site',
  2 => 'config',
  3 => 'auth',
  4 => 'admin',
  5 => 'background',
  6 => 'title',
) ]
[ info ] [ BEHAVIOR ] Run app\admin\behavior\AdminLog @app_end [ RunTime:0.001000s ]
[ info ] [ LOG ] INIT File
---------------------------------------------------------------
[ 2019-03-10T05:45:43+08:00 ] 127.0.0.1 GET /relaxed/public/index.php/admin/index/login
[ info ] picc.18178.net/relaxed/public/index.php/admin/index/login [运行时间：0.121006s][吞吐率：8.26req/s] [内存消耗：2,213.16kb] [文件加载：80]
[ info ] [ BEHAVIOR ] Run Closure @app_init [ RunTime:0.000000s ]
[ info ] [ CACHE ] INIT File
[ info ] [ BEHAVIOR ] Run Closure @app_init [ RunTime:0.009000s ]
[ info ] [ LANG ] C:\PhpStudy\PHPTutorial\WWW\relaxed\thinkphp\lang\zh-cn.php
[ info ] [ ROUTE ] array (
  'type' => 'module',
  'module' => 
  array (
    0 => 'admin',
    1 => 'index',
    2 => 'login',
  ),
)
[ info ] [ HEADER ] array (
  'x-real-ip' => '127.0.0.1',
  'referer' => 'http://218.242.163.21',
  'x-forwarded-for' => '127.0.0.1',
  'client-ip' => '127.0.0.1',
  'user-agent' => 'Mozilla/5.0 (compatible; Baiduspider-render/2.0; +http://www.baidu.com/search/spider.html)',
  'accept' => '*/*',
  'accept-encoding' => 'gzip, deflate',
  'connection' => 'close',
  'host' => 'picc.18178.net',
)
[ info ] [ PARAM ] array (
)
[ info ] [ LANG ] C:\PhpStudy\PHPTutorial\WWW\relaxed\public/../application/admin\lang\zh-cn.php
[ info ] [ BEHAVIOR ] Run app\common\behavior\Common @module_init [ RunTime:0.002000s ]
[ info ] [ SESSION ] INIT array (
  'id' => '',
  'var_session_id' => '',
  'prefix' => 'think',
  'type' => '',
  'auto_start' => true,
)
[ info ] [ LANG ] C:\PhpStudy\PHPTutorial\WWW\relaxed\public/../application/admin/lang/zh-cn/index.php
[ info ] [ RUN ] app\admin\controller\Index->login[ C:\PhpStudy\PHPTutorial\WWW\relaxed\application\admin\controller\Index.php ]
[ info ] [ BEHAVIOR ] Run \addons\loginbg\Loginbg @admin_login_init [ RunTime:0.001000s ]
[ info ] [ VIEW ] C:\PhpStudy\PHPTutorial\WWW\relaxed\public/../application/admin\view\index\login.html [ array (
  0 => 'breadcrumb',
  1 => 'site',
  2 => 'config',
  3 => 'auth',
  4 => 'admin',
  5 => 'background',
  6 => 'title',
) ]
[ info ] [ BEHAVIOR ] Run app\admin\behavior\AdminLog @app_end [ RunTime:0.001000s ]
[ info ] [ LOG ] INIT File
---------------------------------------------------------------
[ 2019-03-10T05:45:43+08:00 ] 127.0.0.1 GET /relaxed/public/index.php/admin/index/login
[ info ] picc.18178.net/relaxed/public/index.php/admin/index/login [运行时间：0.120007s][吞吐率：8.33req/s] [内存消耗：2,213.16kb] [文件加载：80]
[ info ] [ BEHAVIOR ] Run Closure @app_init [ RunTime:0.000000s ]
[ info ] [ CACHE ] INIT File
[ info ] [ BEHAVIOR ] Run Closure @app_init [ RunTime:0.009000s ]
[ info ] [ LANG ] C:\PhpStudy\PHPTutorial\WWW\relaxed\thinkphp\lang\zh-cn.php
[ info ] [ ROUTE ] array (
  'type' => 'module',
  'module' => 
  array (
    0 => 'admin',
    1 => 'index',
    2 => 'login',
  ),
)
[ info ] [ HEADER ] array (
  'x-real-ip' => '127.0.0.1',
  'referer' => 'http://218.242.163.21',
  'x-forwarded-for' => '127.0.0.1',
  'client-ip' => '127.0.0.1',
  'user-agent' => 'Mozilla/5.0 (compatible; Baiduspider-render/2.0; +http://www.baidu.com/search/spider.html)',
  'accept' => '*/*',
  'accept-encoding' => 'gzip, deflate',
  'connection' => 'close',
  'host' => 'picc.18178.net',
)
[ info ] [ PARAM ] array (
)
[ info ] [ LANG ] C:\PhpStudy\PHPTutorial\WWW\relaxed\public/../application/admin\lang\zh-cn.php
[ info ] [ BEHAVIOR ] Run app\common\behavior\Common @module_init [ RunTime:0.002000s ]
[ info ] [ SESSION ] INIT array (
  'id' => '',
  'var_session_id' => '',
  'prefix' => 'think',
  'type' => '',
  'auto_start' => true,
)
[ info ] [ LANG ] C:\PhpStudy\PHPTutorial\WWW\relaxed\public/../application/admin/lang/zh-cn/index.php
[ info ] [ RUN ] app\admin\controller\Index->login[ C:\PhpStudy\PHPTutorial\WWW\relaxed\application\admin\controller\Index.php ]
[ info ] [ BEHAVIOR ] Run \addons\loginbg\Loginbg @admin_login_init [ RunTime:0.001000s ]
[ info ] [ VIEW ] C:\PhpStudy\PHPTutorial\WWW\relaxed\public/../application/admin\view\index\login.html [ array (
  0 => 'breadcrumb',
  1 => 'site',
  2 => 'config',
  3 => 'auth',
  4 => 'admin',
  5 => 'background',
  6 => 'title',
) ]
[ info ] [ BEHAVIOR ] Run app\admin\behavior\AdminLog @app_end [ RunTime:0.001000s ]
[ info ] [ LOG ] INIT File
---------------------------------------------------------------
[ 2019-03-10T05:45:43+08:00 ] 127.0.0.1 GET /relaxed/public/index.php/admin/index/login
[ info ] picc.18178.net/relaxed/public/index.php/admin/index/login [运行时间：0.115007s][吞吐率：8.70req/s] [内存消耗：2,213.16kb] [文件加载：80]
[ info ] [ BEHAVIOR ] Run Closure @app_init [ RunTime:0.000000s ]
[ info ] [ CACHE ] INIT File
[ info ] [ BEHAVIOR ] Run Closure @app_init [ RunTime:0.008000s ]
[ info ] [ LANG ] C:\PhpStudy\PHPTutorial\WWW\relaxed\thinkphp\lang\zh-cn.php
[ info ] [ ROUTE ] array (
  'type' => 'module',
  'module' => 
  array (
    0 => 'admin',
    1 => 'index',
    2 => 'login',
  ),
)
[ info ] [ HEADER ] array (
  'x-real-ip' => '127.0.0.1',
  'referer' => 'http://218.242.163.21',
  'x-forwarded-for' => '127.0.0.1',
  'client-ip' => '127.0.0.1',
  'user-agent' => 'Mozilla/5.0 (compatible; Baiduspider-render/2.0; +http://www.baidu.com/search/spider.html)',
  'accept' => '*/*',
  'accept-encoding' => 'gzip, deflate',
  'connection' => 'close',
  'host' => 'picc.18178.net',
)
[ info ] [ PARAM ] array (
)
[ info ] [ LANG ] C:\PhpStudy\PHPTutorial\WWW\relaxed\public/../application/admin\lang\zh-cn.php
[ info ] [ BEHAVIOR ] Run app\common\behavior\Common @module_init [ RunTime:0.002000s ]
[ info ] [ SESSION ] INIT array (
  'id' => '',
  'var_session_id' => '',
  'prefix' => 'think',
  'type' => '',
  'auto_start' => true,
)
[ info ] [ LANG ] C:\PhpStudy\PHPTutorial\WWW\relaxed\public/../application/admin/lang/zh-cn/index.php
[ info ] [ RUN ] app\admin\controller\Index->login[ C:\PhpStudy\PHPTutorial\WWW\relaxed\application\admin\controller\Index.php ]
[ info ] [ BEHAVIOR ] Run \addons\loginbg\Loginbg @admin_login_init [ RunTime:0.001000s ]
[ info ] [ VIEW ] C:\PhpStudy\PHPTutorial\WWW\relaxed\public/../application/admin\view\index\login.html [ array (
  0 => 'breadcrumb',
  1 => 'site',
  2 => 'config',
  3 => 'auth',
  4 => 'admin',
  5 => 'background',
  6 => 'title',
) ]
[ info ] [ BEHAVIOR ] Run app\admin\behavior\AdminLog @app_end [ RunTime:0.001000s ]
[ info ] [ LOG ] INIT File
---------------------------------------------------------------
[ 2019-03-10T05:45:44+08:00 ] 127.0.0.1 GET /relaxed/public/index.php/admin/index/login
[ info ] picc.18178.net/relaxed/public/index.php/admin/index/login [运行时间：0.121007s][吞吐率：8.26req/s] [内存消耗：2,213.16kb] [文件加载：80]
[ info ] [ BEHAVIOR ] Run Closure @app_init [ RunTime:0.000000s ]
[ info ] [ CACHE ] INIT File
[ info ] [ BEHAVIOR ] Run Closure @app_init [ RunTime:0.008001s ]
[ info ] [ LANG ] C:\PhpStudy\PHPTutorial\WWW\relaxed\thinkphp\lang\zh-cn.php
[ info ] [ ROUTE ] array (
  'type' => 'module',
  'module' => 
  array (
    0 => 'admin',
    1 => 'index',
    2 => 'login',
  ),
)
[ info ] [ HEADER ] array (
  'x-real-ip' => '127.0.0.1',
  'referer' => 'http://218.242.163.21',
  'x-forwarded-for' => '127.0.0.1',
  'client-ip' => '127.0.0.1',
  'user-agent' => 'Mozilla/5.0 (compatible; Baiduspider-render/2.0; +http://www.baidu.com/search/spider.html)',
  'accept' => '*/*',
  'accept-encoding' => 'gzip, deflate',
  'connection' => 'close',
  'host' => 'picc.18178.net',
)
[ info ] [ PARAM ] array (
)
[ info ] [ LANG ] C:\PhpStudy\PHPTutorial\WWW\relaxed\public/../application/admin\lang\zh-cn.php
[ info ] [ BEHAVIOR ] Run app\common\behavior\Common @module_init [ RunTime:0.001000s ]
[ info ] [ SESSION ] INIT array (
  'id' => '',
  'var_session_id' => '',
  'prefix' => 'think',
  'type' => '',
  'auto_start' => true,
)
[ info ] [ LANG ] C:\PhpStudy\PHPTutorial\WWW\relaxed\public/../application/admin/lang/zh-cn/index.php
[ info ] [ RUN ] app\admin\controller\Index->login[ C:\PhpStudy\PHPTutorial\WWW\relaxed\application\admin\controller\Index.php ]
[ info ] [ BEHAVIOR ] Run \addons\loginbg\Loginbg @admin_login_init [ RunTime:0.001000s ]
[ info ] [ VIEW ] C:\PhpStudy\PHPTutorial\WWW\relaxed\public/../application/admin\view\index\login.html [ array (
  0 => 'breadcrumb',
  1 => 'site',
  2 => 'config',
  3 => 'auth',
  4 => 'admin',
  5 => 'background',
  6 => 'title',
) ]
[ info ] [ BEHAVIOR ] Run app\admin\behavior\AdminLog @app_end [ RunTime:0.001000s ]
[ info ] [ LOG ] INIT File
---------------------------------------------------------------
[ 2019-03-10T05:45:44+08:00 ] 127.0.0.1 GET /relaxed/public/index.php/admin/index/login
[ info ] picc.18178.net/relaxed/public/index.php/admin/index/login [运行时间：0.132007s][吞吐率：7.58req/s] [内存消耗：2,213.21kb] [文件加载：80]
[ info ] [ BEHAVIOR ] Run Closure @app_init [ RunTime:0.001000s ]
[ info ] [ CACHE ] INIT File
[ info ] [ BEHAVIOR ] Run Closure @app_init [ RunTime:0.010000s ]
[ info ] [ LANG ] C:\PhpStudy\PHPTutorial\WWW\relaxed\thinkphp\lang\zh-cn.php
[ info ] [ ROUTE ] array (
  'type' => 'module',
  'module' => 
  array (
    0 => 'admin',
    1 => 'index',
    2 => 'login',
  ),
)
[ info ] [ HEADER ] array (
  'x-real-ip' => '127.0.0.1',
  'referer' => 'http://218.242.163.21',
  'x-forwarded-for' => '127.0.0.1',
  'client-ip' => '127.0.0.1',
  'user-agent' => 'Mozilla/5.0 (compatible; Baiduspider-render/2.0; +http://www.baidu.com/search/spider.html)',
  'accept' => '*/*',
  'accept-encoding' => 'gzip, deflate',
  'connection' => 'close',
  'host' => 'picc.18178.net',
)
[ info ] [ PARAM ] array (
)
[ info ] [ LANG ] C:\PhpStudy\PHPTutorial\WWW\relaxed\public/../application/admin\lang\zh-cn.php
[ info ] [ BEHAVIOR ] Run app\common\behavior\Common @module_init [ RunTime:0.002000s ]
[ info ] [ SESSION ] INIT array (
  'id' => '',
  'var_session_id' => '',
  'prefix' => 'think',
  'type' => '',
  'auto_start' => true,
)
[ info ] [ LANG ] C:\PhpStudy\PHPTutorial\WWW\relaxed\public/../application/admin/lang/zh-cn/index.php
[ info ] [ RUN ] app\admin\controller\Index->login[ C:\PhpStudy\PHPTutorial\WWW\relaxed\application\admin\controller\Index.php ]
[ info ] [ BEHAVIOR ] Run \addons\loginbg\Loginbg @admin_login_init [ RunTime:0.001001s ]
[ info ] [ VIEW ] C:\PhpStudy\PHPTutorial\WWW\relaxed\public/../application/admin\view\index\login.html [ array (
  0 => 'breadcrumb',
  1 => 'site',
  2 => 'config',
  3 => 'auth',
  4 => 'admin',
  5 => 'background',
  6 => 'title',
) ]
[ info ] [ BEHAVIOR ] Run app\admin\behavior\AdminLog @app_end [ RunTime:0.001000s ]
[ info ] [ LOG ] INIT File
---------------------------------------------------------------
[ 2019-03-10T05:45:44+08:00 ] 127.0.0.1 GET /relaxed/public/index.php/admin/index/login
[ info ] picc.18178.net/relaxed/public/index.php/admin/index/login [运行时间：0.150008s][吞吐率：6.67req/s] [内存消耗：2,213.20kb] [文件加载：80]
[ info ] [ BEHAVIOR ] Run Closure @app_init [ RunTime:0.001000s ]
[ info ] [ CACHE ] INIT File
[ info ] [ BEHAVIOR ] Run Closure @app_init [ RunTime:0.010000s ]
[ info ] [ LANG ] C:\PhpStudy\PHPTutorial\WWW\relaxed\thinkphp\lang\zh-cn.php
[ info ] [ ROUTE ] array (
  'type' => 'module',
  'module' => 
  array (
    0 => 'admin',
    1 => 'index',
    2 => 'login',
  ),
)
[ info ] [ HEADER ] array (
  'x-real-ip' => '127.0.0.1',
  'referer' => 'http://218.242.163.21',
  'x-forwarded-for' => '127.0.0.1',
  'client-ip' => '127.0.0.1',
  'user-agent' => 'Mozilla/5.0 (compatible; Baiduspider-render/2.0; +http://www.baidu.com/search/spider.html)',
  'accept' => '*/*',
  'accept-encoding' => 'gzip, deflate',
  'connection' => 'close',
  'host' => 'picc.18178.net',
)
[ info ] [ PARAM ] array (
)
[ info ] [ LANG ] C:\PhpStudy\PHPTutorial\WWW\relaxed\public/../application/admin\lang\zh-cn.php
[ info ] [ BEHAVIOR ] Run app\common\behavior\Common @module_init [ RunTime:0.002000s ]
[ info ] [ SESSION ] INIT array (
  'id' => '',
  'var_session_id' => '',
  'prefix' => 'think',
  'type' => '',
  'auto_start' => true,
)
[ info ] [ LANG ] C:\PhpStudy\PHPTutorial\WWW\relaxed\public/../application/admin/lang/zh-cn/index.php
[ info ] [ RUN ] app\admin\controller\Index->login[ C:\PhpStudy\PHPTutorial\WWW\relaxed\application\admin\controller\Index.php ]
[ info ] [ BEHAVIOR ] Run \addons\loginbg\Loginbg @admin_login_init [ RunTime:0.001000s ]
[ info ] [ VIEW ] C:\PhpStudy\PHPTutorial\WWW\relaxed\public/../application/admin\view\index\login.html [ array (
  0 => 'breadcrumb',
  1 => 'site',
  2 => 'config',
  3 => 'auth',
  4 => 'admin',
  5 => 'background',
  6 => 'title',
) ]
[ info ] [ BEHAVIOR ] Run app\admin\behavior\AdminLog @app_end [ RunTime:0.001000s ]
[ info ] [ LOG ] INIT File
---------------------------------------------------------------
[ 2019-03-10T12:32:28+08:00 ] 42.51.196.21 GET /relaxed/public/index.php/admin/index/login
[ info ] picc.18178.net/relaxed/public/index.php/admin/index/login [运行时间：0.125007s][吞吐率：8.00req/s] [内存消耗：2,213.00kb] [文件加载：80]
[ info ] [ BEHAVIOR ] Run Closure @app_init [ RunTime:0.001000s ]
[ info ] [ CACHE ] INIT File
[ info ] [ BEHAVIOR ] Run Closure @app_init [ RunTime:0.009001s ]
[ info ] [ LANG ] C:\PhpStudy\PHPTutorial\WWW\relaxed\thinkphp\lang\zh-cn.php
[ info ] [ ROUTE ] array (
  'type' => 'module',
  'module' => 
  array (
    0 => 'admin',
    1 => 'index',
    2 => 'login',
  ),
)
[ info ] [ HEADER ] array (
  'connection' => 'close',
  'accept-encoding' => 'identity',
  'dnt' => '1',
  'upgrade-insecure-requests' => '1',
  'accept-language' => 'zh-cn,zh;q=0.8,en-us;q=0.5,en;q=0.3',
  'user-agent' => 'Mozilla/5.0 (Windows NT 6.1; WOW64; rv:31.0) Gecko/20100101 Firefox/31.0',
  'accept' => '*/*',
  'host' => 'picc.18178.net',
)
[ info ] [ PARAM ] array (
)
[ info ] [ LANG ] C:\PhpStudy\PHPTutorial\WWW\relaxed\public/../application/admin\lang\zh-cn.php
[ info ] [ BEHAVIOR ] Run app\common\behavior\Common @module_init [ RunTime:0.002000s ]
[ info ] [ SESSION ] INIT array (
  'id' => '',
  'var_session_id' => '',
  'prefix' => 'think',
  'type' => '',
  'auto_start' => true,
)
[ info ] [ LANG ] C:\PhpStudy\PHPTutorial\WWW\relaxed\public/../application/admin/lang/zh-cn/index.php
[ info ] [ RUN ] app\admin\controller\Index->login[ C:\PhpStudy\PHPTutorial\WWW\relaxed\application\admin\controller\Index.php ]
[ info ] [ BEHAVIOR ] Run \addons\loginbg\Loginbg @admin_login_init [ RunTime:0.001000s ]
[ info ] [ VIEW ] C:\PhpStudy\PHPTutorial\WWW\relaxed\public/../application/admin\view\index\login.html [ array (
  0 => 'breadcrumb',
  1 => 'site',
  2 => 'config',
  3 => 'auth',
  4 => 'admin',
  5 => 'background',
  6 => 'title',
) ]
[ info ] [ BEHAVIOR ] Run app\admin\behavior\AdminLog @app_end [ RunTime:0.001000s ]
[ info ] [ LOG ] INIT File
---------------------------------------------------------------
[ 2019-03-10T12:33:10+08:00 ] 42.51.196.50 GET /relaxed/public/index.php/admin/index/login
[ info ] picc.18178.net/relaxed/public/index.php/admin/index/login [运行时间：0.117007s][吞吐率：8.55req/s] [内存消耗：2,213.00kb] [文件加载：80]
[ info ] [ BEHAVIOR ] Run Closure @app_init [ RunTime:0.000000s ]
[ info ] [ CACHE ] INIT File
[ info ] [ BEHAVIOR ] Run Closure @app_init [ RunTime:0.008001s ]
[ info ] [ LANG ] C:\PhpStudy\PHPTutorial\WWW\relaxed\thinkphp\lang\zh-cn.php
[ info ] [ ROUTE ] array (
  'type' => 'module',
  'module' => 
  array (
    0 => 'admin',
    1 => 'index',
    2 => 'login',
  ),
)
[ info ] [ HEADER ] array (
  'connection' => 'close',
  'accept-encoding' => 'identity',
  'dnt' => '1',
  'upgrade-insecure-requests' => '1',
  'accept-language' => 'zh-cn,zh;q=0.8,en-us;q=0.5,en;q=0.3',
  'user-agent' => 'Mozilla/5.0 (Windows NT 6.1; WOW64; rv:31.0) Gecko/20100101 Firefox/31.0',
  'accept' => '*/*',
  'host' => 'picc.18178.net',
)
[ info ] [ PARAM ] array (
)
[ info ] [ LANG ] C:\PhpStudy\PHPTutorial\WWW\relaxed\public/../application/admin\lang\zh-cn.php
[ info ] [ BEHAVIOR ] Run app\common\behavior\Common @module_init [ RunTime:0.002000s ]
[ info ] [ SESSION ] INIT array (
  'id' => '',
  'var_session_id' => '',
  'prefix' => 'think',
  'type' => '',
  'auto_start' => true,
)
[ info ] [ LANG ] C:\PhpStudy\PHPTutorial\WWW\relaxed\public/../application/admin/lang/zh-cn/index.php
[ info ] [ RUN ] app\admin\controller\Index->login[ C:\PhpStudy\PHPTutorial\WWW\relaxed\application\admin\controller\Index.php ]
[ info ] [ BEHAVIOR ] Run \addons\loginbg\Loginbg @admin_login_init [ RunTime:0.001000s ]
[ info ] [ VIEW ] C:\PhpStudy\PHPTutorial\WWW\relaxed\public/../application/admin\view\index\login.html [ array (
  0 => 'breadcrumb',
  1 => 'site',
  2 => 'config',
  3 => 'auth',
  4 => 'admin',
  5 => 'background',
  6 => 'title',
) ]
[ info ] [ BEHAVIOR ] Run app\admin\behavior\AdminLog @app_end [ RunTime:0.001000s ]
[ info ] [ LOG ] INIT File
---------------------------------------------------------------
[ 2019-03-10T19:36:12+08:00 ] 134.209.56.187 GET /relaxed/public/index.php/admin/index/login
[ info ] picc.18178.net/relaxed/public/index.php/admin/index/login [运行时间：0.123007s][吞吐率：8.13req/s] [内存消耗：2,212.36kb] [文件加载：80]
[ info ] [ BEHAVIOR ] Run Closure @app_init [ RunTime:0.000000s ]
[ info ] [ CACHE ] INIT File
[ info ] [ BEHAVIOR ] Run Closure @app_init [ RunTime:0.008001s ]
[ info ] [ LANG ] C:\PhpStudy\PHPTutorial\WWW\relaxed\thinkphp\lang\zh-cn.php
[ info ] [ ROUTE ] array (
  'type' => 'module',
  'module' => 
  array (
    0 => 'admin',
    1 => 'index',
    2 => 'login',
  ),
)
[ info ] [ HEADER ] array (
  'user-agent' => 'python-requests/2.6.0 CPython/2.7.5 Linux/3.10.0-862.2.3.el7.x86_64',
  'accept' => '*/*',
  'accept-encoding' => 'gzip, deflate',
  'connection' => 'close',
  'host' => 'picc.18178.net',
)
[ info ] [ PARAM ] array (
)
[ info ] [ LANG ] C:\PhpStudy\PHPTutorial\WWW\relaxed\public/../application/admin\lang\zh-cn.php
[ info ] [ BEHAVIOR ] Run app\common\behavior\Common @module_init [ RunTime:0.003000s ]
[ info ] [ SESSION ] INIT array (
  'id' => '',
  'var_session_id' => '',
  'prefix' => 'think',
  'type' => '',
  'auto_start' => true,
)
[ info ] [ LANG ] C:\PhpStudy\PHPTutorial\WWW\relaxed\public/../application/admin/lang/zh-cn/index.php
[ info ] [ RUN ] app\admin\controller\Index->login[ C:\PhpStudy\PHPTutorial\WWW\relaxed\application\admin\controller\Index.php ]
[ info ] [ BEHAVIOR ] Run \addons\loginbg\Loginbg @admin_login_init [ RunTime:0.001000s ]
[ info ] [ VIEW ] C:\PhpStudy\PHPTutorial\WWW\relaxed\public/../application/admin\view\index\login.html [ array (
  0 => 'breadcrumb',
  1 => 'site',
  2 => 'config',
  3 => 'auth',
  4 => 'admin',
  5 => 'background',
  6 => 'title',
) ]
[ info ] [ BEHAVIOR ] Run app\admin\behavior\AdminLog @app_end [ RunTime:0.001000s ]
[ info ] [ LOG ] INIT File
---------------------------------------------------------------
[ 2019-03-10T21:02:03+08:00 ] 221.229.166.111 GET /relaxed/public/index.php/admin/index/login
[ info ] picc.18178.net/relaxed/public/index.php/admin/index/login [运行时间：0.125008s][吞吐率：8.00req/s] [内存消耗：2,212.05kb] [文件加载：80]
[ info ] [ BEHAVIOR ] Run Closure @app_init [ RunTime:0.000000s ]
[ info ] [ CACHE ] INIT File
[ info ] [ BEHAVIOR ] Run Closure @app_init [ RunTime:0.010000s ]
[ info ] [ LANG ] C:\PhpStudy\PHPTutorial\WWW\relaxed\thinkphp\lang\zh-cn.php
[ info ] [ ROUTE ] array (
  'type' => 'module',
  'module' => 
  array (
    0 => 'admin',
    1 => 'index',
    2 => 'login',
  ),
)
[ info ] [ HEADER ] array (
  'user-agent' => 'Mozilla/4.0 (compatible; MSIE 6.0; Windows NT 5.1',
  'connection' => 'close',
  'host' => 'picc.18178.net',
  'accept-encoding' => 'identity',
)
[ info ] [ PARAM ] array (
)
[ info ] [ LANG ] C:\PhpStudy\PHPTutorial\WWW\relaxed\public/../application/admin\lang\zh-cn.php
[ info ] [ BEHAVIOR ] Run app\common\behavior\Common @module_init [ RunTime:0.002000s ]
[ info ] [ SESSION ] INIT array (
  'id' => '',
  'var_session_id' => '',
  'prefix' => 'think',
  'type' => '',
  'auto_start' => true,
)
[ info ] [ LANG ] C:\PhpStudy\PHPTutorial\WWW\relaxed\public/../application/admin/lang/zh-cn/index.php
[ info ] [ RUN ] app\admin\controller\Index->login[ C:\PhpStudy\PHPTutorial\WWW\relaxed\application\admin\controller\Index.php ]
[ info ] [ BEHAVIOR ] Run \addons\loginbg\Loginbg @admin_login_init [ RunTime:0.001000s ]
[ info ] [ VIEW ] C:\PhpStudy\PHPTutorial\WWW\relaxed\public/../application/admin\view\index\login.html [ array (
  0 => 'breadcrumb',
  1 => 'site',
  2 => 'config',
  3 => 'auth',
  4 => 'admin',
  5 => 'background',
  6 => 'title',
) ]
[ info ] [ BEHAVIOR ] Run app\admin\behavior\AdminLog @app_end [ RunTime:0.001000s ]
[ info ] [ LOG ] INIT File
