---------------------------------------------------------------
[ 2019-03-11T05:43:02+08:00 ] 177.8.171.185 GET /relaxed/public/index.php/admin/index/login
[ info ] picc.18178.net/relaxed/public/index.php/admin/index/login [运行时间：0.120006s][吞吐率：8.33req/s] [内存消耗：2,212.05kb] [文件加载：80]
[ info ] [ BEHAVIOR ] Run Closure @app_init [ RunTime:0.001000s ]
[ info ] [ CACHE ] INIT File
[ info ] [ BEHAVIOR ] Run Closure @app_init [ RunTime:0.009000s ]
[ info ] [ LANG ] C:\PhpStudy\PHPTutorial\WWW\relaxed\thinkphp\lang\zh-cn.php
[ info ] [ ROUTE ] array (
  'type' => 'module',
  'module' => 
  array (
    0 => 'admin',
    1 => 'index',
    2 => 'login',
  ),
)
[ info ] [ HEADER ] array (
  'connection' => 'close',
  'accept' => '*/*',
  'user-agent' => 'Mozilla/5.0 (Windows NT 10.0; Win64; x64; rv:57.0) Gecko/20100101 Firefox/57.0',
  'host' => 'picc.18178.net',
)
[ info ] [ PARAM ] array (
)
[ info ] [ LANG ] C:\PhpStudy\PHPTutorial\WWW\relaxed\public/../application/admin\lang\zh-cn.php
[ info ] [ BEHAVIOR ] Run app\common\behavior\Common @module_init [ RunTime:0.002000s ]
[ info ] [ SESSION ] INIT array (
  'id' => '',
  'var_session_id' => '',
  'prefix' => 'think',
  'type' => '',
  'auto_start' => true,
)
[ info ] [ LANG ] C:\PhpStudy\PHPTutorial\WWW\relaxed\public/../application/admin/lang/zh-cn/index.php
[ info ] [ RUN ] app\admin\controller\Index->login[ C:\PhpStudy\PHPTutorial\WWW\relaxed\application\admin\controller\Index.php ]
[ info ] [ BEHAVIOR ] Run \addons\loginbg\Loginbg @admin_login_init [ RunTime:0.001000s ]
[ info ] [ VIEW ] C:\PhpStudy\PHPTutorial\WWW\relaxed\public/../application/admin\view\index\login.html [ array (
  0 => 'breadcrumb',
  1 => 'site',
  2 => 'config',
  3 => 'auth',
  4 => 'admin',
  5 => 'background',
  6 => 'title',
) ]
[ info ] [ BEHAVIOR ] Run app\admin\behavior\AdminLog @app_end [ RunTime:0.001000s ]
[ info ] [ LOG ] INIT File
---------------------------------------------------------------
[ 2019-03-11T09:45:05+08:00 ] 112.64.68.66 POST /relaxed/public/index.php/api/userinfo/affiche
[ info ] picc.18178.net/relaxed/public/index.php/api/userinfo/affiche [运行时间：0.242014s][吞吐率：4.13req/s] [内存消耗：2,471.23kb] [文件加载：76]
[ info ] [ BEHAVIOR ] Run Closure @app_init [ RunTime:0.000000s ]
[ info ] [ CACHE ] INIT File
[ info ] [ BEHAVIOR ] Run Closure @app_init [ RunTime:0.010001s ]
[ info ] [ LANG ] C:\PhpStudy\PHPTutorial\WWW\relaxed\thinkphp\lang\zh-cn.php
[ info ] [ ROUTE ] array (
  'type' => 'module',
  'module' => 
  array (
    0 => 'api',
    1 => 'userinfo',
    2 => 'affiche',
  ),
)
[ info ] [ HEADER ] array (
  'accept-language' => 'zh-cn',
  'content-length' => '2',
  'referer' => 'https://servicewechat.com/wxc89d469693cad993/0/page-frame.html',
  'user-agent' => 'Mozilla/5.0 (iPhone; CPU iPhone OS 12_1_4 like Mac OS X) AppleWebKit/605.1.15 (KHTML, like Gecko) Mobile/16D57 MicroMessenger/7.0.3(0x17000321) NetType/3G Language/zh_CN',
  'accept' => '*/*',
  'connection' => 'close',
  'accept-encoding' => 'br, gzip, deflate',
  'content-type' => 'application/json',
  'host' => 'picc.18178.net',
)
[ info ] [ PARAM ] array (
)
[ info ] [ LANG ] C:\PhpStudy\PHPTutorial\WWW\relaxed\public/../application/api\lang\zh-cn.php
[ info ] [ BEHAVIOR ] Run app\common\behavior\Common @module_init [ RunTime:0.002000s ]
[ info ] [ RUN ] app\api\controller\Userinfo->affiche[ C:\PhpStudy\PHPTutorial\WWW\relaxed\application\api\controller\Userinfo.php ]
[ info ] [ DB ] INIT mysql
[ info ] [ LOG ] INIT File
[ sql ] [ DB ] CONNECT:[ UseTime:0.056003s ] mysql:host=sh-cdb-mwf0h7ig.sql.tencentcdb.com;port=62879;dbname=relaxed;charset=utf8
[ sql ] [ SQL ] SHOW COLUMNS FROM `fa_affiche` [ RunTime:0.016001s ]
[ sql ] [ SQL ] SELECT `content` FROM `fa_affiche` [ RunTime:0.015001s ]
[ sql ] [ SQL ] SHOW COLUMNS FROM `fa_turntable` [ RunTime:0.015001s ]
[ sql ] [ SQL ] SELECT `name` FROM `fa_turntable` WHERE  `name` <> '谢谢参与' [ RunTime:0.015001s ]
---------------------------------------------------------------
[ 2019-03-11T09:45:06+08:00 ] 112.64.68.66 GET /relaxed/public/index.php/api/content/usergift
[ info ] picc.18178.net/relaxed/public/index.php/api/content/usergift [运行时间：0.176010s][吞吐率：5.68req/s] [内存消耗：2,458.01kb] [文件加载：74]
[ info ] [ BEHAVIOR ] Run Closure @app_init [ RunTime:0.000000s ]
[ info ] [ CACHE ] INIT File
[ info ] [ BEHAVIOR ] Run Closure @app_init [ RunTime:0.009001s ]
[ info ] [ LANG ] C:\PhpStudy\PHPTutorial\WWW\relaxed\thinkphp\lang\zh-cn.php
[ info ] [ ROUTE ] array (
  'type' => 'module',
  'module' => 
  array (
    0 => 'api',
    1 => 'content',
    2 => 'usergift',
  ),
)
[ info ] [ HEADER ] array (
  'accept-encoding' => 'br, gzip, deflate',
  'accept-language' => 'zh-cn',
  'referer' => 'https://servicewechat.com/wxc89d469693cad993/0/page-frame.html',
  'user-agent' => 'Mozilla/5.0 (iPhone; CPU iPhone OS 12_1_4 like Mac OS X) AppleWebKit/605.1.15 (KHTML, like Gecko) Mobile/16D57 MicroMessenger/7.0.3(0x17000321) NetType/3G Language/zh_CN',
  'accept' => '*/*',
  'connection' => 'close',
  'content-type' => 'application/json',
  'host' => 'picc.18178.net',
)
[ info ] [ PARAM ] array (
)
[ info ] [ LANG ] C:\PhpStudy\PHPTutorial\WWW\relaxed\public/../application/api\lang\zh-cn.php
[ info ] [ BEHAVIOR ] Run app\common\behavior\Common @module_init [ RunTime:0.002000s ]
[ info ] [ RUN ] app\api\controller\Content->usergift[ C:\PhpStudy\PHPTutorial\WWW\relaxed\application\api\controller\Content.php ]
[ info ] [ DB ] INIT mysql
[ info ] [ LOG ] INIT File
[ sql ] [ DB ] CONNECT:[ UseTime:0.025002s ] mysql:host=sh-cdb-mwf0h7ig.sql.tencentcdb.com;port=62879;dbname=relaxed;charset=utf8
[ sql ] [ SQL ] SHOW COLUMNS FROM `fa_usergift` [ RunTime:0.016001s ]
[ sql ] [ SQL ] SELECT `image`,`images`,`title` FROM `fa_usergift` LIMIT 1 [ RunTime:0.016001s ]
---------------------------------------------------------------
[ 2019-03-11T09:45:06+08:00 ] 112.64.68.66 GET /relaxed/public/index.php/api/content/games
[ info ] picc.18178.net/relaxed/public/index.php/api/content/games [运行时间：0.233014s][吞吐率：4.29req/s] [内存消耗：2,462.23kb] [文件加载：74]
[ info ] [ BEHAVIOR ] Run Closure @app_init [ RunTime:0.000000s ]
[ info ] [ CACHE ] INIT File
[ info ] [ BEHAVIOR ] Run Closure @app_init [ RunTime:0.013001s ]
[ info ] [ LANG ] C:\PhpStudy\PHPTutorial\WWW\relaxed\thinkphp\lang\zh-cn.php
[ info ] [ ROUTE ] array (
  'type' => 'module',
  'module' => 
  array (
    0 => 'api',
    1 => 'content',
    2 => 'games',
  ),
)
[ info ] [ HEADER ] array (
  'accept-encoding' => 'br, gzip, deflate',
  'accept-language' => 'zh-cn',
  'referer' => 'https://servicewechat.com/wxc89d469693cad993/0/page-frame.html',
  'user-agent' => 'Mozilla/5.0 (iPhone; CPU iPhone OS 12_1_4 like Mac OS X) AppleWebKit/605.1.15 (KHTML, like Gecko) Mobile/16D57 MicroMessenger/7.0.3(0x17000321) NetType/3G Language/zh_CN',
  'accept' => '*/*',
  'connection' => 'close',
  'content-type' => 'application/json',
  'host' => 'picc.18178.net',
)
[ info ] [ PARAM ] array (
)
[ info ] [ LANG ] C:\PhpStudy\PHPTutorial\WWW\relaxed\public/../application/api\lang\zh-cn.php
[ info ] [ BEHAVIOR ] Run app\common\behavior\Common @module_init [ RunTime:0.002000s ]
[ info ] [ RUN ] app\api\controller\Content->games[ C:\PhpStudy\PHPTutorial\WWW\relaxed\application\api\controller\Content.php ]
[ info ] [ DB ] INIT mysql
[ info ] [ LOG ] INIT File
[ sql ] [ DB ] CONNECT:[ UseTime:0.034002s ] mysql:host=sh-cdb-mwf0h7ig.sql.tencentcdb.com;port=62879;dbname=relaxed;charset=utf8
[ sql ] [ SQL ] SHOW COLUMNS FROM `fa_games` [ RunTime:0.016001s ]
[ sql ] [ SQL ] SELECT `image`,`title`,`desc`,`appid` FROM `fa_games` WHERE  `status` = 'normal' ORDER BY `weigh` DESC [ RunTime:0.013001s ]
---------------------------------------------------------------
[ 2019-03-11T09:45:06+08:00 ] 112.64.68.66 GET /relaxed/public/index.php/api/content/activity
[ info ] picc.18178.net/relaxed/public/index.php/api/content/activity [运行时间：0.253014s][吞吐率：3.95req/s] [内存消耗：2,462.40kb] [文件加载：74]
[ info ] [ BEHAVIOR ] Run Closure @app_init [ RunTime:0.001000s ]
[ info ] [ CACHE ] INIT File
[ info ] [ BEHAVIOR ] Run Closure @app_init [ RunTime:0.010001s ]
[ info ] [ LANG ] C:\PhpStudy\PHPTutorial\WWW\relaxed\thinkphp\lang\zh-cn.php
[ info ] [ ROUTE ] array (
  'type' => 'module',
  'module' => 
  array (
    0 => 'api',
    1 => 'content',
    2 => 'activity',
  ),
)
[ info ] [ HEADER ] array (
  'accept-encoding' => 'br, gzip, deflate',
  'accept-language' => 'zh-cn',
  'referer' => 'https://servicewechat.com/wxc89d469693cad993/0/page-frame.html',
  'user-agent' => 'Mozilla/5.0 (iPhone; CPU iPhone OS 12_1_4 like Mac OS X) AppleWebKit/605.1.15 (KHTML, like Gecko) Mobile/16D57 MicroMessenger/7.0.3(0x17000321) NetType/3G Language/zh_CN',
  'accept' => '*/*',
  'connection' => 'close',
  'content-type' => 'application/json',
  'host' => 'picc.18178.net',
)
[ info ] [ PARAM ] array (
)
[ info ] [ LANG ] C:\PhpStudy\PHPTutorial\WWW\relaxed\public/../application/api\lang\zh-cn.php
[ info ] [ BEHAVIOR ] Run app\common\behavior\Common @module_init [ RunTime:0.003001s ]
[ info ] [ RUN ] app\api\controller\Content->activity[ C:\PhpStudy\PHPTutorial\WWW\relaxed\application\api\controller\Content.php ]
[ info ] [ DB ] INIT mysql
[ info ] [ LOG ] INIT File
[ sql ] [ DB ] CONNECT:[ UseTime:0.072004s ] mysql:host=sh-cdb-mwf0h7ig.sql.tencentcdb.com;port=62879;dbname=relaxed;charset=utf8
[ sql ] [ SQL ] SHOW COLUMNS FROM `fa_activity` [ RunTime:0.018001s ]
[ sql ] [ SQL ] SELECT `id`,`image`,`title`,`desc`,`url` FROM `fa_activity` WHERE  `status` = 'normal' ORDER BY `weigh` DESC [ RunTime:0.017000s ]
---------------------------------------------------------------
[ 2019-03-11T09:45:06+08:00 ] 112.64.68.66 GET /relaxed/public/index.php/api/content/expiretime
[ info ] picc.18178.net/relaxed/public/index.php/api/content/expiretime [运行时间：0.244014s][吞吐率：4.10req/s] [内存消耗：2,455.60kb] [文件加载：72]
[ info ] [ BEHAVIOR ] Run Closure @app_init [ RunTime:0.001000s ]
[ info ] [ CACHE ] INIT File
[ info ] [ BEHAVIOR ] Run Closure @app_init [ RunTime:0.009000s ]
[ info ] [ LANG ] C:\PhpStudy\PHPTutorial\WWW\relaxed\thinkphp\lang\zh-cn.php
[ info ] [ ROUTE ] array (
  'type' => 'module',
  'module' => 
  array (
    0 => 'api',
    1 => 'content',
    2 => 'expiretime',
  ),
)
[ info ] [ HEADER ] array (
  'accept-encoding' => 'br, gzip, deflate',
  'accept-language' => 'zh-cn',
  'referer' => 'https://servicewechat.com/wxc89d469693cad993/0/page-frame.html',
  'user-agent' => 'Mozilla/5.0 (iPhone; CPU iPhone OS 12_1_4 like Mac OS X) AppleWebKit/605.1.15 (KHTML, like Gecko) Mobile/16D57 MicroMessenger/7.0.3(0x17000321) NetType/3G Language/zh_CN',
  'accept' => '*/*',
  'connection' => 'close',
  'content-type' => 'application/json',
  'host' => 'picc.18178.net',
)
[ info ] [ PARAM ] array (
)
[ info ] [ LANG ] C:\PhpStudy\PHPTutorial\WWW\relaxed\public/../application/api\lang\zh-cn.php
[ info ] [ BEHAVIOR ] Run app\common\behavior\Common @module_init [ RunTime:0.003000s ]
[ info ] [ RUN ] app\api\controller\Content->expiretime[ C:\PhpStudy\PHPTutorial\WWW\relaxed\application\api\controller\Content.php ]
[ info ] [ DB ] INIT mysql
[ info ] [ LOG ] INIT File
[ sql ] [ DB ] CONNECT:[ UseTime:0.040002s ] mysql:host=sh-cdb-mwf0h7ig.sql.tencentcdb.com;port=62879;dbname=relaxed;charset=utf8
[ sql ] [ SQL ] SHOW COLUMNS FROM `fa_conversion` [ RunTime:0.022001s ]
[ sql ] [ SQL ] SELECT * FROM `fa_conversion` WHERE  `status` = '未使用' [ RunTime:0.023002s ]
---------------------------------------------------------------
[ 2019-03-11T09:45:06+08:00 ] 112.64.68.66 GET /relaxed/public/index.php/api/content/slideshow
[ info ] picc.18178.net/relaxed/public/index.php/api/content/slideshow [运行时间：0.192011s][吞吐率：5.21req/s] [内存消耗：2,459.48kb] [文件加载：74]
[ info ] [ BEHAVIOR ] Run Closure @app_init [ RunTime:0.000000s ]
[ info ] [ CACHE ] INIT File
[ info ] [ BEHAVIOR ] Run Closure @app_init [ RunTime:0.011001s ]
[ info ] [ LANG ] C:\PhpStudy\PHPTutorial\WWW\relaxed\thinkphp\lang\zh-cn.php
[ info ] [ ROUTE ] array (
  'type' => 'module',
  'module' => 
  array (
    0 => 'api',
    1 => 'content',
    2 => 'slideshow',
  ),
)
[ info ] [ HEADER ] array (
  'accept-encoding' => 'br, gzip, deflate',
  'accept-language' => 'zh-cn',
  'referer' => 'https://servicewechat.com/wxc89d469693cad993/0/page-frame.html',
  'user-agent' => 'Mozilla/5.0 (iPhone; CPU iPhone OS 12_1_4 like Mac OS X) AppleWebKit/605.1.15 (KHTML, like Gecko) Mobile/16D57 MicroMessenger/7.0.3(0x17000321) NetType/3G Language/zh_CN',
  'accept' => '*/*',
  'connection' => 'close',
  'content-type' => 'application/json',
  'host' => 'picc.18178.net',
)
[ info ] [ PARAM ] array (
)
[ info ] [ LANG ] C:\PhpStudy\PHPTutorial\WWW\relaxed\public/../application/api\lang\zh-cn.php
[ info ] [ BEHAVIOR ] Run app\common\behavior\Common @module_init [ RunTime:0.002000s ]
[ info ] [ RUN ] app\api\controller\Content->slideshow[ C:\PhpStudy\PHPTutorial\WWW\relaxed\application\api\controller\Content.php ]
[ info ] [ DB ] INIT mysql
[ info ] [ LOG ] INIT File
[ sql ] [ DB ] CONNECT:[ UseTime:0.031002s ] mysql:host=sh-cdb-mwf0h7ig.sql.tencentcdb.com;port=62879;dbname=relaxed;charset=utf8
[ sql ] [ SQL ] SHOW COLUMNS FROM `fa_gslideshow` [ RunTime:0.016001s ]
[ sql ] [ SQL ] SELECT `image`,`url` FROM `fa_gslideshow` WHERE  `status` = 'normal' [ RunTime:0.015001s ]
---------------------------------------------------------------
[ 2019-03-11T09:45:06+08:00 ] 112.64.68.66 POST /relaxed/public/index.php/api/content/turndesc
[ info ] picc.18178.net/relaxed/public/index.php/api/content/turndesc [运行时间：0.194012s][吞吐率：5.15req/s] [内存消耗：2,457.09kb] [文件加载：74]
[ info ] [ BEHAVIOR ] Run Closure @app_init [ RunTime:0.001000s ]
[ info ] [ CACHE ] INIT File
[ info ] [ BEHAVIOR ] Run Closure @app_init [ RunTime:0.009000s ]
[ info ] [ LANG ] C:\PhpStudy\PHPTutorial\WWW\relaxed\thinkphp\lang\zh-cn.php
[ info ] [ ROUTE ] array (
  'type' => 'module',
  'module' => 
  array (
    0 => 'api',
    1 => 'content',
    2 => 'turndesc',
  ),
)
[ info ] [ HEADER ] array (
  'accept-language' => 'zh-cn',
  'content-length' => '2',
  'referer' => 'https://servicewechat.com/wxc89d469693cad993/0/page-frame.html',
  'user-agent' => 'Mozilla/5.0 (iPhone; CPU iPhone OS 12_1_4 like Mac OS X) AppleWebKit/605.1.15 (KHTML, like Gecko) Mobile/16D57 MicroMessenger/7.0.3(0x17000321) NetType/3G Language/zh_CN',
  'accept' => '*/*',
  'connection' => 'close',
  'accept-encoding' => 'br, gzip, deflate',
  'content-type' => 'application/json',
  'host' => 'picc.18178.net',
)
[ info ] [ PARAM ] array (
)
[ info ] [ LANG ] C:\PhpStudy\PHPTutorial\WWW\relaxed\public/../application/api\lang\zh-cn.php
[ info ] [ BEHAVIOR ] Run app\common\behavior\Common @module_init [ RunTime:0.003000s ]
[ info ] [ RUN ] app\api\controller\Content->turndesc[ C:\PhpStudy\PHPTutorial\WWW\relaxed\application\api\controller\Content.php ]
[ info ] [ DB ] INIT mysql
[ info ] [ LOG ] INIT File
[ sql ] [ DB ] CONNECT:[ UseTime:0.033002s ] mysql:host=sh-cdb-mwf0h7ig.sql.tencentcdb.com;port=62879;dbname=relaxed;charset=utf8
[ sql ] [ SQL ] SHOW COLUMNS FROM `fa_turndesc` [ RunTime:0.018001s ]
[ sql ] [ SQL ] SELECT * FROM `fa_turndesc` LIMIT 1 [ RunTime:0.018001s ]
---------------------------------------------------------------
[ 2019-03-11T09:45:06+08:00 ] 112.64.68.66 POST /relaxed/public/index.php/api/content/shangpin
[ info ] picc.18178.net/relaxed/public/index.php/api/content/shangpin [运行时间：0.184010s][吞吐率：5.43req/s] [内存消耗：2,463.55kb] [文件加载：74]
[ info ] [ BEHAVIOR ] Run Closure @app_init [ RunTime:0.000000s ]
[ info ] [ CACHE ] INIT File
[ info ] [ BEHAVIOR ] Run Closure @app_init [ RunTime:0.009001s ]
[ info ] [ LANG ] C:\PhpStudy\PHPTutorial\WWW\relaxed\thinkphp\lang\zh-cn.php
[ info ] [ ROUTE ] array (
  'type' => 'module',
  'module' => 
  array (
    0 => 'api',
    1 => 'content',
    2 => 'shangpin',
  ),
)
[ info ] [ HEADER ] array (
  'accept-language' => 'zh-cn',
  'content-length' => '2',
  'referer' => 'https://servicewechat.com/wxc89d469693cad993/0/page-frame.html',
  'user-agent' => 'Mozilla/5.0 (iPhone; CPU iPhone OS 12_1_4 like Mac OS X) AppleWebKit/605.1.15 (KHTML, like Gecko) Mobile/16D57 MicroMessenger/7.0.3(0x17000321) NetType/3G Language/zh_CN',
  'accept' => '*/*',
  'connection' => 'close',
  'accept-encoding' => 'br, gzip, deflate',
  'content-type' => 'application/json',
  'host' => 'picc.18178.net',
)
[ info ] [ PARAM ] array (
)
[ info ] [ LANG ] C:\PhpStudy\PHPTutorial\WWW\relaxed\public/../application/api\lang\zh-cn.php
[ info ] [ BEHAVIOR ] Run app\common\behavior\Common @module_init [ RunTime:0.002000s ]
[ info ] [ RUN ] app\api\controller\Content->shangpin[ C:\PhpStudy\PHPTutorial\WWW\relaxed\application\api\controller\Content.php ]
[ info ] [ DB ] INIT mysql
[ info ] [ LOG ] INIT File
[ sql ] [ DB ] CONNECT:[ UseTime:0.030002s ] mysql:host=sh-cdb-mwf0h7ig.sql.tencentcdb.com;port=62879;dbname=relaxed;charset=utf8
[ sql ] [ SQL ] SHOW COLUMNS FROM `fa_turntable` [ RunTime:0.015001s ]
[ sql ] [ SQL ] SELECT * FROM `fa_turntable` [ RunTime:0.016001s ]
---------------------------------------------------------------
[ 2019-03-11T09:45:07+08:00 ] 112.64.68.66 GET /relaxed/public/index.php/api/userinfo/user_slideshow
[ info ] picc.18178.net/relaxed/public/index.php/api/userinfo/user_slideshow [运行时间：0.162009s][吞吐率：6.17req/s] [内存消耗：2,464.38kb] [文件加载：76]
[ info ] [ BEHAVIOR ] Run Closure @app_init [ RunTime:0.000000s ]
[ info ] [ CACHE ] INIT File
[ info ] [ BEHAVIOR ] Run Closure @app_init [ RunTime:0.007000s ]
[ info ] [ LANG ] C:\PhpStudy\PHPTutorial\WWW\relaxed\thinkphp\lang\zh-cn.php
[ info ] [ ROUTE ] array (
  'type' => 'module',
  'module' => 
  array (
    0 => 'api',
    1 => 'userinfo',
    2 => 'user_slideshow',
  ),
)
[ info ] [ HEADER ] array (
  'accept-encoding' => 'br, gzip, deflate',
  'accept-language' => 'zh-cn',
  'referer' => 'https://servicewechat.com/wxc89d469693cad993/0/page-frame.html',
  'user-agent' => 'Mozilla/5.0 (iPhone; CPU iPhone OS 12_1_4 like Mac OS X) AppleWebKit/605.1.15 (KHTML, like Gecko) Mobile/16D57 MicroMessenger/7.0.3(0x17000321) NetType/3G Language/zh_CN',
  'accept' => '*/*',
  'connection' => 'close',
  'content-type' => 'application/json',
  'host' => 'picc.18178.net',
)
[ info ] [ PARAM ] array (
)
[ info ] [ LANG ] C:\PhpStudy\PHPTutorial\WWW\relaxed\public/../application/api\lang\zh-cn.php
[ info ] [ BEHAVIOR ] Run app\common\behavior\Common @module_init [ RunTime:0.001000s ]
[ info ] [ RUN ] app\api\controller\Userinfo->user_slideshow[ C:\PhpStudy\PHPTutorial\WWW\relaxed\application\api\controller\Userinfo.php ]
[ info ] [ DB ] INIT mysql
[ info ] [ LOG ] INIT File
[ sql ] [ DB ] CONNECT:[ UseTime:0.029002s ] mysql:host=sh-cdb-mwf0h7ig.sql.tencentcdb.com;port=62879;dbname=relaxed;charset=utf8
[ sql ] [ SQL ] SHOW COLUMNS FROM `fa_userslideshow` [ RunTime:0.020001s ]
[ sql ] [ SQL ] SELECT `image` FROM `fa_userslideshow` LIMIT 1 [ RunTime:0.020001s ]
---------------------------------------------------------------
[ 2019-03-11T09:45:07+08:00 ] 112.64.68.66 POST /relaxed/public/index.php/api/userinfo/index
[ info ] picc.18178.net/relaxed/public/index.php/api/userinfo/index [运行时间：1.445083s][吞吐率：0.69req/s] [内存消耗：2,475.98kb] [文件加载：76]
[ info ] [ BEHAVIOR ] Run Closure @app_init [ RunTime:0.001000s ]
[ info ] [ CACHE ] INIT File
[ info ] [ BEHAVIOR ] Run Closure @app_init [ RunTime:0.011000s ]
[ info ] [ LANG ] C:\PhpStudy\PHPTutorial\WWW\relaxed\thinkphp\lang\zh-cn.php
[ info ] [ ROUTE ] array (
  'type' => 'module',
  'module' => 
  array (
    0 => 'api',
    1 => 'userinfo',
    2 => 'index',
  ),
)
[ info ] [ HEADER ] array (
  'accept-language' => 'zh-cn',
  'content-length' => '43',
  'referer' => 'https://servicewechat.com/wxc89d469693cad993/0/page-frame.html',
  'user-agent' => 'Mozilla/5.0 (iPhone; CPU iPhone OS 12_1_4 like Mac OS X) AppleWebKit/605.1.15 (KHTML, like Gecko) Mobile/16D57 MicroMessenger/7.0.3(0x17000321) NetType/3G Language/zh_CN',
  'accept' => '*/*',
  'connection' => 'close',
  'accept-encoding' => 'br, gzip, deflate',
  'content-type' => 'application/json',
  'host' => 'picc.18178.net',
)
[ info ] [ PARAM ] array (
  'code' => '011CHakg1DNdOr0xfWig1wcMjg1CHakf',
)
[ info ] [ LANG ] C:\PhpStudy\PHPTutorial\WWW\relaxed\public/../application/api\lang\zh-cn.php
[ info ] [ BEHAVIOR ] Run app\common\behavior\Common @module_init [ RunTime:0.003000s ]
[ info ] [ RUN ] app\api\controller\Userinfo->index[ C:\PhpStudy\PHPTutorial\WWW\relaxed\application\api\controller\Userinfo.php ]
[ info ] [ DB ] INIT mysql
[ info ] [ LOG ] INIT File
[ sql ] [ DB ] CONNECT:[ UseTime:0.027001s ] mysql:host=sh-cdb-mwf0h7ig.sql.tencentcdb.com;port=62879;dbname=relaxed;charset=utf8
[ sql ] [ SQL ] SHOW COLUMNS FROM `fa_user` [ RunTime:0.016001s ]
[ sql ] [ SQL ] SELECT `uid`,`openid` FROM `fa_user` WHERE  `openid` = 'o7G-45WlMvTR3F9p6VhN0wSvZO_Y' LIMIT 1 [ RunTime:0.015001s ]
---------------------------------------------------------------
[ 2019-03-11T09:45:08+08:00 ] 112.64.68.66 POST /relaxed/public/index.php/api/userinfo/login
[ info ] picc.18178.net/relaxed/public/index.php/api/userinfo/login [运行时间：0.203011s][吞吐率：4.93req/s] [内存消耗：2,486.74kb] [文件加载：76]
[ info ] [ BEHAVIOR ] Run Closure @app_init [ RunTime:0.000000s ]
[ info ] [ CACHE ] INIT File
[ info ] [ BEHAVIOR ] Run Closure @app_init [ RunTime:0.007000s ]
[ info ] [ LANG ] C:\PhpStudy\PHPTutorial\WWW\relaxed\thinkphp\lang\zh-cn.php
[ info ] [ ROUTE ] array (
  'type' => 'module',
  'module' => 
  array (
    0 => 'api',
    1 => 'userinfo',
    2 => 'login',
  ),
)
[ info ] [ HEADER ] array (
  'accept-language' => 'zh-cn',
  'content-length' => '815',
  'referer' => 'https://servicewechat.com/wxc89d469693cad993/0/page-frame.html',
  'user-agent' => 'Mozilla/5.0 (iPhone; CPU iPhone OS 12_1_4 like Mac OS X) AppleWebKit/605.1.15 (KHTML, like Gecko) Mobile/16D57 MicroMessenger/7.0.3(0x17000321) NetType/3G Language/zh_CN',
  'accept' => '*/*',
  'connection' => 'close',
  'accept-encoding' => 'br, gzip, deflate',
  'content-type' => 'application/json',
  'host' => 'picc.18178.net',
)
[ info ] [ PARAM ] array (
  'sessionkey' => 'zbEBa+FLtp2RmqfYkh6IcQ==',
  'encryptedData' => '2D6lBRXPdSPoRrziVnWv+ACU0lFHcNqOKlLwMLTA2g2OpA2FlEGCuUAOw2tYKd2f3NWLkAzNr+VK/P98gKQtzfDdXdPCUluCrcKsq6JoUeeexGOHa66nM0KSoJxjphQN6FWnbweLRRQmkAtyfQrDV0cRLS4fFJCuqTQR20eTZi2t2GPeYulx4O4l3wJYSnzVItuh0jyzy7YnwyX1jb4LFyieBBy9szw+j5Icd5pUJjejWYcwyl1S6tXdb+QPWGac60utduvo1r6Mc07OgswChX/BF3rndq27rZMy1EGHC2+/0RVRRtMyb3o0kslfoMCu1NpWQM2z9PZmHnySA9S0wOzcEpesti4EfAFp965o2crfx15N549mM4ojdx0NRs5rz5WS6h2EFOHaxJePwEMwKM6W2Wz7Ao3OJQTdziw2kzu+rWr516pz2/pLJekO4rDK78KaNfDk5UthY0SRYd0hpAYceKleTs4RbNrLR8uNcwYmB5kFi6xxypeOmcOTIuQ7nrgLYCAopMdBQm1NlYHnGw==',
  'iv' => 'tcLg1C1eO5cxu8TiUCFotg==',
  'nickName' => 'Panyue_',
  'avatarUrl' => 'https://wx.qlogo.cn/mmopen/vi_32/Q0j4TwGTfTIvLicv6X970mqvEibSBIbQMqmNq3pibA4bsLQz43qJWPcTmyWef181XnPHCnVLHbuAFDMHvt9c0xpDQ/132',
  'uid' => 1000016,
  'gender' => 1,
)
[ info ] [ LANG ] C:\PhpStudy\PHPTutorial\WWW\relaxed\public/../application/api\lang\zh-cn.php
[ info ] [ BEHAVIOR ] Run app\common\behavior\Common @module_init [ RunTime:0.002000s ]
[ info ] [ RUN ] app\api\controller\Userinfo->login[ C:\PhpStudy\PHPTutorial\WWW\relaxed\application\api\controller\Userinfo.php ]
[ info ] [ DB ] INIT mysql
[ info ] [ LOG ] INIT File
[ sql ] [ DB ] CONNECT:[ UseTime:0.032002s ] mysql:host=sh-cdb-mwf0h7ig.sql.tencentcdb.com;port=62879;dbname=relaxed;charset=utf8
[ sql ] [ SQL ] SHOW COLUMNS FROM `fa_user` [ RunTime:0.022001s ]
[ sql ] [ SQL ] SELECT `nickname`,`avatar` FROM `fa_user` WHERE  `uid` = 1000016 LIMIT 1 [ RunTime:0.021002s ]
[ sql ] [ SQL ] SELECT `uid`,`nickname`,`username`,`avatar`,`sign`,`gender`,`gold`,`score`,`mobile`,`city`,`constellation`,`idnumber`,`birthday`,`isnew` FROM `fa_user` WHERE  `uid` = 1000016 LIMIT 1 [ RunTime:0.023001s ]
---------------------------------------------------------------
[ 2019-03-11T09:45:08+08:00 ] 112.64.68.66 POST /relaxed/public/index.php/api/userinfo/usenotice
[ info ] picc.18178.net/relaxed/public/index.php/api/userinfo/usenotice [运行时间：0.140008s][吞吐率：7.14req/s] [内存消耗：2,457.43kb] [文件加载：75]
[ info ] [ BEHAVIOR ] Run Closure @app_init [ RunTime:0.000000s ]
[ info ] [ CACHE ] INIT File
[ info ] [ BEHAVIOR ] Run Closure @app_init [ RunTime:0.006000s ]
[ info ] [ LANG ] C:\PhpStudy\PHPTutorial\WWW\relaxed\thinkphp\lang\zh-cn.php
[ info ] [ ROUTE ] array (
  'type' => 'module',
  'module' => 
  array (
    0 => 'api',
    1 => 'userinfo',
    2 => 'usenotice',
  ),
)
[ info ] [ HEADER ] array (
  'accept-language' => 'zh-cn',
  'content-length' => '15',
  'referer' => 'https://servicewechat.com/wxc89d469693cad993/0/page-frame.html',
  'user-agent' => 'Mozilla/5.0 (iPhone; CPU iPhone OS 12_1_4 like Mac OS X) AppleWebKit/605.1.15 (KHTML, like Gecko) Mobile/16D57 MicroMessenger/7.0.3(0x17000321) NetType/3G Language/zh_CN',
  'accept' => '*/*',
  'connection' => 'close',
  'accept-encoding' => 'br, gzip, deflate',
  'content-type' => 'application/json',
  'host' => 'picc.18178.net',
)
[ info ] [ PARAM ] array (
  'uid' => 1000016,
)
[ info ] [ LANG ] C:\PhpStudy\PHPTutorial\WWW\relaxed\public/../application/api\lang\zh-cn.php
[ info ] [ BEHAVIOR ] Run app\common\behavior\Common @module_init [ RunTime:0.001000s ]
[ info ] [ RUN ] app\api\controller\Userinfo->usenotice[ C:\PhpStudy\PHPTutorial\WWW\relaxed\application\api\controller\Userinfo.php ]
[ info ] [ DB ] INIT mysql
[ info ] [ LOG ] INIT File
[ sql ] [ DB ] CONNECT:[ UseTime:0.022001s ] mysql:host=sh-cdb-mwf0h7ig.sql.tencentcdb.com;port=62879;dbname=relaxed;charset=utf8
[ sql ] [ SQL ] SHOW COLUMNS FROM `fa_notices` [ RunTime:0.013001s ]
[ sql ] [ SQL ] SELECT COUNT(*) AS tp_count FROM `fa_notices` WHERE  `uid` = 1000016  AND `type` = 'no' LIMIT 1 [ RunTime:0.014001s ]
---------------------------------------------------------------
[ 2019-03-11T09:45:08+08:00 ] 112.64.68.66 POST /relaxed/public/index.php/api/content/remind
[ info ] picc.18178.net/relaxed/public/index.php/api/content/remind [运行时间：0.146008s][吞吐率：6.85req/s] [内存消耗：2,464.80kb] [文件加载：75]
[ info ] [ BEHAVIOR ] Run Closure @app_init [ RunTime:0.000000s ]
[ info ] [ CACHE ] INIT File
[ info ] [ BEHAVIOR ] Run Closure @app_init [ RunTime:0.007000s ]
[ info ] [ LANG ] C:\PhpStudy\PHPTutorial\WWW\relaxed\thinkphp\lang\zh-cn.php
[ info ] [ ROUTE ] array (
  'type' => 'module',
  'module' => 
  array (
    0 => 'api',
    1 => 'content',
    2 => 'remind',
  ),
)
[ info ] [ HEADER ] array (
  'accept-language' => 'zh-cn',
  'content-length' => '15',
  'referer' => 'https://servicewechat.com/wxc89d469693cad993/0/page-frame.html',
  'user-agent' => 'Mozilla/5.0 (iPhone; CPU iPhone OS 12_1_4 like Mac OS X) AppleWebKit/605.1.15 (KHTML, like Gecko) Mobile/16D57 MicroMessenger/7.0.3(0x17000321) NetType/3G Language/zh_CN',
  'accept' => '*/*',
  'connection' => 'close',
  'accept-encoding' => 'br, gzip, deflate',
  'content-type' => 'application/json',
  'host' => 'picc.18178.net',
)
[ info ] [ PARAM ] array (
  'uid' => 1000016,
)
[ info ] [ LANG ] C:\PhpStudy\PHPTutorial\WWW\relaxed\public/../application/api\lang\zh-cn.php
[ info ] [ BEHAVIOR ] Run app\common\behavior\Common @module_init [ RunTime:0.001000s ]
[ info ] [ RUN ] app\api\controller\Content->remind[ C:\PhpStudy\PHPTutorial\WWW\relaxed\application\api\controller\Content.php ]
[ info ] [ DB ] INIT mysql
[ info ] [ LOG ] INIT File
[ sql ] [ DB ] CONNECT:[ UseTime:0.023002s ] mysql:host=sh-cdb-mwf0h7ig.sql.tencentcdb.com;port=62879;dbname=relaxed;charset=utf8
[ sql ] [ SQL ] SHOW COLUMNS FROM `fa_indent` [ RunTime:0.016001s ]
[ sql ] [ SQL ] SELECT COUNT(*) AS tp_count FROM `fa_indent` WHERE  `type` = 'no'  AND `uid` = 1000016 LIMIT 1 [ RunTime:0.017001s ]
---------------------------------------------------------------
[ 2019-03-11T09:45:08+08:00 ] 112.64.68.66 POST /relaxed/public/index.php/api/userinfo/index
[ info ] picc.18178.net/relaxed/public/index.php/api/userinfo/index [运行时间：1.405081s][吞吐率：0.71req/s] [内存消耗：2,475.95kb] [文件加载：76]
[ info ] [ BEHAVIOR ] Run Closure @app_init [ RunTime:0.000000s ]
[ info ] [ CACHE ] INIT File
[ info ] [ BEHAVIOR ] Run Closure @app_init [ RunTime:0.007000s ]
[ info ] [ LANG ] C:\PhpStudy\PHPTutorial\WWW\relaxed\thinkphp\lang\zh-cn.php
[ info ] [ ROUTE ] array (
  'type' => 'module',
  'module' => 
  array (
    0 => 'api',
    1 => 'userinfo',
    2 => 'index',
  ),
)
[ info ] [ HEADER ] array (
  'accept-language' => 'zh-cn',
  'content-length' => '43',
  'referer' => 'https://servicewechat.com/wxc89d469693cad993/0/page-frame.html',
  'user-agent' => 'Mozilla/5.0 (iPhone; CPU iPhone OS 12_1_4 like Mac OS X) AppleWebKit/605.1.15 (KHTML, like Gecko) Mobile/16D57 MicroMessenger/7.0.3(0x17000321) NetType/3G Language/zh_CN',
  'accept' => '*/*',
  'connection' => 'close',
  'accept-encoding' => 'br, gzip, deflate',
  'content-type' => 'application/json',
  'host' => 'picc.18178.net',
)
[ info ] [ PARAM ] array (
  'code' => '001i70Ea24A5ML0iayGa2XhjEa2i70EK',
)
[ info ] [ LANG ] C:\PhpStudy\PHPTutorial\WWW\relaxed\public/../application/api\lang\zh-cn.php
[ info ] [ BEHAVIOR ] Run app\common\behavior\Common @module_init [ RunTime:0.002001s ]
[ info ] [ RUN ] app\api\controller\Userinfo->index[ C:\PhpStudy\PHPTutorial\WWW\relaxed\application\api\controller\Userinfo.php ]
[ info ] [ DB ] INIT mysql
[ info ] [ LOG ] INIT File
[ sql ] [ DB ] CONNECT:[ UseTime:0.029002s ] mysql:host=sh-cdb-mwf0h7ig.sql.tencentcdb.com;port=62879;dbname=relaxed;charset=utf8
[ sql ] [ SQL ] SHOW COLUMNS FROM `fa_user` [ RunTime:0.020001s ]
[ sql ] [ SQL ] SELECT `uid`,`openid` FROM `fa_user` WHERE  `openid` = 'o7G-45WlMvTR3F9p6VhN0wSvZO_Y' LIMIT 1 [ RunTime:0.019001s ]
---------------------------------------------------------------
[ 2019-03-11T09:45:09+08:00 ] 112.64.68.66 POST /relaxed/public/index.php/api/userinfo/login
[ info ] picc.18178.net/relaxed/public/index.php/api/userinfo/login [运行时间：0.198011s][吞吐率：5.05req/s] [内存消耗：2,486.74kb] [文件加载：76]
[ info ] [ BEHAVIOR ] Run Closure @app_init [ RunTime:0.000000s ]
[ info ] [ CACHE ] INIT File
[ info ] [ BEHAVIOR ] Run Closure @app_init [ RunTime:0.008000s ]
[ info ] [ LANG ] C:\PhpStudy\PHPTutorial\WWW\relaxed\thinkphp\lang\zh-cn.php
[ info ] [ ROUTE ] array (
  'type' => 'module',
  'module' => 
  array (
    0 => 'api',
    1 => 'userinfo',
    2 => 'login',
  ),
)
[ info ] [ HEADER ] array (
  'accept-language' => 'zh-cn',
  'content-length' => '815',
  'referer' => 'https://servicewechat.com/wxc89d469693cad993/0/page-frame.html',
  'user-agent' => 'Mozilla/5.0 (iPhone; CPU iPhone OS 12_1_4 like Mac OS X) AppleWebKit/605.1.15 (KHTML, like Gecko) Mobile/16D57 MicroMessenger/7.0.3(0x17000321) NetType/3G Language/zh_CN',
  'accept' => '*/*',
  'connection' => 'close',
  'accept-encoding' => 'br, gzip, deflate',
  'content-type' => 'application/json',
  'host' => 'picc.18178.net',
)
[ info ] [ PARAM ] array (
  'sessionkey' => 'zbEBa+FLtp2RmqfYkh6IcQ==',
  'encryptedData' => 'aymv5HcUUYogmkk84QD3x+a0MATdEFfORrhUF8VKISPkodBt02/HNJZAnRzF8V3CdTh13VaUPZF4h8EP/vYh5d/naMjE7zAL65k0y617KRWsuc6wSM0mlcaKrOuXWUmN7WBnPSigSBX92nxf5dOj7TnEhF5ct3pqajJNuv+cIXHEwGrXSttBl/2GExjUitVi6bDOmeJiwMTaY3WZstDSCnH7WM8/qahdQL56VyAV17NY9BDpwlEV1jlUXOJvte3YXVhGQidiByi8ZrBVEGRY9/ZmuSGeL33uK1vOhwEZjgLJgE1tn8iyTdcoieyXwqcsk59vS0P8YAW03Mh6apA6FkDsakeGhYhYr1h8abjXpu7pQ8UeDPqArnsdTYfxn9RwlezpyRKIes9wv+RGSmL18nMUghqo9svHv3sn6PDkITPOji2oVStzij4Rm+HTSyyTUZoawjSXaLzLa4x0ADyMW7dnqb0AYEwcrV0PuKSmViGhJQ/WpjAPGrdaQyYyBmXPOq0yRTwqmZWJLo0WmMwHEQ==',
  'iv' => 'aGPptdKBDKByKvUHVfaILA==',
  'nickName' => 'Panyue_',
  'avatarUrl' => 'https://wx.qlogo.cn/mmopen/vi_32/Q0j4TwGTfTIvLicv6X970mqvEibSBIbQMqmNq3pibA4bsLQz43qJWPcTmyWef181XnPHCnVLHbuAFDMHvt9c0xpDQ/132',
  'uid' => 1000016,
  'gender' => 1,
)
[ info ] [ LANG ] C:\PhpStudy\PHPTutorial\WWW\relaxed\public/../application/api\lang\zh-cn.php
[ info ] [ BEHAVIOR ] Run app\common\behavior\Common @module_init [ RunTime:0.002000s ]
[ info ] [ RUN ] app\api\controller\Userinfo->login[ C:\PhpStudy\PHPTutorial\WWW\relaxed\application\api\controller\Userinfo.php ]
[ info ] [ DB ] INIT mysql
[ info ] [ LOG ] INIT File
[ sql ] [ DB ] CONNECT:[ UseTime:0.028002s ] mysql:host=sh-cdb-mwf0h7ig.sql.tencentcdb.com;port=62879;dbname=relaxed;charset=utf8
[ sql ] [ SQL ] SHOW COLUMNS FROM `fa_user` [ RunTime:0.018001s ]
[ sql ] [ SQL ] SELECT `nickname`,`avatar` FROM `fa_user` WHERE  `uid` = 1000016 LIMIT 1 [ RunTime:0.016001s ]
[ sql ] [ SQL ] SELECT `uid`,`nickname`,`username`,`avatar`,`sign`,`gender`,`gold`,`score`,`mobile`,`city`,`constellation`,`idnumber`,`birthday`,`isnew` FROM `fa_user` WHERE  `uid` = 1000016 LIMIT 1 [ RunTime:0.019001s ]
---------------------------------------------------------------
[ 2019-03-11T09:45:09+08:00 ] 112.64.68.66 POST /relaxed/public/index.php/api/content/remind
[ info ] picc.18178.net/relaxed/public/index.php/api/content/remind [运行时间：0.188011s][吞吐率：5.32req/s] [内存消耗：2,464.80kb] [文件加载：75]
[ info ] [ BEHAVIOR ] Run Closure @app_init [ RunTime:0.000000s ]
[ info ] [ CACHE ] INIT File
[ info ] [ BEHAVIOR ] Run Closure @app_init [ RunTime:0.008000s ]
[ info ] [ LANG ] C:\PhpStudy\PHPTutorial\WWW\relaxed\thinkphp\lang\zh-cn.php
[ info ] [ ROUTE ] array (
  'type' => 'module',
  'module' => 
  array (
    0 => 'api',
    1 => 'content',
    2 => 'remind',
  ),
)
[ info ] [ HEADER ] array (
  'accept-language' => 'zh-cn',
  'content-length' => '15',
  'referer' => 'https://servicewechat.com/wxc89d469693cad993/0/page-frame.html',
  'user-agent' => 'Mozilla/5.0 (iPhone; CPU iPhone OS 12_1_4 like Mac OS X) AppleWebKit/605.1.15 (KHTML, like Gecko) Mobile/16D57 MicroMessenger/7.0.3(0x17000321) NetType/3G Language/zh_CN',
  'accept' => '*/*',
  'connection' => 'close',
  'accept-encoding' => 'br, gzip, deflate',
  'content-type' => 'application/json',
  'host' => 'picc.18178.net',
)
[ info ] [ PARAM ] array (
  'uid' => 1000016,
)
[ info ] [ LANG ] C:\PhpStudy\PHPTutorial\WWW\relaxed\public/../application/api\lang\zh-cn.php
[ info ] [ BEHAVIOR ] Run app\common\behavior\Common @module_init [ RunTime:0.002000s ]
[ info ] [ RUN ] app\api\controller\Content->remind[ C:\PhpStudy\PHPTutorial\WWW\relaxed\application\api\controller\Content.php ]
[ info ] [ DB ] INIT mysql
[ info ] [ LOG ] INIT File
[ sql ] [ DB ] CONNECT:[ UseTime:0.030002s ] mysql:host=sh-cdb-mwf0h7ig.sql.tencentcdb.com;port=62879;dbname=relaxed;charset=utf8
[ sql ] [ SQL ] SHOW COLUMNS FROM `fa_indent` [ RunTime:0.022001s ]
[ sql ] [ SQL ] SELECT COUNT(*) AS tp_count FROM `fa_indent` WHERE  `type` = 'no'  AND `uid` = 1000016 LIMIT 1 [ RunTime:0.021001s ]
---------------------------------------------------------------
[ 2019-03-11T09:46:14+08:00 ] 112.64.68.66 POST /relaxed/public/index.php/api/content/remind
[ info ] picc.18178.net/relaxed/public/index.php/api/content/remind [运行时间：0.174010s][吞吐率：5.75req/s] [内存消耗：2,464.80kb] [文件加载：75]
[ info ] [ BEHAVIOR ] Run Closure @app_init [ RunTime:0.000000s ]
[ info ] [ CACHE ] INIT File
[ info ] [ BEHAVIOR ] Run Closure @app_init [ RunTime:0.008001s ]
[ info ] [ LANG ] C:\PhpStudy\PHPTutorial\WWW\relaxed\thinkphp\lang\zh-cn.php
[ info ] [ ROUTE ] array (
  'type' => 'module',
  'module' => 
  array (
    0 => 'api',
    1 => 'content',
    2 => 'remind',
  ),
)
[ info ] [ HEADER ] array (
  'accept-language' => 'zh-cn',
  'content-length' => '15',
  'referer' => 'https://servicewechat.com/wxc89d469693cad993/0/page-frame.html',
  'user-agent' => 'Mozilla/5.0 (iPhone; CPU iPhone OS 12_1_4 like Mac OS X) AppleWebKit/605.1.15 (KHTML, like Gecko) Mobile/16D57 MicroMessenger/7.0.3(0x17000321) NetType/3G Language/zh_CN',
  'accept' => '*/*',
  'connection' => 'close',
  'accept-encoding' => 'br, gzip, deflate',
  'content-type' => 'application/json',
  'host' => 'picc.18178.net',
)
[ info ] [ PARAM ] array (
  'uid' => 1000016,
)
[ info ] [ LANG ] C:\PhpStudy\PHPTutorial\WWW\relaxed\public/../application/api\lang\zh-cn.php
[ info ] [ BEHAVIOR ] Run app\common\behavior\Common @module_init [ RunTime:0.002000s ]
[ info ] [ RUN ] app\api\controller\Content->remind[ C:\PhpStudy\PHPTutorial\WWW\relaxed\application\api\controller\Content.php ]
[ info ] [ DB ] INIT mysql
[ info ] [ LOG ] INIT File
[ sql ] [ DB ] CONNECT:[ UseTime:0.027002s ] mysql:host=sh-cdb-mwf0h7ig.sql.tencentcdb.com;port=62879;dbname=relaxed;charset=utf8
[ sql ] [ SQL ] SHOW COLUMNS FROM `fa_indent` [ RunTime:0.016001s ]
[ sql ] [ SQL ] SELECT COUNT(*) AS tp_count FROM `fa_indent` WHERE  `type` = 'no'  AND `uid` = 1000016 LIMIT 1 [ RunTime:0.016001s ]
---------------------------------------------------------------
[ 2019-03-11T09:47:56+08:00 ] 112.12.130.211 POST /relaxed/public/index.php/api/userinfo/affiche
[ info ] picc.18178.net/relaxed/public/index.php/api/userinfo/affiche [运行时间：0.244014s][吞吐率：4.10req/s] [内存消耗：2,471.15kb] [文件加载：76]
[ info ] [ BEHAVIOR ] Run Closure @app_init [ RunTime:0.000000s ]
[ info ] [ CACHE ] INIT File
[ info ] [ BEHAVIOR ] Run Closure @app_init [ RunTime:0.009000s ]
[ info ] [ LANG ] C:\PhpStudy\PHPTutorial\WWW\relaxed\thinkphp\lang\zh-cn.php
[ info ] [ ROUTE ] array (
  'type' => 'module',
  'module' => 
  array (
    0 => 'api',
    1 => 'userinfo',
    2 => 'affiche',
  ),
)
[ info ] [ HEADER ] array (
  'accept-language' => 'zh-cn',
  'content-length' => '2',
  'referer' => 'https://servicewechat.com/wxc89d469693cad993/0/page-frame.html',
  'user-agent' => 'Mozilla/5.0 (iPhone; CPU iPhone OS 12_1_2 like Mac OS X) AppleWebKit/605.1.15 (KHTML, like Gecko) Mobile/16C101 MicroMessenger/7.0.3(0x17000321) NetType/WIFI Language/zh_CN',
  'accept' => '*/*',
  'connection' => 'close',
  'accept-encoding' => 'br, gzip, deflate',
  'content-type' => 'application/json',
  'host' => 'picc.18178.net',
)
[ info ] [ PARAM ] array (
)
[ info ] [ LANG ] C:\PhpStudy\PHPTutorial\WWW\relaxed\public/../application/api\lang\zh-cn.php
[ info ] [ BEHAVIOR ] Run app\common\behavior\Common @module_init [ RunTime:0.002000s ]
[ info ] [ RUN ] app\api\controller\Userinfo->affiche[ C:\PhpStudy\PHPTutorial\WWW\relaxed\application\api\controller\Userinfo.php ]
[ info ] [ DB ] INIT mysql
[ info ] [ LOG ] INIT File
[ sql ] [ DB ] CONNECT:[ UseTime:0.037002s ] mysql:host=sh-cdb-mwf0h7ig.sql.tencentcdb.com;port=62879;dbname=relaxed;charset=utf8
[ sql ] [ SQL ] SHOW COLUMNS FROM `fa_affiche` [ RunTime:0.024002s ]
[ sql ] [ SQL ] SELECT `content` FROM `fa_affiche` [ RunTime:0.018001s ]
[ sql ] [ SQL ] SHOW COLUMNS FROM `fa_turntable` [ RunTime:0.021001s ]
[ sql ] [ SQL ] SELECT `name` FROM `fa_turntable` WHERE  `name` <> '谢谢参与' [ RunTime:0.018001s ]
---------------------------------------------------------------
[ 2019-03-11T09:47:56+08:00 ] 112.12.130.211 POST /relaxed/public/index.php/api/content/turndesc
[ info ] picc.18178.net/relaxed/public/index.php/api/content/turndesc [运行时间：0.224012s][吞吐率：4.46req/s] [内存消耗：2,457.11kb] [文件加载：74]
[ info ] [ BEHAVIOR ] Run Closure @app_init [ RunTime:0.000000s ]
[ info ] [ CACHE ] INIT File
[ info ] [ BEHAVIOR ] Run Closure @app_init [ RunTime:0.010001s ]
[ info ] [ LANG ] C:\PhpStudy\PHPTutorial\WWW\relaxed\thinkphp\lang\zh-cn.php
[ info ] [ ROUTE ] array (
  'type' => 'module',
  'module' => 
  array (
    0 => 'api',
    1 => 'content',
    2 => 'turndesc',
  ),
)
[ info ] [ HEADER ] array (
  'accept-language' => 'zh-cn',
  'content-length' => '2',
  'referer' => 'https://servicewechat.com/wxc89d469693cad993/0/page-frame.html',
  'user-agent' => 'Mozilla/5.0 (iPhone; CPU iPhone OS 12_1_2 like Mac OS X) AppleWebKit/605.1.15 (KHTML, like Gecko) Mobile/16C101 MicroMessenger/7.0.3(0x17000321) NetType/WIFI Language/zh_CN',
  'accept' => '*/*',
  'connection' => 'close',
  'accept-encoding' => 'br, gzip, deflate',
  'content-type' => 'application/json',
  'host' => 'picc.18178.net',
)
[ info ] [ PARAM ] array (
)
[ info ] [ LANG ] C:\PhpStudy\PHPTutorial\WWW\relaxed\public/../application/api\lang\zh-cn.php
[ info ] [ BEHAVIOR ] Run app\common\behavior\Common @module_init [ RunTime:0.007001s ]
[ info ] [ RUN ] app\api\controller\Content->turndesc[ C:\PhpStudy\PHPTutorial\WWW\relaxed\application\api\controller\Content.php ]
[ info ] [ DB ] INIT mysql
[ info ] [ LOG ] INIT File
[ sql ] [ DB ] CONNECT:[ UseTime:0.030002s ] mysql:host=sh-cdb-mwf0h7ig.sql.tencentcdb.com;port=62879;dbname=relaxed;charset=utf8
[ sql ] [ SQL ] SHOW COLUMNS FROM `fa_turndesc` [ RunTime:0.017001s ]
[ sql ] [ SQL ] SELECT * FROM `fa_turndesc` LIMIT 1 [ RunTime:0.017001s ]
---------------------------------------------------------------
[ 2019-03-11T09:47:56+08:00 ] 112.12.130.211 GET /relaxed/public/index.php/api/content/games
[ info ] picc.18178.net/relaxed/public/index.php/api/content/games [运行时间：0.199012s][吞吐率：5.02req/s] [内存消耗：2,462.27kb] [文件加载：74]
[ info ] [ BEHAVIOR ] Run Closure @app_init [ RunTime:0.000000s ]
[ info ] [ CACHE ] INIT File
[ info ] [ BEHAVIOR ] Run Closure @app_init [ RunTime:0.013001s ]
[ info ] [ LANG ] C:\PhpStudy\PHPTutorial\WWW\relaxed\thinkphp\lang\zh-cn.php
[ info ] [ ROUTE ] array (
  'type' => 'module',
  'module' => 
  array (
    0 => 'api',
    1 => 'content',
    2 => 'games',
  ),
)
[ info ] [ HEADER ] array (
  'accept-encoding' => 'br, gzip, deflate',
  'accept-language' => 'zh-cn',
  'referer' => 'https://servicewechat.com/wxc89d469693cad993/0/page-frame.html',
  'user-agent' => 'Mozilla/5.0 (iPhone; CPU iPhone OS 12_1_2 like Mac OS X) AppleWebKit/605.1.15 (KHTML, like Gecko) Mobile/16C101 MicroMessenger/7.0.3(0x17000321) NetType/WIFI Language/zh_CN',
  'accept' => '*/*',
  'connection' => 'close',
  'content-type' => 'application/json',
  'host' => 'picc.18178.net',
)
[ info ] [ PARAM ] array (
)
[ info ] [ LANG ] C:\PhpStudy\PHPTutorial\WWW\relaxed\public/../application/api\lang\zh-cn.php
[ info ] [ BEHAVIOR ] Run app\common\behavior\Common @module_init [ RunTime:0.002001s ]
[ info ] [ RUN ] app\api\controller\Content->games[ C:\PhpStudy\PHPTutorial\WWW\relaxed\application\api\controller\Content.php ]
[ info ] [ DB ] INIT mysql
[ info ] [ LOG ] INIT File
[ sql ] [ DB ] CONNECT:[ UseTime:0.027001s ] mysql:host=sh-cdb-mwf0h7ig.sql.tencentcdb.com;port=62879;dbname=relaxed;charset=utf8
[ sql ] [ SQL ] SHOW COLUMNS FROM `fa_games` [ RunTime:0.018001s ]
[ sql ] [ SQL ] SELECT `image`,`title`,`desc`,`appid` FROM `fa_games` WHERE  `status` = 'normal' ORDER BY `weigh` DESC [ RunTime:0.018001s ]
---------------------------------------------------------------
[ 2019-03-11T09:47:56+08:00 ] 112.12.130.211 GET /relaxed/public/index.php/api/content/expiretime
[ info ] picc.18178.net/relaxed/public/index.php/api/content/expiretime [运行时间：0.234013s][吞吐率：4.27req/s] [内存消耗：2,455.62kb] [文件加载：72]
[ info ] [ BEHAVIOR ] Run Closure @app_init [ RunTime:0.000000s ]
[ info ] [ CACHE ] INIT File
[ info ] [ BEHAVIOR ] Run Closure @app_init [ RunTime:0.018001s ]
[ info ] [ LANG ] C:\PhpStudy\PHPTutorial\WWW\relaxed\thinkphp\lang\zh-cn.php
[ info ] [ ROUTE ] array (
  'type' => 'module',
  'module' => 
  array (
    0 => 'api',
    1 => 'content',
    2 => 'expiretime',
  ),
)
[ info ] [ HEADER ] array (
  'accept-encoding' => 'br, gzip, deflate',
  'accept-language' => 'zh-cn',
  'referer' => 'https://servicewechat.com/wxc89d469693cad993/0/page-frame.html',
  'user-agent' => 'Mozilla/5.0 (iPhone; CPU iPhone OS 12_1_2 like Mac OS X) AppleWebKit/605.1.15 (KHTML, like Gecko) Mobile/16C101 MicroMessenger/7.0.3(0x17000321) NetType/WIFI Language/zh_CN',
  'accept' => '*/*',
  'connection' => 'close',
  'content-type' => 'application/json',
  'host' => 'picc.18178.net',
)
[ info ] [ PARAM ] array (
)
[ info ] [ LANG ] C:\PhpStudy\PHPTutorial\WWW\relaxed\public/../application/api\lang\zh-cn.php
[ info ] [ BEHAVIOR ] Run app\common\behavior\Common @module_init [ RunTime:0.003001s ]
[ info ] [ RUN ] app\api\controller\Content->expiretime[ C:\PhpStudy\PHPTutorial\WWW\relaxed\application\api\controller\Content.php ]
[ info ] [ DB ] INIT mysql
[ info ] [ LOG ] INIT File
[ sql ] [ DB ] CONNECT:[ UseTime:0.030002s ] mysql:host=sh-cdb-mwf0h7ig.sql.tencentcdb.com;port=62879;dbname=relaxed;charset=utf8
[ sql ] [ SQL ] SHOW COLUMNS FROM `fa_conversion` [ RunTime:0.019001s ]
[ sql ] [ SQL ] SELECT * FROM `fa_conversion` WHERE  `status` = '未使用' [ RunTime:0.020001s ]
---------------------------------------------------------------
[ 2019-03-11T09:47:56+08:00 ] 112.12.130.211 GET /relaxed/public/index.php/api/content/usergift
[ info ] picc.18178.net/relaxed/public/index.php/api/content/usergift [运行时间：0.223013s][吞吐率：4.48req/s] [内存消耗：2,458.02kb] [文件加载：74]
[ info ] [ BEHAVIOR ] Run Closure @app_init [ RunTime:0.000000s ]
[ info ] [ CACHE ] INIT File
[ info ] [ BEHAVIOR ] Run Closure @app_init [ RunTime:0.019001s ]
[ info ] [ LANG ] C:\PhpStudy\PHPTutorial\WWW\relaxed\thinkphp\lang\zh-cn.php
[ info ] [ ROUTE ] array (
  'type' => 'module',
  'module' => 
  array (
    0 => 'api',
    1 => 'content',
    2 => 'usergift',
  ),
)
[ info ] [ HEADER ] array (
  'accept-encoding' => 'br, gzip, deflate',
  'accept-language' => 'zh-cn',
  'referer' => 'https://servicewechat.com/wxc89d469693cad993/0/page-frame.html',
  'user-agent' => 'Mozilla/5.0 (iPhone; CPU iPhone OS 12_1_2 like Mac OS X) AppleWebKit/605.1.15 (KHTML, like Gecko) Mobile/16C101 MicroMessenger/7.0.3(0x17000321) NetType/WIFI Language/zh_CN',
  'accept' => '*/*',
  'connection' => 'close',
  'content-type' => 'application/json',
  'host' => 'picc.18178.net',
)
[ info ] [ PARAM ] array (
)
[ info ] [ LANG ] C:\PhpStudy\PHPTutorial\WWW\relaxed\public/../application/api\lang\zh-cn.php
[ info ] [ BEHAVIOR ] Run app\common\behavior\Common @module_init [ RunTime:0.002000s ]
[ info ] [ RUN ] app\api\controller\Content->usergift[ C:\PhpStudy\PHPTutorial\WWW\relaxed\application\api\controller\Content.php ]
[ info ] [ DB ] INIT mysql
[ info ] [ LOG ] INIT File
[ sql ] [ DB ] CONNECT:[ UseTime:0.023001s ] mysql:host=sh-cdb-mwf0h7ig.sql.tencentcdb.com;port=62879;dbname=relaxed;charset=utf8
[ sql ] [ SQL ] SHOW COLUMNS FROM `fa_usergift` [ RunTime:0.013001s ]
[ sql ] [ SQL ] SELECT `image`,`images`,`title` FROM `fa_usergift` LIMIT 1 [ RunTime:0.013001s ]
---------------------------------------------------------------
[ 2019-03-11T09:47:56+08:00 ] 112.12.130.211 GET /relaxed/public/index.php/api/content/slideshow
[ info ] picc.18178.net/relaxed/public/index.php/api/content/slideshow [运行时间：0.248015s][吞吐率：4.03req/s] [内存消耗：2,459.39kb] [文件加载：74]
[ info ] [ BEHAVIOR ] Run Closure @app_init [ RunTime:0.001000s ]
[ info ] [ CACHE ] INIT File
[ info ] [ BEHAVIOR ] Run Closure @app_init [ RunTime:0.011001s ]
[ info ] [ LANG ] C:\PhpStudy\PHPTutorial\WWW\relaxed\thinkphp\lang\zh-cn.php
[ info ] [ ROUTE ] array (
  'type' => 'module',
  'module' => 
  array (
    0 => 'api',
    1 => 'content',
    2 => 'slideshow',
  ),
)
[ info ] [ HEADER ] array (
  'accept-encoding' => 'br, gzip, deflate',
  'accept-language' => 'zh-cn',
  'referer' => 'https://servicewechat.com/wxc89d469693cad993/0/page-frame.html',
  'user-agent' => 'Mozilla/5.0 (iPhone; CPU iPhone OS 12_1_2 like Mac OS X) AppleWebKit/605.1.15 (KHTML, like Gecko) Mobile/16C101 MicroMessenger/7.0.3(0x17000321) NetType/WIFI Language/zh_CN',
  'accept' => '*/*',
  'connection' => 'close',
  'content-type' => 'application/json',
  'host' => 'picc.18178.net',
)
[ info ] [ PARAM ] array (
)
[ info ] [ LANG ] C:\PhpStudy\PHPTutorial\WWW\relaxed\public/../application/api\lang\zh-cn.php
[ info ] [ BEHAVIOR ] Run app\common\behavior\Common @module_init [ RunTime:0.001000s ]
[ info ] [ RUN ] app\api\controller\Content->slideshow[ C:\PhpStudy\PHPTutorial\WWW\relaxed\application\api\controller\Content.php ]
[ info ] [ DB ] INIT mysql
[ info ] [ LOG ] INIT File
[ sql ] [ DB ] CONNECT:[ UseTime:0.029002s ] mysql:host=sh-cdb-mwf0h7ig.sql.tencentcdb.com;port=62879;dbname=relaxed;charset=utf8
[ sql ] [ SQL ] SHOW COLUMNS FROM `fa_gslideshow` [ RunTime:0.020001s ]
[ sql ] [ SQL ] SELECT `image`,`url` FROM `fa_gslideshow` WHERE  `status` = 'normal' [ RunTime:0.018001s ]
---------------------------------------------------------------
[ 2019-03-11T09:47:56+08:00 ] 112.12.130.211 GET /relaxed/public/index.php/api/content/activity
[ info ] picc.18178.net/relaxed/public/index.php/api/content/activity [运行时间：0.248015s][吞吐率：4.03req/s] [内存消耗：2,462.46kb] [文件加载：74]
[ info ] [ BEHAVIOR ] Run Closure @app_init [ RunTime:0.000000s ]
[ info ] [ CACHE ] INIT File
[ info ] [ BEHAVIOR ] Run Closure @app_init [ RunTime:0.009001s ]
[ info ] [ LANG ] C:\PhpStudy\PHPTutorial\WWW\relaxed\thinkphp\lang\zh-cn.php
[ info ] [ ROUTE ] array (
  'type' => 'module',
  'module' => 
  array (
    0 => 'api',
    1 => 'content',
    2 => 'activity',
  ),
)
[ info ] [ HEADER ] array (
  'accept-encoding' => 'br, gzip, deflate',
  'accept-language' => 'zh-cn',
  'referer' => 'https://servicewechat.com/wxc89d469693cad993/0/page-frame.html',
  'user-agent' => 'Mozilla/5.0 (iPhone; CPU iPhone OS 12_1_2 like Mac OS X) AppleWebKit/605.1.15 (KHTML, like Gecko) Mobile/16C101 MicroMessenger/7.0.3(0x17000321) NetType/WIFI Language/zh_CN',
  'accept' => '*/*',
  'connection' => 'close',
  'content-type' => 'application/json',
  'host' => 'picc.18178.net',
)
[ info ] [ PARAM ] array (
)
[ info ] [ LANG ] C:\PhpStudy\PHPTutorial\WWW\relaxed\public/../application/api\lang\zh-cn.php
[ info ] [ BEHAVIOR ] Run app\common\behavior\Common @module_init [ RunTime:0.002001s ]
[ info ] [ RUN ] app\api\controller\Content->activity[ C:\PhpStudy\PHPTutorial\WWW\relaxed\application\api\controller\Content.php ]
[ info ] [ DB ] INIT mysql
[ info ] [ LOG ] INIT File
[ sql ] [ DB ] CONNECT:[ UseTime:0.027002s ] mysql:host=sh-cdb-mwf0h7ig.sql.tencentcdb.com;port=62879;dbname=relaxed;charset=utf8
[ sql ] [ SQL ] SHOW COLUMNS FROM `fa_activity` [ RunTime:0.019001s ]
[ sql ] [ SQL ] SELECT `id`,`image`,`title`,`desc`,`url` FROM `fa_activity` WHERE  `status` = 'normal' ORDER BY `weigh` DESC [ RunTime:0.018001s ]
---------------------------------------------------------------
[ 2019-03-11T09:47:56+08:00 ] 112.12.130.211 POST /relaxed/public/index.php/api/content/shangpin
[ info ] picc.18178.net/relaxed/public/index.php/api/content/shangpin [运行时间：0.181010s][吞吐率：5.52req/s] [内存消耗：2,463.56kb] [文件加载：74]
[ info ] [ BEHAVIOR ] Run Closure @app_init [ RunTime:0.000000s ]
[ info ] [ CACHE ] INIT File
[ info ] [ BEHAVIOR ] Run Closure @app_init [ RunTime:0.008001s ]
[ info ] [ LANG ] C:\PhpStudy\PHPTutorial\WWW\relaxed\thinkphp\lang\zh-cn.php
[ info ] [ ROUTE ] array (
  'type' => 'module',
  'module' => 
  array (
    0 => 'api',
    1 => 'content',
    2 => 'shangpin',
  ),
)
[ info ] [ HEADER ] array (
  'accept-language' => 'zh-cn',
  'content-length' => '2',
  'referer' => 'https://servicewechat.com/wxc89d469693cad993/0/page-frame.html',
  'user-agent' => 'Mozilla/5.0 (iPhone; CPU iPhone OS 12_1_2 like Mac OS X) AppleWebKit/605.1.15 (KHTML, like Gecko) Mobile/16C101 MicroMessenger/7.0.3(0x17000321) NetType/WIFI Language/zh_CN',
  'accept' => '*/*',
  'connection' => 'close',
  'accept-encoding' => 'br, gzip, deflate',
  'content-type' => 'application/json',
  'host' => 'picc.18178.net',
)
[ info ] [ PARAM ] array (
)
[ info ] [ LANG ] C:\PhpStudy\PHPTutorial\WWW\relaxed\public/../application/api\lang\zh-cn.php
[ info ] [ BEHAVIOR ] Run app\common\behavior\Common @module_init [ RunTime:0.002000s ]
[ info ] [ RUN ] app\api\controller\Content->shangpin[ C:\PhpStudy\PHPTutorial\WWW\relaxed\application\api\controller\Content.php ]
[ info ] [ DB ] INIT mysql
[ info ] [ LOG ] INIT File
[ sql ] [ DB ] CONNECT:[ UseTime:0.028002s ] mysql:host=sh-cdb-mwf0h7ig.sql.tencentcdb.com;port=62879;dbname=relaxed;charset=utf8
[ sql ] [ SQL ] SHOW COLUMNS FROM `fa_turntable` [ RunTime:0.018001s ]
[ sql ] [ SQL ] SELECT * FROM `fa_turntable` [ RunTime:0.019001s ]
---------------------------------------------------------------
[ 2019-03-11T09:47:57+08:00 ] 112.12.130.211 POST /relaxed/public/index.php/api/userinfo/index
[ info ] picc.18178.net/relaxed/public/index.php/api/userinfo/index [运行时间：1.452083s][吞吐率：0.69req/s] [内存消耗：2,475.95kb] [文件加载：76]
[ info ] [ BEHAVIOR ] Run Closure @app_init [ RunTime:0.000000s ]
[ info ] [ CACHE ] INIT File
[ info ] [ BEHAVIOR ] Run Closure @app_init [ RunTime:0.009000s ]
[ info ] [ LANG ] C:\PhpStudy\PHPTutorial\WWW\relaxed\thinkphp\lang\zh-cn.php
[ info ] [ ROUTE ] array (
  'type' => 'module',
  'module' => 
  array (
    0 => 'api',
    1 => 'userinfo',
    2 => 'index',
  ),
)
[ info ] [ HEADER ] array (
  'accept-language' => 'zh-cn',
  'content-length' => '43',
  'referer' => 'https://servicewechat.com/wxc89d469693cad993/0/page-frame.html',
  'user-agent' => 'Mozilla/5.0 (iPhone; CPU iPhone OS 12_1_2 like Mac OS X) AppleWebKit/605.1.15 (KHTML, like Gecko) Mobile/16C101 MicroMessenger/7.0.3(0x17000321) NetType/WIFI Language/zh_CN',
  'accept' => '*/*',
  'connection' => 'close',
  'accept-encoding' => 'br, gzip, deflate',
  'content-type' => 'application/json',
  'host' => 'picc.18178.net',
)
[ info ] [ PARAM ] array (
  'code' => '061nwbJb0m5HzA1PpsKb01P3Jb0nwbJ8',
)
[ info ] [ LANG ] C:\PhpStudy\PHPTutorial\WWW\relaxed\public/../application/api\lang\zh-cn.php
[ info ] [ BEHAVIOR ] Run app\common\behavior\Common @module_init [ RunTime:0.001000s ]
[ info ] [ RUN ] app\api\controller\Userinfo->index[ C:\PhpStudy\PHPTutorial\WWW\relaxed\application\api\controller\Userinfo.php ]
[ info ] [ DB ] INIT mysql
[ info ] [ LOG ] INIT File
[ sql ] [ DB ] CONNECT:[ UseTime:0.020001s ] mysql:host=sh-cdb-mwf0h7ig.sql.tencentcdb.com;port=62879;dbname=relaxed;charset=utf8
[ sql ] [ SQL ] SHOW COLUMNS FROM `fa_user` [ RunTime:0.015001s ]
[ sql ] [ SQL ] SELECT `uid`,`openid` FROM `fa_user` WHERE  `openid` = 'o7G-45QF613d8bE0JWQCllc90eJg' LIMIT 1 [ RunTime:0.014001s ]
---------------------------------------------------------------
[ 2019-03-11T09:47:58+08:00 ] 112.12.130.211 POST /relaxed/public/index.php/api/userinfo/login
[ info ] picc.18178.net/relaxed/public/index.php/api/userinfo/login [运行时间：0.191011s][吞吐率：5.24req/s] [内存消耗：2,487.03kb] [文件加载：76]
[ info ] [ BEHAVIOR ] Run Closure @app_init [ RunTime:0.000000s ]
[ info ] [ CACHE ] INIT File
[ info ] [ BEHAVIOR ] Run Closure @app_init [ RunTime:0.008001s ]
[ info ] [ LANG ] C:\PhpStudy\PHPTutorial\WWW\relaxed\thinkphp\lang\zh-cn.php
[ info ] [ ROUTE ] array (
  'type' => 'module',
  'module' => 
  array (
    0 => 'api',
    1 => 'userinfo',
    2 => 'login',
  ),
)
[ info ] [ HEADER ] array (
  'accept-language' => 'zh-cn',
  'content-length' => '836',
  'referer' => 'https://servicewechat.com/wxc89d469693cad993/0/page-frame.html',
  'user-agent' => 'Mozilla/5.0 (iPhone; CPU iPhone OS 12_1_2 like Mac OS X) AppleWebKit/605.1.15 (KHTML, like Gecko) Mobile/16C101 MicroMessenger/7.0.3(0x17000321) NetType/WIFI Language/zh_CN',
  'accept' => '*/*',
  'connection' => 'close',
  'accept-encoding' => 'br, gzip, deflate',
  'content-type' => 'application/json',
  'host' => 'picc.18178.net',
)
[ info ] [ PARAM ] array (
  'sessionkey' => 'twcr0FZFQxWl331k3Sj0eg==',
  'encryptedData' => 'mwWwm0NNO2+SwfJWP7FjmO83Gf2aHlpQ2As78ZJ66+Kax0AHG09VpxyFPvNpTHmRhWtzXeK6P2ufsHdB5GNoQphJK7qwV3HatU75vNPgsm2ssnxSj2ofWXCJN3d4iPvu2v11+GehhrsgCnhHsng6KHuH7MFxDHl6Cg4sSZIpScchN6EhsiS+ITfsvB3HUoqQsOPa6ASSJy74W/rDQy70DLBEZ0+ds72DPZ2kaq8u/3R/hgrZqDRfqYPCOhChZ9tdXKsJRYbPtJhvWLSH34EPUf8RfsDxUqsqUNbQOar/UmtDoypPF9EVIjmn/6rcPD43BFBLWDCaZpUdfvIBGulnY8BgGiHXIHNvtHadGdNo8ibaYnL6ZPPEh97Jgdne8+ZkPnTucWtxZmZIBJkTtOwLEmetwVdgM1www87NXFvo8AscILSRNOrC9SVG58kpU28OGBSj9VrzA3BCbgQy1f8fiKs9qJupxDZ/hmSIxJ07X4k9JUtP0YOKkI24BSNo1go83b4hPzx69RSjB2Zr0y4wQ6fZEKH2/jjZ5Ty9lcVRoxw=',
  'iv' => 'XkITd7eVlydb/j3UokVaGA==',
  'nickName' => '胡公靖',
  'avatarUrl' => 'https://wx.qlogo.cn/mmopen/vi_32/Q0j4TwGTfTLmwiaTw5qEF70jx65mibZrAj6szKOm2UwrUg3XpZjctew2Yfe0q06ytEMjvGXfPTOntufkGDRkYGLA/132',
  'uid' => 1000004,
  'gender' => 1,
)
[ info ] [ LANG ] C:\PhpStudy\PHPTutorial\WWW\relaxed\public/../application/api\lang\zh-cn.php
[ info ] [ BEHAVIOR ] Run app\common\behavior\Common @module_init [ RunTime:0.001000s ]
[ info ] [ RUN ] app\api\controller\Userinfo->login[ C:\PhpStudy\PHPTutorial\WWW\relaxed\application\api\controller\Userinfo.php ]
[ info ] [ DB ] INIT mysql
[ info ] [ LOG ] INIT File
[ sql ] [ DB ] CONNECT:[ UseTime:0.026002s ] mysql:host=sh-cdb-mwf0h7ig.sql.tencentcdb.com;port=62879;dbname=relaxed;charset=utf8
[ sql ] [ SQL ] SHOW COLUMNS FROM `fa_user` [ RunTime:0.018001s ]
[ sql ] [ SQL ] SELECT `nickname`,`avatar` FROM `fa_user` WHERE  `uid` = 1000004 LIMIT 1 [ RunTime:0.016001s ]
[ sql ] [ SQL ] SELECT `uid`,`nickname`,`username`,`avatar`,`sign`,`gender`,`gold`,`score`,`mobile`,`city`,`constellation`,`idnumber`,`birthday`,`isnew` FROM `fa_user` WHERE  `uid` = 1000004 LIMIT 1 [ RunTime:0.018001s ]
---------------------------------------------------------------
[ 2019-03-11T09:47:58+08:00 ] 112.12.130.211 POST /relaxed/public/index.php/api/content/remind
[ info ] picc.18178.net/relaxed/public/index.php/api/content/remind [运行时间：0.168010s][吞吐率：5.95req/s] [内存消耗：2,464.80kb] [文件加载：75]
[ info ] [ BEHAVIOR ] Run Closure @app_init [ RunTime:0.000000s ]
[ info ] [ CACHE ] INIT File
[ info ] [ BEHAVIOR ] Run Closure @app_init [ RunTime:0.007000s ]
[ info ] [ LANG ] C:\PhpStudy\PHPTutorial\WWW\relaxed\thinkphp\lang\zh-cn.php
[ info ] [ ROUTE ] array (
  'type' => 'module',
  'module' => 
  array (
    0 => 'api',
    1 => 'content',
    2 => 'remind',
  ),
)
[ info ] [ HEADER ] array (
  'accept-language' => 'zh-cn',
  'content-length' => '15',
  'referer' => 'https://servicewechat.com/wxc89d469693cad993/0/page-frame.html',
  'user-agent' => 'Mozilla/5.0 (iPhone; CPU iPhone OS 12_1_2 like Mac OS X) AppleWebKit/605.1.15 (KHTML, like Gecko) Mobile/16C101 MicroMessenger/7.0.3(0x17000321) NetType/WIFI Language/zh_CN',
  'accept' => '*/*',
  'connection' => 'close',
  'accept-encoding' => 'br, gzip, deflate',
  'content-type' => 'application/json',
  'host' => 'picc.18178.net',
)
[ info ] [ PARAM ] array (
  'uid' => 1000004,
)
[ info ] [ LANG ] C:\PhpStudy\PHPTutorial\WWW\relaxed\public/../application/api\lang\zh-cn.php
[ info ] [ BEHAVIOR ] Run app\common\behavior\Common @module_init [ RunTime:0.002000s ]
[ info ] [ RUN ] app\api\controller\Content->remind[ C:\PhpStudy\PHPTutorial\WWW\relaxed\application\api\controller\Content.php ]
[ info ] [ DB ] INIT mysql
[ info ] [ LOG ] INIT File
[ sql ] [ DB ] CONNECT:[ UseTime:0.025002s ] mysql:host=sh-cdb-mwf0h7ig.sql.tencentcdb.com;port=62879;dbname=relaxed;charset=utf8
[ sql ] [ SQL ] SHOW COLUMNS FROM `fa_indent` [ RunTime:0.015000s ]
[ sql ] [ SQL ] SELECT COUNT(*) AS tp_count FROM `fa_indent` WHERE  `type` = 'no'  AND `uid` = 1000004 LIMIT 1 [ RunTime:0.015000s ]
---------------------------------------------------------------
[ 2019-03-11T09:47:58+08:00 ] 112.12.130.211 POST /relaxed/public/index.php/api/userinfo/usenotice
[ info ] picc.18178.net/relaxed/public/index.php/api/userinfo/usenotice [运行时间：0.198011s][吞吐率：5.05req/s] [内存消耗：2,457.43kb] [文件加载：75]
[ info ] [ BEHAVIOR ] Run Closure @app_init [ RunTime:0.001000s ]
[ info ] [ CACHE ] INIT File
[ info ] [ BEHAVIOR ] Run Closure @app_init [ RunTime:0.008000s ]
[ info ] [ LANG ] C:\PhpStudy\PHPTutorial\WWW\relaxed\thinkphp\lang\zh-cn.php
[ info ] [ ROUTE ] array (
  'type' => 'module',
  'module' => 
  array (
    0 => 'api',
    1 => 'userinfo',
    2 => 'usenotice',
  ),
)
[ info ] [ HEADER ] array (
  'accept-language' => 'zh-cn',
  'content-length' => '15',
  'referer' => 'https://servicewechat.com/wxc89d469693cad993/0/page-frame.html',
  'user-agent' => 'Mozilla/5.0 (iPhone; CPU iPhone OS 12_1_2 like Mac OS X) AppleWebKit/605.1.15 (KHTML, like Gecko) Mobile/16C101 MicroMessenger/7.0.3(0x17000321) NetType/WIFI Language/zh_CN',
  'accept' => '*/*',
  'connection' => 'close',
  'accept-encoding' => 'br, gzip, deflate',
  'content-type' => 'application/json',
  'host' => 'picc.18178.net',
)
[ info ] [ PARAM ] array (
  'uid' => 1000004,
)
[ info ] [ LANG ] C:\PhpStudy\PHPTutorial\WWW\relaxed\public/../application/api\lang\zh-cn.php
[ info ] [ BEHAVIOR ] Run app\common\behavior\Common @module_init [ RunTime:0.002000s ]
[ info ] [ RUN ] app\api\controller\Userinfo->usenotice[ C:\PhpStudy\PHPTutorial\WWW\relaxed\application\api\controller\Userinfo.php ]
[ info ] [ DB ] INIT mysql
[ info ] [ LOG ] INIT File
[ sql ] [ DB ] CONNECT:[ UseTime:0.033002s ] mysql:host=sh-cdb-mwf0h7ig.sql.tencentcdb.com;port=62879;dbname=relaxed;charset=utf8
[ sql ] [ SQL ] SHOW COLUMNS FROM `fa_notices` [ RunTime:0.022001s ]
[ sql ] [ SQL ] SELECT COUNT(*) AS tp_count FROM `fa_notices` WHERE  `uid` = 1000004  AND `type` = 'no' LIMIT 1 [ RunTime:0.031002s ]
---------------------------------------------------------------
[ 2019-03-11T09:51:53+08:00 ] 112.12.130.211 POST /relaxed/public/index.php/api/userinfo/usenotice
[ info ] picc.18178.net/relaxed/public/index.php/api/userinfo/usenotice [运行时间：0.197012s][吞吐率：5.08req/s] [内存消耗：2,457.48kb] [文件加载：75]
[ info ] [ BEHAVIOR ] Run Closure @app_init [ RunTime:0.000000s ]
[ info ] [ CACHE ] INIT File
[ info ] [ BEHAVIOR ] Run Closure @app_init [ RunTime:0.009000s ]
[ info ] [ LANG ] C:\PhpStudy\PHPTutorial\WWW\relaxed\thinkphp\lang\zh-cn.php
[ info ] [ ROUTE ] array (
  'type' => 'module',
  'module' => 
  array (
    0 => 'api',
    1 => 'userinfo',
    2 => 'usenotice',
  ),
)
[ info ] [ HEADER ] array (
  'accept-language' => 'zh-cn',
  'content-length' => '15',
  'referer' => 'https://servicewechat.com/wxc89d469693cad993/0/page-frame.html',
  'user-agent' => 'Mozilla/5.0 (iPhone; CPU iPhone OS 12_1_2 like Mac OS X) AppleWebKit/605.1.15 (KHTML, like Gecko) Mobile/16C101 MicroMessenger/7.0.3(0x17000321) NetType/WIFI Language/zh_CN',
  'accept' => '*/*',
  'connection' => 'close',
  'accept-encoding' => 'br, gzip, deflate',
  'content-type' => 'application/json',
  'host' => 'picc.18178.net',
)
[ info ] [ PARAM ] array (
  'uid' => 1000004,
)
[ info ] [ LANG ] C:\PhpStudy\PHPTutorial\WWW\relaxed\public/../application/api\lang\zh-cn.php
[ info ] [ BEHAVIOR ] Run app\common\behavior\Common @module_init [ RunTime:0.002000s ]
[ info ] [ RUN ] app\api\controller\Userinfo->usenotice[ C:\PhpStudy\PHPTutorial\WWW\relaxed\application\api\controller\Userinfo.php ]
[ info ] [ DB ] INIT mysql
[ info ] [ LOG ] INIT File
[ sql ] [ DB ] CONNECT:[ UseTime:0.034002s ] mysql:host=sh-cdb-mwf0h7ig.sql.tencentcdb.com;port=62879;dbname=relaxed;charset=utf8
[ sql ] [ SQL ] SHOW COLUMNS FROM `fa_notices` [ RunTime:0.018001s ]
[ sql ] [ SQL ] SELECT COUNT(*) AS tp_count FROM `fa_notices` WHERE  `uid` = 1000004  AND `type` = 'no' LIMIT 1 [ RunTime:0.017001s ]
---------------------------------------------------------------
[ 2019-03-11T09:51:54+08:00 ] 112.12.130.211 POST /relaxed/public/index.php/api/content/remind
[ info ] picc.18178.net/relaxed/public/index.php/api/content/remind [运行时间：0.167009s][吞吐率：5.99req/s] [内存消耗：2,464.80kb] [文件加载：75]
[ info ] [ BEHAVIOR ] Run Closure @app_init [ RunTime:0.000000s ]
[ info ] [ CACHE ] INIT File
[ info ] [ BEHAVIOR ] Run Closure @app_init [ RunTime:0.007001s ]
[ info ] [ LANG ] C:\PhpStudy\PHPTutorial\WWW\relaxed\thinkphp\lang\zh-cn.php
[ info ] [ ROUTE ] array (
  'type' => 'module',
  'module' => 
  array (
    0 => 'api',
    1 => 'content',
    2 => 'remind',
  ),
)
[ info ] [ HEADER ] array (
  'accept-language' => 'zh-cn',
  'content-length' => '15',
  'referer' => 'https://servicewechat.com/wxc89d469693cad993/0/page-frame.html',
  'user-agent' => 'Mozilla/5.0 (iPhone; CPU iPhone OS 12_1_2 like Mac OS X) AppleWebKit/605.1.15 (KHTML, like Gecko) Mobile/16C101 MicroMessenger/7.0.3(0x17000321) NetType/WIFI Language/zh_CN',
  'accept' => '*/*',
  'connection' => 'close',
  'accept-encoding' => 'br, gzip, deflate',
  'content-type' => 'application/json',
  'host' => 'picc.18178.net',
)
[ info ] [ PARAM ] array (
  'uid' => 1000004,
)
[ info ] [ LANG ] C:\PhpStudy\PHPTutorial\WWW\relaxed\public/../application/api\lang\zh-cn.php
[ info ] [ BEHAVIOR ] Run app\common\behavior\Common @module_init [ RunTime:0.001000s ]
[ info ] [ RUN ] app\api\controller\Content->remind[ C:\PhpStudy\PHPTutorial\WWW\relaxed\application\api\controller\Content.php ]
[ info ] [ DB ] INIT mysql
[ info ] [ LOG ] INIT File
[ sql ] [ DB ] CONNECT:[ UseTime:0.025002s ] mysql:host=sh-cdb-mwf0h7ig.sql.tencentcdb.com;port=62879;dbname=relaxed;charset=utf8
[ sql ] [ SQL ] SHOW COLUMNS FROM `fa_indent` [ RunTime:0.016001s ]
[ sql ] [ SQL ] SELECT COUNT(*) AS tp_count FROM `fa_indent` WHERE  `type` = 'no'  AND `uid` = 1000004 LIMIT 1 [ RunTime:0.016001s ]
---------------------------------------------------------------
[ 2019-03-11T10:42:36+08:00 ] 60.191.38.77 GET /relaxed/public/index.php/admin/index/login
[ info ] picc.18178.net/relaxed/public/index.php/admin/index/login [运行时间：0.125007s][吞吐率：8.00req/s] [内存消耗：2,212.13kb] [文件加载：80]
[ info ] [ BEHAVIOR ] Run Closure @app_init [ RunTime:0.000000s ]
[ info ] [ CACHE ] INIT File
[ info ] [ BEHAVIOR ] Run Closure @app_init [ RunTime:0.009000s ]
[ info ] [ LANG ] C:\PhpStudy\PHPTutorial\WWW\relaxed\thinkphp\lang\zh-cn.php
[ info ] [ ROUTE ] array (
  'type' => 'module',
  'module' => 
  array (
    0 => 'admin',
    1 => 'index',
    2 => 'login',
  ),
)
[ info ] [ HEADER ] array (
  'connection' => 'close',
  'accept' => '*/*',
  'user-agent' => 'Mozilla/5.0 (Macintosh; Intel Mac OS X 10.11; rv:47.0) Gecko/20100101 Firefox/47.0',
  'host' => 'picc.18178.net',
)
[ info ] [ PARAM ] array (
)
[ info ] [ LANG ] C:\PhpStudy\PHPTutorial\WWW\relaxed\public/../application/admin\lang\zh-cn.php
[ info ] [ BEHAVIOR ] Run app\common\behavior\Common @module_init [ RunTime:0.002000s ]
[ info ] [ SESSION ] INIT array (
  'id' => '',
  'var_session_id' => '',
  'prefix' => 'think',
  'type' => '',
  'auto_start' => true,
)
[ info ] [ LANG ] C:\PhpStudy\PHPTutorial\WWW\relaxed\public/../application/admin/lang/zh-cn/index.php
[ info ] [ RUN ] app\admin\controller\Index->login[ C:\PhpStudy\PHPTutorial\WWW\relaxed\application\admin\controller\Index.php ]
[ info ] [ BEHAVIOR ] Run \addons\loginbg\Loginbg @admin_login_init [ RunTime:0.001000s ]
[ info ] [ VIEW ] C:\PhpStudy\PHPTutorial\WWW\relaxed\public/../application/admin\view\index\login.html [ array (
  0 => 'breadcrumb',
  1 => 'site',
  2 => 'config',
  3 => 'auth',
  4 => 'admin',
  5 => 'background',
  6 => 'title',
) ]
[ info ] [ BEHAVIOR ] Run app\admin\behavior\AdminLog @app_end [ RunTime:0.001000s ]
[ info ] [ LOG ] INIT File
---------------------------------------------------------------
[ 2019-03-11T11:13:22+08:00 ] 198.108.66.16 GET /relaxed/public/index.php/admin/index/login
[ info ] picc.18178.net/relaxed/public/index.php/admin/index/login [运行时间：0.127008s][吞吐率：7.87req/s] [内存消耗：2,212.44kb] [文件加载：80]
[ info ] [ BEHAVIOR ] Run Closure @app_init [ RunTime:0.001000s ]
[ info ] [ CACHE ] INIT File
[ info ] [ BEHAVIOR ] Run Closure @app_init [ RunTime:0.009000s ]
[ info ] [ LANG ] C:\PhpStudy\PHPTutorial\WWW\relaxed\thinkphp\lang\zh-cn.php
[ info ] [ ROUTE ] array (
  'type' => 'module',
  'module' => 
  array (
    0 => 'admin',
    1 => 'index',
    2 => 'login',
  ),
)
[ info ] [ HEADER ] array (
  'connection' => 'close',
  'accept-encoding' => 'gzip',
  'referer' => 'https://218.242.163.21:443/',
  'accept' => '*/*',
  'user-agent' => 'Mozilla/5.0 zgrab/0.x',
  'host' => 'picc.18178.net',
)
[ info ] [ PARAM ] array (
)
[ info ] [ LANG ] C:\PhpStudy\PHPTutorial\WWW\relaxed\public/../application/admin\lang\zh-cn.php
[ info ] [ BEHAVIOR ] Run app\common\behavior\Common @module_init [ RunTime:0.002000s ]
[ info ] [ SESSION ] INIT array (
  'id' => '',
  'var_session_id' => '',
  'prefix' => 'think',
  'type' => '',
  'auto_start' => true,
)
[ info ] [ LANG ] C:\PhpStudy\PHPTutorial\WWW\relaxed\public/../application/admin/lang/zh-cn/index.php
[ info ] [ RUN ] app\admin\controller\Index->login[ C:\PhpStudy\PHPTutorial\WWW\relaxed\application\admin\controller\Index.php ]
[ info ] [ BEHAVIOR ] Run \addons\loginbg\Loginbg @admin_login_init [ RunTime:0.001000s ]
[ info ] [ VIEW ] C:\PhpStudy\PHPTutorial\WWW\relaxed\public/../application/admin\view\index\login.html [ array (
  0 => 'breadcrumb',
  1 => 'site',
  2 => 'config',
  3 => 'auth',
  4 => 'admin',
  5 => 'background',
  6 => 'title',
) ]
[ info ] [ BEHAVIOR ] Run app\admin\behavior\AdminLog @app_end [ RunTime:0.001001s ]
[ info ] [ LOG ] INIT File
---------------------------------------------------------------
[ 2019-03-11T11:58:11+08:00 ] 60.191.38.77 GET /relaxed/public/index.php/admin/index/login
[ info ] picc.18178.net/relaxed/public/index.php/admin/index/login [运行时间：0.123007s][吞吐率：8.13req/s] [内存消耗：2,212.13kb] [文件加载：80]
[ info ] [ BEHAVIOR ] Run Closure @app_init [ RunTime:0.001000s ]
[ info ] [ CACHE ] INIT File
[ info ] [ BEHAVIOR ] Run Closure @app_init [ RunTime:0.009001s ]
[ info ] [ LANG ] C:\PhpStudy\PHPTutorial\WWW\relaxed\thinkphp\lang\zh-cn.php
[ info ] [ ROUTE ] array (
  'type' => 'module',
  'module' => 
  array (
    0 => 'admin',
    1 => 'index',
    2 => 'login',
  ),
)
[ info ] [ HEADER ] array (
  'connection' => 'close',
  'accept' => '*/*',
  'user-agent' => 'Mozilla/5.0 (Macintosh; Intel Mac OS X 10.11; rv:47.0) Gecko/20100101 Firefox/47.0',
  'host' => 'picc.18178.net',
)
[ info ] [ PARAM ] array (
)
[ info ] [ LANG ] C:\PhpStudy\PHPTutorial\WWW\relaxed\public/../application/admin\lang\zh-cn.php
[ info ] [ BEHAVIOR ] Run app\common\behavior\Common @module_init [ RunTime:0.002000s ]
[ info ] [ SESSION ] INIT array (
  'id' => '',
  'var_session_id' => '',
  'prefix' => 'think',
  'type' => '',
  'auto_start' => true,
)
[ info ] [ LANG ] C:\PhpStudy\PHPTutorial\WWW\relaxed\public/../application/admin/lang/zh-cn/index.php
[ info ] [ RUN ] app\admin\controller\Index->login[ C:\PhpStudy\PHPTutorial\WWW\relaxed\application\admin\controller\Index.php ]
[ info ] [ BEHAVIOR ] Run \addons\loginbg\Loginbg @admin_login_init [ RunTime:0.001000s ]
[ info ] [ VIEW ] C:\PhpStudy\PHPTutorial\WWW\relaxed\public/../application/admin\view\index\login.html [ array (
  0 => 'breadcrumb',
  1 => 'site',
  2 => 'config',
  3 => 'auth',
  4 => 'admin',
  5 => 'background',
  6 => 'title',
) ]
[ info ] [ BEHAVIOR ] Run app\admin\behavior\AdminLog @app_end [ RunTime:0.002000s ]
[ info ] [ LOG ] INIT File
---------------------------------------------------------------
[ 2019-03-11T18:55:44+08:00 ] 221.229.166.47 GET /relaxed/public/index.php/admin/index/login
[ info ] picc.18178.net/relaxed/public/index.php/admin/index/login [运行时间：0.127007s][吞吐率：7.87req/s] [内存消耗：2,212.05kb] [文件加载：80]
[ info ] [ BEHAVIOR ] Run Closure @app_init [ RunTime:0.001000s ]
[ info ] [ CACHE ] INIT File
[ info ] [ BEHAVIOR ] Run Closure @app_init [ RunTime:0.009001s ]
[ info ] [ LANG ] C:\PhpStudy\PHPTutorial\WWW\relaxed\thinkphp\lang\zh-cn.php
[ info ] [ ROUTE ] array (
  'type' => 'module',
  'module' => 
  array (
    0 => 'admin',
    1 => 'index',
    2 => 'login',
  ),
)
[ info ] [ HEADER ] array (
  'user-agent' => 'Mozilla/4.0 (compatible; MSIE 6.0; Windows NT 5.1',
  'connection' => 'close',
  'host' => 'picc.18178.net',
  'accept-encoding' => 'identity',
)
[ info ] [ PARAM ] array (
)
[ info ] [ LANG ] C:\PhpStudy\PHPTutorial\WWW\relaxed\public/../application/admin\lang\zh-cn.php
[ info ] [ BEHAVIOR ] Run app\common\behavior\Common @module_init [ RunTime:0.002000s ]
[ info ] [ SESSION ] INIT array (
  'id' => '',
  'var_session_id' => '',
  'prefix' => 'think',
  'type' => '',
  'auto_start' => true,
)
[ info ] [ LANG ] C:\PhpStudy\PHPTutorial\WWW\relaxed\public/../application/admin/lang/zh-cn/index.php
[ info ] [ RUN ] app\admin\controller\Index->login[ C:\PhpStudy\PHPTutorial\WWW\relaxed\application\admin\controller\Index.php ]
[ info ] [ BEHAVIOR ] Run \addons\loginbg\Loginbg @admin_login_init [ RunTime:0.001000s ]
[ info ] [ VIEW ] C:\PhpStudy\PHPTutorial\WWW\relaxed\public/../application/admin\view\index\login.html [ array (
  0 => 'breadcrumb',
  1 => 'site',
  2 => 'config',
  3 => 'auth',
  4 => 'admin',
  5 => 'background',
  6 => 'title',
) ]
[ info ] [ BEHAVIOR ] Run app\admin\behavior\AdminLog @app_end [ RunTime:0.001000s ]
[ info ] [ LOG ] INIT File
